# GSTAr version 1.0
# Sat Nov 11 16:45:06 GMT 2023
# Queries: An-1.sRNA.fa
# Transcripts: sub_An-1.fa.fa
# Minimum Free Energy Ratio cutoff (option -r): 0.65
# Sorted by: MFEratio
# Output Format: Tabular
Query	Transcript	TStart	TStop	TSlice	MFEperfect	MFEsite	MFEratio	AllenScore	Paired	Unpaired	Structure	Sequence
miR161.1	AT1G64583_ATAN-1G82030	728	748	739	-37.90	-32.40	0.854881266490765	2.5	1-10,748-739;12-21,737-728	11-11,738-738[SIL]	((((((((((.((((((((((&)))))))))).))))))))))	ACCCUGAUGUUGUCACUUUCA&UGAAAGUGACUACAUCGGGGU
miR161.1	AT1G62670_ATAN-1G79890	968	988	979	-37.90	-31.00	0.817941952506596	2.5	1-9,988-980;11-21,978-968	10-10,979-979[SIL]	(((((((((((.(((((((((&))))))))).)))))))))))	ACCCUGAUGUAUUCACUUUCA&UGAAAGUGACUACAUCGGGGU
miR161.1	AT1G51965_ATAN-1G68950	1746	1766	1757	-37.90	-29.70	0.783641160949868	10.5	6-21,1761-1746	1-5,1766-1762[UP5]	((((((((((((((((.....&.....))))))))))))))))	ACCCUGAUGUGGUCACAUACA&UGAAAGUGACUACAUCGGGGU
miR161.1	AT1G06580_ATAN-1G16260	752	772	763	-37.90	-29.00	0.765171503957784	3.5	1-9,772-764;11-16,762-757;18-21,755-752	10-10,763-763[SIL];17-17,756-756[SIL]	((((.((((((.(((((((((&))))))))).)))))).))))	GCCCGGAUGUAAUCACUUUCA&UGAAAGUGACUACAUCGGGGU
miR161.1	AT1G63630_ATAN-1G80900	488	508	499	-37.90	-29.00	0.765171503957784	3.5	1-16,508-493;18-20,491-489	17-17,492-492[SIL];21-21,488-488[UP3]	.(((.((((((((((((((((&)))))))))))))))).))).	CUCCGGAUGUAGUCACUUUUA&UGAAAGUGACUACAUCGGGGU
miR161.1	AT1G63230_ATAN-1G80540	638	658	649	-37.90	-29.00	0.765171503957784	3.5	1-16,658-643;18-20,641-639	17-17,642-642[SIL];21-21,638-638[UP3]	.(((.((((((((((((((((&)))))))))))))))).))).	CUCCGGAUGUAGUCACUUUUA&UGAAAGUGACUACAUCGGGGU
miR161.1	AT1G62720_ATAN-1G79940	932	952	943	-37.90	-28.70	0.757255936675462	8	4-7,949-946;9-20,944-933	1-3,952-950[UP5];8-8,945-945[SIL];21-21,932-932[UP3]	.((((((((((((.((((...&...)))).)))))))))))).	UCCCCGAUGUAGUGACUUAUA&UGAAAGUGACUACAUCGGGGU
miR161.1	AT5G16640_ATAN-5G26670	758	778	769	-37.90	-28.60	0.754617414248021	3.5	1-9,778-770;11-21,768-758	10-10,769-769[SIL]	(((((((((((.(((((((((&))))))))).)))))))))))	ACCCUGAUGUAUUUACUUUCA&UGAAAGUGACUACAUCGGGGU
miR161.1	AT2G16880_ATAN-2G33760	1025	1045	1036	-37.90	-28.20	0.744063324538259	5	1-2,1045-1044;4-19,1042-1027;21-21,1025-1025	3-3,1043-1043[SIL];20-20,1026-1026[SIL]	(.((((((((((((((((.((&)).)))))))))))))))).)	AGCCCGAUGUGGUUACUUACA&UGAAAGUGACUACAUCGGGGU
miR161.1	AT1G62930_ATAN-1G80160	965	985	976	-37.90	-28.10	0.741424802110818	2.5	1-15,985-971;18-21,968-965	16-17,970-969[SIL]	((((..(((((((((((((((&)))))))))))))))..))))	AUCCAAAUGUAGUCACUUUCA&UGAAAGUGACUACAUCGGGGU
miR161.1	AT1G63130_ATAN-1G80420	968	988	979	-37.90	-28.10	0.741424802110818	2.5	1-15,988-974;18-21,971-968	16-17,973-972[SIL]	((((..(((((((((((((((&)))))))))))))))..))))	AUCCAAAUGUAGUCACUUUCA&UGAAAGUGACUACAUCGGGGU
miR161.1	AT1G62914_ATAN-1G80130	965	985	976	-37.90	-28.10	0.741424802110818	2.5	1-15,985-971;18-21,968-965	16-17,970-969[SIL]	((((..(((((((((((((((&)))))))))))))))..))))	AUCCAAAUGUAGUCACUUUCA&UGAAAGUGACUACAUCGGGGU
miR161.1	AT1G12700_ATAN-1G23230	569	589	580	-37.90	-27.60	0.728232189973615	9	4-19,586-571	1-3,589-587[UP5];20-21,570-569[UP3]	..((((((((((((((((...&...))))))))))))))))..	AACCCGAUGUGGUUACUUAUA&UGAAAGUGACUACAUCGGGGU
miR161.1	AT4G26800_ATAN-4G53940	988	1009	1000	-37.90	-27.00	0.712401055408971	4	1-2,1009-1008;4-15,1006-995;17-21,992-988	3-3,1007-1007[SIL];16-16,994-993[AILt]	(((((..((((((((((((.((&)).))))))))))))-.)))))	ACCCCAAAUGUAGUCACUUACA&UGAAAGUGACUACAU-CGGGGU
miR161.1	AT5G41170_ATAN-5G61360	731	751	742	-37.90	-26.90	0.70976253298153	4.5	1-9,751-743;11-19,741-733	10-10,742-742[SIL];20-21,732-731[UP3]	..(((((((((.(((((((((&))))))))).)))))))))..	AACCUGAUGUAAUCACUUUCA&UGAAAGUGACUACAUCGGGGU
miR161.1	AT1G62910_ATAN-1G80660	986	1006	997	-37.90	-26.60	0.701846965699208	4	1-10,1006-997;12-15,995-992;17-21,990-986	11-11,996-996[SIL];16-16,991-991[SIL]	(((((.((((.((((((((((&)))))))))).)))).)))))	ACCCCAAUGUUGUUACUUUCA&UGAAAGUGACUACAUCGGGGU
miR161.1	AT1G63150_ATAN-1G80440	974	994	985	-37.90	-26.60	0.701846965699208	4	1-10,994-985;12-15,983-980;17-21,978-974	11-11,984-984[SIL];16-16,979-979[SIL]	(((((.((((.((((((((((&)))))))))).)))).)))))	ACCCCAAUGUUGUUACUUUCA&UGAAAGUGACUACAUCGGGGU
miR161.1	AT4G31850_ATAN-4G59810	869	889	880	-37.90	-26.20	0.691292875989446	5.5	1-2,889-888;4-19,886-871	3-3,887-887[SIL];20-21,870-869[UP3]	..((((((((((((((((.((&)).))))))))))))))))..	GACCUGAUGUAGUUACUUACA&UGAAAGUGACUACAUCGGGGU
miR161.1	AT1G77405_ATAN-1G95930	839	859	850	-37.90	-26.00	0.686015831134565	10	4-7,856-853;9-19,851-841	1-3,859-857[UP5];8-8,852-852[SIL];20-21,840-839[UP3]	..(((((((((((.((((...&...)))).)))))))))))..	UACCCGAUGUGGUGACUUAUA&UGAAAGUGACUACAUCGGGGU
miR161.1	AT1G73710_ATAN-1G91850	635	655	646	-37.90	-24.70	0.651715039577836	10.5	5-11,651-645;13-20,643-636	1-4,655-652[UP5];12-12,644-644[SIL];21-21,635-635[UP3]	.((((((((.(((((((....&....))))))).)))))))).	UCCCUGAUGAAGUCACUAUGG&UGAAAGUGACUACAUCGGGGU
miR161.2	AT1G62930_ATAN-1G80160	974	994	985	-31.70	-28.90	0.911671924290221	3	1-7,994-988;9-21,986-974	8-8,987-987[SIL]	(((((((((((((.(((((((&))))))).)))))))))))))	UAGUCACUUUCAGCGCAUUGA&UCAAUGCAUUGAAAGUGACUA
miR161.2	AT1G62914_ATAN-1G80130	974	994	985	-31.70	-28.90	0.911671924290221	3	1-7,994-988;9-21,986-974	8-8,987-987[SIL]	(((((((((((((.(((((((&))))))).)))))))))))))	UAGUCACUUUCAGCGCAUUGA&UCAAUGCAUUGAAAGUGACUA
miR161.2	AT1G63130_ATAN-1G80420	977	997	988	-31.70	-28.90	0.911671924290221	3	1-7,997-991;9-21,989-977	8-8,990-990[SIL]	(((((((((((((.(((((((&))))))).)))))))))))))	UAGUCACUUUCAGCGCAUUGA&UCAAUGCAUUGAAAGUGACUA
miR161.2	AT1G63330_ATAN-1G79840	989	1009	1000	-31.70	-28.80	0.908517350157729	1	1-13,1009-997;15-21,995-989	14-14,996-996[SIL]	(((((((.(((((((((((((&))))))))))))).)))))))	UAGUCACGUUCAAUGCAUUGA&UCAAUGCAUUGAAAGUGACUA
miR161.2	AT1G62590_ATAN-1G79840	989	1009	1000	-31.70	-28.80	0.908517350157729	1	1-13,1009-997;15-21,995-989	14-14,996-996[SIL]	(((((((.(((((((((((((&))))))))))))).)))))))	UAGUCACGUUCAAUGCAUUGA&UCAAUGCAUUGAAAGUGACUA
miR161.2	AT1G63400_ATAN-1G79760	989	1009	1000	-31.70	-28.80	0.908517350157729	1	1-13,1009-997;15-21,995-989	14-14,996-996[SIL]	(((((((.(((((((((((((&))))))))))))).)))))))	UAGUCACGUUCAAUGCAUUGA&UCAAUGCAUUGAAAGUGACUA
miR161.2	AT1G63630_ATAN-1G80900	287	307	298	-31.70	-28.40	0.89589905362776	3.5	1-19,307-289	20-21,288-287[UP3]	..(((((((((((((((((((&)))))))))))))))))))..	UUGUUACUUUCAGUGCAUUGA&UCAAUGCAUUGAAAGUGACUA
miR161.2	AT1G63150_ATAN-1G80440	983	1003	994	-31.70	-28.40	0.89589905362776	2.5	1-19,1003-985	20-21,984-983[UP3]	..(((((((((((((((((((&)))))))))))))))))))..	UUGUUACUUUCAAUGCAUUGA&UCAAUGCAUUGAAAGUGACUA
miR161.2	AT1G62910_ATAN-1G80660	995	1015	1006	-31.70	-28.40	0.89589905362776	2.5	1-19,1015-997	20-21,996-995[UP3]	..(((((((((((((((((((&)))))))))))))))))))..	UUGUUACUUUCAAUGCAUUGA&UCAAUGCAUUGAAAGUGACUA
miR161.2	AT5G41170_ATAN-5G61360	740	760	751	-31.70	-27.30	0.861198738170347	3	1-18,760-743	19-21,742-740[UP3]	...((((((((((((((((((&))))))))))))))))))...	UAAUCACUUUCAAUGCAUUGA&UCAAUGCAUUGAAAGUGACUA
miR161.2	AT1G64583_ATAN-1G82030	737	757	748	-31.70	-26.30	0.829652996845426	5	1-8,757-750;10-19,748-739	9-9,749-749[SIL];20-21,738-737[UP3]	..((((((((((.((((((((&)))))))).))))))))))..	UUGUCACUUUCACUGCGUUGA&UCAAUGCAUUGAAAGUGACUA
miR161.2	AT5G16640_ATAN-5G26670	767	787	778	-31.70	-24.80	0.782334384858044	4.5	1-18,787-770	19-21,769-767[UP3]	...((((((((((((((((((&))))))))))))))))))...	UAUUUACUUUCAAUGCGUUGA&UCAAUGCAUUGAAAGUGACUA
miR161.2	AT1G63080_ATAN-1G80360	929	949	940	-31.70	-24.60	0.77602523659306	4	1-6,949-944;9-21,941-929	7-8,943-942[SIL]	(((((((((((((..((((((&))))))..)))))))))))))	UAGUCACUUUCAACUCAUUGA&UCAAUGCAUUGAAAGUGACUA
miR161.2	AT1G63070_ATAN-1G80360	929	949	940	-31.70	-24.60	0.77602523659306	4	1-6,949-944;9-21,941-929	7-8,943-942[SIL]	(((((((((((((..((((((&))))))..)))))))))))))	UAGUCACUUUCAACUCAUUGA&UCAAUGCAUUGAAAGUGACUA
miR161.2	AT5G55840_ATAN-5G78170	1359	1379	1370	-31.70	-24.40	0.769716088328076	4.5	1-4,1379-1376;6-19,1374-1361	5-5,1375-1375[SIL];20-21,1360-1359[UP3]	..((((((((((((((.((((&)))).))))))))))))))..	AUGUUACUUUCAAUGCUUUGA&UCAAUGCAUUGAAAGUGACUA
miR161.2	AT1G63230_ATAN-1G80540	437	457	448	-31.70	-24.20	0.763406940063092	4	1-16,457-442;18-19,440-439	17-17,441-441[SIL];20-21,438-437[UP3]	..((.((((((((((((((((&)))))))))))))))).))..	UUGUAACUUUCAGUGCAUUGA&UCAAUGCAUUGAAAGUGACUA
miR161.2	AT2G41720_ATAN-2G61780	1591	1611	1602	-31.70	-23.90	0.753943217665615	4.5	1-11,1611-1601;13-19,1599-1593	12-12,1600-1600[SIL];20-21,1592-1591[UP3]	..(((((((.(((((((((((&))))))))))).)))))))..	UUGUUACUUACAAUGCAUUGA&UCAAUGCAUUGAAAGUGACUA
miR161.2	AT1G62670_ATAN-1G79890	977	997	988	-31.70	-23.40	0.738170347003155	6	1-7,997-991;9-18,989-980	8-8,990-990[SIL];19-21,979-977[UP3]	...((((((((((.(((((((&))))))).))))))))))...	UAUUCACUUUCAGCGCAUUGA&UCAAUGCAUUGAAAGUGACUA
miR161.2	AT3G16710_ATAN-3G27950	773	793	784	-31.70	-23.00	0.725552050473186	6	1-8,793-786;10-18,784-776	9-9,785-785[SIL];19-21,775-773[UP3]	...(((((((((.((((((((&)))))))).)))))))))...	UAAUCACUUUCACUGCGUUGA&UCAAUGCAUUGAAAGUGACUA
miR161.2	AT4G26800_ATAN-4G53940	788	808	799	-31.70	-23.00	0.725552050473186	7	3-18,806-791	1-2,808-807[UP5];19-21,790-788[UP3]	...((((((((((((((((..&..))))))))))))))))...	UUAUCACUUUCAGUGCAUUAA&UCAAUGCAUUGAAAGUGACUA
miR161.2	AT5G65560_ATAN-5G88910	1178	1198	1189	-31.70	-22.80	0.719242902208202	5	1-11,1198-1188;13-18,1186-1181	12-12,1187-1187[SIL];19-21,1180-1178[UP3]	...((((((.(((((((((((&))))))))))).))))))...	UAAUCACUUACAAUGCAUUGA&UCAAUGCAUUGAAAGUGACUA
miR161.2	AT2G26790_ATAN-2G44950	1175	1195	1186	-31.70	-22.70	0.71608832807571	6.5	1-13,1195-1183;15-19,1181-1177	14-14,1182-1182[SIL];20-21,1176-1175[UP3]	..(((((.(((((((((((((&))))))))))))).)))))..	AUGUCGCGUUUGAUGCGUUGA&UCAAUGCAUUGAAAGUGACUA
miR161.2	AT1G03560_ATAN-1G12870	1832	1852	1843	-31.70	-21.70	0.684542586750789	5.5	1-12,1852-1841;15-16,1838-1837;18-20,1835-1833	13-14,1840-1839[SIL];17-17,1836-1836[SIL];21-21,1832-1832[UP3]	.(((.((..((((((((((((&))))))))))))..)).))).	CAGUGAUGAUCAAUGCGUUGA&UCAAUGCAUUGAAAGUGACUA
miR161.2	AT5G60960_ATAN-5G83870	965	985	976	-31.70	-21.50	0.678233438485804	5	1-16,985-970;19-20,967-966	17-18,969-968[SIL];21-21,965-965[UP3]	.((..((((((((((((((((&))))))))))))))))..)).	CAGAGACUUUCAAUGUGUUGA&UCAAUGCAUUGAAAGUGACUA
miR161.2	AT4G14050_ATAN-4G38600	1016	1036	1027	-31.70	-21.50	0.678233438485804	8.5	1-5,1036-1032;7-8,1030-1029;10-20,1027-1017	6-6,1031-1031[SIL];9-9,1028-1028[SIL];21-21,1016-1016[UP3]	.(((((((((((.((.(((((&))))).)).))))))))))).	AGGUCACUUUUGUUGGGUUGA&UCAAUGCAUUGAAAGUGACUA
miR161.2	AT5G25630_ATAN-5G36050	1735	1762	1753	-31.70	-21.50	0.678233438485804	9.5	1-12,1762-1751;14-16,1749-1747;17-20,1739-1736	13-13,1750-1750[SIL];x-x,1746-1740[BULt];21-21,1735-1735[UP3]	.((((.......(((.((((((((((((&)))))))))))).)))-------)))).	GAGUCGAACAAAGCUAUCAAUGCAUUGA&UCAAUGCAUUGAAAGU-------GACUA
miR161.2	AT1G06580_ATAN-1G16260	761	781	772	-31.70	-21.40	0.675078864353312	8	1-3,781-779;6-18,776-764	4-5,778-777[SIL];19-21,763-761[UP3]	...(((((((((((((..(((&)))..)))))))))))))...	UAAUCACUUUCAGUGCUAUGA&UCAAUGCAUUGAAAGUGACUA
miR161.2	AT1G12700_ATAN-1G23230	893	913	904	-31.70	-21.00	0.662460567823344	7	3-18,911-896	1-2,913-912[UP5];19-21,895-893[UP3]	...((((((((((((((((..&..))))))))))))))))...	UCAUCACUUUCAAUGUAUUAC&UCAAUGCAUUGAAAGUGACUA
miR161.2	AT1G12620_ATAN-1G23120	950	970	961	-31.70	-20.70	0.652996845425867	7	1-4,970-967;6-13,965-958;15-19,956-952	5-5,966-966[SIL];14-14,957-957[SIL];20-21,951-950[UP3]	..(((((.((((((((.((((&)))).)))))))).)))))..	UUGUCACAUUCAGUGUUUUGA&UCAAUGCAUUGAAAGUGACUA
miR161.2	AT1G12300_ATAN-1G22800	998	1018	1009	-31.70	-20.70	0.652996845425867	7	1-4,1018-1015;6-13,1013-1006;15-19,1004-1000	5-5,1014-1014[SIL];14-14,1005-1005[SIL];20-21,999-998[UP3]	..(((((.((((((((.((((&)))).)))))))).)))))..	UUGUCACAUUCAGUGUUUUGA&UCAAUGCAUUGAAAGUGACUA
miR161.2	AT1G12775_ATAN-1G23300	998	1018	1009	-31.70	-20.70	0.652996845425867	7	1-4,1018-1015;6-13,1013-1006;15-19,1004-1000	5-5,1014-1014[SIL];14-14,1005-1005[SIL];20-21,999-998[UP3]	..(((((.((((((((.((((&)))).)))))))).)))))..	UUGUCACAUUCAGUGUUUUGA&UCAAUGCAUUGAAAGUGACUA
miR400	AT1G62720_ATAN-1G79940	943	963	954	-30.00	-30.20	1	1	2-21,962-943	1-1,963-963[UP5]	((((((((((((((((((((.&.))))))))))))))))))))	GUGACUUAUAAUACUCUCAUU&UAUGAGAGUAUUAUAAGUCAC
miR400	AT1G06580_ATAN-1G16260	973	993	984	-30.00	-31.80	1	0	1-21,993-973	NA	(((((((((((((((((((((&)))))))))))))))))))))	GUGACUUAUAAUACUCUCAUA&UAUGAGAGUAUUAUAAGUCAC
miR400	AT3G22470_ATAN-3G34620	1156	1176	1167	-30.00	-29.60	0.986666666666667	2	1-21,1176-1156	NA	(((((((((((((((((((((&)))))))))))))))))))))	GUGACUUAUAGUAUUCUCAUA&UAUGAGAGUAUUAUAAGUCAC
miR400	AT2G31400_ATAN-2G50030	1438	1458	1449	-30.00	-25.70	0.856666666666667	7	4-21,1455-1438	1-3,1458-1456[UP5]	((((((((((((((((((...&...))))))))))))))))))	GUGACUUAUAAUGCUCUUCUU&UAUGAGAGUAUUAUAAGUCAC
miR400	AT3G16710_ATAN-3G27950	985	1005	996	-30.00	-25.40	0.846666666666667	2.5	1-10,1005-996;12-21,994-985	11-11,995-995[SIL]	((((((((((.((((((((((&)))))))))).))))))))))	GUGAUUUAUACUACUCUCAUA&UAUGAGAGUAUUAUAAGUCAC
miR400	AT1G62930_ATAN-1G80160	1186	1206	1197	-30.00	-25.30	0.843333333333333	2	1-12,1206-1195;14-21,1193-1186	13-13,1194-1194[SIL]	((((((((.((((((((((((&)))))))))))).))))))))	GUGACUUACAAUACUCUUAUA&UAUGAGAGUAUUAUAAGUCAC
miR400	AT1G77405_ATAN-1G95930	955	975	966	-30.00	-24.50	0.816666666666667	3	1-8,975-968;10-21,966-955	9-9,967-967[SIL]	((((((((((((.((((((((&)))))))).))))))))))))	GUGACUUAUAAUUCUUUCAUA&UAUGAGAGUAUUAUAAGUCAC
miR400	AT4G19440_ATAN-4G45630	1239	1260	1251	-30.00	-23.90	0.796666666666667	2	1-15,1260-1246;17-19,1244-1242;20-21,1240-1239	16-16,1245-1245[SIL];x-x,1241-1241[BULt]	((.(((.(((((((((((((((&))))))))))))))).)))-))	GUCGACGUAUAAUACUCUCAUA&UAUGAGAGUAUUAUAAGUC-AC
miR400	AT1G62910_ATAN-1G80660	1207	1227	1218	-30.00	-23.70	0.79	3	2-12,1226-1216;14-21,1214-1207	1-1,1227-1227[UP5];13-13,1215-1215[SIL]	((((((((.(((((((((((.&.))))))))))).))))))))	GUGACUUACAAUACUCUUAUU&UAUGAGAGUAUUAUAAGUCAC
miR400	AT5G39710_ATAN-5G59570	1246	1266	1257	-30.00	-23.60	0.786666666666667	5	2-3,1265-1264;5-21,1262-1246	1-1,1266-1266[UP5];4-4,1263-1263[SIL]	(((((((((((((((((.((.&.)).)))))))))))))))))	GUGACUUAUAAUGCUUUGAUU&UAUGAGAGUAUUAUAAGUCAC
miR400	AT5G41170_ATAN-5G61360	952	972	963	-30.00	-23.28	0.776	6.5	1-8,972-965;12-21,961-952	9-11,964-962[SIL]	((((((((((...((((((((&))))))))...))))))))))	GUGGCUUAUACUUCUCUCAUA&UAUGAGAGUAUUAUAAGUCAC
miR400	AT1G64580_ATAN-1G82020	973	993	984	-30.00	-23.10	0.77	3	1-9,993-985;11-15,983-979;17-21,977-973	10-10,984-984[SIL];16-16,978-978[SIL]	(((((.(((((.(((((((((&))))))))).))))).)))))	GUGACCUAUAACACUCUCAUA&UAUGAGAGUAUUAUAAGUCAC
miR400	AT4G38010_ATAN-4G66750	718	738	729	-30.00	-22.00	0.733333333333333	5.5	1-14,738-725;16-19,723-720	15-15,724-724[SIL];20-21,719-718[UP3]	..((((.((((((((((((((&)))))))))))))).))))..	GAGACUGGUAAUGCUCUUAUA&UAUGAGAGUAUUAUAAGUCAC
miR400	AT3G23020_ATAN-3G35240	1620	1641	1632	-30.00	-21.80	0.726666666666667	4	2-15,1640-1627;17-18,1625-1624;19-21,1622-1620	1-1,1641-1641[UP5];16-16,1626-1626[SIL];x-x,1623-1623[BULt]	(((.((.((((((((((((((.&.)))))))))))))).))-)))	GUGUACAUAUAAUACUCUCGUC&UAUGAGAGUAUUAUAAGU-CAC
miR400	AT1G64583_ATAN-1G82030	949	969	960	-30.00	-21.70	0.723333333333333	4	2-9,968-961;11-15,959-955;17-21,953-949	1-1,969-969[UP5];10-10,960-960[SIL];16-16,954-954[SIL]	(((((.(((((.((((((((.&.)))))))).))))).)))))	GUGACAUAUAACACUCUCAUU&UAUGAGAGUAUUAUAAGUCAC
miR400	AT5G39710_ATAN-5G59570	931	951	942	-30.00	-21.60	0.72	3	2-18,950-934;20-21,932-931	1-1,951-951[UP5];19-19,933-933[SIL]	((.(((((((((((((((((.&.))))))))))))))))).))	GUUACUUAUAAUACUCUUAUU&UAUGAGAGUAUUAUAAGUCAC
miR400	AT1G69350_ATAN-1G87280	502	522	513	-30.00	-21.60	0.72	6	2-12,521-511;14-21,509-502	1-1,522-522[UP5];13-13,510-510[SIL]	((((((((.(((((((((((.&.))))))))))).))))))))	GUGGCUUGGAGUACUCUUGUU&UAUGAGAGUAUUAUAAGUCAC
miR400	AT1G63150_ATAN-1G80440	1195	1215	1206	-30.00	-21.40	0.713333333333333	5	1-6,1215-1210;8-19,1208-1197	7-7,1209-1209[SIL];20-21,1196-1195[UP3]	..((((((((((((.((((((&)))))).))))))))))))..	CAGACUUAUAAUACGCUUAUA&UAUGAGAGUAUUAUAAGUCAC
miR400	AT5G14350_ATAN-5G24060	1472	1492	1483	-30.00	-21.30	0.71	5	1-5,1492-1488;7-12,1486-1481;14-21,1479-1472	6-6,1487-1487[SIL];13-13,1480-1480[SIL]	((((((((.((((((.(((((&))))).)))))).))))))))	GUGACUUACAAUGCUGUUAUA&UAUGAGAGUAUUAUAAGUCAC
miR400	AT5G16640_ATAN-5G26670	979	999	990	-30.00	-21.30	0.71	4	2-18,998-982;20-21,980-979	1-1,999-999[UP5];19-19,981-981[SIL]	((.(((((((((((((((((.&.))))))))))))))))).))	GUAACUUAUAGUAUUCUCAUU&UAUGAGAGUAUUAUAAGUCAC
miR400	AT1G62590_ATAN-1G79840	1201	1221	1212	-30.00	-21.20	0.706666666666667	2	1-15,1221-1207;17-18,1205-1204;20-21,1202-1201	16-16,1206-1206[SIL];19-19,1203-1203[SIL]	((.((.(((((((((((((((&))))))))))))))).)).))	GUUACAUAUAAUACUCUCAUA&UAUGAGAGUAUUAUAAGUCAC
miR400	AT1G63330_ATAN-1G79840	1201	1221	1212	-30.00	-21.20	0.706666666666667	2	1-15,1221-1207;17-18,1205-1204;20-21,1202-1201	16-16,1206-1206[SIL];19-19,1203-1203[SIL]	((.((.(((((((((((((((&))))))))))))))).)).))	GUUACAUAUAAUACUCUCAUA&UAUGAGAGUAUUAUAAGUCAC
miR400	AT1G63400_ATAN-1G79760	1201	1221	1212	-30.00	-21.20	0.706666666666667	2	1-15,1221-1207;17-18,1205-1204;20-21,1202-1201	16-16,1206-1206[SIL];19-19,1203-1203[SIL]	((.((.(((((((((((((((&))))))))))))))).)).))	GUUACAUAUAAUACUCUCAUA&UAUGAGAGUAUUAUAAGUCAC
miR400	AT1G11900_ATAN-1G22350	92	114	105	-30.00	-21.10	0.703333333333333	9.5	2-10,113-105;12-21,101-92	1-1,114-114[UP5];11-11,104-102[AILt]	((((((((((...(((((((((.&.)))))))))--.))))))))))	GUGAUUUAUGUUUUGCUCUCAUU&UAUGAGAGUA--UUAUAAGUCAC
miR400	AT5G12100_ATAN-5G22060	1693	1713	1704	-30.00	-21.10	0.703333333333333	5	2-6,1712-1708;8-9,1706-1705;11-21,1703-1693	1-1,1713-1713[UP5];7-7,1707-1707[SIL];10-10,1704-1704[SIL]	(((((((((((.((.(((((.&.))))).)).)))))))))))	GUGACUUAUAACACCCUCAUU&UAUGAGAGUAUUAUAAGUCAC
miR400	AT1G22960_ATAN-1G34570	1228	1248	1239	-30.00	-21.00	0.7	3	1-3,1248-1246;5-15,1244-1234;17-21,1232-1228	4-4,1245-1245[SIL];16-16,1233-1233[SIL]	(((((.(((((((((((.(((&))).))))))))))).)))))	GUGACCUAUAAUACUCUAAUA&UAUGAGAGUAUUAUAAGUCAC
miR400	AT5G03800_ATAN-5G13160	2497	2517	2508	-30.00	-20.90	0.696666666666667	10	4-9,2514-2509;11-21,2507-2497	1-3,2517-2515[UP5];10-10,2508-2508[SIL]	(((((((((((.((((((...&...)))))).)))))))))))	GUGACUUAUGGAAUUCUCUCA&UAUGAGAGUAUUAUAAGUCAC
miR400	AT5G40400_ATAN-5G60410	1030	1050	1041	-30.00	-20.90	0.696666666666667	4	2-17,1049-1034;19-20,1032-1031	1-1,1050-1050[UP5];18-18,1033-1033[SIL];21-21,1030-1030[UP3]	.((.((((((((((((((((.&.)))))))))))))))).)).	AUGUCUUAUAAUACUCUUAUC&UAUGAGAGUAUUAUAAGUCAC
miR400	AT3G46610_ATAN-3G63810	1741	1762	1753	-30.00	-20.80	0.693333333333333	7.5	1-7,1762-1756;9-10,1754-1753;11-21,1751-1741	8-8,1755-1755[SIL];x-x,1752-1752[BULt]	(((((((((((.((.(((((((&))))))).))-)))))))))))	GUGGCUUAUGAGUGGUUUCAUA&UAUGAGAGUA-UUAUAAGUCAC
miR400	AT5G46680_ATAN-5G67960	565	585	576	-30.00	-20.60	0.686666666666667	4	2-15,584-571;17-20,569-566	1-1,585-585[UP5];16-16,570-570[SIL];21-21,565-565[UP3]	.((((.((((((((((((((.&.)))))))))))))).)))).	AUGACGUAUAAUAUUCUCAUC&UAUGAGAGUAUUAUAAGUCAC
miR400	AT1G56570_ATAN-1G74480	1637	1659	1650	-30.00	-20.50	0.683333333333333	7.5	1-15,1659-1645;16-19,1642-1639	x-x,1644-1643[BULt];20-21,1638-1637[UP3]	..((((..(((((((((((((((&)))))))))))))))--))))..	GGGACUUAUGUGAUGCUUUCAUA&UAUGAGAGUAUUAUA--AGUCAC
miR400	AT2G16880_ATAN-2G33760	1141	1162	1152	-30.00	-20.30	0.676666666666667	8	4-8,1159-1155;9-14,1153-1148;16-21,1146-1141	1-3,1162-1160[UP5];x-x,1154-1154[BULt];15-15,1147-1147[SIL]	((((((.((((((.(((((...&...)))))-)))))).))))))	GUGACUCAUAAUAUCUCUCUUA&UAUGAGAG-UAUUAUAAGUCAC
miR400	AT1G20300_ATAN-1G31620	1291	1311	1302	-30.00	-20.30	0.676666666666667	5.5	1-3,1311-1309;5-6,1307-1306;8-21,1304-1291	4-4,1308-1308[SIL];7-7,1305-1305[SIL]	((((((((((((((.((.(((&))).)).))))))))))))))	GUGACUUAUAAUAUACUGAUG&UAUGAGAGUAUUAUAAGUCAC
miR400	AT1G08070_ATAN-1G17970	904	924	915	-30.00	-20.20	0.673333333333333	6.5	2-13,923-912;16-19,909-906	1-1,924-924[UP5];14-15,911-910[SIL];20-21,905-904[UP3]	..((((..((((((((((((.&.))))))))))))..))))..	AAGAUUGUUAAUGCUCUCAUU&UAUGAGAGUAUUAUAAGUCAC
miR400	AT3G16010_ATAN-3G27170	1925	1947	1938	-30.00	-20.20	0.673333333333333	8	4-18,1944-1930;19-21,1927-1925	1-3,1947-1945[UP5];x-x,1929-1928[BULt]	(((..(((((((((((((((...&...)))))))))))))))--)))	GUGUCACUUAUAAUACUCUUCUU&UAUGAGAGUAUUAUAAGU--CAC
miR400	AT1G56570_ATAN-1G74480	379	399	390	-30.00	-20.10	0.67	9.5	2-3,398-397;5-20,395-380	1-1,399-399[UP5];4-4,396-396[SIL];21-21,379-379[UP3]	.((((((((((((((((.((.&.)).)))))))))))))))).	UUGGCUUAUGGUGCUUUGGUU&UAUGAGAGUAUUAUAAGUCAC
miR400	AT1G74850_ATAN-1G93140	742	762	753	-30.00	-20.00	0.666666666666667	9	5-6,758-757;8-21,755-742	1-4,762-759[UP5];7-7,756-756[SIL]	((((((((((((((.((....&....)).))))))))))))))	GUGACUUAUAAUACACUGCUU&UAUGAGAGUAUUAUAAGUCAC
miR400	AT5G39680_ATAN-5G59540	817	837	828	-30.00	-20.00	0.666666666666667	9	2-6,836-832;8-19,830-819	1-1,837-837[UP5];7-7,831-831[SIL];20-21,818-817[UP3]	..((((((((((((.(((((.&.))))).))))))))))))..	GAGGCUUGUGGUGCACUCAUU&UAUGAGAGUAUUAUAAGUCAC
miR400	AT3G59040_ATAN-3G77550	909	932	923	-30.00	-19.90	0.663333333333333	8.5	1-9,932-924;12-17,921-916;18-21,912-909	10-11,923-922[SIL];x-x,915-913[BULt]	((((...((((((..(((((((((&)))))))))..))))))---))))	GUGAUUUCUUAUACCGCUCUCAUG&UAUGAGAGUAUUAUAAG---UCAC
miR400	AT5G27270_ATAN-5G37720	2744	2763	2754	-30.00	-19.70	0.656666666666667	4.5	2-15,2762-2749;17-20,2748-2745	1-1,2763-2763[UP5];16-16,x-x[BULq];21-21,2744-2744[UP3]	.((((-((((((((((((((.&.)))))))))))))).)))).	UUGGC-UAUAAUACUCUUAUC&UAUGAGAGUAUUAUAAGUCAC
TAS1a_3D9	AT1G63400_ATAN-1G79760	1452	1472	1463	-30.70	-32.60	1	1.5	1-21,1472-1452	NA	(((((((((((((((((((((&)))))))))))))))))))))	GAAGCUAGAGAAAGCAUUGGA&UCCAAUGCUUUUUCUAGUUUC
TAS1a_3D9	AT1G63330_ATAN-1G79840	1452	1472	1463	-30.70	-32.60	1	1.5	1-21,1472-1452	NA	(((((((((((((((((((((&)))))))))))))))))))))	GAAGCUAGAGAAAGCAUUGGA&UCCAAUGCUUUUUCUAGUUUC
TAS1a_3D9	AT1G62590_ATAN-1G79840	1452	1472	1463	-30.70	-32.60	1	1.5	1-21,1472-1452	NA	(((((((((((((((((((((&)))))))))))))))))))))	GAAGCUAGAGAAAGCAUUGGA&UCCAAUGCUUUUUCUAGUUUC
TAS1a_3D9	AT1G63320_ATAN-1G80650	195	215	206	-30.70	-30.60	0.996742671009772	2.5	2-21,214-195	1-1,215-215[UP5]	((((((((((((((((((((.&.))))))))))))))))))))	GAAGCUAGAGAAAGCAUUGGU&UCCAAUGCUUUUUCUAGUUUC
TAS1a_3D9	AT1G62930_ATAN-1G80160	1437	1457	1448	-30.70	-30.30	0.986970684039088	3	2-21,1456-1437	1-1,1457-1457[UP5]	((((((((((((((((((((.&.))))))))))))))))))))	GAAGCUGGAGAAAGCAUUGGU&UCCAAUGCUUUUUCUAGUUUC
TAS1a_3D9	AT1G12775_ATAN-1G23300	1461	1481	1472	-30.70	-29.80	0.970684039087948	2.5	1-20,1481-1462	21-21,1461-1461[UP3]	.((((((((((((((((((((&)))))))))))))))))))).	AGAACUAGAGAAAGCAUUGGA&UCCAAUGCUUUUUCUAGUUUC
TAS1a_3D9	AT1G03560_ATAN-1G12870	1233	1253	1244	-30.70	-28.30	0.921824104234528	4	1-16,1253-1238;18-21,1236-1233	17-17,1237-1237[SIL]	((((.((((((((((((((((&)))))))))))))))).))))	GAGAGUGGAAGAGGCAUUGGA&UCCAAUGCUUUUUCUAGUUUC
TAS1a_3D9	AT1G12700_ATAN-1G23230	1356	1376	1367	-30.70	-27.60	0.899022801302932	2.5	1-14,1376-1363;16-21,1361-1356	15-15,1362-1362[SIL]	((((((.((((((((((((((&)))))))))))))).))))))	GAAGCUUGAAAAGGCAUUGGA&UCCAAUGCUUUUUCUAGUUUC
TAS1a_3D9	AT4G16835_ATAN-4G42780	1305	1325	1316	-30.70	-27.10	0.882736156351792	7	3-21,1323-1305	1-2,1325-1324[UP5]	(((((((((((((((((((..&..)))))))))))))))))))	GAAGCUGGAGGAGGCAUUGAA&UCCAAUGCUUUUUCUAGUUUC
TAS1a_3D9	AT1G63080_ATAN-1G80360	1392	1412	1403	-30.70	-26.70	0.869706840390879	4.5	2-4,1411-1409;6-21,1407-1392	1-1,1412-1412[UP5];5-5,1408-1408[SIL]	((((((((((((((((.(((.&.))).))))))))))))))))	GAAGCUAGAGAAAGCAAUGGU&UCCAAUGCUUUUUCUAGUUUC
TAS1a_3D9	AT1G63070_ATAN-1G80360	1392	1412	1403	-30.70	-26.70	0.869706840390879	4.5	2-4,1411-1409;6-21,1407-1392	1-1,1412-1412[UP5];5-5,1408-1408[SIL]	((((((((((((((((.(((.&.))).))))))))))))))))	GAAGCUAGAGAAAGCAAUGGU&UCCAAUGCUUUUUCUAGUUUC
TAS1a_3D9	AT4G21170_ATAN-4G47400	1446	1466	1457	-30.70	-26.70	0.869706840390879	4	2-4,1465-1463;6-21,1461-1446	1-1,1466-1466[UP5];5-5,1462-1462[SIL]	((((((((((((((((.(((.&.))).))))))))))))))))	GAAACUAGAGAAAGCACUGGU&UCCAAUGCUUUUUCUAGUUUC
TAS1a_3D9	AT1G62910_ATAN-1G80660	1458	1478	1469	-30.70	-26.70	0.869706840390879	4.5	2-4,1477-1475;6-21,1473-1458	1-1,1478-1478[UP5];5-5,1474-1474[SIL]	((((((((((((((((.(((.&.))).))))))))))))))))	GAAGCUAGAGAAAGCAAUGGU&UCCAAUGCUUUUUCUAGUUUC
TAS1a_3D9	AT1G62720_ATAN-1G79940	1185	1205	1196	-30.70	-26.30	0.856677524429967	4	2-16,1204-1190;18-21,1188-1185	1-1,1205-1205[UP5];17-17,1189-1189[SIL]	((((.(((((((((((((((.&.))))))))))))))).))))	GAGGGUAGAGAAAGCAUUGGU&UCCAAUGCUUUUUCUAGUUUC
TAS1a_3D9	AT1G62680_ATAN-1G79900	1242	1262	1253	-30.70	-26.20	0.853420195439739	5	2-4,1261-1259;6-21,1257-1242	1-1,1262-1262[UP5];5-5,1258-1258[SIL]	((((((((((((((((.(((.&.))).))))))))))))))))	GGAGCUAGAGAAAGCACUGGU&UCCAAUGCUUUUUCUAGUUUC
TAS1a_3D9	AT1G12620_ATAN-1G23120	1413	1433	1424	-30.70	-25.50	0.830618892508143	3	1-15,1433-1419;17-21,1417-1413	16-16,1418-1418[SIL]	(((((.(((((((((((((((&))))))))))))))).)))))	GGAAUCAGAAAAAGCGUUGGA&UCCAAUGCUUUUUCUAGUUUC
TAS1a_3D9	AT1G12300_ATAN-1G22800	1461	1481	1472	-30.70	-25.50	0.830618892508143	3	1-15,1481-1467;17-21,1465-1461	16-16,1466-1466[SIL]	(((((.(((((((((((((((&))))))))))))))).)))))	GGAAUCAGAAAAAGCGUUGGA&UCCAAUGCUUUUUCUAGUUUC
TAS1a_3D9	AT4G28010_ATAN-4G55510	573	593	584	-30.70	-24.50	0.798045602605863	3.5	1-20,593-574	21-21,573-573[UP3]	.((((((((((((((((((((&)))))))))))))))))))).	AGAGUUAGAGAAAGCAUUGGA&UCCAAUGCUUUUUCUAGUUUC
TAS1a_3D9	AT3G16710_ATAN-3G27950	1236	1256	1247	-30.70	-24.20	0.788273615635179	6	3-16,1254-1241;18-21,1239-1236	1-2,1256-1255[UP5];17-17,1240-1240[SIL]	((((.((((((((((((((..&..)))))))))))))).))))	GAAAGUAGAGAAGGCAUUGAU&UCCAAUGCUUUUUCUAGUUUC
TAS1a_3D9	AT5G16640_ATAN-5G26670	1230	1250	1241	-30.70	-24.10	0.785016286644951	3.5	2-16,1249-1235;18-21,1233-1230	1-1,1250-1250[UP5];17-17,1234-1234[SIL]	((((.(((((((((((((((.&.))))))))))))))).))))	GAAGAUAGAGAAAGCAUUGGU&UCCAAUGCUUUUUCUAGUUUC
TAS1a_3D9	AT4G22760_ATAN-4G49300	1443	1464	1454	-30.70	-23.90	0.778501628664495	7	3-4,1462-1461;5-21,1459-1443	1-2,1464-1463[UP5];x-x,1460-1460[BULt]	(((((((((((((((((.((..&..))-)))))))))))))))))	GAGGCUAGAAGAAGCAUAUGAG&UCCA-AUGCUUUUUCUAGUUUC
TAS1a_3D9	AT3G23330_ATAN-3G35640	1482	1502	1493	-30.70	-23.80	0.775244299674267	9	5-21,1498-1482	1-4,1502-1499[UP5]	(((((((((((((((((....&....)))))))))))))))))	GAAGCUGGAAGAAGCAUACAA&UCCAAUGCUUUUUCUAGUUUC
TAS1a_3D9	AT1G63150_ATAN-1G80440	1446	1466	1457	-30.70	-23.78	0.774592833876222	7.5	2-9,1465-1458;13-21,1454-1446	1-1,1466-1466[UP5];10-12,1457-1455[SIL]	(((((((((...((((((((.&.))))))))...)))))))))	GAAGCUAGAUACAGCAUUGGU&UCCAAUGCUUUUUCUAGUUUC
TAS1a_3D9	AT4G26800_ATAN-4G53940	1251	1271	1262	-30.70	-23.70	0.771986970684039	6	3-16,1269-1256;18-21,1254-1251	1-2,1271-1270[UP5];17-17,1255-1255[SIL]	((((.((((((((((((((..&..)))))))))))))).))))	GGAGGUAGAGAAAGCAUUGAG&UCCAAUGCUUUUUCUAGUUUC
TAS1a_3D9	AT5G41170_ATAN-5G61360	1317	1337	1328	-30.70	-23.70	0.771986970684039	6.5	3-5,1335-1333;7-21,1331-1317	1-2,1337-1336[UP5];6-6,1332-1332[SIL]	(((((((((((((((.(((..&..))).)))))))))))))))	GAAGCUAGAGAAAGCCUUGAU&UCCAAUGCUUUUUCUAGUUUC
TAS1a_3D9	AT4G01570_ATAN-4G12170	1329	1355	1340	-30.70	-23.70	0.771986970684039	15.5	2-5,1354-1351;6-21,1344-1329	1-1,1355-1355[UP5];x-x,1350-1345[BULt]	((((((((((((((((......((((.&.))))------))))))))))))))))	GAAGCUAGAAGGAGCAGUAAAAUUGGU&UCCAA------UGCUUUUUCUAGUUUC
TAS1a_3D9	AT3G49710_ATAN-3G67520	1491	1512	1502	-30.70	-23.50	0.765472312703583	8.5	1-2,1512-1511;3-3,1509-1509;6-21,1506-1491	x-x,1510-1510[BULt];4-5,1508-1507[SIL]	((((((((((((((((..(.((&))-)..))))))))))))))))	GAAGCUAGAAGAGGCAGAGAGA&UC-CAAUGCUUUUUCUAGUUUC
TAS1a_3D9	AT2G41720_ATAN-2G61780	997	1018	1008	-30.70	-23.50	0.765472312703583	8.5	1-4,1018-1015;7-8,1012-1011;9-21,1009-997	5-6,1014-1013[SIL];x-x,1010-1010[BULt]	(((((((((((((.((..((((&))))..))-)))))))))))))	GAAACUGGAGAGAGGCUCUGGA&UCCAAUGC-UUUUUCUAGUUUC
TAS1a_3D9	AT5G27110_ATAN-5G37610	562	581	572	-30.70	-23.30	0.758957654723127	5.5	1-5,581-577;7-15,575-567;17-21,566-562	6-6,576-576[SIL];16-16,x-x[BULq]	(((((-(((((((((.(((((&))))).))))))))).)))))	GAGAC-AGAGAAGGCUUUGGA&UCCAAUGCUUUUUCUAGUUUC
TAS1a_3D9	AT3G15200_ATAN-3G26180	888	908	899	-30.70	-23.20	0.755700325732899	6.5	1-4,908-905;7-21,902-888	5-6,904-903[SIL]	(((((((((((((((..((((&))))..)))))))))))))))	GAAAUUGGGAAAGGCUAUGGA&UCCAAUGCUUUUUCUAGUUUC
TAS1a_3D9	AT5G25630_ATAN-5G36050	807	827	818	-30.70	-23.10	0.752442996742671	8	1-3,827-825;5-16,823-812;18-21,810-807	4-4,824-824[SIL];17-17,811-811[SIL]	((((.((((((((((((.(((&))).)))))))))))).))))	GAAGGUGGAGGAGGCGUGGGA&UCCAAUGCUUUUUCUAGUUUC
TAS1a_3D9	AT1G06580_ATAN-1G16260	1223	1244	1235	-30.70	-23.10	0.752442996742671	3.5	2-16,1243-1229;18-21,1226-1223	1-1,1244-1244[UP5];17-17,1228-1227[AILt]	((((..(((((((((((((((.&.)))))))))))))))-.))))	GAAAAAUAGGAAAAGCAUUGGU&UCCAAUGCUUUUUCUA-GUUUC
TAS1a_3D9	AT1G31920_ATAN-1G43440	1154	1175	1166	-30.70	-23.10	0.752442996742671	5.5	1-14,1175-1162;16-18,1160-1158;20-21,1155-1154	15-15,1161-1161[SIL];19-19,1157-1156[AILt]	((..(((.((((((((((((((&)))))))))))))).)))-.))	GAUUGCUCGAGGAAGCAUUGGA&UCCAAUGCUUUUUCUAGU-UUC
TAS1a_3D9	AT4G19440_ATAN-4G45630	1596	1618	1607	-30.70	-23.06	0.75114006514658	12	1-3,1618-1616;7-21,1610-1596	4-6,1615-1611[AILt]	(((((((((((((((.....(((&)))--...)))))))))))))))	GAAGCUGGAAGAAGCUUUUAGGA&UCC--AAUGCUUUUUCUAGUUUC
TAS1a_3D9	AT3G48250_ATAN-3G65790	1257	1278	1268	-30.70	-23.00	0.749185667752443	8	1-3,1278-1276;6-21,1272-1257	4-5,1275-1273[AILt]	((((((((((((((((...(((&)))-..))))))))))))))))	GAGAUUAGAAGAAGCACGAGGA&UCC-AAUGCUUUUUCUAGUUUC
TAS1a_3D9	AT1G63130_ATAN-1G80420	1440	1460	1451	-30.70	-23.00	0.749185667752443	5.5	2-9,1459-1452;11-16,1450-1445;18-21,1443-1440	1-1,1460-1460[UP5];10-10,1451-1451[SIL];17-17,1444-1444[SIL]	((((.((((((.((((((((.&.)))))))).)))))).))))	GAAGGUAGAGACAGCAUUGGU&UCCAAUGCUUUUUCUAGUUUC
TAS1a_3D9	AT1G64310_ATAN-1G81680	1377	1397	1388	-30.70	-22.80	0.742671009771987	4	1-2,1397-1396;4-20,1394-1378	3-3,1395-1395[SIL];21-21,1377-1377[UP3]	.(((((((((((((((((.((&)).))))))))))))))))).	AAAACUAGAAGAAGCAUUUGA&UCCAAUGCUUUUUCUAGUUUC
TAS1a_3D9	AT1G62670_ATAN-1G79890	1440	1460	1451	-30.70	-22.50	0.732899022801303	5.5	2-4,1459-1457;6-12,1455-1449;14-21,1447-1440	1-1,1460-1460[UP5];5-5,1456-1456[SIL];13-13,1448-1448[SIL]	((((((((.(((((((.(((.&.))).))))))).))))))))	GAAGCUAGCGAAAGCAAUGGU&UCCAAUGCUUUUUCUAGUUUC
TAS1a_3D9	AT1G62914_ATAN-1G80130	1437	1457	1448	-30.70	-22.50	0.732899022801303	5.5	2-4,1456-1454;6-12,1452-1446;14-21,1444-1437	1-1,1457-1457[UP5];5-5,1453-1453[SIL];13-13,1445-1445[SIL]	((((((((.(((((((.(((.&.))).))))))).))))))))	GAAGCUAGCGAAAGCAAUGGU&UCCAAUGCUUUUUCUAGUUUC
TAS1a_3D9	AT5G57250_ATAN-5G79810	872	893	884	-30.70	-22.40	0.729641693811075	6.5	1-14,893-880;17-21,876-872	15-16,879-877[AILt]	(((((...((((((((((((((&))))))))))))))-..)))))	GGAAUGUUGAAGAAGCGUUGGG&UCCAAUGCUUUUUC-UAGUUUC
TAS1a_3D9	AT1G19720_ATAN-1G31030	190	209	200	-30.70	-22.30	0.726384364820847	6.5	1-4,209-206;7-14,203-196;16-21,195-190	5-6,205-204[SIL];15-15,x-x[BULq]	((((((-((((((((..((((&))))..)))))))).))))))	GAAGCU-GAGAAAGCUCUGGA&UCCAAUGCUUUUUCUAGUUUC
TAS1a_3D9	AT4G37380_ATAN-4G66060	818	841	832	-30.70	-22.30	0.726384364820847	9.5	1-10,841-832;11-18,829-822;19-21,820-818	x-x,831-830[BULt];x-x,821-821[BULt]	(((.((((((((..((((((((((&))))))))))--))))))))-)))	GAGCGCUGGAAACUGGGCGUUGGA&UCCAAUGCUU--UUUCUAGU-UUC
TAS1a_3D9	AT3G49240_ATAN-3G66970	537	557	548	-30.70	-22.30	0.726384364820847	7	1-8,557-550;11-14,547-544;17-21,541-537	9-10,549-548[SIL];15-16,543-542[SIL]	(((((..((((..((((((((&))))))))..))))..)))))	GAAACCUGAAAUUGCGUUGGA&UCCAAUGCUUUUUCUAGUUUC
TAS1a_3D9	AT3G07290_ATAN-3G17440	840	861	851	-30.70	-22.10	0.719869706840391	5.5	2-5,860-857;6-14,855-847;16-21,845-840	1-1,861-861[UP5];x-x,856-856[BULt];15-15,846-846[SIL]	((((((.(((((((((.((((.&.))))-))))))))).))))))	GAGACUUGAAGAAGCAUUUGGC&UCCAA-UGCUUUUUCUAGUUUC
TAS1a_3D9	AT1G09220_ATAN-1G19220	1242	1263	1253	-30.70	-22.00	0.716612377850163	9	1-4,1263-1260;7-9,1257-1255;10-21,1253-1242	5-6,1259-1258[SIL];x-x,1254-1254[BULt]	((((((((((((.(((..((((&))))..)))-))))))))))))	GGAGCUAGAGAGAAGCCAUGGA&UCCAAUGCU-UUUUCUAGUUUC
TAS1a_3D9	AT4G21170_ATAN-4G47400	1555	1578	1568	-30.70	-21.90	0.713355048859935	6.5	1-5,1578-1574;6-16,1572-1562;17-21,1559-1555	x-x,1573-1573[BULt];x-x,1561-1560[BULt]	(((((..(((((((((((.(((((&)))))-)))))))))))--)))))	GAGAUGGUGGAAGAAGCAGUUGGA&UCCAA-UGCUUUUUCUA--GUUUC
TAS1a_3D9	AT3G14730_ATAN-3G25650	1744	1772	1763	-30.70	-21.80	0.710097719869707	20.5	1-11,1772-1762;12-21,1753-1744	x-x,1761-1754[BULt]	((((((((((........(((((((((((&)))))))))))--------))))))))))	GAAGCUGGGAAGUACGAGGAAGUGUUGGA&UCCAAUGCUUU--------UUCUAGUUUC
TAS1a_3D9	AT5G59900_ATAN-5G82730	158	179	169	-30.70	-21.70	0.706840390879479	10	3-8,177-172;10-21,169-158	1-2,179-178[UP5];9-9,171-170[AILt]	((((((((((((..((((((..&..))))))-.))))))))))))	GGAGCUGGGAGAUCGCAUUGAG&UCCAAUGC-UUUUUCUAGUUUC
TAS1a_3D9	AT1G19520_ATAN-1G30830	901	925	914	-30.70	-21.60	0.703583061889251	9	1-6,925-920;7-15,917-909;16-21,906-901	x-x,919-918[BULt];x-x,908-907[BULt]	((((((..(((((((((..((((((&))))))--)))))))))--))))))	GAAGCUGAGGAAGAGGCUGAUUGGA&UCCAAU--GCUUUUUCU--AGUUUC
TAS1a_3D9	AT5G38730_ATAN-5G58320	1278	1298	1289	-30.70	-21.60	0.703583061889251	7	1-3,1298-1296;6-8,1293-1291;10-21,1289-1278	4-5,1295-1294[SIL];9-9,1290-1290[SIL]	((((((((((((.(((..(((&)))..))).))))))))))))	GGAACUGGAAAAUGCAAAGGA&UCCAAUGCUUUUUCUAGUUUC
TAS1a_3D9	AT5G40400_ATAN-5G60410	1387	1409	1400	-30.70	-21.60	0.703583061889251	6.5	2-14,1408-1396;15-18,1393-1390;20-21,1388-1387	1-1,1409-1409[UP5];x-x,1395-1394[BULt];19-19,1389-1389[SIL]	((.((((..(((((((((((((.&.)))))))))))))--)))).))	GAUGCUAUUGAAGAGGCAUUGGU&UCCAAUGCUUUUUC--UAGUUUC
TAS1a_3D9	AT1G80550_ATAN-1G99280	176	197	188	-30.70	-21.60	0.703583061889251	6.5	1-13,197-185;14-19,183-178	x-x,184-184[BULt];20-21,177-176[UP3]	..((((((.(((((((((((((&)))))))))))))-))))))..	ACGAUUGGCAAAAGGCGUUGGA&UCCAAUGCUUUUU-CUAGUUUC
TAS1a_3D9	AT1G15510_ATAN-1G26420	219	239	230	-30.70	-21.50	0.700325732899023	10	3-4,237-236;7-21,233-219	1-2,239-238[UP5];5-6,235-234[SIL]	(((((((((((((((..((..&..))..)))))))))))))))	GAAGCUGGAGGAAGCUAUGAA&UCCAAUGCUUUUUCUAGUUUC
TAS1a_3D9	AT2G16880_ATAN-2G33760	1500	1520	1511	-30.70	-21.50	0.700325732899023	5.5	1-5,1520-1516;7-16,1514-1505;18-20,1503-1501	6-6,1515-1515[SIL];17-17,1504-1504[SIL];21-21,1500-1500[UP3]	.(((.((((((((((.(((((&))))).)))))))))).))).	AAAAGUGGAGAAAGCUUUGGA&UCCAAUGCUUUUUCUAGUUUC
TAS1a_3D9	AT3G59040_ATAN-3G77550	2182	2202	2193	-30.70	-21.28	0.693159609120521	10	1-3,2202-2200;7-20,2196-2183	4-6,2199-2197[SIL];21-21,2182-2182[UP3]	.((((((((((((((...(((&)))...)))))))))))))).	UGAGCUAGAGGAAGCUAAGGA&UCCAAUGCUUUUUCUAGUUUC
TAS1a_3D9	AT5G15340_ATAN-5G25240	658	686	677	-30.70	-21.20	0.690553745928339	13	1-13,686-674;14-21,665-658	x-x,673-666[BULt]	((((((((........(((((((((((((&)))))))))))))--------))))))))	GGAGCUGGUUUUACAAGGGAAGUAUUGGA&UCCAAUGCUUUUU--------CUAGUUUC
TAS1a_3D9	AT5G65560_ATAN-5G88910	1149	1169	1160	-30.70	-21.20	0.690553745928339	8.5	3-6,1167-1164;8-18,1162-1152;20-21,1150-1149	1-2,1169-1168[UP5];7-7,1163-1163[SIL];19-19,1151-1151[SIL]	((.(((((((((((.((((..&..)))).))))))))))).))	GAUGCUAGAGAAAGGGUUGAU&UCCAAUGCUUUUUCUAGUUUC
TAS1a_3D9	AT3G04760_ATAN-3G14310	1281	1299	1292	-30.70	-21.10	0.687296416938111	7.5	2-4,1298-1296;7-21,1295-1281	1-1,1299-1299[UP5];5-6,x-x[BULq]	(((((((((((((((--(((.&.)))..)))))))))))))))	GAAACUAGGAGAAGU--UGGC&UCCAAUGCUUUUUCUAGUUUC
TAS1a_3D9	AT5G66520_ATAN-5G90020	889	908	899	-30.70	-21.10	0.687296416938111	4.5	1-5,908-904;7-16,902-893;18-21,892-889	6-6,903-903[SIL];17-17,x-x[BULq]	((((-((((((((((.(((((&))))).)))))))))).))))	GAAA-UGGAAGAAGCUUUGGA&UCCAAUGCUUUUUCUAGUUUC
TAS1a_3D9	AT1G16480_ATAN-1G27430	567	593	578	-30.70	-21.00	0.684039087947883	18.5	1-4,593-590;6-9,588-585;10-21,578-567	5-5,589-589[SIL];x-x,584-579[BULt]	((((((((((((......((((.((((&)))).))))------))))))))))))	GGGACUGGAGAGUAAGCUGGCAGUGGA&UCCAAUGCU------UUUUCUAGUUUC
TAS1a_3D9	AT3G26782_ATAN-3G39710	375	394	386	-30.70	-21.00	0.684039087947883	8.5	1-3,394-392;6-8,390-388;10-21,386-375	4-5,391-391[AILq];9-9,387-387[SIL]	((((((((((((.(((.-(((&)))..))).))))))))))))	GAAACUGGAGGAUGCAC-GGA&UCCAAUGCUUUUUCUAGUUUC
TAS1a_3D9	AT4G11690_ATAN-4G35610	699	719	710	-30.70	-20.90	0.680781758957655	8	3-20,717-700	1-2,719-718[UP5];21-21,699-699[UP3]	.((((((((((((((((((..&..)))))))))))))))))).	AAAAUUAGGGAAGGCGUUGAG&UCCAAUGCUUUUUCUAGUUUC
TAS1a_3D9	AT1G74580_ATAN-1G92870	1635	1655	1646	-30.70	-20.70	0.674267100977199	6.5	1-5,1655-1651;7-11,1649-1645;13-20,1643-1636	6-6,1650-1650[SIL];12-12,1644-1644[SIL];21-21,1635-1635[UP3]	.((((((((.(((((.(((((&))))).))))).)))))))).	CAAACUAGAUGAAGCCUUGGG&UCCAAUGCUUUUUCUAGUUUC
TAS1a_3D9	AT4G38010_ATAN-4G66750	1374	1394	1385	-30.70	-20.70	0.674267100977199	7.5	1-11,1394-1384;13-17,1382-1378	12-12,1383-1383[SIL];18-21,1377-1374[UP3]	....(((((.(((((((((((&))))))))))).)))))....	AUUGUUAGAUGAAGCAUUGGA&UCCAAUGCUUUUUCUAGUUUC
TAS1a_3D9	AT5G46580_ATAN-5G67820	1000	1021	1013	-30.70	-20.60	0.671009771986971	9.5	1-3,1021-1019;6-15,1017-1008;16-21,1005-1000	4-5,1018-1018[AILq];x-x,1007-1006[BULt]	((((((..((((((((((.-(((&)))..))))))))))--))))))	GAAGCUAUGGGGAGAGCAG-GGA&UCCAAUGCUUUUUCU--AGUUUC
TAS1a_3D9	AT5G65570_ATAN-5G88920	1554	1571	1565	-30.70	-20.60	0.671009771986971	9	1-3,1571-1569;7-21,1568-1554	4-6,x-x[BULq]	(((((((((((((((---(((&)))...)))))))))))))))	GAGAUUAGAGGAAGC---GGA&UCCAAUGCUUUUUCUAGUUUC
TAS1a_3D9	AT5G52850_ATAN-5G74770	2036	2058	2048	-30.70	-20.60	0.671009771986971	10	1-3,2058-2056;6-19,2052-2039;20-21,2037-2036	4-5,2055-2053[AILt];x-x,2038-2038[BULt]	((.((((((((((((((...(((&)))-..))))))))))))))-))	GACGGCUAGAGGAAGCAACAGGA&UCC-AAUGCUUUUUCUAGUU-UC
TAS1a_3D9	AT4G01030_ATAN-4G11510	719	740	731	-30.70	-20.60	0.671009771986971	7.5	1-4,740-737;7-15,734-726;16-21,724-719	5-6,736-735[SIL];x-x,725-725[BULt]	((((((.(((((((((..((((&))))..)))))))))-))))))	GGAAUUGGGAAAAGGCUGUGGA&UCCAAUGCUUUUUCU-AGUUUC
TAS1a_3D9	AT3G14730_ATAN-3G25650	1554	1575	1565	-30.70	-20.60	0.671009771986971	8.5	3-4,1573-1572;5-20,1570-1555	1-2,1575-1574[UP5];x-x,1571-1571[BULt];21-21,1554-1554[UP3]	.((((((((((((((((.((..&..))-)))))))))))))))).	CAAGCUAGAGGAAGCAUAUGAG&UCCA-AUGCUUUUUCUAGUUUC
TAS1a_3D9	AT5G04810_ATAN-5G14240	1739	1759	1750	-30.70	-20.50	0.667752442996743	6.5	2-12,1758-1748;14-15,1746-1745;17-21,1743-1739	1-1,1759-1759[UP5];13-13,1747-1747[SIL];16-16,1744-1744[SIL]	(((((.((.(((((((((((.&.))))))))))).)).)))))	GGAGCGGGCAGAGGCAUUGGU&UCCAAUGCUUUUUCUAGUUUC
TAS1a_3D9	AT3G29290_ATAN-3G43320	600	628	611	-30.70	-20.40	0.664495114006515	19.5	1-7,628-622;8-20,613-601	x-x,621-614[BULt];21-21,600-600[UP3]	.(((((((((((((........(((((((&)))))))--------))))))))))))).	AGAACUAGAAAGGGAGCCGAAACAUUGGA&UCCAAUG--------CUUUUUCUAGUUUC
TAS1a_3D9	AT5G59200_ATAN-5G81970	695	722	706	-30.70	-20.40	0.664495114006515	17.5	1-9,722-714;10-15,706-701;17-21,699-695	x-x,713-707[BULt];16-16,700-700[SIL]	(((((.((((((.......(((((((((&)))))))))-------)))))).)))))	GAAACAAGGAGAUGAACAAAGCGUUGGA&UCCAAUGCU-------UUUUCUAGUUUC
TAS1a_3D9	AT1G56570_ATAN-1G74480	1850	1867	1860	-30.70	-20.40	0.664495114006515	6.5	1-4,1867-1864;7-12,1863-1858;14-21,1857-1850	5-6,x-x[BULq];13-13,x-x[BULq]	((((((((-((((((--((((&))))..)))))).))))))))	GAGACUAG-AGAAGC--UGGA&UCCAAUGCUUUUUCUAGUUUC
TAS1a_3D9	AT1G32415_ATAN-1G44160	2058	2081	2068	-30.70	-20.30	0.661237785016287	13	1-4,2081-2078;5-12,2073-2066;14-21,2065-2058	x-x,2077-2074[BULt];13-13,x-x[BULq]	((((((((-((((((((....((((&))))----)))))))).))))))))	GGGACUAG-GGAGGCAUGAUAUGGA&UCCA----AUGCUUUUUCUAGUUUC
TAS1a_3D9	AT5G06400_ATAN-5G16040	2814	2833	2825	-30.70	-20.30	0.661237785016287	6.5	1-5,2833-2829;7-16,2828-2819;18-20,2817-2815	6-6,x-x[BULq];17-17,2818-2818[SIL];21-21,2814-2814[UP3]	.(((.((((((((((-(((((&))))).)))))))))).))).	AAAAGUGGAAGAGGC-UUGGA&UCCAAUGCUUUUUCUAGUUUC
TAS1a_3D9	AT4G37170_ATAN-4G65830	588	608	599	-30.70	-20.30	0.661237785016287	7.5	2-14,607-595;17-19,592-590	1-1,608-608[UP5];15-16,594-593[SIL];20-21,589-588[UP3]	..(((..(((((((((((((.&.)))))))))))))..)))..	UCAGCCUGAAGAGGCAUUGGU&UCCAAUGCUUUUUCUAGUUUC
TAS1a_3D9	AT3G16010_ATAN-3G27170	672	692	683	-30.70	-20.20	0.657980456026059	5.5	1-12,692-681;14-14,679-679;16-20,677-673	13-13,680-680[SIL];15-15,678-678[SIL];21-21,672-672[UP3]	.(((((.(.((((((((((((&)))))))))))).).))))).	UGAGCUUGUGAAAGCAUUGGG&UCCAAUGCUUUUUCUAGUUUC
TAS1a_3D9	AT4G21190_ATAN-4G47420	239	259	250	-30.70	-20.20	0.657980456026059	5.5	1-6,259-254;8-15,252-245;17-20,243-240	7-7,253-253[SIL];16-16,244-244[SIL];21-21,239-239[UP3]	.((((.((((((((.((((((&)))))).)))))))).)))).	AAAACAAGGAAGAGGAUUGGA&UCCAAUGCUUUUUCUAGUUUC
TAS1a_3D9	AT2G30100_ATAN-2G48490	204	224	215	-30.70	-20.20	0.657980456026059	8	1-3,224-222;6-15,219-210;18-21,207-204	4-5,221-220[SIL];16-17,209-208[SIL]	((((..((((((((((..(((&)))..))))))))))..))))	GGAAGAAGGAGAAGCAGAGGA&UCCAAUGCUUUUUCUAGUUUC
TAS1a_3D9	AT1G03100_ATAN-1G12300	1389	1412	1400	-30.70	-20.10	0.654723127035831	8.5	1-4,1412-1409;5-12,1405-1398;14-21,1396-1389	x-x,1408-1406[BULt];13-13,1397-1397[SIL]	((((((((.((((((((...((((&))))---)))))))).))))))))	GAAAUUAGCAAAGGCAUUCCUGGA&UCCA---AUGCUUUUUCUAGUUUC
TAS1a_3D9	AT2G15980_ATAN-2G32640	895	914	905	-30.70	-20.10	0.654723127035831	7	1-3,914-912;5-15,910-900;17-21,899-895	4-4,911-911[SIL];16-16,x-x[BULq]	(((((-(((((((((((.(((&))).))))))))))).)))))	GAAGC-GGAGAAGGUAUGGGA&UCCAAUGCUUUUUCUAGUUUC
TAS1a_3D9	AT5G14820_ATAN-3G81440	1240	1259	1252	-30.70	-20.10	0.654723127035831	7	1-4,1259-1256;7-15,1255-1247;16-21,1245-1240	5-6,x-x[BULq];x-x,1246-1246[BULt]	((((((.(((((((((--((((&))))..)))))))))-))))))	GGGACUCAGAAGAAGC--UGGA&UCCAAUGCUUUUUCU-AGUUUC
TAS1a_3D9	AT3G62540_ATAN-3G81440	1240	1259	1252	-30.70	-20.10	0.654723127035831	7	1-4,1259-1256;7-15,1255-1247;16-21,1245-1240	5-6,x-x[BULq];x-x,1246-1246[BULt]	((((((.(((((((((--((((&))))..)))))))))-))))))	GGGACUCAGAAGAAGC--UGGA&UCCAAUGCUUUUUCU-AGUUUC
TAS1a_3D9	AT3G62470_ATAN-3G81260	1240	1259	1252	-30.70	-20.10	0.654723127035831	7	1-4,1259-1256;7-15,1255-1247;16-21,1245-1240	5-6,x-x[BULq];x-x,1246-1246[BULt]	((((((.(((((((((--((((&))))..)))))))))-))))))	GGGACUCAGAAGAAGC--UGGA&UCCAAUGCUUUUUCU-AGUUUC
TAS1a_3D9	AT5G02860_ATAN-5G12060	1089	1109	1100	-30.70	-20.10	0.654723127035831	10	1-4,1109-1106;6-11,1104-1099;13-18,1097-1092	5-5,1105-1105[SIL];12-12,1098-1098[SIL];19-21,1091-1089[UP3]	...((((((.((((((.((((&)))).)))))).))))))...	UAUGCUGGAUGAGGCAAUGGA&UCCAAUGCUUUUUCUAGUUUC
TAS1a_3D9	AT3G22470_ATAN-3G34620	1407	1427	1418	-30.70	-20.08	0.654071661237785	5.5	1-11,1427-1417;15-20,1413-1408	12-14,1416-1414[SIL];21-21,1407-1407[UP3]	.((((((...(((((((((((&)))))))))))...)))))).	UGAACUAAAUAAAGCAUUGGA&UCCAAUGCUUUUUCUAGUUUC
TAS1a_3D9	AT5G67570_ATAN-5G91250	667	688	679	-30.70	-20.02	0.652117263843648	6	1-13,688-676;17-21,671-667	14-16,675-672[AILt]	(((((....(((((((((((((&)))))))))))))-...)))))	GAAAUCAAUGAGAAGCAUUGGA&UCCAAUGCUUUUU-CUAGUUUC
TAS1a_3D9	AT2G20710_ATAN-2G38140	1236	1258	1249	-30.70	-20.00	0.651465798045603	9.5	1-3,1258-1256;6-16,1253-1243;17-21,1240-1236	4-5,1255-1254[SIL];x-x,1242-1241[BULt]	(((((..(((((((((((..(((&)))..)))))))))))--)))))	GGAAUGAUGGAGAAGGCAGAGGA&UCCAAUGCUUUUUCUA--GUUUC
TAS1a_3D9	AT1G22960_ATAN-1G34570	1587	1608	1598	-30.70	-20.00	0.651465798045603	6.5	3-6,1606-1603;7-17,1601-1591;19-21,1589-1587	1-2,1608-1607[UP5];x-x,1602-1602[BULt];18-18,1590-1590[SIL]	(((.(((((((((((.((((..&..))))-))))))))))).)))	GAAUCUGGAAAAAGCGAUUGAG&UCCAAU-GCUUUUUCUAGUUUC
TAS1b_3D4	AT3G22470_ATAN-3G34620	487	507	498	-31.20	-30.60	0.980769230769231	4.5	3-21,505-487	1-2,507-506[UP5]	(((((((((((((((((((..&..)))))))))))))))))))	GUUGAUCGGAUGGUGGAAAUG&UUUUUCUACCAUCCGAUCAAU
TAS1b_3D4	AT1G63230_ATAN-1G80540	97	117	108	-31.20	-25.90	0.830128205128205	2.5	1-12,117-106;14-21,104-97	13-13,105-105[SIL]	((((((((.((((((((((((&)))))))))))).))))))))	GUUGAUCGUAUGGUAGAAGAA&UUUUUCUACCAUCCGAUCAAU
TAS1b_3D4	AT1G02370_ATAN-1G11490	630	649	641	-31.20	-24.20	0.775641025641026	5	1-7,649-643;9-20,642-631	8-8,x-x[BULq];21-21,630-630[UP3]	.((((((((((((-(((((((&))))))).)))))))))))).	UUUGAUUGGAUGG-AGAAGAG&UUUUUCUACCAUCCGAUCAAU
TAS1b_3D4	AT1G12775_ATAN-1G23300	541	561	552	-31.20	-24.00	0.769230769230769	4.5	3-12,559-550;14-21,548-541	1-2,561-560[UP5];13-13,549-549[SIL]	((((((((.((((((((((..&..)))))))))).))))))))	GUUGAUCGAAUGGUAGAAAUG&UUUUUCUACCAUCCGAUCAAU
TAS1b_3D4	AT1G63130_ATAN-1G80420	520	540	531	-31.20	-23.80	0.762820512820513	6	3-13,538-528;15-21,526-520	1-2,540-539[UP5];14-14,527-527[SIL]	(((((((.(((((((((((..&..))))))))))).)))))))	GUUGGUCAGAUGGUGGAAAUG&UUUUUCUACCAUCCGAUCAAU
TAS1b_3D4	AT4G02750_ATAN-4G13670	877	897	888	-31.20	-23.70	0.759615384615385	8	1-15,897-883	16-21,882-877[UP3]	......(((((((((((((((&)))))))))))))))......	CAAAACCGGAUGGUGGAAGAA&UUUUUCUACCAUCCGAUCAAU
TAS1b_3D4	AT1G62720_ATAN-1G79940	589	610	600	-31.20	-23.40	0.75	9	3-7,608-604;9-20,601-590	1-2,610-609[UP5];8-8,603-602[AILt];21-21,589-589[UP3]	.((((((((((((..(((((..&..)))))-.)))))))))))).	UUUGAUCGGAUGGAAAGAGAUG&UUUUUCU-ACCAUCCGAUCAAU
TAS1b_3D4	AT2G01390_ATAN-2G10810	610	630	621	-31.20	-22.90	0.733974358974359	7	1-10,630-621;12-14,619-617;16-19,615-612	11-11,620-620[SIL];15-15,616-616[SIL];20-21,611-610[UP3]	..((((.(((.((((((((((&)))))))))).))).))))..	GCUGAUGGGAGGGUGGAAGAA&UUUUUCUACCAUCCGAUCAAU
TAS1b_3D4	AT1G29710_ATAN-1G40950	80	100	91	-31.20	-22.60	0.724358974358974	11	4-16,97-85;18-19,83-82	1-3,100-98[UP5];17-17,84-84[SIL];20-21,81-80[UP3]	..((.(((((((((((((...&...))))))))))))).))..	UCUGUUCGGGUGGUGGAGCUC&UUUUUCUACCAUCCGAUCAAU
TAS1b_3D4	AT4G18840_ATAN-4G45040	1258	1276	1269	-31.20	-22.40	0.717948717948718	5.5	1-6,1276-1271;9-20,1270-1259	7-8,x-x[BULq];21-21,1258-1258[UP3]	.((((((((((((--((((((&))))))..)))))))))))).	CUUGGUCGGAUGG--GAAAAA&UUUUUCUACCAUCCGAUCAAU
TAS1b_3D4	AT1G12620_ATAN-1G23120	1817	1837	1828	-31.20	-22.30	0.71474358974359	11	5-17,1833-1821	1-4,1837-1834[UP5];18-21,1820-1817[UP3]	....(((((((((((((....&....)))))))))))))....	UGUUAUCGGAUGGUAGAUUGA&UUUUUCUACCAUCCGAUCAAU
TAS1b_3D4	AT1G14470_ATAN-1G25210	661	681	672	-31.20	-22.30	0.71474358974359	8	2-7,680-675;10-20,672-662	1-1,681-681[UP5];8-9,674-673[SIL];21-21,661-661[UP3]	.(((((((((((..((((((.&.))))))..))))))))))).	UUUGAUCGGAUGUCGGAGAAG&UUUUUCUACCAUCCGAUCAAU
TAS1b_3D4	AT1G79540_ATAN-1G98230	841	861	852	-31.20	-22.30	0.71474358974359	9.5	3-6,859-856;8-18,854-844	1-2,861-860[UP5];7-7,855-855[SIL];19-21,843-841[UP3]	...(((((((((((.((((..&..)))).)))))))))))...	UUGGGUCGGAUGGUUGAAGCA&UUUUUCUACCAUCCGAUCAAU
TAS1b_3D4	AT5G08510_ATAN-5G18480	1083	1103	1094	-31.20	-22.30	0.71474358974359	8	1-4,1103-1100;6-14,1098-1090;16-19,1088-1085	5-5,1099-1099[SIL];15-15,1089-1089[SIL];20-21,1084-1083[UP3]	..((((.(((((((((.((((&)))).))))))))).))))..	CAUGGUGGGAUGGUGGUGAAG&UUUUUCUACCAUCCGAUCAAU
TAS1b_3D4	AT1G12300_ATAN-1G22800	1865	1885	1876	-31.20	-22.30	0.71474358974359	11	5-17,1881-1869	1-4,1885-1882[UP5];18-21,1868-1865[UP3]	....(((((((((((((....&....)))))))))))))....	UGUUAUCGGAUGGUAGAUUGA&UUUUUCUACCAUCCGAUCAAU
TAS1b_3D4	AT5G10690_ATAN-5G20460	2729	2749	2740	-31.20	-21.80	0.698717948717949	9.5	5-12,2745-2738;14-21,2736-2729	1-4,2749-2746[UP5];13-13,2737-2737[SIL]	((((((((.((((((((....&....)))))))).))))))))	AUUGGUCGUGUGGUAGAUCUA&UUUUUCUACCAUCCGAUCAAU
TAS1b_3D4	AT1G62680_ATAN-1G79900	532	552	543	-31.20	-21.80	0.698717948717949	7.5	3-13,550-540;16-21,537-532	1-2,552-551[UP5];14-15,539-538[SIL]	((((((..(((((((((((..&..)))))))))))..))))))	GUUGAUAAGAUGGUGGAGAUU&UUUUUCUACCAUCCGAUCAAU
TAS1b_3D4	AT1G63070_ATAN-1G80360	472	492	483	-31.20	-21.50	0.689102564102564	8	3-13,490-480;15-18,478-475	1-2,492-491[UP5];14-14,479-479[SIL];19-21,474-472[UP3]	...((((.(((((((((((..&..))))))))))).))))...	GUAGAUCAGAUGGUGGAAAUG&UUUUUCUACCAUCCGAUCAAU
TAS1b_3D4	AT1G63080_ATAN-1G80360	472	492	483	-31.20	-21.50	0.689102564102564	8	3-13,490-480;15-18,478-475	1-2,492-491[UP5];14-14,479-479[SIL];19-21,474-472[UP3]	...((((.(((((((((((..&..))))))))))).))))...	GUAGAUCAGAUGGUGGAAAUG&UUUUUCUACCAUCCGAUCAAU
TAS1b_3D4	AT5G64320_ATAN-5G87470	1831	1851	1842	-31.20	-21.40	0.685897435897436	9	1-14,1851-1838	15-21,1837-1831[UP3]	.......((((((((((((((&)))))))))))))).......	AGAAGCGGGAUGGUGGAAGAA&UUUUUCUACCAUCCGAUCAAU
TAS1b_3D4	AT4G31850_ATAN-4G59810	3130	3150	3141	-31.20	-21.40	0.685897435897436	9	1-14,3150-3137	15-21,3136-3130[UP3]	.......((((((((((((((&)))))))))))))).......	AUCGCCGGGAUGGUGGAAGAA&UUUUUCUACCAUCCGAUCAAU
TAS1b_3D4	AT1G79080_ATAN-1G97740	877	896	887	-31.20	-21.30	0.682692307692308	9	1-10,896-887;12-14,886-884;16-19,882-879	11-11,x-x[BULq];15-15,883-883[SIL];20-21,878-877[UP3]	..((((.(((-((((((((((&)))))))))).))).))))..	UGUGAUGGGA-GGUGGGAGGA&UUUUUCUACCAUCCGAUCAAU
TAS1b_3D4	AT3G08820_ATAN-3G18600	1902	1922	1914	-31.20	-21.10	0.676282051282051	7	1-6,1922-1917;8-16,1916-1908;17-19,1906-1904	7-7,x-x[BULq];x-x,1907-1907[BULt];20-21,1903-1902[UP3]	..(((.(((((((((-((((((&)))))).)))))))))-)))..	AGUGAUUCGGGUGGU-GAAGAA&UUUUUCUACCAUCCGA-UCAAU
TAS1b_3D4	AT4G04790_ATAN-4G16200	829	856	847	-31.20	-21.00	0.673076923076923	18	1-12,856-845;13-20,837-830	x-x,844-838[BULt];21-21,829-829[UP3]	.((((((((.......((((((((((((&))))))))))))-------)))))))).	UUUGAUUGGUAUGGAUAUGGUAGAGGAG&UUUUUCUACCAU-------CCGAUCAAU
TAS1b_3D4	AT5G67570_ATAN-5G91250	650	670	661	-31.20	-21.00	0.673076923076923	6.5	1-12,670-659;14-18,657-653	13-13,658-658[SIL];19-21,652-650[UP3]	...(((((.((((((((((((&)))))))))))).)))))...	UUAGAUUGAGUGGUAGAGAAA&UUUUUCUACCAUCCGAUCAAU
TAS1b_3D4	AT1G63330_ATAN-1G79840	532	552	543	-31.20	-20.80	0.666666666666667	6.5	3-12,550-541;15-21,538-532	1-2,552-551[UP5];13-14,540-539[SIL]	(((((((..((((((((((..&..))))))))))..)))))))	GUUGAUCAAAUGGUGGAAAUG&UUUUUCUACCAUCCGAUCAAU
TAS1b_3D4	AT1G63400_ATAN-1G79760	532	552	543	-31.20	-20.80	0.666666666666667	6.5	3-12,550-541;15-21,538-532	1-2,552-551[UP5];13-14,540-539[SIL]	(((((((..((((((((((..&..))))))))))..)))))))	GUUGAUCAAAUGGUGGAAAUG&UUUUUCUACCAUCCGAUCAAU
TAS1b_3D4	AT4G20740_ATAN-4G46930	766	786	777	-31.20	-20.80	0.666666666666667	10	2-11,785-776;13-14,774-773;16-18,771-769	1-1,786-786[UP5];12-12,775-775[SIL];15-15,772-772[SIL];19-21,768-766[UP3]	...(((.((.((((((((((.&.)))))))))).)).)))...	GAAGAUGGGUUGGUGGAGGAG&UUUUUCUACCAUCCGAUCAAU
TAS1b_3D4	AT2G36240_ATAN-2G55600	913	934	924	-31.20	-20.80	0.666666666666667	7	1-9,934-926;10-11,924-923;13-14,921-920;16-21,918-913	x-x,925-925[BULt];12-12,922-922[SIL];15-15,919-919[SIL]	((((((.((.((.(((((((((&)))))))))-)).)).))))))	GUUGAUGGGUUGUGUAGAGAAG&UUUUUCUAC-CAUCCGAUCAAU
TAS1b_3D4	AT1G62590_ATAN-1G79840	532	552	543	-31.20	-20.80	0.666666666666667	6.5	3-12,550-541;15-21,538-532	1-2,552-551[UP5];13-14,540-539[SIL]	(((((((..((((((((((..&..))))))))))..)))))))	GUUGAUCAAAUGGUGGAAAUG&UUUUUCUACCAUCCGAUCAAU
TAS1b_3D4	AT5G48910_ATAN-5G70460	1159	1179	1170	-31.20	-20.70	0.663461538461538	7.5	1-11,1179-1169;12-15,1167-1164;17-19,1163-1161	x-x,1168-1168[BULt];16-16,x-x[BULq];20-21,1160-1159[UP3]	..(((-((((.(((((((((((&)))))))))))-)))).)))..	CAUGG-CGGGUUGGUAGAAGAA&UUUUUCUACCA-UCCGAUCAAU
TAS1b_3D4	AT3G04130_ATAN-3G13580	409	438	420	-31.20	-20.70	0.663461538461538	24	1-9,438-430;10-18,420-412	x-x,429-421[BULt];19-21,411-409[UP3]	...(((((((((.........(((((((((&)))))))))---------)))))))))...	UGGGAUCGGAUGAAGGAGUUUGUGGAGAGA&UUUUUCUAC---------CAUCCGAUCAAU
TAS1b_3D4	AT1G32415_ATAN-1G44160	637	656	648	-31.20	-20.60	0.66025641025641	8	2-7,655-650;9-14,649-644;16-19,642-639	1-1,656-656[UP5];8-8,x-x[BULq];15-15,643-643[SIL];20-21,638-637[UP3]	..((((.((((((-((((((.&.)))))).)))))).))))..	AAUGAUGGGAUGG-AGGAAGC&UUUUUCUACCAUCCGAUCAAU
TAS1b_3D4	AT1G11290_ATAN-1G21580	880	900	891	-31.20	-20.50	0.657051282051282	6	2-8,899-893;10-14,891-887;16-20,885-881	1-1,900-900[UP5];9-9,892-892[SIL];15-15,886-886[SIL];21-21,880-880[UP3]	.(((((.(((((.(((((((.&.))))))).))))).))))).	UUUGAUGGGAUGUUAGAAAGG&UUUUUCUACCAUCCGAUCAAU
TAS1b_3D4	AT5G55740_ATAN-5G78050	994	1014	1005	-31.20	-20.48	0.656410256410256	7.5	1-6,1014-1009;10-20,1005-995	7-9,1008-1006[SIL];21-21,994-994[UP3]	.(((((((((((...((((((&))))))...))))))))))).	UUUGAUCGGAUGUUUGAAAAG&UUUUUCUACCAUCCGAUCAAU
TAS1b_3D4	AT3G09060_ATAN-3G18880	514	533	525	-31.20	-20.40	0.653846153846154	7.5	1-9,533-525;11-18,524-517	10-10,x-x[BULq];19-21,516-514[UP3]	...((((((((-(((((((((&))))))))).))))))))...	CUAGAUUGGAU-GUGGAAAGA&UUUUUCUACCAUCCGAUCAAU
TAS2_3D6	AT1G63080_ATAN-1G80360	479	499	490	-32.70	-33.80	1	0.5	1-21,499-479	NA	(((((((((((((((((((((&)))))))))))))))))))))	AGAUGGUGGAAAUGGGAUAUA&UAUAUCCCAUUUCUACCAUCU
TAS2_3D6	AT1G63070_ATAN-1G80360	479	499	490	-32.70	-33.80	1	0.5	1-21,499-479	NA	(((((((((((((((((((((&)))))))))))))))))))))	AGAUGGUGGAAAUGGGAUAUA&UAUAUCCCAUUUCUACCAUCU
TAS2_3D6	AT1G63130_ATAN-1G80420	527	547	538	-32.70	-32.20	0.984709480122324	1.5	2-21,546-527	1-1,547-547[UP5]	((((((((((((((((((((.&.))))))))))))))))))))	AGAUGGUGGAAAUGGGAUAUC&UAUAUCCCAUUUCUACCAUCU
TAS2_3D6	AT5G16640_ATAN-5G26670	527	547	538	-32.70	-28.90	0.883792048929663	3.5	1-19,547-529	20-21,528-527[UP3]	..(((((((((((((((((((&)))))))))))))))))))..	AAAUGGUGGGAAUGGGAUAUA&UAUAUCCCAUUUCUACCAUCU
TAS2_3D6	AT1G63400_ATAN-1G79760	539	559	550	-32.70	-28.80	0.880733944954128	3.5	1-19,559-541	20-21,540-539[UP3]	..(((((((((((((((((((&)))))))))))))))))))..	AAAUGGUGGAAAUGGGGUAUA&UAUAUCCCAUUUCUACCAUCU
TAS2_3D6	AT3G08820_ATAN-3G18600	605	624	616	-32.70	-28.10	0.859327217125382	5	1-4,624-621;6-21,620-605	5-5,x-x[BULq]	((((((((((((((((-((((&)))).))))))))))))))))	AGAUGGUGGAGAUGGG-UGUG&UAUAUCCCAUUUCUACCAUCU
TAS2_3D6	AT5G41170_ATAN-5G61360	500	520	511	-32.70	-27.90	0.853211009174312	10.5	6-21,515-500	1-5,520-516[UP5]	((((((((((((((((.....&.....))))))))))))))))	AGAUGGUGGAGAUGGGGAUUA&UAUAUCCCAUUUCUACCAUCU
TAS2_3D6	AT1G30610_ATAN-1G41950	312	332	323	-32.70	-27.60	0.844036697247706	10.5	5-20,328-313	1-4,332-329[UP5];21-21,312-312[UP3]	.((((((((((((((((....&....)))))))))))))))).	UGAUGGUGGAGGUGGGAAUGG&UAUAUCCCAUUUCUACCAUCU
TAS2_3D6	AT1G62680_ATAN-1G79900	539	559	550	-32.70	-27.40	0.837920489296636	3.5	1-7,559-553;9-21,551-539	8-8,552-552[SIL]	(((((((((((((.(((((((&))))))).)))))))))))))	AGAUGGUGGAGAUUGGAUAUA&UAUAUCCCAUUUCUACCAUCU
TAS2_3D6	AT5G66500_ATAN-5G90000	1508	1527	1518	-32.70	-25.90	0.792048929663608	5.5	2-14,1526-1514;16-20,1513-1509	1-1,1527-1527[UP5];15-15,x-x[BULq];21-21,1508-1508[UP3]	.(((((-(((((((((((((.&.))))))))))))).))))).	CGAUGG-GGAAGUGGGAUGUC&UAUAUCCCAUUUCUACCAUCU
TAS2_3D6	AT1G12775_ATAN-1G23300	548	568	559	-32.70	-25.40	0.776758409785933	4	1-3,568-566;5-19,564-550	4-4,565-565[SIL];20-21,549-548[UP3]	..(((((((((((((((.(((&))).)))))))))))))))..	GAAUGGUAGAAAUGGGACAUA&UAUAUCCCAUUUCUACCAUCU
TAS2_3D6	AT1G62670_ATAN-1G79890	527	547	538	-32.70	-25.10	0.767584097859327	3	1-13,547-535;15-19,533-529	14-14,534-534[SIL];20-21,528-527[UP3]	..(((((.(((((((((((((&))))))))))))).)))))..	AAAUGGUCGAAAUGGGAUAUA&UAUAUCCCAUUUCUACCAUCU
TAS2_3D6	AT1G62910_ATAN-1G80660	545	565	556	-32.70	-25.10	0.767584097859327	3	1-13,565-553;15-19,551-547	14-14,552-552[SIL];20-21,546-545[UP3]	..(((((.(((((((((((((&))))))))))))).)))))..	AAAUGGUCGAAAUGGGAUAUA&UAUAUCCCAUUUCUACCAUCU
TAS2_3D6	AT1G62590_ATAN-1G79840	539	559	550	-32.70	-25.10	0.767584097859327	4.5	1-4,559-556;6-19,554-541	5-5,555-555[SIL];20-21,540-539[UP3]	..((((((((((((((.((((&)))).))))))))))))))..	AAAUGGUGGAAAUGGGUUAUA&UAUAUCCCAUUUCUACCAUCU
TAS2_3D6	AT1G63150_ATAN-1G80440	533	553	544	-32.70	-25.10	0.767584097859327	3	1-13,553-541;15-19,539-535	14-14,540-540[SIL];20-21,534-533[UP3]	..(((((.(((((((((((((&))))))))))))).)))))..	AAAUGGUCGAAAUGGGAUAUA&UAUAUCCCAUUUCUACCAUCU
TAS2_3D6	AT1G62914_ATAN-1G80130	524	544	535	-32.70	-25.10	0.767584097859327	3	1-13,544-532;15-19,530-526	14-14,531-531[SIL];20-21,525-524[UP3]	..(((((.(((((((((((((&))))))))))))).)))))..	AAAUGGUCGAAAUGGGAUAUA&UAUAUCCCAUUUCUACCAUCU
TAS2_3D6	AT1G63330_ATAN-1G79840	539	559	550	-32.70	-25.10	0.767584097859327	4.5	1-4,559-556;6-19,554-541	5-5,555-555[SIL];20-21,540-539[UP3]	..((((((((((((((.((((&)))).))))))))))))))..	AAAUGGUGGAAAUGGGUUAUA&UAUAUCCCAUUUCUACCAUCU
TAS2_3D6	AT3G51320_ATAN-3G69280	578	600	590	-32.70	-24.50	0.749235474006116	6.5	2-6,599-595;7-14,593-586;15-21,584-578	1-1,600-600[UP5];x-x,594-594[BULt];x-x,585-585[BULt]	(((((((.((((((((.(((((.&.)))))-))))))))-)))))))	GGAUGGUGAGGAAUGGUGAUGUU&UAUAUC-CCAUUUCU-ACCAUCU
TAS2_3D6	AT1G74750_ATAN-1G93050	1151	1171	1163	-32.70	-24.40	0.746177370030581	6	1-4,1171-1168;6-15,1167-1158;16-21,1156-1151	5-5,x-x[BULq];x-x,1157-1157[BULt]	((((((.((((((((((-((((&)))).))))))))))-))))))	AGAUGGUUAGGGAUGGG-UGUA&UAUAUCCCAUUUCUA-CCAUCU
TAS2_3D6	AT5G18390_ATAN-5G28590	1096	1118	1109	-32.70	-24.30	0.743119266055046	5.5	2-16,1117-1103;17-19,1101-1099;20-21,1097-1096	1-1,1118-1118[UP5];x-x,1102-1102[BULt];x-x,1098-1098[BULt]	((.(((.(((((((((((((((.&.)))))))))))))))-)))-))	GGAAUGUGUAGGAAUGGGAUGUU&UAUAUCCCAUUUCUAC-CAU-CU
TAS2_3D6	AT5G14770_ATAN-5G24540	2669	2692	2683	-32.70	-24.10	0.737003058103975	5	1-8,2692-2685;10-14,2683-2679;15-21,2675-2669	9-9,2684-2684[SIL];x-x,2678-2676[BULt]	(((((((...(((((.((((((((&)))))))).)))))---)))))))	AGAUGGUUGAAGAAAAGGGAUAUA&UAUAUCCCAUUUCU---ACCAUCU
TAS2_3D6	AT2G25580_ATAN-2G43680	1553	1573	1564	-32.70	-24.00	0.73394495412844	6	1-4,1573-1570;6-19,1568-1555	5-5,1569-1569[SIL];20-21,1554-1553[UP3]	..((((((((((((((.((((&)))).))))))))))))))..	AUAUGGUGGAAGUGGGCUAUG&UAUAUCCCAUUUCUACCAUCU
TAS2_3D6	AT1G13040_ATAN-1G23610	839	860	851	-32.70	-23.80	0.72782874617737	7	3-8,858-853;10-14,851-847;15-21,845-839	1-2,860-859[UP5];9-9,852-852[SIL];x-x,846-846[BULt]	(((((((.(((((.((((((..&..)))))).)))))-)))))))	AGAUGGUAAGAAGCGGGAUACA&UAUAUCCCAUUUCU-ACCAUCU
TAS2_3D6	AT2G15980_ATAN-2G32640	785	803	796	-32.70	-23.70	0.724770642201835	6	1-7,803-797;10-21,796-785	8-9,x-x[BULq]	((((((((((((--(((((((&)))))))..))))))))))))	AGAUGGUGGAGA--GGAUAUG&UAUAUCCCAUUUCUACCAUCU
TAS2_3D6	AT1G09820_ATAN-1G19950	810	830	821	-32.70	-23.60	0.7217125382263	10.5	5-18,826-813	1-4,830-827[UP5];19-21,812-810[UP3]	...((((((((((((((....&....))))))))))))))...	GCUUGGUGGAAAUGGGAAAAU&UAUAUCCCAUUUCUACCAUCU
TAS2_3D6	AT1G62720_ATAN-1G79940	596	617	608	-32.70	-23.10	0.706422018348624	9.5	4-14,614-604;16-21,601-596	1-3,617-615[UP5];15-15,603-602[AILt]	((((((..(((((((((((...&...)))))))))))-.))))))	GGAUGGAAAGAGAUGGGGUUAG&UAUAUCCCAUUUCU-ACCAUCU
TAS2_3D6	AT4G31850_ATAN-4G59810	3137	3161	3148	-32.70	-23.10	0.706422018348624	17	5-9,3157-3153;10-21,3148-3137	1-4,3161-3158[UP5];x-x,3152-3149[BULt]	((((((((((((....(((((....&....)))))----))))))))))))	GGAUGGUGGAAGAAGCUGGGAAGAU&UAUAUCCCA----UUUCUACCAUCU
TAS2_3D6	AT1G64580_ATAN-1G82020	1013	1034	1025	-32.70	-22.90	0.700305810397553	8	3-12,1032-1023;13-17,1021-1017;19-21,1015-1013	1-2,1034-1033[UP5];x-x,1022-1022[BULt];18-18,1016-1016[SIL]	(((.(((((.((((((((((..&..))))))))))-))))).)))	AGAGGGUAGAAGAUGGGAUGAA&UAUAUCCCAUUU-CUACCAUCU
TAS2_3D6	AT5G16640_ATAN-5G26670	1019	1040	1031	-32.70	-22.90	0.700305810397553	8	3-10,1038-1031;11-17,1029-1023;19-21,1021-1019	1-2,1040-1039[UP5];x-x,1030-1030[BULt];18-18,1022-1022[SIL]	(((.(((((((.((((((((..&..))))))))-))))))).)))	AGAAGGUAGAGCAUGGGAUGAA&UAUAUCCCAU-UUCUACCAUCU
TAS2_3D6	AT1G79490_ATAN-1G98160	452	471	462	-32.70	-22.90	0.700305810397553	10.5	6-17,466-455;19-21,454-452	1-5,471-467[UP5];18-18,x-x[BULq]	(((-((((((((((((.....&.....)))))))))))).)))	AGA-GGUGGAAAUGGGGACCG&UAUAUCCCAUUUCUACCAUCU
TAS2_3D6	AT1G06580_ATAN-1G16260	1013	1034	1025	-32.70	-22.90	0.700305810397553	8	3-11,1032-1024;12-17,1022-1017;19-21,1015-1013	1-2,1034-1033[UP5];x-x,1023-1023[BULt];18-18,1016-1016[SIL]	(((.((((((.(((((((((..&..)))))))))-)))))).)))	AGAGGGUAGAUGAUGGGAUGAA&UAUAUCCCAUU-UCUACCAUCU
TAS2_3D6	AT2G28050_ATAN-2G46280	695	715	706	-32.70	-22.90	0.700305810397553	10	4-14,712-702;16-20,700-696	1-3,715-713[UP5];15-15,701-701[SIL];21-21,695-695[UP3]	.(((((.(((((((((((...&...))))))))))).))))).	UGGUGGAGGAGAUGGGGUUGG&UAUAUCCCAUUUCUACCAUCU
TAS2_3D6	AT1G77405_ATAN-1G95930	1136	1157	1147	-32.70	-22.90	0.700305810397553	13.5	6-9,1152-1149;10-21,1147-1136	1-5,1157-1153[UP5];x-x,1148-1148[BULt]	((((((((((((.((((.....&.....))))-))))))))))))	AGAUGGUGGAGGCUGGGUUGGU&UAUAUCCCA-UUUCUACCAUCU
TAS2_3D6	AT1G64583_ATAN-1G82030	989	1010	1000	-32.70	-22.82	0.697859327217125	12.5	3-8,1008-1003;12-21,998-989	1-2,1010-1009[UP5];9-11,1002-999[AILt]	((((((((((....((((((..&..))))))-...))))))))))	GGAUGGUAGAUGAAGGGAUGAA&UAUAUCCC-AUUUCUACCAUCU
TAS2_3D6	AT3G48810_ATAN-3G66440	812	833	823	-32.70	-22.80	0.697247706422018	8.5	2-8,832-826;10-19,823-814	1-1,833-833[UP5];9-9,825-824[AILt];20-21,813-812[UP3]	..((((((((((..(((((((.&.)))))))-.))))))))))..	AAAUGGUGGAGAAGGGGAUAUC&UAUAUCCC-AUUUCUACCAUCU
TAS2_3D6	AT2G36980_ATAN-2G56440	933	954	944	-32.70	-22.30	0.681957186544342	9	3-6,952-949;7-19,947-935	1-2,954-953[UP5];x-x,948-948[BULt];20-21,934-933[UP3]	..(((((((((((((.((((..&..))))-)))))))))))))..	AUAUGGUAGGAAUGGAGAUGGU&UAUAUC-CCAUUUCUACCAUCU
TAS2_3D6	AT5G14770_ATAN-5G24540	557	576	568	-32.70	-22.30	0.681957186544342	4.5	1-4,576-573;6-12,572-566;14-21,564-557	5-5,x-x[BULq];13-13,565-565[SIL]	((((((((.(((((((-((((&)))).))))))).))))))))	AGAUGGUGAAGAUGGG-UAUA&UAUAUCCCAUUUCUACCAUCU
TAS2_3D6	AT1G74900_ATAN-1G93200	659	680	670	-32.70	-22.20	0.678899082568807	9	3-8,678-673;10-13,670-667;15-21,665-659	1-2,680-679[UP5];9-9,672-671[AILt];14-14,666-666[SIL]	(((((((.((((..((((((..&..))))))-.)))).)))))))	AGAUGGUUGAGAGAGGGAUAAA&UAUAUCCC-AUUUCUACCAUCU
TAS2_3D6	AT5G40410_ATAN-5G60440	1529	1552	1543	-32.70	-22.20	0.678899082568807	5	1-13,1552-1540;15-16,1539-1538;17-21,1533-1529	14-14,x-x[BULq];x-x,1537-1534[BULt]	(((((....((-(((((((((((((&))))))))))))).))----)))))	AGAUGAAGAGU-GAAAUGGGAUAUA&UAUAUCCCAUUUCUAC----CAUCU
TAS2_3D6	AT5G43820_ATAN-5G64540	839	859	850	-32.70	-22.10	0.675840978593272	10.5	4-7,856-853;10-21,850-839	1-3,859-857[UP5];8-9,852-851[SIL]	((((((((((((..((((...&...))))..))))))))))))	AGAUGGUGGAGAGUGGAUUUG&UAUAUCCCAUUUCUACCAUCU
TAS2_3D6	AT3G02330_ATAN-3G11540	1778	1797	1789	-32.70	-22.10	0.675840978593272	5	1-4,1797-1794;6-15,1793-1784;17-21,1782-1778	5-5,x-x[BULq];16-16,1783-1783[SIL]	(((((.((((((((((-((((&)))).)))))))))).)))))	GGAUGAUGGAGAUGGG-UAUA&UAUAUCCCAUUUCUACCAUCU
TAS2_3D6	AT1G80550_ATAN-1G99280	592	613	603	-32.70	-22.10	0.675840978593272	8	3-9,611-605;10-13,603-600;15-21,598-592	1-2,613-612[UP5];x-x,604-604[BULt];14-14,599-599[SIL]	(((((((.((((.(((((((..&..)))))))-)))).)))))))	GGGUGGUCGAAAUUGGGAUGGU&UAUAUCCCA-UUUCUACCAUCU
TAS2_3D6	AT1G73710_ATAN-1G91850	1094	1115	1105	-32.70	-21.80	0.666666666666667	7	2-8,1114-1108;10-14,1105-1101;16-21,1099-1094	1-1,1115-1115[UP5];9-9,1107-1106[AILt];15-15,1100-1100[SIL]	((((((.(((((..(((((((.&.)))))))-.))))).))))))	AGAUGGAAGAGAAAGGGAUAUC&UAUAUCCC-AUUUCUACCAUCU
TAS2_3D6	AT1G18900_ATAN-1G30120	1166	1186	1178	-32.70	-21.80	0.666666666666667	6	2-7,1185-1180;9-15,1179-1173;16-21,1171-1166	1-1,1186-1186[UP5];8-8,x-x[BULq];x-x,1172-1172[BULt]	((((((.(((((((-((((((.&.)))))).)))))))-))))))	AGAUGGUUAGAGAU-GGAUGUC&UAUAUCCCAUUUCUA-CCAUCU
TAS2_3D6	AT3G28640_ATAN-3G42060	543	564	555	-32.70	-21.70	0.663608562691131	4.5	2-13,563-552;14-15,550-549;17-21,547-543	1-1,564-564[UP5];x-x,551-551[BULt];16-16,548-548[SIL]	(((((.((.((((((((((((.&.))))))))))))-)).)))))	AGAUGUUGUGAAAUGGGAUGUU&UAUAUCCCAUUUC-UACCAUCU
TAS2_3D6	AT3G28660_ATAN-3G42080	543	564	555	-32.70	-21.70	0.663608562691131	4.5	2-13,563-552;14-15,550-549;17-21,547-543	1-1,564-564[UP5];x-x,551-551[BULt];16-16,548-548[SIL]	(((((.((.((((((((((((.&.))))))))))))-)).)))))	AGAUGUUGUGAAAUGGGAUGUU&UAUAUCCCAUUUC-UACCAUCU
TAS2_3D6	AT5G11310_ATAN-5G21140	1046	1067	1057	-32.70	-21.70	0.663608562691131	8	4-6,1064-1062;7-14,1060-1053;16-21,1051-1046	1-3,1067-1065[UP5];x-x,1061-1061[BULt];15-15,1052-1052[SIL]	((((((.((((((((.(((...&...)))-)))))))).))))))	AGAUGGCAGAAAUGGAGAUUAA&UAUAUC-CCAUUUCUACCAUCU
TAS2_3D6	AT3G49170_ATAN-3G66900	2219	2240	2231	-32.70	-21.70	0.663608562691131	5	1-3,2240-2238;5-15,2236-2226;16-18,2224-2222;20-21,2220-2219	4-4,2237-2237[SIL];x-x,2225-2225[BULt];19-19,2221-2221[SIL]	((.(((.(((((((((((.(((&))).)))))))))))-))).))	AGUUGGAUAGAAGUGGGAGAUA&UAUAUCCCAUUUCUA-CCAUCU
TAS2_3D6	AT4G19440_ATAN-4G45630	2310	2337	2327	-32.70	-21.70	0.663608562691131	11.5	1-5,2337-2333;6-15,2331-2322;16-20,2315-2311	x-x,2332-2332[BULt];x-x,2321-2316[BULt];21-21,2310-2310[UP3]	.(((((......((((((((((.(((((&)))))-))))))))))------))))).	UGGUGGGUAUGCUAGAGAUGGGAAUGUA&UAUAU-CCCAUUUCUA------CCAUCU
TAS2_3D6	AT3G15130_ATAN-3G26110	419	439	430	-32.70	-21.50	0.657492354740061	12	6-13,434-427;15-20,425-420	1-5,439-435[UP5];14-14,426-426[SIL];21-21,419-419[UP3]	.((((((.((((((((.....&.....)))))))).)))))).	UGAUGGUUGAAGUGGGCAAUU&UAUAUCCCAUUUCUACCAUCU
TAS2_3D6	AT3G59040_ATAN-3G77550	2109	2130	2121	-32.70	-21.40	0.654434250764526	11	3-10,2128-2121;11-14,2118-2115;16-21,2114-2109	1-2,2130-2129[UP5];x-x,2120-2119[BULt];15-15,x-x[BULq]	((((((-((((..((((((((..&..))))))))--)))).))))))	AGAUGG-AGAGCUGUGGGGUACC&UAUAUCCCAU--UUCUACCAUCU
TAS1c_3D10	AT1G63230_ATAN-1G80540	741	761	752	-29.60	-29.80	1	1	1-20,761-742	21-21,741-741[UP3]	.((((((((((((((((((((&)))))))))))))))))))).	UGUUGCUAAUACAGUUACUUA&UAAGUAACUGUAUUAGCAACU
TAS1c_3D10	AT1G12775_ATAN-1G23300	1302	1322	1313	-29.60	-26.50	0.89527027027027	2	1-19,1322-1304	20-21,1303-1302[UP3]	..(((((((((((((((((((&)))))))))))))))))))..	GAUUGCUAAUACAGUUACUUA&UAAGUAACUGUAUUAGCAACU
TAS1c_3D10	AT1G12700_ATAN-1G23230	1197	1217	1208	-29.60	-26.10	0.881756756756757	2.5	1-14,1217-1204;16-21,1202-1197	15-15,1203-1203[SIL]	((((((.((((((((((((((&)))))))))))))).))))))	GGUUGCCAAUGCAGUUACUUA&UAAGUAACUGUAUUAGCAACU
TAS1c_3D10	AT1G63630_ATAN-1G80900	591	611	602	-29.60	-26.00	0.878378378378378	2	1-10,611-602;12-21,600-591	11-11,601-601[SIL]	((((((((((.((((((((((&)))))))))).))))))))))	AGUUGCUAAUUCAGUUACUUA&UAAGUAACUGUAUUAGCAACU
TAS1c_3D10	AT1G12300_ATAN-1G22800	1302	1322	1313	-29.60	-25.50	0.861486486486486	2	1-14,1322-1309;16-21,1307-1302	15-15,1308-1308[SIL]	((((((.((((((((((((((&)))))))))))))).))))))	GGUUGCAGAUACAGUUACUUA&UAAGUAACUGUAUUAGCAACU
TAS1c_3D10	AT1G12620_ATAN-1G23120	1254	1274	1265	-29.60	-25.50	0.861486486486486	2	1-14,1274-1261;16-21,1259-1254	15-15,1260-1260[SIL]	((((((.((((((((((((((&)))))))))))))).))))))	GGUUGCAGAUACAGUUACUUA&UAAGUAACUGUAUUAGCAACU
TAS1c_3D10	AT5G64320_ATAN-5G87470	1575	1595	1586	-29.60	-25.20	0.851351351351351	3	1-8,1595-1588;10-20,1586-1576	9-9,1587-1587[SIL];21-21,1575-1575[UP3]	.(((((((((((.((((((((&)))))))).))))))))))).	UGUUGCUAAUACUGUUACUUA&UAAGUAACUGUAUUAGCAACU
TAS1c_3D10	AT1G74900_ATAN-1G93200	574	593	584	-29.60	-23.70	0.800675675675676	2	1-18,593-576;20-21,575-574	19-19,x-x[BULq]	((-((((((((((((((((((&)))))))))))))))))).))	AG-UGUUGAUACAGUUACUUA&UAAGUAACUGUAUUAGCAACU
TAS1c_3D10	AT4G19890_ATAN-4G46130	1377	1397	1388	-29.60	-21.10	0.712837837837838	7.5	1-9,1397-1389;11-17,1387-1381	10-10,1388-1388[SIL];18-21,1380-1377[UP3]	....(((((((.(((((((((&))))))))).)))))))....	AGAAGCUGAUGGAGUUACUUA&UAAGUAACUGUAUUAGCAACU
TAS1c_3D10	AT1G62680_ATAN-1G79900	1083	1103	1094	-29.60	-21.10	0.712837837837838	3	1-14,1103-1090;16-17,1089-1088;18-21,1086-1083	15-15,x-x[BULq];x-x,1087-1087[BULt]	((((.((-((((((((((((((&)))))))))))))).))-))))	AGUUAGC-AAUACGGUUACUUA&UAAGUAACUGUAUUAGC-AACU
TAS1c_3D10	AT1G62720_ATAN-1G79940	612	635	626	-29.60	-20.60	0.695945945945946	7	1-8,635-628;10-17,626-619;18-21,615-612	9-9,627-627[SIL];x-x,618-616[BULt]	((((...((((((((.((((((((&)))))))).))))))))---))))	GGUUAGAGCUGAUGCUGUUACUUA&UAAGUAACUGUAUUAGC---AACU
TAS1c_3D10	AT2G16880_ATAN-2G33760	1863	1883	1874	-29.60	-20.50	0.692567567567568	8	4-17,1880-1867;20-21,1864-1863	1-3,1883-1881[UP5];18-19,1866-1865[SIL]	((..((((((((((((((...&...))))))))))))))..))	AGAGGUUGAUACAGUUACAUA&UAAGUAACUGUAUUAGCAACU
TAS1c_3D10	AT1G03100_ATAN-1G12300	2144	2164	2156	-29.60	-20.40	0.689189189189189	7.5	2-6,2163-2159;8-15,2158-2151;16-21,2149-2144	1-1,2164-2164[UP5];7-7,x-x[BULq];x-x,2150-2150[BULt]	((((((.((((((((-(((((.&.))))).))))))))-))))))	AGUUGCUUGAUGCGG-UGCUUU&UAAGUAACUGUAUUA-GCAACU
TAS1c_3D10	AT1G64580_ATAN-1G82020	645	665	656	-29.60	-20.40	0.689189189189189	7.5	1-8,665-658;10-17,656-649	9-9,657-657[SIL];18-21,648-645[UP3]	....((((((((.((((((((&)))))))).))))))))....	CAGAGCUGAUGCUGUUACUUA&UAAGUAACUGUAUUAGCAACU
TAS1c_3D10	AT5G16860_ATAN-5G26890	1950	1971	1962	-29.60	-19.90	0.672297297297297	12.5	3-10,1969-1962;15-21,1956-1950	1-2,1971-1970[UP5];11-14,1961-1957[AILt]	(((((((.....((((((((..&..))))))))-....)))))))	GGUUGCUUUUCUCAGUUGCUGC&UAAGUAACUG-UAUUAGCAACU
TAS1c_3D10	AT1G63330_ATAN-1G79840	1293	1313	1304	-29.60	-19.70	0.66554054054054	5	1-5,1313-1309;7-14,1307-1300;17-21,1297-1293	6-6,1308-1308[SIL];15-16,1299-1298[SIL]	(((((..((((((((.(((((&))))).))))))))..)))))	GGUUGGCGAUACAGUCACUUA&UAAGUAACUGUAUUAGCAACU
TAS1c_3D10	AT1G62590_ATAN-1G79840	1293	1313	1304	-29.60	-19.70	0.66554054054054	5	1-5,1313-1309;7-14,1307-1300;17-21,1297-1293	6-6,1308-1308[SIL];15-16,1299-1298[SIL]	(((((..((((((((.(((((&))))).))))))))..)))))	GGUUGGCGAUACAGUCACUUA&UAAGUAACUGUAUUAGCAACU
TAS1c_3D10	AT4G34830_ATAN-4G63310	676	702	693	-29.60	-19.70	0.66554054054054	19.5	4-11,699-692;12-20,685-677	1-3,702-700[UP5];x-x,691-686[BULt];21-21,676-676[UP3]	.(((((((((......((((((((...&...))))))))------))))))))).	UGUUGCUAGUGUGACCACAGUUGCCAC&UAAGUAACUGU------AUUAGCAACU
TAS1c_3D10	AT1G63400_ATAN-1G79760	1293	1313	1304	-29.60	-19.70	0.66554054054054	5	1-5,1313-1309;7-14,1307-1300;17-21,1297-1293	6-6,1308-1308[SIL];15-16,1299-1298[SIL]	(((((..((((((((.(((((&))))).))))))))..)))))	GGUUGGCGAUACAGUCACUUA&UAAGUAACUGUAUUAGCAACU
TAS1c_3D10	AT5G28370_ATAN-4G32010	1204	1226	1217	-29.60	-19.60	0.662162162162162	5	1-14,1226-1213;16-18,1210-1208;19-20,1206-1205	15-15,1212-1211[AILt];x-x,1207-1207[BULt];21-21,1204-1204[UP3]	.((.(((..((((((((((((((&))))))))))))))-.)))-)).	UGUGUGCCCAAUGCAGUUACUUA&UAAGUAACUGUAUU-AGCA-ACU
TAS1c_3D10	AT5G28460_ATAN-4G32010	1204	1226	1217	-29.60	-19.60	0.662162162162162	5	1-14,1226-1213;16-18,1210-1208;19-20,1206-1205	15-15,1212-1211[AILt];x-x,1207-1207[BULt];21-21,1204-1204[UP3]	.((.(((..((((((((((((((&))))))))))))))-.)))-)).	UGUGUGCCCAAUGCAGUUACUUA&UAAGUAACUGUAUU-AGCA-ACU
TAS1c_3D10	AT3G17370_ATAN-3G28720	228	248	239	-29.60	-19.60	0.662162162162162	4	1-7,248-242;9-21,240-228	8-8,241-241[SIL]	(((((((((((((.(((((((&))))))).)))))))))))))	AGUUGCUAAUGUAAUUACUUA&UAAGUAACUGUAUUAGCAACU
TAS1c_3D10	AT1G73710_ATAN-1G91850	1799	1820	1811	-29.60	-19.50	0.658783783783784	11.5	5-16,1816-1805;17-20,1803-1800	1-4,1820-1817[UP5];x-x,1804-1804[BULt];21-21,1799-1799[UP3]	.((((.((((((((((((....&....))))))))))))-)))).	UGUUGUCUGAUGCAGUUGACCU&UAAGUAACUGUAUUAG-CAACU
TAS1c_3D10	AT5G65560_ATAN-5G88910	1136	1156	1147	-29.60	-19.30	0.652027027027027	10.5	3-6,1154-1151;8-10,1149-1147;13-21,1144-1136	1-2,1156-1155[UP5];7-7,1150-1150[SIL];11-12,1146-1145[SIL]	(((((((((..(((.((((..&..)))).)))..)))))))))	AGUUGCUAGGUCAGAUGCUAG&UAAGUAACUGUAUUAGCAACU
TAS1c_3D6	AT5G41170_ATAN-5G61360	1338	1358	1349	-31.40	-26.30	0.837579617834395	3.5	1-13,1358-1346;15-20,1344-1339	14-14,1345-1345[SIL];21-21,1338-1338[UP3]	.((((((.(((((((((((((&))))))))))))).)))))).	GGUAUUCGAGGAUAUGCGAAA&UUUUGCAUAUCCUGGAAUAUG
TAS1c_3D6	AT5G41170_ATAN-5G61360	1224	1244	1235	-31.40	-24.90	0.792993630573248	2.5	1-13,1244-1232;15-20,1230-1225	14-14,1231-1231[SIL];21-21,1224-1224[UP3]	.((((((.(((((((((((((&))))))))))))).)))))).	GAUAUUUGAGGAUAUGCAAAA&UUUUGCAUAUCCUGGAAUAUG
TAS1c_3D6	AT2G22410_ATAN-2G40110	1124	1145	1136	-31.40	-24.10	0.767515923566879	4.5	2-8,1144-1138;10-19,1136-1127;20-21,1125-1124	1-1,1145-1145[UP5];9-9,1137-1137[SIL];x-x,1126-1126[BULt]	((.((((((((((.(((((((.&.))))))).))))))))))-))	CAUUGUUCCAGGAGAUGCAAAC&UUUUGCAUAUCCUGGAAUA-UG
TAS1c_3D6	AT1G62720_ATAN-1G79940	1263	1285	1276	-31.40	-23.80	0.75796178343949	5	1-14,1285-1272;15-18,1270-1267;19-21,1265-1263	x-x,1271-1271[BULt];x-x,1266-1266[BULt]	(((.((((.((((((((((((((&))))))))))))))-))))-)))	CGUCAUUCACGGGAUGUGCAAGA&UUUUGCAUAUCCUG-GAAU-AUG
TAS1c_3D6	AT4G39952_ATAN-4G68910	951	971	962	-31.40	-22.80	0.726114649681529	5	1-8,971-964;10-21,962-951	9-9,963-963[SIL]	((((((((((((.((((((((&)))))))).))))))))))))	UAUGUUCUGGGAAAUGCAGAA&UUUUGCAUAUCCUGGAAUAUG
TAS1c_3D6	AT1G77170_ATAN-1G95690	828	848	839	-31.40	-22.70	0.722929936305733	7	3-8,846-841;10-13,839-836;15-21,834-828	1-2,848-847[UP5];9-9,840-840[SIL];14-14,835-835[SIL]	(((((((.((((.((((((..&..)))))).)))).)))))))	CAUAUUCGAGGAAAUGCGACA&UUUUGCAUAUCCUGGAAUAUG
TAS1c_3D6	AT5G66520_ATAN-5G90020	955	975	966	-31.40	-22.60	0.719745222929936	8.5	4-18,972-958	1-3,975-973[UP5];19-21,957-955[UP3]	...(((((((((((((((...&...)))))))))))))))...	UUGAUUUCAGGAUAUGCAUAC&UUUUGCAUAUCCUGGAAUAUG
TAS1c_3D6	AT3G22470_ATAN-3G34620	1485	1507	1498	-31.40	-22.50	0.71656050955414	6.5	3-14,1505-1494;15-18,1492-1489;19-21,1487-1485	1-2,1507-1506[UP5];x-x,1493-1493[BULt];x-x,1488-1488[BULt]	(((.((((.((((((((((((..&..))))))))))))-))))-)))	CAUCAUUCACGGGAUGUGCAAUG&UUUUGCAUAUCCUG-GAAU-AUG
TAS1c_3D6	AT1G12300_ATAN-1G22800	1539	1561	1552	-31.40	-22.50	0.71656050955414	6.5	3-14,1559-1548;15-18,1546-1543;19-21,1541-1539	1-2,1561-1560[UP5];x-x,1547-1547[BULt];x-x,1542-1542[BULt]	(((.((((.((((((((((((..&..))))))))))))-))))-)))	CAUCAUUCACGGGAUGUGCAAUG&UUUUGCAUAUCCUG-GAAU-AUG
TAS1c_3D6	AT2G27610_ATAN-2G45860	796	816	807	-31.40	-22.40	0.713375796178344	8	3-18,814-799	1-2,816-815[UP5];19-21,798-796[UP3]	...((((((((((((((((..&..))))))))))))))))...	AUGAUUUCGGGAUAUGCAGCG&UUUUGCAUAUCCUGGAAUAUG
TAS1c_3D6	AT3G62890_ATAN-3G81830	540	560	551	-31.40	-22.40	0.713375796178344	8	3-8,558-553;10-19,551-542	1-2,560-559[UP5];9-9,552-552[SIL];20-21,541-540[UP3]	..((((((((((.((((((..&..)))))).))))))))))..	UUUGUUCCGGGAGAUGCAAUU&UUUUGCAUAUCCUGGAAUAUG
TAS1c_3D6	AT1G59720_ATAN-1G76330	930	950	941	-31.40	-22.20	0.707006369426752	5.5	1-8,950-943;10-20,941-931	9-9,942-942[SIL];21-21,930-930[UP3]	.(((((((((((.((((((((&)))))))).))))))))))).	AGUGUUUCAGGGGAUGCAAAA&UUUUGCAUAUCCUGGAAUAUG
TAS1c_3D6	AT4G34830_ATAN-4G63310	3281	3301	3292	-31.40	-22.10	0.703821656050955	4.5	1-8,3301-3294;10-14,3292-3288;16-20,3286-3282	9-9,3293-3293[SIL];15-15,3287-3287[SIL];21-21,3281-3281[UP3]	.(((((.(((((.((((((((&)))))))).))))).))))).	GAUGUUGCAGGACAUGCAAAA&UUUUGCAUAUCCUGGAAUAUG
TAS1c_3D6	AT5G16860_ATAN-5G26890	1006	1026	1017	-31.40	-21.80	0.694267515923567	10.5	5-19,1022-1008	1-4,1026-1023[UP5];20-21,1007-1006[UP3]	..(((((((((((((((....&....)))))))))))))))..	GCUAUUUCAGGGUAUGCUCAA&UUUUGCAUAUCCUGGAAUAUG
TAS1c_3D6	AT1G62680_ATAN-1G79900	1607	1627	1618	-31.40	-21.70	0.691082802547771	7	1-16,1627-1612	17-21,1611-1607[UP3]	.....((((((((((((((((&)))))))))))))))).....	UAAAAUCUGGGGUAUGCAAAA&UUUUGCAUAUCCUGGAAUAUG
TAS1c_3D6	AT1G26500_ATAN-1G37340	1443	1464	1455	-31.40	-21.70	0.691082802547771	7.5	2-4,1463-1461;6-11,1459-1454;12-21,1452-1443	1-1,1464-1464[UP5];5-5,1460-1460[SIL];x-x,1453-1453[BULt]	((((((((((.((((((.(((.&.))).))))))-))))))))))	UAUAUUCCAGAGGUAUGGAGAG&UUUUGCAUAUC-CUGGAAUAUG
TAS1c_3D6	AT1G08070_ATAN-1G17970	709	729	720	-31.40	-21.60	0.687898089171975	6.5	1-3,729-727;5-18,725-712	4-4,726-726[SIL];19-21,711-709[UP3]	...((((((((((((((.(((&))).))))))))))))))...	AUGAUUUCAGGAUAUGCUGAA&UUUUGCAUAUCCUGGAAUAUG
TAS1c_3D6	AT3G05240_ATAN-3G14880	1212	1232	1224	-31.40	-21.60	0.687898089171975	6.5	1-8,1232-1225;10-11,1224-1223;12-21,1221-1212	9-9,x-x[BULq];x-x,1222-1222[BULt]	((((((((((.((-((((((((&)))))))).))-))))))))))	UAUAUUCCAGAGG-AUGCAAGA&UUUUGCAUAUC-CUGGAAUAUG
TAS1c_3D6	AT3G22690_ATAN-3G34840	313	333	324	-31.40	-21.50	0.684713375796178	9	4-13,330-321;15-18,319-316	1-3,333-331[UP5];14-14,320-320[SIL];19-21,315-313[UP3]	...((((.((((((((((...&...)))))))))).))))...	UUGAUUCGAGGAUAUGCAUCU&UUUUGCAUAUCCUGGAAUAUG
TAS1c_3D6	AT5G16640_ATAN-5G26670	1308	1330	1321	-31.40	-21.40	0.681528662420382	6	1-14,1330-1317;15-18,1315-1312;19-21,1310-1308	x-x,1316-1316[BULt];x-x,1311-1311[BULt]	(((.((((.((((((((((((((&))))))))))))))-))))-)))	CAUCAUUCGCGGGAUGUGUAAGG&UUUUGCAUAUCCUG-GAAU-AUG
TAS1c_3D6	AT2G22410_ATAN-2G40110	985	1005	996	-31.40	-21.40	0.681528662420382	10.5	5-18,1001-988	1-4,1005-1002[UP5];19-21,987-985[UP3]	...((((((((((((((....&....))))))))))))))...	AUGAUUUCAGGAUAUGCUAGA&UUUUGCAUAUCCUGGAAUAUG
TAS1c_3D6	AT2G03880_ATAN-2G13620	1717	1735	1727	-31.40	-21.20	0.67515923566879	5	2-6,1734-1730;8-17,1729-1720;19-21,1719-1717	1-1,1735-1735[UP5];7-7,x-x[BULq];18-18,x-x[BULq]	(((-((((((((((-(((((.&.))))).)))))))))).)))	CAU-UUCCAGGAUG-GCAAAU&UUUUGCAUAUCCUGGAAUAUG
TAS1c_3D6	AT1G03100_ATAN-1G12300	2034	2055	2046	-31.40	-21.00	0.668789808917198	7	3-14,2053-2042;15-16,2040-2039;18-21,2037-2034	1-2,2055-2054[UP5];x-x,2041-2041[BULt];17-17,2038-2038[SIL]	((((.((.((((((((((((..&..))))))))))))-)).))))	UAUGGUCACAGGAUAUGCAGCC&UUUUGCAUAUCCUG-GAAUAUG
TAS1c_3D6	AT5G15980_ATAN-5G25970	1279	1304	1295	-31.40	-20.80	0.662420382165605	9	1-11,1304-1294;12-13,1292-1291;14-21,1286-1279	x-x,1293-1293[BULt];x-x,1290-1287[BULt]	((((((((....((.(((((((((((&)))))))))))-))----))))))))	UAUGUUCCUAGUGGUGAUAUGCAGAG&UUUUGCAUAUC-CU----GGAAUAUG
TAS1c_3D6	AT4G04370_ATAN-4G17250	646	666	657	-31.40	-20.80	0.662420382165605	11.5	5-18,662-649	1-4,666-663[UP5];19-21,648-646[UP3]	...((((((((((((((....&....))))))))))))))...	AUGAUUUCAGGGUAUGCUUCU&UUUUGCAUAUCCUGGAAUAUG
TAS1c_3D6	AT5G41170_ATAN-5G61360	1395	1417	1408	-31.40	-20.60	0.656050955414013	6	1-13,1417-1405;15-18,1402-1399;19-21,1397-1395	14-14,1404-1403[AILt];x-x,1398-1398[BULt]	(((.((((..(((((((((((((&)))))))))))))-.))))-)))	CAUCAUUCAAGGGAUGUGCAAGG&UUUUGCAUAUCCU-GGAAU-AUG
TAS1c_3D6	AT4G26800_ATAN-4G53940	1329	1351	1342	-31.40	-20.60	0.656050955414013	6	1-13,1351-1339;15-18,1336-1333;19-21,1331-1329	14-14,1338-1337[AILt];x-x,1332-1332[BULt]	(((.((((..(((((((((((((&)))))))))))))-.))))-)))	CAUGAUUCAUGGGAUGUGCAAGG&UUUUGCAUAUCCU-GGAAU-AUG
TAS1c_3D6	AT3G16710_ATAN-3G27950	1315	1336	1327	-31.40	-20.60	0.656050955414013	7.5	2-13,1335-1324;15-19,1321-1317	1-1,1336-1336[UP5];14-14,1323-1322[AILt];20-21,1316-1315[UP3]	..(((((..((((((((((((.&.))))))))))))-.)))))..	AUUAUUCAAGGGAUGUGCAAGC&UUUUGCAUAUCCU-GGAAUAUG
TAS1c_3D6	AT3G18840_ATAN-3G30420	691	711	702	-31.40	-20.50	0.652866242038217	10	4-14,708-698;16-18,696-694	1-3,711-709[UP5];15-15,697-697[SIL];19-21,693-691[UP3]	...(((.(((((((((((...&...))))))))))).)))...	UUGAUUGCAGGGUAUGCACAG&UUUUGCAUAUCCUGGAAUAUG
TAS2_3D9	AT3G22470_ATAN-3G34620	485	505	496	-33.60	-32.70	0.973214285714286	3	1-19,505-487	20-21,486-485[UP3]	..(((((((((((((((((((&)))))))))))))))))))..	UAGUUGAUCGGAUGGUGGAAA&UUUCUACCAUCCGAUCAACAA
TAS2_3D9	AT1G63130_ATAN-1G80420	518	538	529	-33.60	-27.60	0.821428571428571	3.5	1-11,538-528;13-21,526-518	12-12,527-527[SIL]	(((((((((.(((((((((((&))))))))))).)))))))))	UUGUUGGUCAGAUGGUGGAAA&UUUCUACCAUCCGAUCAACAA
TAS2_3D9	AT1G63230_ATAN-1G80540	95	115	106	-33.60	-27.30	0.8125	3	2-10,114-106;12-21,104-95	1-1,115-115[UP5];11-11,105-105[SIL]	((((((((((.(((((((((.&.))))))))).))))))))))	UUGUUGAUCGUAUGGUAGAAG&UUUCUACCAUCCGAUCAACAA
TAS2_3D9	AT1G12775_ATAN-1G23300	539	559	550	-33.60	-26.10	0.776785714285714	4	1-10,559-550;12-19,548-541	11-11,549-549[SIL];20-21,540-539[UP3]	..((((((((.((((((((((&)))))))))).))))))))..	UAGUUGAUCGAAUGGUAGAAA&UUUCUACCAUCCGAUCAACAA
TAS2_3D9	AT1G12620_ATAN-1G23120	1816	1835	1826	-33.60	-25.30	0.75297619047619	5	3-15,1833-1821;17-20,1820-1817	1-2,1835-1834[UP5];16-16,x-x[BULq];21-21,1816-1816[UP3]	.((((-(((((((((((((..&..))))))))))))).)))).	AUGUU-AUCGGAUGGUAGAUU&UUUCUACCAUCCGAUCAACAA
TAS2_3D9	AT1G12300_ATAN-1G22800	1864	1883	1874	-33.60	-25.30	0.75297619047619	5	3-15,1881-1869;17-20,1868-1865	1-2,1883-1882[UP5];16-16,x-x[BULq];21-21,1864-1864[UP3]	.((((-(((((((((((((..&..))))))))))))).)))).	AUGUU-AUCGGAUGGUAGAUU&UUUCUACCAUCCGAUCAACAA
TAS2_3D9	AT1G62720_ATAN-1G79940	586	608	598	-33.60	-23.90	0.711309523809524	7	1-5,608-604;7-18,601-590;19-20,588-587	6-6,603-602[AILt];x-x,589-589[BULt];21-21,586-586[UP3]	.((.((((((((((((..(((((&)))))-.))))))))))))-)).	CUGUUUGAUCGGAUGGAAAGAGA&UUUCU-ACCAUCCGAUCAA-CAA
TAS2_3D9	AT1G19520_ATAN-1G30830	2174	2194	2185	-33.60	-23.80	0.708333333333333	11.5	7-21,2188-2174	1-6,2194-2189[UP5]	(((((((((((((((......&......)))))))))))))))	UUGUUGAUUGGAUGGCUAAUC&UUUCUACCAUCCGAUCAACAA
TAS2_3D9	AT1G62680_ATAN-1G79900	530	550	541	-33.60	-23.60	0.702380952380952	7	1-11,550-540;14-19,537-532	12-13,539-538[SIL];20-21,531-530[UP3]	..((((((..(((((((((((&)))))))))))..))))))..	UGGUUGAUAAGAUGGUGGAGA&UUUCUACCAUCCGAUCAACAA
TAS2_3D9	AT2G36240_ATAN-2G55600	911	932	922	-33.60	-23.50	0.699404761904762	6	1-7,932-926;8-9,924-923;11-12,921-920;14-21,918-911	x-x,925-925[BULt];10-10,922-922[SIL];13-13,919-919[SIL]	((((((((.((.((.(((((((&)))))))-)).)).))))))))	UUGUUGAUGGGUUGUGUAGAGA&UUUCUAC-CAUCCGAUCAACAA
TAS2_3D9	AT3G22690_ATAN-3G34840	656	686	676	-33.60	-22.70	0.675595238095238	13	1-5,686-682;6-14,680-672;15-20,662-657	x-x,681-681[BULt];x-x,671-663[BULt];21-21,656-656[UP3]	.((((((.........(((((((((.(((((&)))))-)))))))))---------)))))).	CUGUUGAUUUGUUUUUUCGGAUGGUGAGAGA&UUUCU-ACCAUCCGA---------UCAACAA
TAS2_3D9	AT1G63400_ATAN-1G79760	530	550	541	-33.60	-22.60	0.672619047619048	7	1-10,550-541;13-19,538-532	11-12,540-539[SIL];20-21,531-530[UP3]	..(((((((..((((((((((&))))))))))..)))))))..	UGGUUGAUCAAAUGGUGGAAA&UUUCUACCAUCCGAUCAACAA
TAS2_3D9	AT1G29710_ATAN-1G40950	78	98	89	-33.60	-22.60	0.672619047619048	9	2-14,97-85;16-17,83-82	1-1,98-98[UP5];15-15,84-84[SIL];18-21,81-78[UP3]	....((.(((((((((((((.&.))))))))))))).))....	GUUCUGUUCGGGUGGUGGAGC&UUUCUACCAUCCGAUCAACAA
TAS2_3D9	AT1G63330_ATAN-1G79840	530	550	541	-33.60	-22.60	0.672619047619048	7	1-10,550-541;13-19,538-532	11-12,540-539[SIL];20-21,531-530[UP3]	..(((((((..((((((((((&))))))))))..)))))))..	UGGUUGAUCAAAUGGUGGAAA&UUUCUACCAUCCGAUCAACAA
TAS2_3D9	AT1G62590_ATAN-1G79840	530	550	541	-33.60	-22.60	0.672619047619048	7	1-10,550-541;13-19,538-532	11-12,540-539[SIL];20-21,531-530[UP3]	..(((((((..((((((((((&))))))))))..)))))))..	UGGUUGAUCAAAUGGUGGAAA&UUUCUACCAUCCGAUCAACAA
TAS2_3D9	AT1G79540_ATAN-1G98230	839	859	850	-33.60	-22.20	0.660714285714286	8	1-4,859-856;6-16,854-844	5-5,855-855[SIL];17-21,843-839[UP3]	.....(((((((((((.((((&)))).))))))))))).....	AAUUGGGUCGGAUGGUUGAAG&UUUCUACCAUCCGAUCAACAA
TAS2_3D9	AT1G63080_ATAN-1G80360	470	490	481	-33.60	-22.20	0.660714285714286	6	1-11,490-480;13-16,478-475;18-19,473-472	12-12,479-479[SIL];17-17,474-474[SIL];20-21,471-470[UP3]	..((.((((.(((((((((((&))))))))))).)))).))..	UGGUAGAUCAGAUGGUGGAAA&UUUCUACCAUCCGAUCAACAA
TAS2_3D9	AT1G63070_ATAN-1G80360	470	490	481	-33.60	-22.20	0.660714285714286	6	1-11,490-480;13-16,478-475;18-19,473-472	12-12,479-479[SIL];17-17,474-474[SIL];20-21,471-470[UP3]	..((.((((.(((((((((((&))))))))))).)))).))..	UGGUAGAUCAGAUGGUGGAAA&UUUCUACCAUCCGAUCAACAA
TAS2_3D9	AT4G18840_ATAN-4G45040	1255	1274	1267	-33.60	-22.10	0.657738095238095	5.5	1-4,1274-1271;7-18,1270-1259;19-21,1257-1255	5-6,x-x[BULq];x-x,1258-1258[BULt]	(((.((((((((((((--((((&))))..))))))))))))-)))	UUGCUUGGUCGGAUGG--GAAA&UUUCUACCAUCCGAUCAA-CAA
TAS2_3D9	AT1G02370_ATAN-1G11490	628	647	639	-33.60	-22.00	0.654761904761905	6.5	2-5,646-643;7-18,642-631	1-1,647-647[UP5];6-6,x-x[BULq];19-21,630-628[UP3]	...((((((((((((-((((.&.)))).))))))))))))...	UCUUUGAUUGGAUGG-AGAAG&UUUCUACCAUCCGAUCAACAA
TAS2_3D11	AT1G63320_ATAN-1G80650	215	235	226	-31.60	-31.00	0.981012658227848	2	1-20,235-216	21-21,215-215[UP3]	.((((((((((((((((((((&)))))))))))))))))))).	UGGUAUUCGGGUAUAUGCAAA&UUUGCAUAUACUCGAAUACCU
TAS2_3D11	AT1G62930_ATAN-1G80160	1457	1477	1468	-31.60	-27.60	0.873417721518987	3	1-6,1477-1472;8-20,1470-1458	7-7,1471-1471[SIL];21-21,1457-1457[UP3]	.(((((((((((((.((((((&)))))).))))))))))))).	UGGUAUUCGAGUAUCUGCAAA&UUUGCAUAUACUCGAAUACCU
TAS2_3D11	AT5G41170_ATAN-5G61360	1337	1357	1348	-31.60	-27.10	0.857594936708861	6	1-8,1357-1350;11-20,1347-1338	9-10,1349-1348[SIL];21-21,1337-1337[UP3]	.((((((((((..((((((((&))))))))..)))))))))).	UGGUAUUCGAGGAUAUGCGAA&UUUGCAUAUACUCGAAUACCU
TAS2_3D11	AT1G63130_ATAN-1G80420	1460	1480	1471	-31.60	-25.50	0.806962025316456	4	1-6,1480-1475;8-20,1473-1461	7-7,1474-1474[SIL];21-21,1460-1460[UP3]	.(((((((((((((.((((((&)))))).))))))))))))).	UGGUGUUUGAGUAUCUGCAAA&UUUGCAUAUACUCGAAUACCU
TAS2_3D11	AT1G63070_ATAN-1G80360	1412	1432	1423	-31.60	-23.90	0.756329113924051	4	1-6,1432-1427;8-19,1425-1414	7-7,1426-1426[SIL];20-21,1413-1412[UP3]	..((((((((((((.((((((&)))))).))))))))))))..	UUGUAUUCGAGUAUCUGCAAA&UUUGCAUAUACUCGAAUACCU
TAS2_3D11	AT1G63080_ATAN-1G80360	1412	1432	1423	-31.60	-23.90	0.756329113924051	4	1-6,1432-1427;8-19,1425-1414	7-7,1426-1426[SIL];20-21,1413-1412[UP3]	..((((((((((((.((((((&)))))).))))))))))))..	UUGUAUUCGAGUAUCUGCAAA&UUUGCAUAUACUCGAAUACCU
TAS2_3D11	AT1G62914_ATAN-1G80130	1457	1477	1468	-31.60	-23.90	0.756329113924051	4	1-6,1477-1472;8-19,1470-1459	7-7,1471-1471[SIL];20-21,1458-1457[UP3]	..((((((((((((.((((((&)))))).))))))))))))..	UUGUAUUCGAGUAUCUGCAAA&UUUGCAUAUACUCGAAUACCU
TAS2_3D11	AT1G62670_ATAN-1G79890	1460	1480	1471	-31.60	-23.90	0.756329113924051	4	1-6,1480-1475;8-19,1473-1462	7-7,1474-1474[SIL];20-21,1461-1460[UP3]	..((((((((((((.((((((&)))))).))))))))))))..	UUGUAUUCGAGUAUCUGCAAA&UUUGCAUAUACUCGAAUACCU
TAS2_3D11	AT1G62910_ATAN-1G80660	1478	1498	1489	-31.60	-23.90	0.756329113924051	4	1-6,1498-1493;8-19,1491-1480	7-7,1492-1492[SIL];20-21,1479-1478[UP3]	..((((((((((((.((((((&)))))).))))))))))))..	UUGUAUUCGAGUAUCUGCAAA&UUUGCAUAUACUCGAAUACCU
TAS2_3D11	AT5G04780_ATAN-5G14210	653	673	664	-31.60	-23.70	0.75	5	2-8,672-666;10-16,664-658;18-21,656-653	1-1,673-673[UP5];9-9,665-665[SIL];17-17,657-657[SIL]	((((.(((((((.(((((((.&.))))))).))))))).))))	AGGUUUUCGAGUCUAUGCAGG&UUUGCAUAUACUCGAAUACCU
TAS2_3D11	AT1G63400_ATAN-1G79760	1472	1492	1483	-31.60	-22.90	0.724683544303797	3	1-10,1492-1483;12-16,1481-1477;18-21,1475-1472	11-11,1482-1482[SIL];17-17,1476-1476[SIL]	((((.(((((.((((((((((&)))))))))).))))).))))	AGGUUUUCGACUAUAUGCAAA&UUUGCAUAUACUCGAAUACCU
TAS2_3D11	AT1G63330_ATAN-1G79840	1472	1492	1483	-31.60	-22.90	0.724683544303797	3	1-10,1492-1483;12-16,1481-1477;18-21,1475-1472	11-11,1482-1482[SIL];17-17,1476-1476[SIL]	((((.(((((.((((((((((&)))))))))).))))).))))	AGGUUUUCGACUAUAUGCAAA&UUUGCAUAUACUCGAAUACCU
TAS2_3D11	AT1G62590_ATAN-1G79840	1472	1492	1483	-31.60	-22.90	0.724683544303797	3	1-10,1492-1483;12-16,1481-1477;18-21,1475-1472	11-11,1482-1482[SIL];17-17,1476-1476[SIL]	((((.(((((.((((((((((&)))))))))).))))).))))	AGGUUUUCGACUAUAUGCAAA&UUUGCAUAUACUCGAAUACCU
TAS2_3D11	AT2G02750_ATAN-2G12340	285	308	297	-31.60	-22.80	0.721518987341772	8.5	2-7,307-302;8-14,299-293;15-21,291-285	1-1,308-308[UP5];x-x,301-300[BULt];x-x,292-292[BULt]	(((((((.(((((((..((((((.&.))))))--)))))))-)))))))	GGGUAUUGCGAGUGUUAAUGCAGC&UUUGCAU--AUACUCG-AAUACCU
TAS2_3D11	AT5G37570_ATAN-5G56650	1270	1291	1282	-31.60	-22.70	0.718354430379747	6	1-7,1291-1285;10-16,1282-1276;17-21,1274-1270	8-9,1284-1283[SIL];x-x,1275-1275[BULt]	(((((.(((((((..(((((((&)))))))..)))))))-)))))	AGGUAUUUCGAGUUAAUGCGAA&UUUGCAUAUACUCGAA-UACCU
TAS2_3D11	AT4G39620_ATAN-4G68500	710	730	721	-31.60	-22.20	0.70253164556962	6.5	1-7,730-724;9-12,722-719;14-21,717-710	8-8,723-723[SIL];13-13,718-718[SIL]	((((((((.((((.(((((((&))))))).)))).))))))))	AGGUGUUCAGGUGGAUGCAGA&UUUGCAUAUACUCGAAUACCU
TAS2_3D11	AT3G15130_ATAN-3G26110	185	205	196	-31.60	-22.10	0.699367088607595	10.5	4-9,202-197;12-21,194-185	1-3,205-203[UP5];10-11,196-195[SIL]	((((((((((..((((((...&...))))))..))))))))))	AGGUGUUCGACAGUAUGCCUG&UUUGCAUAUACUCGAAUACCU
TAS2_3D11	AT1G79540_ATAN-1G98230	962	983	974	-31.60	-22.10	0.699367088607595	4.5	1-10,983-974;11-17,972-966;19-21,964-962	x-x,973-973[BULt];18-18,965-965[SIL]	(((.(((((((.((((((((((&))))))))))-))))))).)))	AGGCAUUUGAGCUGUAUGCAAA&UUUGCAUAUA-CUCGAAUACCU
TAS2_3D11	AT1G62720_ATAN-1G79940	1202	1225	1216	-31.60	-22.10	0.699367088607595	6.5	1-9,1225-1217;11-15,1215-1211;16-20,1207-1203	10-10,1216-1216[SIL];x-x,1210-1208[BULt];21-21,1202-1202[UP3]	.(((((...(((((.(((((((((&))))))))).)))))---))))).	UGGUGUUAUUCGAGAAUAUGCAAA&UUUGCAUAUACUCGA---AUACCU
TAS2_3D11	AT3G26540_ATAN-3G39370	574	593	585	-31.60	-21.80	0.689873417721519	9.5	1-7,593-587;11-21,584-574	8-10,586-585[AILq]	(((((((((((..-(((((((&)))))))...)))))))))))	GGGUAUUCGGGGA-AUGUAGA&UUUGCAUAUACUCGAAUACCU
TAS2_3D11	AT4G14170_ATAN-4G38810	1223	1242	1233	-31.60	-20.80	0.658227848101266	7	1-7,1242-1236;9-13,1234-1230;15-20,1229-1224	8-8,1235-1235[SIL];14-14,x-x[BULq];21-21,1223-1223[UP3]	.((((((-(((((.(((((((&))))))).))))).)))))).	CGGUGUU-GAGUGGGUGCAAG&UUUGCAUAUACUCGAAUACCU
TAS2_3D11	AT2G28050_ATAN-2G46280	479	499	490	-31.60	-20.70	0.65506329113924	8.5	5-16,495-484;18-21,482-479	1-4,499-496[UP5];17-17,483-483[SIL]	((((.((((((((((((....&....)))))))))))).))))	AGGUUUUUGAGUAUAUGAAGA&UUUGCAUAUACUCGAAUACCU
TAS2_3D11	AT4G39530_ATAN-4G68400	299	319	310	-31.60	-20.68	0.654430379746835	11.5	4-7,316-313;11-21,309-299	1-3,319-317[UP5];8-10,312-310[SIL]	(((((((((((...((((...&...))))...)))))))))))	AGGUGUUCGAGAAAAUGCCUG&UUUGCAUAUACUCGAAUACCU
TAS2_3D11	AT4G13650_ATAN-4G38080	2948	2968	2959	-31.60	-20.60	0.651898734177215	9	2-15,2967-2954	1-1,2968-2968[UP5];16-21,2953-2948[UP3]	......((((((((((((((.&.))))))))))))))......	CUGAAAUCGGGUAUGUGCAAG&UUUGCAUAUACUCGAAUACCU
TAS2_3D12	AT1G12700_ATAN-1G23230	1397	1417	1408	-32.70	-33.40	1	1	1-21,1417-1397	NA	(((((((((((((((((((((&)))))))))))))))))))))	AGAGUAAGAUGGAUCUUGGUA&UAUCAAGAUCCAUCUUACUCU
TAS2_3D12	AT1G12620_ATAN-1G23120	1454	1474	1465	-32.70	-29.30	0.896024464831804	2	1-7,1474-1468;9-21,1466-1454	8-8,1467-1467[SIL]	(((((((((((((.(((((((&))))))).)))))))))))))	AGAGUAAGAUGGAGCUUGAUA&UAUCAAGAUCCAUCUUACUCU
TAS2_3D12	AT1G12300_ATAN-1G22800	1502	1522	1513	-32.70	-29.30	0.896024464831804	2	1-7,1522-1516;9-21,1514-1502	8-8,1515-1515[SIL]	(((((((((((((.(((((((&))))))).)))))))))))))	AGAGUAAGAUGGAGCUUGAUA&UAUCAAGAUCCAUCUUACUCU
TAS2_3D12	AT1G12775_ATAN-1G23300	1502	1522	1513	-32.70	-29.30	0.896024464831804	2	1-7,1522-1516;9-21,1514-1502	8-8,1515-1515[SIL]	(((((((((((((.(((((((&))))))).)))))))))))))	AGAGUAAGAUGGAGCUUGAUA&UAUCAAGAUCCAUCUUACUCU
TAS2_3D12	AT1G13800_ATAN-1G24460	2366	2386	2377	-32.70	-28.20	0.862385321100917	4	1-5,2386-2382;7-21,2380-2366	6-6,2381-2381[SIL]	(((((((((((((((.(((((&))))).)))))))))))))))	AGAGUGGGGUGGAUCCUGAUG&UAUCAAGAUCCAUCUUACUCU
TAS2_3D12	AT3G22470_ATAN-3G34620	1448	1468	1459	-32.70	-24.70	0.755351681957186	5.5	1-8,1468-1461;11-21,1458-1448	9-10,1460-1459[SIL]	(((((((((((..((((((((&))))))))..)))))))))))	AGAGUAGGAUGACUCUUGGUA&UAUCAAGAUCCAUCUUACUCU
TAS2_3D12	AT1G64580_ATAN-1G82020	1265	1285	1276	-32.70	-23.90	0.730886850152905	3.5	1-6,1285-1280;8-13,1278-1273;15-21,1271-1265	7-7,1279-1279[SIL];14-14,1272-1272[SIL]	(((((((.((((((.((((((&)))))).)))))).)))))))	AGAGUGAAAUGGAUGUUGAUA&UAUCAAGAUCCAUCUUACUCU
TAS2_3D12	AT1G62680_ATAN-1G79900	1283	1303	1294	-32.70	-23.50	0.718654434250764	3	1-13,1303-1291;15-15,1289-1289;18-21,1286-1283	14-14,1290-1290[SIL];16-17,1288-1287[SIL]	((((..(.(((((((((((((&))))))))))))).)..))))	AGAGGGAAAUGGAUCUUGAUA&UAUCAAGAUCCAUCUUACUCU
TAS2_3D12	AT3G11380_ATAN-3G21550	1702	1721	1713	-32.70	-23.40	0.715596330275229	7	3-8,1719-1714;10-21,1713-1702	1-2,1721-1720[UP5];9-9,x-x[BULq]	((((((((((((-((((((..&..)))))).))))))))))))	AGAGUGGGAUGG-UUUUGAGA&UAUCAAGAUCCAUCUUACUCU
TAS2_3D12	AT3G13880_ATAN-3G24600	475	496	487	-32.70	-23.30	0.712538226299694	5	2-10,495-487;11-16,485-480;18-21,478-475	1-1,496-496[UP5];x-x,486-486[BULt];17-17,479-479[SIL]	((((.((((((.(((((((((.&.)))))))))-)))))).))))	GGAGAAAGGUGUGAUCUUGAUU&UAUCAAGAUC-CAUCUUACUCU
TAS2_3D12	AT2G39620_ATAN-2G59280	377	397	388	-32.70	-22.50	0.688073394495413	8.5	3-17,395-381	1-2,397-396[UP5];18-21,380-377[UP3]	....(((((((((((((((..&..)))))))))))))))....	UUGCUGAGAUGGGUCUUGAGU&UAUCAAGAUCCAUCUUACUCU
TAS2_3D12	AT5G41170_ATAN-5G61360	1358	1378	1369	-32.70	-22.30	0.681957186544342	4.5	1-6,1378-1373;8-16,1371-1363;18-21,1361-1358	7-7,1372-1372[SIL];17-17,1362-1362[SIL]	((((.(((((((((.((((((&)))))).))))))))).))))	AGAGAGAGAUGGAUAUUGGUA&UAUCAAGAUCCAUCUUACUCU
TAS2_3D12	AT3G12770_ATAN-3G23110	824	845	836	-32.70	-21.90	0.669724770642202	8.5	3-15,843-831;16-18,829-827	1-2,845-844[UP5];x-x,830-830[BULt];19-21,826-824[UP3]	...(((.(((((((((((((..&..)))))))))))))-)))...	GUUGUGAAGAUGGGUCUUGAAA&UAUCAAGAUCCAUCU-UACUCU
TAS2_3D12	AT3G48250_ATAN-3G65790	876	898	889	-32.70	-21.90	0.669724770642202	8.5	3-12,896-887;13-14,884-883;16-21,881-876	1-2,898-897[UP5];x-x,886-885[BULt];15-15,882-882[SIL]	((((((.((..((((((((((..&..))))))))))--)).))))))	AGGGUAUGAUAUGGAUCUUGACA&UAUCAAGAUCCA--UCUUACUCU
TAS2_3D12	AT5G04810_ATAN-5G14240	757	778	768	-32.70	-21.62	0.661162079510703	13	3-4,776-775;8-21,770-757	1-2,778-777[UP5];5-7,774-771[AILt]	((((((((((((((....((..&..))-...))))))))))))))	AGAGUGAGGUGGGUAGAGGAAG&UAUC-AAGAUCCAUCUUACUCU
