# GSTAr version 1.0
# Sat Nov 11 16:45:53 GMT 2023
# Queries: Col-0.sRNA.fa
# Transcripts: sub_Col-0.fa.fa
# Minimum Free Energy Ratio cutoff (option -r): 0.65
# Sorted by: MFEratio
# Output Format: Tabular
Query	Transcript	TStart	TStop	TSlice	MFEperfect	MFEsite	MFEratio	AllenScore	Paired	Unpaired	Structure	Sequence
miR161.1	AT1G64583_AT1G64583	738	758	749	-37.90	-32.40	0.854881266490765	2.5	1-10,758-749;12-21,747-738	11-11,748-748[SIL]	((((((((((.((((((((((&)))))))))).))))))))))	ACCCUGAUGUUGUCACUUUCA&UGAAAGUGACUACAUCGGGGU
miR161.1	AT1G62670_AT1G62670	1125	1145	1136	-37.90	-31.00	0.817941952506596	2.5	1-9,1145-1137;11-21,1135-1125	10-10,1136-1136[SIL]	(((((((((((.(((((((((&))))))))).)))))))))))	ACCCUGAUGUAUUCACUUUCA&UGAAAGUGACUACAUCGGGGU
miR161.1	AT1G51965_AT1G51965	1796	1816	1807	-37.90	-29.70	0.783641160949868	10.5	6-21,1811-1796	1-5,1816-1812[UP5]	((((((((((((((((.....&.....))))))))))))))))	ACCCUGAUGUGGUCACAUACA&UGAAAGUGACUACAUCGGGGU
miR161.1	AT5G36300_AT5G36300	1447	1467	1458	-37.90	-29.10	0.767810026385224	11	6-21,1462-1447	1-5,1467-1463[UP5]	((((((((((((((((.....&.....))))))))))))))))	ACCCCGAUGUGGUUACCUAUA&UGAAAGUGACUACAUCGGGGU
miR161.1	AT1G63630_AT1G63630	722	742	733	-37.90	-29.00	0.765171503957784	3.5	1-16,742-727;18-20,725-723	17-17,726-726[SIL];21-21,722-722[UP3]	.(((.((((((((((((((((&)))))))))))))))).))).	CUCCGGAUGUAGUCACUUUUA&UGAAAGUGACUACAUCGGGGU
miR161.1	AT1G63230_AT1G63230	1222	1242	1233	-37.90	-29.00	0.765171503957784	3.5	1-16,1242-1227;18-20,1225-1223	17-17,1226-1226[SIL];21-21,1222-1222[UP3]	.(((.((((((((((((((((&)))))))))))))))).))).	CUCCGGAUGUAGUCACUUUUA&UGAAAGUGACUACAUCGGGGU
miR161.1	AT1G06580_AT1G06580	1083	1103	1094	-37.90	-29.00	0.765171503957784	3.5	1-9,1103-1095;11-16,1093-1088;18-21,1086-1083	10-10,1094-1094[SIL];17-17,1087-1087[SIL]	((((.((((((.(((((((((&))))))))).)))))).))))	GCCCGGAUGUAAUCACUUUCA&UGAAAGUGACUACAUCGGGGU
miR161.1	AT1G62720_AT1G62720	974	994	985	-37.90	-28.70	0.757255936675462	8	4-7,991-988;9-20,986-975	1-3,994-992[UP5];8-8,987-987[SIL];21-21,974-974[UP3]	.((((((((((((.((((...&...)))).)))))))))))).	UCCCCGAUGUAGUGACUUAUA&UGAAAGUGACUACAUCGGGGU
miR161.1	AT5G16640_AT5G16640	868	888	879	-37.90	-28.60	0.754617414248021	3.5	1-9,888-880;11-21,878-868	10-10,879-879[SIL]	(((((((((((.(((((((((&))))))))).)))))))))))	ACCCUGAUGUAUUUACUUUCA&UGAAAGUGACUACAUCGGGGU
miR161.1	AT2G16880_AT2G16880	1108	1128	1119	-37.90	-28.20	0.744063324538259	5	1-2,1128-1127;4-19,1125-1110;21-21,1108-1108	3-3,1126-1126[SIL];20-20,1109-1109[SIL]	(.((((((((((((((((.((&)).)))))))))))))))).)	AGCCCGAUGUGGUUACUUACA&UGAAAGUGACUACAUCGGGGU
miR161.1	AT1G63130_AT1G63130	1304	1324	1315	-37.90	-28.10	0.741424802110818	2.5	1-15,1324-1310;18-21,1307-1304	16-17,1309-1308[SIL]	((((..(((((((((((((((&)))))))))))))))..))))	AUCCAAAUGUAGUCACUUUCA&UGAAAGUGACUACAUCGGGGU
miR161.1	AT1G62910_AT1G62910	1086	1106	1097	-37.90	-28.10	0.741424802110818	2.5	1-15,1106-1092;18-21,1089-1086	16-17,1091-1090[SIL]	((((..(((((((((((((((&)))))))))))))))..))))	AUCCAAAUGUAGUCACUUUCA&UGAAAGUGACUACAUCGGGGU
miR161.1	AT1G63400_AT1G63400	1122	1142	1133	-37.90	-28.10	0.741424802110818	2.5	1-15,1142-1128;18-21,1125-1122	16-17,1127-1126[SIL]	((((..(((((((((((((((&)))))))))))))))..))))	AUCCAAAUGUAGUCACUUUCA&UGAAAGUGACUACAUCGGGGU
miR161.1	AT1G62930_AT1G62930	965	985	976	-37.90	-28.10	0.741424802110818	2.5	1-15,985-971;18-21,968-965	16-17,970-969[SIL]	((((..(((((((((((((((&)))))))))))))))..))))	AUCCAAAUGUAGUCACUUUCA&UGAAAGUGACUACAUCGGGGU
miR161.1	AT1G63080_AT1G63080	1008	1028	1019	-37.90	-28.10	0.741424802110818	2.5	1-15,1028-1014;18-21,1011-1008	16-17,1013-1012[SIL]	((((..(((((((((((((((&)))))))))))))))..))))	AUCCAAAUGUAGUCACUUUCA&UGAAAGUGACUACAUCGGGGU
miR161.1	AT4G26800_AT4G26800	1067	1088	1079	-37.90	-27.00	0.712401055408971	4	1-2,1088-1087;4-15,1085-1074;17-21,1071-1067	3-3,1086-1086[SIL];16-16,1073-1072[AILt]	(((((..((((((((((((.((&)).))))))))))))-.)))))	ACCCCAAAUGUAGUCACUUACA&UGAAAGUGACUACAU-CGGGGU
miR161.1	AT5G41170_AT5G41170	872	892	883	-37.90	-26.90	0.70976253298153	4.5	1-9,892-884;11-19,882-874	10-10,883-883[SIL];20-21,873-872[UP3]	..(((((((((.(((((((((&))))))))).)))))))))..	AACCUGAUGUAAUCACUUUCA&UGAAAGUGACUACAUCGGGGU
miR161.1	AT1G63150_AT1G63150	1079	1099	1090	-37.90	-26.60	0.701846965699208	4	1-10,1099-1090;12-15,1088-1085;17-21,1083-1079	11-11,1089-1089[SIL];16-16,1084-1084[SIL]	(((((.((((.((((((((((&)))))))))).)))).)))))	ACCCCAAUGUUGUUACUUUCA&UGAAAGUGACUACAUCGGGGU
miR161.1	AT4G31850_AT4G31850	1121	1141	1132	-37.90	-26.20	0.691292875989446	5.5	1-2,1141-1140;4-19,1138-1123	3-3,1139-1139[SIL];20-21,1122-1121[UP3]	..((((((((((((((((.((&)).))))))))))))))))..	GACCUGAUGUAGUUACUUACA&UGAAAGUGACUACAUCGGGGU
miR161.1	AT1G77405_AT1G77405	858	878	869	-37.90	-26.00	0.686015831134565	10	4-7,875-872;9-19,870-860	1-3,878-876[UP5];8-8,871-871[SIL];20-21,859-858[UP3]	..(((((((((((.((((...&...)))).)))))))))))..	UACCCGAUGUGGUGACUUAUA&UGAAAGUGACUACAUCGGGGU
miR161.1	AT1G12700_AT1G12700	569	589	580	-37.90	-25.40	0.670184696569921	9.5	4-19,586-571	1-3,589-587[UP5];20-21,570-569[UP3]	..((((((((((((((((...&...))))))))))))))))..	AACCUGAUGUGGUUACUUAUA&UGAAAGUGACUACAUCGGGGU
miR161.1	AT1G73710_AT1G73710	635	655	646	-37.90	-24.70	0.651715039577836	10.5	5-11,651-645;13-20,643-636	1-4,655-652[UP5];12-12,644-644[SIL];21-21,635-635[UP3]	.((((((((.(((((((....&....))))))).)))))))).	UCCCUGAUGAAGUCACUAUGG&UGAAAGUGACUACAUCGGGGU
miR161.2	AT1G62914_AT1G62914	1229	1249	1240	-31.70	-29.00	0.914826498422713	3	1-7,1249-1243;9-21,1241-1229	8-8,1242-1242[SIL]	(((((((((((((.(((((((&))))))).)))))))))))))	UAGUCACUUUCAGCGCAUUGA&UCAAUGCAUUGAAAGUGACUA
miR161.2	AT1G62910_AT1G62910	1095	1115	1106	-31.70	-28.90	0.911671924290221	3	1-7,1115-1109;9-21,1107-1095	8-8,1108-1108[SIL]	(((((((((((((.(((((((&))))))).)))))))))))))	UAGUCACUUUCAGCGCAUUGA&UCAAUGCAUUGAAAGUGACUA
miR161.2	AT1G62930_AT1G62930	974	994	985	-31.70	-28.90	0.911671924290221	3	1-7,994-988;9-21,986-974	8-8,987-987[SIL]	(((((((((((((.(((((((&))))))).)))))))))))))	UAGUCACUUUCAGCGCAUUGA&UCAAUGCAUUGAAAGUGACUA
miR161.2	AT1G63130_AT1G63130	1313	1333	1324	-31.70	-28.90	0.911671924290221	3	1-7,1333-1327;9-21,1325-1313	8-8,1326-1326[SIL]	(((((((((((((.(((((((&))))))).)))))))))))))	UAGUCACUUUCAGCGCAUUGA&UCAAUGCAUUGAAAGUGACUA
miR161.2	AT1G63330_AT1G63330	799	819	810	-31.70	-28.80	0.908517350157729	1	1-13,819-807;15-21,805-799	14-14,806-806[SIL]	(((((((.(((((((((((((&))))))))))))).)))))))	UAGUCACGUUCAAUGCAUUGA&UCAAUGCAUUGAAAGUGACUA
miR161.2	AT1G62590_AT1G62590	1039	1059	1050	-31.70	-28.80	0.908517350157729	1	1-13,1059-1047;15-21,1045-1039	14-14,1046-1046[SIL]	(((((((.(((((((((((((&))))))))))))).)))))))	UAGUCACGUUCAAUGCAUUGA&UCAAUGCAUUGAAAGUGACUA
miR161.2	AT1G63400_AT1G63400	1131	1151	1142	-31.70	-28.50	0.899053627760252	2	1-7,1151-1145;9-21,1143-1131	8-8,1144-1144[SIL]	(((((((((((((.(((((((&))))))).)))))))))))))	UAGUCACUUUCAACGCAUUGA&UCAAUGCAUUGAAAGUGACUA
miR161.2	AT1G63630_AT1G63630	521	541	532	-31.70	-28.40	0.89589905362776	3.5	1-19,541-523	20-21,522-521[UP3]	..(((((((((((((((((((&)))))))))))))))))))..	UUGUUACUUUCAGUGCAUUGA&UCAAUGCAUUGAAAGUGACUA
miR161.2	AT1G63150_AT1G63150	1088	1108	1099	-31.70	-28.40	0.89589905362776	2.5	1-19,1108-1090	20-21,1089-1088[UP3]	..(((((((((((((((((((&)))))))))))))))))))..	UUGUUACUUUCAAUGCAUUGA&UCAAUGCAUUGAAAGUGACUA
miR161.2	AT5G41170_AT5G41170	881	901	892	-31.70	-27.30	0.861198738170347	3	1-18,901-884	19-21,883-881[UP3]	...((((((((((((((((((&))))))))))))))))))...	UAAUCACUUUCAAUGCAUUGA&UCAAUGCAUUGAAAGUGACUA
miR161.2	AT1G64583_AT1G64583	747	767	758	-31.70	-26.30	0.829652996845426	5	1-8,767-760;10-19,758-749	9-9,759-759[SIL];20-21,748-747[UP3]	..((((((((((.((((((((&)))))))).))))))))))..	UUGUCACUUUCACUGCGUUGA&UCAAUGCAUUGAAAGUGACUA
miR161.2	AT5G16640_AT5G16640	877	897	888	-31.70	-24.80	0.782334384858044	4.5	1-18,897-880	19-21,879-877[UP3]	...((((((((((((((((((&))))))))))))))))))...	UAUUUACUUUCAAUGCGUUGA&UCAAUGCAUUGAAAGUGACUA
miR161.2	AT1G63080_AT1G63080	1017	1037	1028	-31.70	-24.60	0.77602523659306	4	1-6,1037-1032;9-21,1029-1017	7-8,1031-1030[SIL]	(((((((((((((..((((((&))))))..)))))))))))))	UAGUCACUUUCAACUCAUUGA&UCAAUGCAUUGAAAGUGACUA
miR161.2	AT5G55840_AT5G55840	1403	1423	1414	-31.70	-24.40	0.769716088328076	4.5	1-4,1423-1420;6-19,1418-1405	5-5,1419-1419[SIL];20-21,1404-1403[UP3]	..((((((((((((((.((((&)))).))))))))))))))..	AUGUUACUUUCAAUGCUUUGA&UCAAUGCAUUGAAAGUGACUA
miR161.2	AT1G63230_AT1G63230	1021	1041	1032	-31.70	-24.20	0.763406940063092	4	1-16,1041-1026;18-19,1024-1023	17-17,1025-1025[SIL];20-21,1022-1021[UP3]	..((.((((((((((((((((&)))))))))))))))).))..	UUGUAACUUUCAGUGCAUUGA&UCAAUGCAUUGAAAGUGACUA
miR161.2	AT2G41720_AT2G41720	1783	1803	1794	-31.70	-23.90	0.753943217665615	4.5	1-11,1803-1793;13-19,1791-1785	12-12,1792-1792[SIL];20-21,1784-1783[UP3]	..(((((((.(((((((((((&))))))))))).)))))))..	UUGUUACUUACAAUGCAUUGA&UCAAUGCAUUGAAAGUGACUA
miR161.2	AT1G12620_AT1G12620	1380	1400	1391	-31.70	-23.50	0.741324921135647	8	3-7,1398-1394;9-21,1392-1380	1-2,1400-1399[UP5];8-8,1393-1393[SIL]	(((((((((((((.(((((..&..))))).)))))))))))))	UGGUCGCUUUCAGCGCGUUAA&UCAAUGCAUUGAAAGUGACUA
miR161.2	AT1G62670_AT1G62670	1134	1154	1145	-31.70	-23.40	0.738170347003155	6	1-7,1154-1148;9-18,1146-1137	8-8,1147-1147[SIL];19-21,1136-1134[UP3]	...((((((((((.(((((((&))))))).))))))))))...	UAUUCACUUUCAGCGCAUUGA&UCAAUGCAUUGAAAGUGACUA
miR161.2	AT1G06580_AT1G06580	1092	1112	1103	-31.70	-23.30	0.735015772870663	6	1-4,1112-1109;6-18,1107-1095	5-5,1108-1108[SIL];19-21,1094-1092[UP3]	...(((((((((((((.((((&)))).)))))))))))))...	UAAUCACUUUCAGUGCUUUGA&UCAAUGCAUUGAAAGUGACUA
miR161.2	AT3G16710_AT3G16710	901	921	912	-31.70	-23.00	0.725552050473186	6	1-8,921-914;10-18,912-904	9-9,913-913[SIL];19-21,903-901[UP3]	...(((((((((.((((((((&)))))))).)))))))))...	UAAUCACUUUCACUGCGUUGA&UCAAUGCAUUGAAAGUGACUA
miR161.2	AT4G26800_AT4G26800	867	887	878	-31.70	-23.00	0.725552050473186	7	3-18,885-870	1-2,887-886[UP5];19-21,869-867[UP3]	...((((((((((((((((..&..))))))))))))))))...	UUAUCACUUUCAGUGCAUUAA&UCAAUGCAUUGAAAGUGACUA
miR161.2	AT5G65560_AT5G65560	1232	1252	1243	-31.70	-22.80	0.719242902208202	5	1-11,1252-1242;13-18,1240-1235	12-12,1241-1241[SIL];19-21,1234-1232[UP3]	...((((((.(((((((((((&))))))))))).))))))...	UAAUCACUUACAAUGCAUUGA&UCAAUGCAUUGAAAGUGACUA
miR161.2	AT2G26790_AT2G26790	1298	1318	1309	-31.70	-22.70	0.71608832807571	6.5	1-13,1318-1306;15-19,1304-1300	14-14,1305-1305[SIL];20-21,1299-1298[UP3]	..(((((.(((((((((((((&))))))))))))).)))))..	AUGUCGCGUUUGAUGCGUUGA&UCAAUGCAUUGAAAGUGACUA
miR161.2	AT1G06140_AT1G06140	1900	1924	1911	-31.70	-22.40	0.706624605678233	11	1-9,1924-1916;10-12,1911-1909;14-20,1907-1901	x-x,1915-1912[BULt];13-13,1908-1908[SIL];21-21,1900-1900[UP3]	.(((((((.(((....(((((((((&)))))))))----))).))))))).	AAGUCACUGUCAUAAGAUGCGUUGA&UCAAUGCAU----UGAAAGUGACUA
miR161.2	AT1G63070_AT1G63070	959	979	970	-31.70	-21.70	0.684542586750789	3.5	1-7,979-973;9-15,971-965;17-21,963-959	8-8,972-972[SIL];16-16,964-964[SIL]	(((((.(((((((.(((((((&))))))).))))))).)))))	UAGUCUUUUUCAACGCAUUGA&UCAAUGCAUUGAAAGUGACUA
miR161.2	AT1G03560_AT1G03560	1914	1934	1925	-31.70	-21.70	0.684542586750789	5.5	1-12,1934-1923;15-16,1920-1919;18-20,1917-1915	13-14,1922-1921[SIL];17-17,1918-1918[SIL];21-21,1914-1914[UP3]	.(((.((..((((((((((((&))))))))))))..)).))).	CAGUGAUGAUCAAUGCGUUGA&UCAAUGCAUUGAAAGUGACUA
miR161.2	AT5G25630_AT5G25630	1902	1929	1920	-31.70	-21.50	0.678233438485804	9.5	1-12,1929-1918;14-16,1916-1914;17-20,1906-1903	13-13,1917-1917[SIL];x-x,1913-1907[BULt];21-21,1902-1902[UP3]	.((((.......(((.((((((((((((&)))))))))))).)))-------)))).	GAGUCGAACAAAGCUAUCAAUGCAUUGA&UCAAUGCAUUGAAAGU-------GACUA
miR161.2	AT5G60960_AT5G60960	1009	1029	1020	-31.70	-21.50	0.678233438485804	5	1-16,1029-1014;19-20,1011-1010	17-18,1013-1012[SIL];21-21,1009-1009[UP3]	.((..((((((((((((((((&))))))))))))))))..)).	CAGAGACUUUCAAUGUGUUGA&UCAAUGCAUUGAAAGUGACUA
miR161.2	AT1G64100_AT1G64100	1153	1173	1164	-31.70	-21.10	0.665615141955836	6	1-16,1173-1158	17-21,1157-1153[UP3]	.....((((((((((((((((&)))))))))))))))).....	UUUUAACUUUUAAUGCAUUGA&UCAAUGCAUUGAAAGUGACUA
miR161.2	AT1G12700_AT1G12700	893	913	904	-31.70	-21.00	0.662460567823344	7	3-18,911-896	1-2,913-912[UP5];19-21,895-893[UP3]	...((((((((((((((((..&..))))))))))))))))...	UCAUCACUUUCAAUGUAUUAC&UCAAUGCAUUGAAAGUGACUA
miR161.2	AT1G12775_AT1G12775	1062	1082	1073	-31.70	-20.70	0.652996845425867	7	1-4,1082-1079;6-13,1077-1070;15-19,1068-1064	5-5,1078-1078[SIL];14-14,1069-1069[SIL];20-21,1063-1062[UP3]	..(((((.((((((((.((((&)))).)))))))).)))))..	UUGUCACAUUCAGUGUUUUGA&UCAAUGCAUUGAAAGUGACUA
miR161.2	AT1G12300_AT1G12300	1169	1189	1180	-31.70	-20.70	0.652996845425867	7	1-4,1189-1186;6-13,1184-1177;15-19,1175-1171	5-5,1185-1185[SIL];14-14,1176-1176[SIL];20-21,1170-1169[UP3]	..(((((.((((((((.((((&)))).)))))))).)))))..	UUGUCACAUUCAGUGUUUUGA&UCAAUGCAUUGAAAGUGACUA
miR400	AT1G62720_AT1G62720	985	1005	996	-30.00	-30.20	1	1	2-21,1004-985	1-1,1005-1005[UP5]	((((((((((((((((((((.&.))))))))))))))))))))	GUGACUUAUAAUACUCUCAUU&UAUGAGAGUAUUAUAAGUCAC
miR400	AT1G06580_AT1G06580	1304	1324	1315	-30.00	-31.80	1	0	1-21,1324-1304	NA	(((((((((((((((((((((&)))))))))))))))))))))	GUGACUUAUAAUACUCUCAUA&UAUGAGAGUAUUAUAAGUCAC
miR400	AT3G22470_AT3G22470	1221	1241	1232	-30.00	-29.60	0.986666666666667	2	1-21,1241-1221	NA	(((((((((((((((((((((&)))))))))))))))))))))	GUGACUUAUAGUAUUCUCAUA&UAUGAGAGUAUUAUAAGUCAC
miR400	AT2G31400_AT2G31400	1742	1762	1753	-30.00	-25.70	0.856666666666667	7	4-21,1759-1742	1-3,1762-1760[UP5]	((((((((((((((((((...&...))))))))))))))))))	GUGACUUAUAAUGCUCUUCUU&UAUGAGAGUAUUAUAAGUCAC
miR400	AT3G16710_AT3G16710	1113	1133	1124	-30.00	-25.40	0.846666666666667	2.5	1-10,1133-1124;12-21,1122-1113	11-11,1123-1123[SIL]	((((((((((.((((((((((&)))))))))).))))))))))	GUGAUUUAUACUACUCUCAUA&UAUGAGAGUAUUAUAAGUCAC
miR400	AT1G63130_AT1G63130	1525	1545	1536	-30.00	-25.30	0.843333333333333	2	1-12,1545-1534;14-21,1532-1525	13-13,1533-1533[SIL]	((((((((.((((((((((((&)))))))))))).))))))))	GUGACUUACAAUACUCUUAUA&UAUGAGAGUAUUAUAAGUCAC
miR400	AT1G62910_AT1G62910	1307	1327	1318	-30.00	-25.30	0.843333333333333	3	1-12,1327-1316;14-21,1314-1307	13-13,1315-1315[SIL]	((((((((.((((((((((((&)))))))))))).))))))))	GUGACUUACAGUACUCUUAUA&UAUGAGAGUAUUAUAAGUCAC
miR400	AT1G62930_AT1G62930	1186	1206	1197	-30.00	-25.30	0.843333333333333	2	1-12,1206-1195;14-21,1193-1186	13-13,1194-1194[SIL]	((((((((.((((((((((((&)))))))))))).))))))))	GUGACUUACAAUACUCUUAUA&UAUGAGAGUAUUAUAAGUCAC
miR400	AT1G62670_AT1G62670	1346	1366	1357	-30.00	-25.20	0.84	3	1-6,1366-1361;8-21,1359-1346	7-7,1360-1360[SIL]	((((((((((((((.((((((&)))))).))))))))))))))	GUGACUUAUAAUACGCUUAUA&UAUGAGAGUAUUAUAAGUCAC
miR400	AT1G63070_AT1G63070	1140	1160	1151	-30.00	-24.60	0.82	3.5	1-6,1160-1155;8-21,1153-1140	7-7,1154-1154[SIL]	((((((((((((((.((((((&)))))).))))))))))))))	GUGGCUUAUAAUACGCUUAUA&UAUGAGAGUAUUAUAAGUCAC
miR400	AT1G77405_AT1G77405	974	994	985	-30.00	-24.50	0.816666666666667	3	1-8,994-987;10-21,985-974	9-9,986-986[SIL]	((((((((((((.((((((((&)))))))).))))))))))))	GUGACUUAUAAUUCUUUCAUA&UAUGAGAGUAUUAUAAGUCAC
miR400	AT4G19440_AT4G19440	1341	1362	1353	-30.00	-23.90	0.796666666666667	2	1-15,1362-1348;17-19,1346-1344;20-21,1342-1341	16-16,1347-1347[SIL];x-x,1343-1343[BULt]	((.(((.(((((((((((((((&))))))))))))))).)))-))	GUCGACGUAUAAUACUCUCAUA&UAUGAGAGUAUUAUAAGUC-AC
miR400	AT1G63400_AT1G63400	1343	1363	1354	-30.00	-23.70	0.79	3	2-12,1362-1352;14-21,1350-1343	1-1,1363-1363[UP5];13-13,1351-1351[SIL]	((((((((.(((((((((((.&.))))))))))).))))))))	GUGACUUACAAUACUCUUAUU&UAUGAGAGUAUUAUAAGUCAC
miR400	AT5G39710_AT5G39710	1293	1313	1304	-30.00	-23.60	0.786666666666667	5	2-3,1312-1311;5-21,1309-1293	1-1,1313-1313[UP5];4-4,1310-1310[SIL]	(((((((((((((((((.((.&.)).)))))))))))))))))	GUGACUUAUAAUGCUUUGAUU&UAUGAGAGUAUUAUAAGUCAC
miR400	AT5G41170_AT5G41170	1093	1113	1104	-30.00	-23.28	0.776	6.5	1-8,1113-1106;12-21,1102-1093	9-11,1105-1103[SIL]	((((((((((...((((((((&))))))))...))))))))))	GUGGCUUAUACUUCUCUCAUA&UAUGAGAGUAUUAUAAGUCAC
miR400	AT1G64580_AT1G64580	1086	1106	1097	-30.00	-23.10	0.77	3	1-9,1106-1098;11-15,1096-1092;17-21,1090-1086	10-10,1097-1097[SIL];16-16,1091-1091[SIL]	(((((.(((((.(((((((((&))))))))).))))).)))))	GUGACCUAUAACACUCUCAUA&UAUGAGAGUAUUAUAAGUCAC
miR400	AT4G38010_AT4G38010	864	884	875	-30.00	-22.00	0.733333333333333	5.5	1-14,884-871;16-19,869-866	15-15,870-870[SIL];20-21,865-864[UP3]	..((((.((((((((((((((&)))))))))))))).))))..	GAGACUGGUAAUGCUCUUAUA&UAUGAGAGUAUUAUAAGUCAC
miR400	AT3G23020_AT3G23020	1999	2020	2011	-30.00	-21.80	0.726666666666667	4	2-15,2019-2006;17-18,2004-2003;19-21,2001-1999	1-1,2020-2020[UP5];16-16,2005-2005[SIL];x-x,2002-2002[BULt]	(((.((.((((((((((((((.&.)))))))))))))).))-)))	GUGUACAUAUAAUACUCUCGUC&UAUGAGAGUAUUAUAAGU-CAC
miR400	AT1G64583_AT1G64583	959	979	970	-30.00	-21.70	0.723333333333333	4	2-9,978-971;11-15,969-965;17-21,963-959	1-1,979-979[UP5];10-10,970-970[SIL];16-16,964-964[SIL]	(((((.(((((.((((((((.&.)))))))).))))).)))))	GUGACAUAUAACACUCUCAUU&UAUGAGAGUAUUAUAAGUCAC
miR400	AT5G39710_AT5G39710	978	998	989	-30.00	-21.60	0.72	3	2-18,997-981;20-21,979-978	1-1,998-998[UP5];19-19,980-980[SIL]	((.(((((((((((((((((.&.))))))))))))))))).))	GUUACUUAUAAUACUCUUAUU&UAUGAGAGUAUUAUAAGUCAC
miR400	AT1G69350_AT1G69350	504	524	515	-30.00	-21.60	0.72	6	2-12,523-513;14-21,511-504	1-1,524-524[UP5];13-13,512-512[SIL]	((((((((.(((((((((((.&.))))))))))).))))))))	GUGGCUUGGAGUACUCUUGUU&UAUGAGAGUAUUAUAAGUCAC
miR400	AT1G63150_AT1G63150	1300	1320	1311	-30.00	-21.40	0.713333333333333	5	1-6,1320-1315;8-19,1313-1302	7-7,1314-1314[SIL];20-21,1301-1300[UP3]	..((((((((((((.((((((&)))))).))))))))))))..	CAGACUUAUAAUACGCUUAUA&UAUGAGAGUAUUAUAAGUCAC
miR400	AT5G14350_AT5G14350	1472	1492	1483	-30.00	-21.30	0.71	5	1-5,1492-1488;7-12,1486-1481;14-21,1479-1472	6-6,1487-1487[SIL];13-13,1480-1480[SIL]	((((((((.((((((.(((((&))))).)))))).))))))))	GUGACUUACAAUGCUGUUAUA&UAUGAGAGUAUUAUAAGUCAC
miR400	AT5G16640_AT5G16640	1089	1109	1100	-30.00	-21.30	0.71	4	2-18,1108-1092;20-21,1090-1089	1-1,1109-1109[UP5];19-19,1091-1091[SIL]	((.(((((((((((((((((.&.))))))))))))))))).))	GUAACUUAUAGUAUUCUCAUU&UAUGAGAGUAUUAUAAGUCAC
miR400	AT1G62590_AT1G62590	1251	1271	1262	-30.00	-21.20	0.706666666666667	2	1-15,1271-1257;17-18,1255-1254;20-21,1252-1251	16-16,1256-1256[SIL];19-19,1253-1253[SIL]	((.((.(((((((((((((((&))))))))))))))).)).))	GUUACAUAUAAUACUCUCAUA&UAUGAGAGUAUUAUAAGUCAC
miR400	AT5G12100_AT5G12100	1747	1767	1758	-30.00	-21.10	0.703333333333333	5	2-6,1766-1762;8-9,1760-1759;11-21,1757-1747	1-1,1767-1767[UP5];7-7,1761-1761[SIL];10-10,1758-1758[SIL]	(((((((((((.((.(((((.&.))))).)).)))))))))))	GUGACUUAUAACACCCUCAUU&UAUGAGAGUAUUAUAAGUCAC
miR400	AT1G22960_AT1G22960	1442	1462	1453	-30.00	-21.00	0.7	3	1-3,1462-1460;5-15,1458-1448;17-21,1446-1442	4-4,1459-1459[SIL];16-16,1447-1447[SIL]	(((((.(((((((((((.(((&))).))))))))))).)))))	GUGACCUAUAAUACUCUAAUA&UAUGAGAGUAUUAUAAGUCAC
miR400	AT5G03800_AT5G03800	2591	2611	2602	-30.00	-20.90	0.696666666666667	10	4-9,2608-2603;11-21,2601-2591	1-3,2611-2609[UP5];10-10,2602-2602[SIL]	(((((((((((.((((((...&...)))))).)))))))))))	GUGACUUAUGGAAUUCUCUCG&UAUGAGAGUAUUAUAAGUCAC
miR400	AT3G46610_AT3G46610	1995	2016	2007	-30.00	-20.80	0.693333333333333	7.5	1-7,2016-2010;9-10,2008-2007;11-21,2005-1995	8-8,2009-2009[SIL];x-x,2006-2006[BULt]	(((((((((((.((.(((((((&))))))).))-)))))))))))	GUGGCUUAUGAGUGGUUUCAUA&UAUGAGAGUA-UUAUAAGUCAC
miR400	AT5G46680_AT5G46680	780	800	791	-30.00	-20.60	0.686666666666667	4	2-15,799-786;17-20,784-781	1-1,800-800[UP5];16-16,785-785[SIL];21-21,780-780[UP3]	.((((.((((((((((((((.&.)))))))))))))).)))).	AUGACGUAUAAUAUUCUCAUC&UAUGAGAGUAUUAUAAGUCAC
miR400	AT1G56570_AT1G56570	1797	1819	1810	-30.00	-20.50	0.683333333333333	7.5	1-15,1819-1805;16-19,1802-1799	x-x,1804-1803[BULt];20-21,1798-1797[UP3]	..((((..(((((((((((((((&)))))))))))))))--))))..	GGGACUUAUGUGAUGCUUUCAUA&UAUGAGAGUAUUAUA--AGUCAC
miR400	AT2G16880_AT2G16880	1224	1245	1235	-30.00	-20.30	0.676666666666667	8	4-8,1242-1238;9-14,1236-1231;16-21,1229-1224	1-3,1245-1243[UP5];x-x,1237-1237[BULt];15-15,1230-1230[SIL]	((((((.((((((.(((((...&...)))))-)))))).))))))	GUGACUCAUAAUAUCUCUCUUA&UAUGAGAG-UAUUAUAAGUCAC
miR400	AT1G20300_AT1G20300	1363	1383	1374	-30.00	-20.30	0.676666666666667	5.5	1-3,1383-1381;5-6,1379-1378;8-21,1376-1363	4-4,1380-1380[SIL];7-7,1377-1377[SIL]	((((((((((((((.((.(((&))).)).))))))))))))))	GUGACUUAUAAUAUACUGAUG&UAUGAGAGUAUUAUAAGUCAC
miR400	AT1G08070_AT1G08070	925	945	936	-30.00	-20.20	0.673333333333333	6.5	2-13,944-933;16-19,930-927	1-1,945-945[UP5];14-15,932-931[SIL];20-21,926-925[UP3]	..((((..((((((((((((.&.))))))))))))..))))..	AAGAUUGUUAAUGCUCUCAUU&UAUGAGAGUAUUAUAAGUCAC
miR400	AT3G16010_AT3G16010	2541	2563	2554	-30.00	-20.20	0.673333333333333	8	4-18,2560-2546;19-21,2543-2541	1-3,2563-2561[UP5];x-x,2545-2544[BULt]	(((..(((((((((((((((...&...)))))))))))))))--)))	GUGUCACUUAUAAUACUCUUCUU&UAUGAGAGUAUUAUAAGU--CAC
miR400	AT1G05750_AT1G05750	2546	2566	2557	-30.00	-20.10	0.67	8.5	4-18,2563-2549	1-3,2566-2564[UP5];19-21,2548-2546[UP3]	...(((((((((((((((...&...)))))))))))))))...	CAUACUUGUAAUACUCUCCAC&UAUGAGAGUAUUAUAAGUCAC
miR400	AT1G56570_AT1G56570	539	559	550	-30.00	-20.10	0.67	9.5	2-3,558-557;5-20,555-540	1-1,559-559[UP5];4-4,556-556[SIL];21-21,539-539[UP3]	.((((((((((((((((.((.&.)).)))))))))))))))).	UUGGCUUAUGGUGCUUUGGUU&UAUGAGAGUAUUAUAAGUCAC
miR400	AT1G74850_AT1G74850	1005	1025	1016	-30.00	-20.00	0.666666666666667	9	5-6,1021-1020;8-21,1018-1005	1-4,1025-1022[UP5];7-7,1019-1019[SIL]	((((((((((((((.((....&....)).))))))))))))))	GUGACUUAUAAUACACUGCUU&UAUGAGAGUAUUAUAAGUCAC
miR400	AT5G39680_AT5G39680	898	918	909	-30.00	-20.00	0.666666666666667	9	2-6,917-913;8-19,911-900	1-1,918-918[UP5];7-7,912-912[SIL];20-21,899-898[UP3]	..((((((((((((.(((((.&.))))).))))))))))))..	GAGGCUUGUGGUGCACUCAUU&UAUGAGAGUAUUAUAAGUCAC
miR400	AT1G63330_AT1G63330	1011	1031	1022	-30.00	-19.90	0.663333333333333	4	1-15,1031-1017;17-18,1015-1014	16-16,1016-1016[SIL];19-21,1013-1011[UP3]	...((.(((((((((((((((&))))))))))))))).))...	GAUACAUAUAAUACUCUCAUA&UAUGAGAGUAUUAUAAGUCAC
miR400	AT3G59040_AT3G59040	1415	1438	1429	-30.00	-19.90	0.663333333333333	8.5	1-9,1438-1430;12-17,1427-1422;18-21,1418-1415	10-11,1429-1428[SIL];x-x,1421-1419[BULt]	((((...((((((..(((((((((&)))))))))..))))))---))))	GUGAUUUCUUAUACCGCUCUCAUG&UAUGAGAGUAUUAUAAG---UCAC
miR400	AT2G42920_AT2G42920	4495	4518	4509	-30.00	-19.80	0.66	10	3-14,4516-4505;15-19,4501-4497	1-2,4518-4517[UP5];x-x,4504-4502[BULt];20-21,4496-4495[UP3]	..(((((...((((((((((((..&..))))))))))))---)))))..	ACGGCUUUGGGUAAUGCUCUCAGG&UAUGAGAGUAUUAU---AAGUCAC
miR400	AT5G27270_AT5G27270	2916	2935	2926	-30.00	-19.70	0.656666666666667	4.5	2-15,2934-2921;17-20,2920-2917	1-1,2935-2935[UP5];16-16,x-x[BULq];21-21,2916-2916[UP3]	.((((-((((((((((((((.&.)))))))))))))).)))).	UUGGC-UAUAAUACUCUUAUC&UAUGAGAGUAUUAUAAGUCAC
TAS1a_3D9	AT1G63330_AT1G63330	1262	1282	1273	-30.70	-32.60	1	1.5	1-21,1282-1262	NA	(((((((((((((((((((((&)))))))))))))))))))))	GAAGCUAGAGAAAGCAUUGGA&UCCAAUGCUUUUUCUAGUUUC
TAS1a_3D9	AT1G62590_AT1G62590	1502	1522	1513	-30.70	-32.60	1	1.5	1-21,1522-1502	NA	(((((((((((((((((((((&)))))))))))))))))))))	GAAGCUAGAGAAAGCAUUGGA&UCCAAUGCUUUUUCUAGUUUC
TAS1a_3D9	AT1G63320_AT1G63320	243	263	254	-30.70	-30.60	0.996742671009772	2.5	2-21,262-243	1-1,263-263[UP5]	((((((((((((((((((((.&.))))))))))))))))))))	GAAGCUAGAGAAAGCAUUGGU&UCCAAUGCUUUUUCUAGUUUC
TAS1a_3D9	AT1G62930_AT1G62930	1437	1457	1448	-30.70	-30.30	0.986970684039088	3	2-21,1456-1437	1-1,1457-1457[UP5]	((((((((((((((((((((.&.))))))))))))))))))))	GAAGCUGGAGAAAGCAUUGGU&UCCAAUGCUUUUUCUAGUUUC
TAS1a_3D9	AT1G12775_AT1G12775	1525	1545	1536	-30.70	-29.80	0.970684039087948	2.5	1-20,1545-1526	21-21,1525-1525[UP3]	.((((((((((((((((((((&)))))))))))))))))))).	AGAACUAGAGAAAGCAUUGGA&UCCAAUGCUUUUUCUAGUUUC
TAS1a_3D9	AT1G64100_AT1G64100	1604	1624	1615	-30.70	-28.40	0.925081433224756	4	1-4,1624-1621;6-21,1619-1604	5-5,1620-1620[SIL]	((((((((((((((((.((((&)))).))))))))))))))))	GAAACUAGAAGAGGCACUGGA&UCCAAUGCUUUUUCUAGUUUC
TAS1a_3D9	AT1G03560_AT1G03560	1315	1335	1326	-30.70	-28.30	0.921824104234528	4	1-16,1335-1320;18-21,1318-1315	17-17,1319-1319[SIL]	((((.((((((((((((((((&)))))))))))))))).))))	GAGAGUGGAAGAGGCAUUGGA&UCCAAUGCUUUUUCUAGUUUC
TAS1a_3D9	AT1G12700_AT1G12700	1356	1376	1367	-30.70	-27.60	0.899022801302932	2.5	1-14,1376-1363;16-21,1361-1356	15-15,1362-1362[SIL]	((((((.((((((((((((((&)))))))))))))).))))))	GAAGCUUGAAAAGGCAUUGGA&UCCAAUGCUUUUUCUAGUUUC
TAS1a_3D9	AT4G16835_AT4G16835	1345	1365	1356	-30.70	-27.10	0.882736156351792	7	3-21,1363-1345	1-2,1365-1364[UP5]	(((((((((((((((((((..&..)))))))))))))))))))	GAAGCUGGAGGAGGCAUUGAA&UCCAAUGCUUUUUCUAGUUUC
TAS1a_3D9	AT1G62670_AT1G62670	1597	1617	1608	-30.70	-26.70	0.869706840390879	4.5	2-4,1616-1614;6-21,1612-1597	1-1,1617-1617[UP5];5-5,1613-1613[SIL]	((((((((((((((((.(((.&.))).))))))))))))))))	GAAGCUAGAGAAAGCAAUGGU&UCCAAUGCUUUUUCUAGUUUC
TAS1a_3D9	AT1G63400_AT1G63400	1594	1614	1605	-30.70	-26.70	0.869706840390879	4.5	2-4,1613-1611;6-21,1609-1594	1-1,1614-1614[UP5];5-5,1610-1610[SIL]	((((((((((((((((.(((.&.))).))))))))))))))))	GAAGCUAGAGAAAGCAAUGGU&UCCAAUGCUUUUUCUAGUUUC
TAS1a_3D9	AT1G63080_AT1G63080	1480	1500	1491	-30.70	-26.70	0.869706840390879	4.5	2-4,1499-1497;6-21,1495-1480	1-1,1500-1500[UP5];5-5,1496-1496[SIL]	((((((((((((((((.(((.&.))).))))))))))))))))	GAAGCUAGAGAAAGCAAUGGU&UCCAAUGCUUUUUCUAGUUUC
TAS1a_3D9	AT4G21170_AT4G21170	1446	1466	1457	-30.70	-26.70	0.869706840390879	4	2-4,1465-1463;6-21,1461-1446	1-1,1466-1466[UP5];5-5,1462-1462[SIL]	((((((((((((((((.(((.&.))).))))))))))))))))	GAAACUAGAGAAAGCACUGGU&UCCAAUGCUUUUUCUAGUUUC
TAS1a_3D9	AT1G62720_AT1G62720	1227	1247	1238	-30.70	-26.30	0.856677524429967	4	2-16,1246-1232;18-21,1230-1227	1-1,1247-1247[UP5];17-17,1231-1231[SIL]	((((.(((((((((((((((.&.))))))))))))))).))))	GAGGGUAGAGAAAGCAUUGGU&UCCAAUGCUUUUUCUAGUUUC
TAS1a_3D9	AT1G62680_AT1G62680	1336	1356	1347	-30.70	-26.20	0.853420195439739	5	2-4,1355-1353;6-21,1351-1336	1-1,1356-1356[UP5];5-5,1352-1352[SIL]	((((((((((((((((.(((.&.))).))))))))))))))))	GGAGCUAGAGAAAGCACUGGU&UCCAAUGCUUUUUCUAGUUUC
TAS1a_3D9	AT1G12300_AT1G12300	1632	1652	1643	-30.70	-25.50	0.830618892508143	3	1-15,1652-1638;17-21,1636-1632	16-16,1637-1637[SIL]	(((((.(((((((((((((((&))))))))))))))).)))))	GGAAUCAGAAAAAGCGUUGGA&UCCAAUGCUUUUUCUAGUUUC
TAS1a_3D9	AT4G28010_AT4G28010	610	630	621	-30.70	-24.50	0.798045602605863	3.5	1-20,630-611	21-21,610-610[UP3]	.((((((((((((((((((((&)))))))))))))))))))).	AGAGUUAGAGAAAGCAUUGGA&UCCAAUGCUUUUUCUAGUUUC
TAS1a_3D9	AT3G16710_AT3G16710	1364	1384	1375	-30.70	-24.20	0.788273615635179	6	3-16,1382-1369;18-21,1367-1364	1-2,1384-1383[UP5];17-17,1368-1368[SIL]	((((.((((((((((((((..&..)))))))))))))).))))	GAAAGUAGAGAAGGCAUUGAU&UCCAAUGCUUUUUCUAGUUUC
TAS1a_3D9	AT5G16640_AT5G16640	1340	1360	1351	-30.70	-24.10	0.785016286644951	3.5	2-16,1359-1345;18-21,1343-1340	1-1,1360-1360[UP5];17-17,1344-1344[SIL]	((((.(((((((((((((((.&.))))))))))))))).))))	GAAGAUAGAGAAAGCAUUGGU&UCCAAUGCUUUUUCUAGUUUC
TAS1a_3D9	AT4G22760_AT4G22760	1767	1788	1778	-30.70	-23.90	0.778501628664495	7	3-4,1786-1785;5-21,1783-1767	1-2,1788-1787[UP5];x-x,1784-1784[BULt]	(((((((((((((((((.((..&..))-)))))))))))))))))	GAGGCUAGAAGAAGCAUAUGAG&UCCA-AUGCUUUUUCUAGUUUC
TAS1a_3D9	AT3G23330_AT3G23330	1555	1575	1566	-30.70	-23.80	0.775244299674267	9	5-21,1571-1555	1-4,1575-1572[UP5]	(((((((((((((((((....&....)))))))))))))))))	GAAGCUGGAAGAAGCAUACAA&UCCAAUGCUUUUUCUAGUUUC
TAS1a_3D9	AT1G63150_AT1G63150	1551	1571	1562	-30.70	-23.78	0.774592833876222	7.5	2-9,1570-1563;13-21,1559-1551	1-1,1571-1571[UP5];10-12,1562-1560[SIL]	(((((((((...((((((((.&.))))))))...)))))))))	GAAGCUAGAUACAGCAUUGGU&UCCAAUGCUUUUUCUAGUUUC
TAS1a_3D9	AT4G01570_AT4G01570	1344	1370	1355	-30.70	-23.70	0.771986970684039	15.5	2-5,1369-1366;6-21,1359-1344	1-1,1370-1370[UP5];x-x,1365-1360[BULt]	((((((((((((((((......((((.&.))))------))))))))))))))))	GAAGCUAGAAGGAGCAGUAAAAUUGGU&UCCAA------UGCUUUUUCUAGUUUC
TAS1a_3D9	AT5G41170_AT5G41170	1458	1478	1469	-30.70	-23.70	0.771986970684039	6.5	3-5,1476-1474;7-21,1472-1458	1-2,1478-1477[UP5];6-6,1473-1473[SIL]	(((((((((((((((.(((..&..))).)))))))))))))))	GAAGCUAGAGAAAGCCUUGAU&UCCAAUGCUUUUUCUAGUUUC
TAS1a_3D9	AT4G26800_AT4G26800	1330	1350	1341	-30.70	-23.70	0.771986970684039	6	3-16,1348-1335;18-21,1333-1330	1-2,1350-1349[UP5];17-17,1334-1334[SIL]	((((.((((((((((((((..&..)))))))))))))).))))	GGAGGUAGAGAAAGCAUUGAG&UCCAAUGCUUUUUCUAGUUUC
TAS1a_3D9	AT2G41720_AT2G41720	1189	1210	1200	-30.70	-23.50	0.765472312703583	8.5	1-4,1210-1207;7-8,1204-1203;9-21,1201-1189	5-6,1206-1205[SIL];x-x,1202-1202[BULt]	(((((((((((((.((..((((&))))..))-)))))))))))))	GAAACUGGAGAGAGGCUCUGGA&UCCAAUGC-UUUUUCUAGUUUC
TAS1a_3D9	AT3G49710_AT3G49710	1491	1512	1502	-30.70	-23.50	0.765472312703583	8.5	1-2,1512-1511;3-3,1509-1509;6-21,1506-1491	x-x,1510-1510[BULt];4-5,1508-1507[SIL]	((((((((((((((((..(.((&))-)..))))))))))))))))	GAAGCUAGAAGAGGCAGAGAGA&UC-CAAUGCUUUUUCUAGUUUC
TAS1a_3D9	AT3G15200_AT3G15200	888	908	899	-30.70	-23.20	0.755700325732899	6.5	1-4,908-905;7-21,902-888	5-6,904-903[SIL]	(((((((((((((((..((((&))))..)))))))))))))))	GAAAUUGGGAAAGGCUAUGGA&UCCAAUGCUUUUUCUAGUUUC
TAS1a_3D9	AT1G06580_AT1G06580	1554	1575	1566	-30.70	-23.10	0.752442996742671	3.5	2-16,1574-1560;18-21,1557-1554	1-1,1575-1575[UP5];17-17,1559-1558[AILt]	((((..(((((((((((((((.&.)))))))))))))))-.))))	GAAAAAUAGGAAAAGCAUUGGU&UCCAAUGCUUUUUCUA-GUUUC
TAS1a_3D9	AT1G31920_AT1G31920	1327	1348	1339	-30.70	-23.10	0.752442996742671	5.5	1-14,1348-1335;16-18,1333-1331;20-21,1328-1327	15-15,1334-1334[SIL];19-19,1330-1329[AILt]	((..(((.((((((((((((((&)))))))))))))).)))-.))	GAUUGCUCGAGGAAGCAUUGGA&UCCAAUGCUUUUUCUAGU-UUC
TAS1a_3D9	AT5G25630_AT5G25630	974	994	985	-30.70	-23.10	0.752442996742671	8	1-3,994-992;5-16,990-979;18-21,977-974	4-4,991-991[SIL];17-17,978-978[SIL]	((((.((((((((((((.(((&))).)))))))))))).))))	GAAGGUGGAGGAGGCGUGGGA&UCCAAUGCUUUUUCUAGUUUC
TAS1a_3D9	AT1G63130_AT1G63130	1776	1796	1787	-30.70	-23.00	0.749185667752443	5.5	2-9,1795-1788;11-16,1786-1781;18-21,1779-1776	1-1,1796-1796[UP5];10-10,1787-1787[SIL];17-17,1780-1780[SIL]	((((.((((((.((((((((.&.)))))))).)))))).))))	GAAGGUAGAGACAGCAUUGGU&UCCAAUGCUUUUUCUAGUUUC
TAS1a_3D9	AT3G48250_AT3G48250	1360	1381	1371	-30.70	-23.00	0.749185667752443	8	1-3,1381-1379;6-21,1375-1360	4-5,1378-1376[AILt]	((((((((((((((((...(((&)))-..))))))))))))))))	GAGAUUAGAAGAAGCACGAGGA&UCC-AAUGCUUUUUCUAGUUUC
TAS1a_3D9	AT1G12620_AT1G12620	1843	1863	1854	-30.70	-22.80	0.742671009771987	4.5	1-4,1863-1860;6-15,1858-1849;17-21,1847-1843	5-5,1859-1859[SIL];16-16,1848-1848[SIL]	(((((.((((((((((.((((&)))).)))))))))).)))))	GGAACCAGAAAAAGCGCUGGA&UCCAAUGCUUUUUCUAGUUUC
TAS1a_3D9	AT1G64310_AT1G64310	1377	1397	1388	-30.70	-22.80	0.742671009771987	4	1-2,1397-1396;4-20,1394-1378	3-3,1395-1395[SIL];21-21,1377-1377[UP3]	.(((((((((((((((((.((&)).))))))))))))))))).	AAAACUAGAAGAAGCAUUUGA&UCCAAUGCUUUUUCUAGUUUC
TAS1a_3D9	AT5G27110_AT5G27110	581	600	591	-30.70	-22.80	0.742671009771987	6	1-5,600-596;7-15,594-586;17-21,585-581	6-6,595-595[SIL];16-16,x-x[BULq]	(((((-(((((((((.(((((&))))).))))))))).)))))	GAGGC-AGAGAAGGCUUUGGA&UCCAAUGCUUUUUCUAGUUUC
TAS1a_3D9	AT1G62914_AT1G62914	1692	1712	1703	-30.70	-22.50	0.732899022801303	5.5	2-4,1711-1709;6-12,1707-1701;14-21,1699-1692	1-1,1712-1712[UP5];5-5,1708-1708[SIL];13-13,1700-1700[SIL]	((((((((.(((((((.(((.&.))).))))))).))))))))	GAAGCUAGCGAAAGCAAUGGU&UCCAAUGCUUUUUCUAGUUUC
TAS1a_3D9	AT1G62910_AT1G62910	1558	1578	1569	-30.70	-22.50	0.732899022801303	5.5	2-4,1577-1575;6-12,1573-1567;14-21,1565-1558	1-1,1578-1578[UP5];5-5,1574-1574[SIL];13-13,1566-1566[SIL]	((((((((.(((((((.(((.&.))).))))))).))))))))	GAAGCUAGCGAAAGCAAUGGU&UCCAAUGCUUUUUCUAGUUUC
TAS1a_3D9	AT5G57250_AT5G57250	957	978	969	-30.70	-22.40	0.729641693811075	6.5	1-14,978-965;17-21,961-957	15-16,964-962[AILt]	(((((...((((((((((((((&))))))))))))))-..)))))	GGAAUGUUGAAGAAGCGUUGGG&UCCAAUGCUUUUUC-UAGUUUC
TAS1a_3D9	AT1G19720_AT1G19720	291	310	301	-30.70	-22.30	0.726384364820847	6.5	1-4,310-307;7-14,304-297;16-21,296-291	5-6,306-305[SIL];15-15,x-x[BULq]	((((((-((((((((..((((&))))..)))))))).))))))	GAAGCU-GAGAAAGCUCUGGA&UCCAAUGCUUUUUCUAGUUUC
TAS1a_3D9	AT3G49240_AT3G49240	662	682	673	-30.70	-22.30	0.726384364820847	7	1-8,682-675;11-14,672-669;17-21,666-662	9-10,674-673[SIL];15-16,668-667[SIL]	(((((..((((..((((((((&))))))))..))))..)))))	GAAACCUGAAAUUGCGUUGGA&UCCAAUGCUUUUUCUAGUUUC
TAS1a_3D9	AT4G37380_AT4G37380	818	841	832	-30.70	-22.30	0.726384364820847	9.5	1-10,841-832;11-18,829-822;19-21,820-818	x-x,831-830[BULt];x-x,821-821[BULt]	(((.((((((((..((((((((((&))))))))))--))))))))-)))	GAGCGCUGGAAACUGGGCGUUGGA&UCCAAUGCUU--UUUCUAGU-UUC
TAS1a_3D9	AT3G07290_AT3G07290	1026	1047	1037	-30.70	-22.10	0.719869706840391	5.5	2-5,1046-1043;6-14,1041-1033;16-21,1031-1026	1-1,1047-1047[UP5];x-x,1042-1042[BULt];15-15,1032-1032[SIL]	((((((.(((((((((.((((.&.))))-))))))))).))))))	GAGACUUGAAGAAGCAUUUGGC&UCCAA-UGCUUUUUCUAGUUUC
TAS1a_3D9	AT1G09220_AT1G09220	1368	1389	1379	-30.70	-22.00	0.716612377850163	9	1-4,1389-1386;7-9,1383-1381;10-21,1379-1368	5-6,1385-1384[SIL];x-x,1380-1380[BULt]	((((((((((((.(((..((((&))))..)))-))))))))))))	GGAGCUAGAGAGAAGCCAUGGA&UCCAAUGCU-UUUUCUAGUUUC
TAS1a_3D9	AT3G14730_AT3G14730	1744	1772	1763	-30.70	-21.80	0.710097719869707	20.5	1-11,1772-1762;12-21,1753-1744	x-x,1761-1754[BULt]	((((((((((........(((((((((((&)))))))))))--------))))))))))	GAAGCUGGGAAGUACGAGGAAGUGUUGGA&UCCAAUGCUUU--------UUCUAGUUUC
TAS1a_3D9	AT5G15340_AT5G15340	912	940	931	-30.70	-21.70	0.706840390879479	21	1-12,940-929;13-21,920-912	x-x,928-921[BULt]	(((((((((........((((((((((((&))))))))))))--------)))))))))	GGAGCUGGGUUUACAAGGGAAGUAUUGGA&UCCAAUGCUUUU--------UCUAGUUUC
TAS1a_3D9	AT5G59900_AT5G59900	169	190	180	-30.70	-21.70	0.706840390879479	10	3-8,188-183;10-21,180-169	1-2,190-189[UP5];9-9,182-181[AILt]	((((((((((((..((((((..&..))))))-.))))))))))))	GGAGCUGGGAGAUCGCAUUGAG&UCCAAUGC-UUUUUCUAGUUUC
TAS1a_3D9	AT1G80550_AT1G80550	270	291	282	-30.70	-21.60	0.703583061889251	6.5	1-13,291-279;14-19,277-272	x-x,278-278[BULt];20-21,271-270[UP3]	..((((((.(((((((((((((&)))))))))))))-))))))..	ACGAUUGGCAAAAGGCGUUGGA&UCCAAUGCUUUUU-CUAGUUUC
TAS1a_3D9	AT5G38730_AT5G38730	1337	1357	1348	-30.70	-21.60	0.703583061889251	7	1-3,1357-1355;6-8,1352-1350;10-21,1348-1337	4-5,1354-1353[SIL];9-9,1349-1349[SIL]	((((((((((((.(((..(((&)))..))).))))))))))))	GGAACUGGAAAAUGCAAAGGA&UCCAAUGCUUUUUCUAGUUUC
TAS1a_3D9	AT1G19520_AT1G19520	1074	1098	1087	-30.70	-21.60	0.703583061889251	9	1-6,1098-1093;7-15,1090-1082;16-21,1079-1074	x-x,1092-1091[BULt];x-x,1081-1080[BULt]	((((((..(((((((((..((((((&))))))--)))))))))--))))))	GAAGCUGAGGAAGAGGCUGAUUGGA&UCCAAU--GCUUUUUCU--AGUUUC
TAS1a_3D9	AT1G15510_AT1G15510	266	286	277	-30.70	-21.50	0.700325732899023	10	3-4,284-283;7-21,280-266	1-2,286-285[UP5];5-6,282-281[SIL]	(((((((((((((((..((..&..))..)))))))))))))))	GAAGCUGGAGGAAGCUAUGAA&UCCAAUGCUUUUUCUAGUUUC
TAS1a_3D9	AT2G16880_AT2G16880	1583	1603	1594	-30.70	-21.50	0.700325732899023	5.5	1-5,1603-1599;7-16,1597-1588;18-20,1586-1584	6-6,1598-1598[SIL];17-17,1587-1587[SIL];21-21,1583-1583[UP3]	.(((.((((((((((.(((((&))))).)))))))))).))).	AAAAGUGGAGAAAGCUUUGGA&UCCAAUGCUUUUUCUAGUUUC
TAS1a_3D9	AT5G40400_AT5G40400	1387	1409	1400	-30.70	-21.50	0.700325732899023	7.5	2-15,1408-1395;16-18,1392-1390;20-21,1388-1387	1-1,1409-1409[UP5];x-x,1394-1393[BULt];19-19,1389-1389[SIL]	((.(((..((((((((((((((.&.))))))))))))))--))).))	GAUGCUAUAGAGGAGGCAUUGGU&UCCAAUGCUUUUUCU--AGUUUC
TAS1a_3D9	AT3G59040_AT3G59040	2688	2708	2699	-30.70	-21.28	0.693159609120521	10	1-3,2708-2706;7-20,2702-2689	4-6,2705-2703[SIL];21-21,2688-2688[UP3]	.((((((((((((((...(((&)))...)))))))))))))).	UGAGCUAGAGGAAGCUAAGGA&UCCAAUGCUUUUUCUAGUUUC
TAS1a_3D9	AT5G65560_AT5G65560	1203	1223	1214	-30.70	-21.20	0.690553745928339	8.5	3-6,1221-1218;8-18,1216-1206;20-21,1204-1203	1-2,1223-1222[UP5];7-7,1217-1217[SIL];19-19,1205-1205[SIL]	((.(((((((((((.((((..&..)))).))))))))))).))	GAUGCUAGAGAAAGGGUUGAU&UCCAAUGCUUUUUCUAGUUUC
TAS1a_3D9	AT3G04760_AT3G04760	1539	1557	1550	-30.70	-21.10	0.687296416938111	7.5	2-4,1556-1554;7-21,1553-1539	1-1,1557-1557[UP5];5-6,x-x[BULq]	(((((((((((((((--(((.&.)))..)))))))))))))))	GAAACUAGGAGAAGU--UGGC&UCCAAUGCUUUUUCUAGUUUC
TAS1a_3D9	AT5G66520_AT5G66520	984	1003	994	-30.70	-21.10	0.687296416938111	4.5	1-5,1003-999;7-16,997-988;18-21,987-984	6-6,998-998[SIL];17-17,x-x[BULq]	((((-((((((((((.(((((&))))).)))))))))).))))	GAAA-UGGAAGAAGCUUUGGA&UCCAAUGCUUUUUCUAGUUUC
TAS1a_3D9	AT3G26782_AT3G26782	438	457	449	-30.70	-21.00	0.684039087947883	8.5	1-3,457-455;6-8,453-451;10-21,449-438	4-5,454-454[AILq];9-9,450-450[SIL]	((((((((((((.(((.-(((&)))..))).))))))))))))	GAAACUGGAGGAUGCAC-GGA&UCCAAUGCUUUUUCUAGUUUC
TAS1a_3D9	AT1G16480_AT1G16480	924	950	935	-30.70	-21.00	0.684039087947883	18.5	1-4,950-947;6-9,945-942;10-21,935-924	5-5,946-946[SIL];x-x,941-936[BULt]	((((((((((((......((((.((((&)))).))))------))))))))))))	GGGACUGGAGAGUAAGCUGGCAGUGGA&UCCAAUGCU------UUUUCUAGUUUC
TAS1a_3D9	AT4G11690_AT4G11690	1056	1076	1067	-30.70	-20.90	0.680781758957655	8	3-20,1074-1057	1-2,1076-1075[UP5];21-21,1056-1056[UP3]	.((((((((((((((((((..&..)))))))))))))))))).	AAAAUUAGGGAAGGCGUUGAG&UCCAAUGCUUUUUCUAGUUUC
TAS1a_3D9	AT3G22690_AT3G22690	3149	3170	3161	-30.70	-20.90	0.680781758957655	5.5	1-13,3170-3158;16-21,3154-3149	14-15,3157-3155[AILt]	((((((...(((((((((((((&)))))))))))))-..))))))	GAGAUUUCAGAAAGGCAUUGGA&UCCAAUGCUUUUU-CUAGUUUC
TAS1a_3D9	AT4G38010_AT4G38010	1520	1540	1531	-30.70	-20.70	0.674267100977199	7.5	1-11,1540-1530;13-17,1528-1524	12-12,1529-1529[SIL];18-21,1523-1520[UP3]	....(((((.(((((((((((&))))))))))).)))))....	AUUGUUAGAUGAAGCAUUGGA&UCCAAUGCUUUUUCUAGUUUC
TAS1a_3D9	AT1G74580_AT1G74580	1864	1884	1875	-30.70	-20.70	0.674267100977199	6.5	1-5,1884-1880;7-11,1878-1874;13-20,1872-1865	6-6,1879-1879[SIL];12-12,1873-1873[SIL];21-21,1864-1864[UP3]	.((((((((.(((((.(((((&))))).))))).)))))))).	CAAACUAGAUGAAGCCUUGGG&UCCAAUGCUUUUUCUAGUUUC
TAS1a_3D9	AT3G14730_AT3G14730	1554	1575	1565	-30.70	-20.60	0.671009771986971	8.5	3-4,1573-1572;5-20,1570-1555	1-2,1575-1574[UP5];x-x,1571-1571[BULt];21-21,1554-1554[UP3]	.((((((((((((((((.((..&..))-)))))))))))))))).	CAAGCUAGAGGAAGCAUAUGAG&UCCA-AUGCUUUUUCUAGUUUC
TAS1a_3D9	AT5G52850_AT5G52850	2036	2058	2048	-30.70	-20.60	0.671009771986971	10	1-3,2058-2056;6-19,2052-2039;20-21,2037-2036	4-5,2055-2053[AILt];x-x,2038-2038[BULt]	((.((((((((((((((...(((&)))-..))))))))))))))-))	GACGGCUAGAGGAAGCAACAGGA&UCC-AAUGCUUUUUCUAGUU-UC
TAS1a_3D9	AT5G65570_AT5G65570	1554	1571	1565	-30.70	-20.60	0.671009771986971	9	1-3,1571-1569;7-21,1568-1554	4-6,x-x[BULq]	(((((((((((((((---(((&)))...)))))))))))))))	GAGAUUAGAGGAAGC---GGA&UCCAAUGCUUUUUCUAGUUUC
TAS1a_3D9	AT4G01030_AT4G01030	203	224	215	-30.70	-20.60	0.671009771986971	7.5	1-4,224-221;7-15,218-210;16-21,208-203	5-6,220-219[SIL];x-x,209-209[BULt]	((((((.(((((((((..((((&))))..)))))))))-))))))	GGAAUUGGGAAAAGGCUGUGGA&UCCAAUGCUUUUUCU-AGUUUC
TAS1a_3D9	AT5G46580_AT5G46580	1001	1022	1014	-30.70	-20.60	0.671009771986971	9.5	1-3,1022-1020;6-15,1018-1009;16-21,1006-1001	4-5,1019-1019[AILq];x-x,1008-1007[BULt]	((((((..((((((((((.-(((&)))..))))))))))--))))))	GAAGCUAUGGGGAGAGCAG-GGA&UCCAAUGCUUUUUCU--AGUUUC
TAS1a_3D9	AT1G63070_AT1G63070	1391	1411	1402	-30.70	-20.50	0.667752442996743	6	2-9,1410-1403;11-16,1401-1396;19-21,1393-1391	1-1,1411-1411[UP5];10-10,1402-1402[SIL];17-18,1395-1394[SIL]	(((..((((((.((((((((.&.)))))))).))))))..)))	GAAUGUAGAGACAGCAUUGGU&UCCAAUGCUUUUUCUAGUUUC
TAS1a_3D9	AT5G04810_AT5G04810	1809	1829	1820	-30.70	-20.50	0.667752442996743	6.5	2-12,1828-1818;14-15,1816-1815;17-21,1813-1809	1-1,1829-1829[UP5];13-13,1817-1817[SIL];16-16,1814-1814[SIL]	(((((.((.(((((((((((.&.))))))))))).)).)))))	GGAGCGGGCAGAGGCAUUGGU&UCCAAUGCUUUUUCUAGUUUC
TAS1a_3D9	AT1G56570_AT1G56570	2010	2027	2020	-30.70	-20.40	0.664495114006515	6.5	1-4,2027-2024;7-12,2023-2018;14-21,2017-2010	5-6,x-x[BULq];13-13,x-x[BULq]	((((((((-((((((--((((&))))..)))))).))))))))	GAGACUAG-AGAAGC--UGGA&UCCAAUGCUUUUUCUAGUUUC
TAS1a_3D9	AT4G22760_AT4G22760	2152	2172	2162	-30.70	-20.40	0.664495114006515	7	1-6,2172-2167;8-14,2164-2158;16-21,2157-2152	7-7,2166-2165[AILt];15-15,x-x[BULq]	((((((-(((((((..((((((&))))))-.))))))).))))))	GAAACU-GAAGAAGAAGUUGGA&UCCAAU-GCUUUUUCUAGUUUC
TAS1a_3D9	AT5G59200_AT5G59200	699	726	710	-30.70	-20.40	0.664495114006515	17.5	1-9,726-718;10-15,710-705;17-21,703-699	x-x,717-711[BULt];16-16,704-704[SIL]	(((((.((((((.......(((((((((&)))))))))-------)))))).)))))	GAAACAAGGAGAUGAACAAAGCGUUGGA&UCCAAUGCU-------UUUUCUAGUUUC
TAS1a_3D9	AT1G32415_AT1G32415	2073	2096	2083	-30.70	-20.30	0.661237785016287	13	1-4,2096-2093;5-12,2088-2081;14-21,2080-2073	x-x,2092-2089[BULt];13-13,x-x[BULq]	((((((((-((((((((....((((&))))----)))))))).))))))))	GGGACUAG-GGAGGCAUGAUAUGGA&UCCA----AUGCUUUUUCUAGUUUC
TAS1a_3D9	AT5G06400_AT5G06400	2912	2931	2923	-30.70	-20.30	0.661237785016287	6.5	1-5,2931-2927;7-16,2926-2917;18-20,2915-2913	6-6,x-x[BULq];17-17,2916-2916[SIL];21-21,2912-2912[UP3]	.(((.((((((((((-(((((&))))).)))))))))).))).	AAAAGUGGAAGAGGC-UUGGA&UCCAAUGCUUUUUCUAGUUUC
TAS1a_3D9	AT4G37170_AT4G37170	588	608	599	-30.70	-20.30	0.661237785016287	7.5	2-14,607-595;17-19,592-590	1-1,608-608[UP5];15-16,594-593[SIL];20-21,589-588[UP3]	..(((..(((((((((((((.&.)))))))))))))..)))..	UCAGCCUGAAGAGGCAUUGGU&UCCAAUGCUUUUUCUAGUUUC
TAS1a_3D9	AT2G30100_AT2G30100	514	534	525	-30.70	-20.20	0.657980456026059	8	1-3,534-532;6-15,529-520;18-21,517-514	4-5,531-530[SIL];16-17,519-518[SIL]	((((..((((((((((..(((&)))..))))))))))..))))	GGAAGAAGGAGAAGCAGAGGA&UCCAAUGCUUUUUCUAGUUUC
TAS1a_3D9	AT4G21190_AT4G21190	490	510	501	-30.70	-20.20	0.657980456026059	5.5	1-6,510-505;8-15,503-496;17-20,494-491	7-7,504-504[SIL];16-16,495-495[SIL];21-21,490-490[UP3]	.((((.((((((((.((((((&)))))).)))))))).)))).	AAAACAAGGAAGAGGAUUGGA&UCCAAUGCUUUUUCUAGUUUC
TAS1a_3D9	AT3G16010_AT3G16010	1288	1308	1299	-30.70	-20.20	0.657980456026059	5.5	1-12,1308-1297;14-14,1295-1295;16-20,1293-1289	13-13,1296-1296[SIL];15-15,1294-1294[SIL];21-21,1288-1288[UP3]	.(((((.(.((((((((((((&)))))))))))).).))))).	UGAGCUUGUGAAAGCAUUGGG&UCCAAUGCUUUUUCUAGUUUC
TAS1a_3D9	AT5G02860_AT5G02860	1089	1109	1100	-30.70	-20.10	0.654723127035831	10	1-4,1109-1106;6-11,1104-1099;13-18,1097-1092	5-5,1105-1105[SIL];12-12,1098-1098[SIL];19-21,1091-1089[UP3]	...((((((.((((((.((((&)))).)))))).))))))...	UAUGCUGGAUGAGGCAAUGGA&UCCAAUGCUUUUUCUAGUUUC
TAS1a_3D9	AT3G62540_AT3G62540	1311	1330	1323	-30.70	-20.10	0.654723127035831	7	1-4,1330-1327;7-15,1326-1318;16-21,1316-1311	5-6,x-x[BULq];x-x,1317-1317[BULt]	((((((.(((((((((--((((&))))..)))))))))-))))))	GGGACUCAGAAGAAGC--UGGA&UCCAAUGCUUUUUCU-AGUUUC
TAS1a_3D9	AT1G03100_AT1G03100	1683	1706	1694	-30.70	-20.10	0.654723127035831	8.5	1-4,1706-1703;5-12,1699-1692;14-21,1690-1683	x-x,1702-1700[BULt];13-13,1691-1691[SIL]	((((((((.((((((((...((((&))))---)))))))).))))))))	GAAAUUAGCAAAGGCAUUCCUGGA&UCCA---AUGCUUUUUCUAGUUUC
TAS1a_3D9	AT2G15980_AT2G15980	895	914	905	-30.70	-20.10	0.654723127035831	7	1-3,914-912;5-15,910-900;17-21,899-895	4-4,911-911[SIL];16-16,x-x[BULq]	(((((-(((((((((((.(((&))).))))))))))).)))))	GAAGC-GGAGAAGGUAUGGGA&UCCAAUGCUUUUUCUAGUUUC
TAS1a_3D9	AT5G14820_AT5G14820	1522	1541	1534	-30.70	-20.10	0.654723127035831	7	1-4,1541-1538;7-15,1537-1529;16-21,1527-1522	5-6,x-x[BULq];x-x,1528-1528[BULt]	((((((.(((((((((--((((&))))..)))))))))-))))))	GGGACUCAGAAGAAGC--UGGA&UCCAAUGCUUUUUCU-AGUUUC
TAS1a_3D9	AT3G62470_AT3G62470	1535	1554	1547	-30.70	-20.10	0.654723127035831	7	1-4,1554-1551;7-15,1550-1542;16-21,1540-1535	5-6,x-x[BULq];x-x,1541-1541[BULt]	((((((.(((((((((--((((&))))..)))))))))-))))))	GGGACUCAGAAGAAGC--UGGA&UCCAAUGCUUUUUCU-AGUUUC
TAS1a_3D9	AT3G22470_AT3G22470	1472	1492	1483	-30.70	-20.08	0.654071661237785	5.5	1-11,1492-1482;15-20,1478-1473	12-14,1481-1479[SIL];21-21,1472-1472[UP3]	.((((((...(((((((((((&)))))))))))...)))))).	UGAACUAAAUAAAGCAUUGGA&UCCAAUGCUUUUUCUAGUUUC
TAS1a_3D9	AT5G55840_AT5G55840	4500	4520	4511	-30.70	-20.04	0.652768729641694	11	1-8,4520-4513;14-21,4507-4500	9-13,4512-4508[SIL]	((((((((.....((((((((&)))))))).....))))))))	GAAACUAGUUGUUGUGUUGGA&UCCAAUGCUUUUUCUAGUUUC
TAS1a_3D9	AT5G67570_AT5G67570	678	699	690	-30.70	-20.02	0.652117263843648	6	1-13,699-687;17-21,682-678	14-16,686-683[AILt]	(((((....(((((((((((((&)))))))))))))-...)))))	GAAAUCAAUGAGAAGCAUUGGA&UCCAAUGCUUUUU-CUAGUUUC
TAS1a_3D9	AT2G20710_AT2G20710	1414	1436	1427	-30.70	-20.00	0.651465798045603	9.5	1-3,1436-1434;6-16,1431-1421;17-21,1418-1414	4-5,1433-1432[SIL];x-x,1420-1419[BULt]	(((((..(((((((((((..(((&)))..)))))))))))--)))))	GGAAUGAUGGAGAAGGCAGAGGA&UCCAAUGCUUUUUCUA--GUUUC
TAS1a_3D9	AT4G19440_AT4G19440	1698	1720	1709	-30.70	-19.96	0.650162866449511	14	1-3,1720-1718;7-11,1712-1708;13-21,1706-1698	4-6,1717-1713[AILt];12-12,1707-1707[SIL]	(((((((((.(((((.....(((&)))--...))))).)))))))))	GAAGCUGGAUGAAGCUUUUAGGA&UCC--AAUGCUUUUUCUAGUUUC
TAS1b_3D4	AT1G63630_AT1G63630	174	194	185	-32.50	-29.40	0.904615384615385	1.5	1-14,194-181;16-21,179-174	15-15,180-180[SIL]	((((((.((((((((((((((&)))))))))))))).))))))	GUUGAUCGGAUGGUAGAAGAA&UUCUUCUACCAUCCUAUCAAU
TAS1b_3D4	AT2G01390_AT2G01390	690	710	701	-32.50	-27.20	0.836923076923077	5.5	1-10,710-701;12-19,699-692	11-11,700-700[SIL];20-21,691-690[UP3]	..((((((((.((((((((((&)))))))))).))))))))..	GCUGAUGGGAGGGUGGAAGAA&UUCUUCUACCAUCCUAUCAAU
TAS1b_3D4	AT1G12700_AT1G12700	541	561	552	-32.50	-25.60	0.787692307692308	9	4-18,558-544	1-3,561-559[UP5];19-21,543-541[UP3]	...(((((((((((((((...&...)))))))))))))))...	GUCGAUAGGAUGGUGGAAAAC&UUCUUCUACCAUCCUAUCAAU
TAS1b_3D4	AT1G79080_AT1G79080	1130	1149	1140	-32.50	-25.50	0.784615384615385	7.5	1-10,1149-1140;12-19,1139-1132	11-11,x-x[BULq];20-21,1131-1130[UP3]	..((((((((-((((((((((&)))))))))).))))))))..	UGUGAUGGGA-GGUGGGAGGA&UUCUUCUACCAUCCUAUCAAU
TAS1b_3D4	AT4G20740_AT4G20740	777	797	788	-32.50	-25.20	0.775384615384615	8.5	2-11,796-787;13-18,785-780	1-1,797-797[UP5];12-12,786-786[SIL];19-21,779-777[UP3]	...((((((.((((((((((.&.)))))))))).))))))...	GAAGAUGGGUUGGUGGAGGAG&UUCUUCUACCAUCCUAUCAAU
TAS1b_3D4	AT1G12300_AT1G12300	2493	2513	2504	-32.50	-25.20	0.775384615384615	7	2-14,2512-2500;16-19,2498-2495	1-1,2513-2513[UP5];15-15,2499-2499[SIL];20-21,2494-2493[UP3]	..((((.(((((((((((((.&.))))))))))))).))))..	UAUGAUUGGGUGGUGGAGGAC&UUCUUCUACCAUCCUAUCAAU
TAS1b_3D4	AT4G31850_AT4G31850	3382	3402	3393	-32.50	-24.80	0.763076923076923	7.5	1-15,3402-3388	16-21,3387-3382[UP3]	......(((((((((((((((&)))))))))))))))......	AUCGCCGGGAUGGUGGAAGAA&UUCUUCUACCAUCCUAUCAAU
TAS1b_3D4	AT5G64320_AT5G64320	1926	1946	1937	-32.50	-24.80	0.763076923076923	7.5	1-15,1946-1932	16-21,1931-1926[UP3]	......(((((((((((((((&)))))))))))))))......	AGAAGCGGGAUGGUGGAAGAA&UUCUUCUACCAUCCUAUCAAU
TAS1b_3D4	AT5G08510_AT5G08510	1189	1211	1200	-32.50	-23.90	0.735384615384615	9.5	1-6,1211-1206;7-19,1203-1191	x-x,1205-1204[BULt];20-21,1190-1189[UP3]	..(((((((((((((..((((((&))))))--)))))))))))))..	CAUGGUGGGAUGGUGGUGAAGGG&UUCUUC--UACCAUCCUAUCAAU
TAS1b_3D4	AT3G22470_AT3G22470	552	572	563	-32.50	-23.90	0.735384615384615	7.5	4-14,569-559;16-21,557-552	1-3,572-570[UP5];15-15,558-558[SIL]	((((((.(((((((((((...&...))))))))))).))))))	GUUGAUCGGAUGGUGGAAAUG&UUCUUCUACCAUCCUAUCAAU
TAS1b_3D4	AT4G02750_AT4G02750	1033	1053	1044	-32.50	-23.80	0.732307692307692	8	1-14,1053-1040	15-21,1039-1033[UP3]	.......((((((((((((((&)))))))))))))).......	CAAAACCGGAUGGUGGAAGAA&UUCUUCUACCAUCCUAUCAAU
TAS1b_3D4	AT1G77405_AT1G77405	1147	1168	1159	-32.50	-23.60	0.726153846153846	9	3-13,1166-1156;14-19,1154-1149	1-2,1168-1167[UP5];x-x,1155-1155[BULt];20-21,1148-1147[UP3]	..((((((.(((((((((((..&..)))))))))))-))))))..	GGUGGUGGAGAUGGUGGAGGCU&UUCUUCUACCAUC-CUAUCAAU
TAS1b_3D4	AT3G22470_AT3G22470	657	677	668	-32.50	-23.60	0.726153846153846	8	4-6,674-672;8-21,670-657	1-3,677-675[UP5];7-7,671-671[SIL]	((((((((((((((.(((...&...))).))))))))))))))	AUUGAUAGGAUGGUUGAGUAU&UUCUUCUACCAUCCUAUCAAU
TAS1b_3D4	AT1G32415_AT1G32415	652	672	663	-32.50	-23.50	0.723076923076923	8.5	3-7,670-666;9-19,664-654	1-2,672-671[UP5];8-8,665-665[SIL];20-21,653-652[UP3]	..(((((((((((.(((((..&..))))).)))))))))))..	AAUGAUGGGAUGGAGGAAGCG&UUCUUCUACCAUCCUAUCAAU
TAS1b_3D4	AT1G02370_AT1G02370	773	792	784	-32.50	-22.90	0.704615384615385	4.5	1-7,792-786;9-14,785-780;16-20,778-774	8-8,x-x[BULq];15-15,779-779[SIL];21-21,773-773[UP3]	.(((((.((((((-(((((((&))))))).)))))).))))).	UUUGAUUGGAUGG-AGAAGAG&UUCUUCUACCAUCCUAUCAAU
TAS1b_3D4	AT5G44230_AT5G44230	876	895	887	-32.50	-22.80	0.701538461538462	8	4-7,892-889;9-20,888-877	1-3,895-893[UP5];8-8,x-x[BULq];21-21,876-876[UP3]	.((((((((((((-((((...&...)))).)))))))))))).	UUUGAUAGGAUGG-AGAAAUC&UUCUUCUACCAUCCUAUCAAU
TAS1b_3D4	AT5G38730_AT5G38730	840	861	851	-32.50	-22.80	0.701538461538462	10	3-7,859-855;9-18,852-843	1-2,861-860[UP5];8-8,854-853[AILt];19-21,842-840[UP3]	...((((((((((..(((((..&..)))))-.))))))))))...	CAAGAUAGGAUGGAGAGAAGUG&UUCUUCU-ACCAUCCUAUCAAU
TAS1b_3D4	AT3G25210_AT3G25210	1115	1137	1128	-32.50	-22.80	0.701538461538462	9	1-10,1137-1128;12-17,1125-1120;18-21,1118-1115	11-11,1127-1126[AILt];x-x,1119-1119[BULt]	((((.((((((..((((((((((&))))))))))-.))))))-))))	GUUGUGUAGGGGAGGUAGAGGGA&UUCUUCUACC-AUCCUAU-CAAU
TAS1b_3D4	AT3G14580_AT3G14580	836	856	848	-32.50	-22.70	0.698461538461538	6	1-7,856-850;9-15,849-843;17-21,840-836	8-8,x-x[BULq];16-16,842-841[AILt]	(((((..(((((((-(((((((&))))))).)))))))-.)))))	GUUGGAGAGGAUGG-AGAAGGA&UUCUUCUACCAUCCU-AUCAAU
TAS1b_3D4	AT2G40240_AT2G40240	848	868	860	-32.50	-22.60	0.695384615384615	6	1-7,868-862;9-15,861-855;17-21,852-848	8-8,x-x[BULq];16-16,854-853[AILt]	(((((..(((((((-(((((((&))))))).)))))))-.)))))	AUUGAGGAGGAUGG-AGGAGGA&UUCUUCUACCAUCCU-AUCAAU
TAS1b_3D4	AT1G64583_AT1G64583	992	1012	1003	-32.50	-22.60	0.695384615384615	7	1-3,1012-1010;5-16,1008-997	4-4,1009-1009[SIL];17-21,996-992[UP3]	.....((((((((((((.(((&))).)))))))))))).....	AAGUUUAGGAUGGUAGAUGAA&UUCUUCUACCAUCCUAUCAAU
TAS1b_3D4	AT1G63230_AT1G63230	681	701	692	-32.50	-22.50	0.692307692307692	2.5	1-12,701-690;14-14,688-688;16-21,686-681	13-13,689-689[SIL];15-15,687-687[SIL]	((((((.(.((((((((((((&)))))))))))).).))))))	GUUGAUCGUAUGGUAGAAGAA&UUCUUCUACCAUCCUAUCAAU
TAS1b_3D4	AT5G48910_AT5G48910	1398	1418	1409	-32.50	-22.50	0.692307692307692	6	1-11,1418-1408;13-15,1406-1404;17-19,1402-1400	12-12,1407-1407[SIL];16-16,1403-1403[SIL];20-21,1399-1398[UP3]	..(((.(((.(((((((((((&))))))))))).))).)))..	CAUGGCGGGUUGGUAGAAGAA&UUCUUCUACCAUCCUAUCAAU
TAS1b_3D4	AT3G53360_AT3G53360	2409	2429	2420	-32.50	-22.40	0.689230769230769	6.5	1-11,2429-2419;13-16,2417-2414;18-19,2412-2411	12-12,2418-2418[SIL];17-17,2413-2413[SIL];20-21,2410-2409[UP3]	..((.((((.(((((((((((&))))))))))).)))).))..	CAUGUUGGGCUGGUGGAAGAA&UUCUUCUACCAUCCUAUCAAU
TAS1b_3D4	AT5G15280_AT5G15280	2184	2205	2196	-32.50	-22.30	0.686153846153846	8	1-11,2205-2195;12-15,2193-2190;17-18,2188-2187	x-x,2194-2194[BULt];16-16,2189-2189[SIL];19-21,2186-2184[UP3]	...((.((((.(((((((((((&)))))))))))-)))).))...	CCGGAAAGGAUUGGUGGAGGAA&UUCUUCUACCA-UCCUAUCAAU
TAS1b_3D4	AT5G18950_AT5G18950	688	708	699	-32.50	-22.20	0.683076923076923	7.5	1-11,708-698;13-15,696-694;17-18,692-691	12-12,697-697[SIL];16-16,693-693[SIL];19-21,690-688[UP3]	...((.(((.(((((((((((&))))))))))).))).))...	GAAGAAGGGUUGGUAGAGGAA&UUCUUCUACCAUCCUAUCAAU
TAS1b_3D4	AT3G56030_AT3G56030	851	872	863	-32.50	-22.10	0.68	7	1-7,872-866;9-15,864-858;17-19,855-853	8-8,865-865[SIL];16-16,857-856[AILt];20-21,852-851[UP3]	..(((..(((((((.(((((((&))))))).)))))))-.)))..	UCUGAGGAGGAUGGAGGAAGAA&UUCUUCUACCAUCCU-AUCAAU
TAS1b_3D4	AT3G49240_AT3G49240	851	871	862	-32.50	-22.00	0.676923076923077	7.5	1-6,871-866;8-9,865-864;10-19,862-853	7-7,x-x[BULq];x-x,863-863[BULt];20-21,852-851[UP3]	..((((((((((.((-((((((&)))))).))-))))))))))..	AAUGAUGGGGUGUGU-GAAGAA&UUCUUCUAC-CAUCCUAUCAAU
TAS1b_3D4	AT5G59900_AT5G59900	1179	1198	1190	-32.50	-21.90	0.673846153846154	9	4-7,1195-1192;9-20,1191-1180	1-3,1198-1196[UP5];8-8,x-x[BULq];21-21,1179-1179[UP3]	.((((((((((((-((((...&...)))).)))))))))))).	UUUGAUAGGAUGG-GGAAAAU&UUCUUCUACCAUCCUAUCAAU
TAS1b_3D4	AT1G77170_AT1G77170	1246	1266	1257	-32.50	-21.90	0.673846153846154	7.5	1-5,1266-1262;7-10,1260-1257;12-20,1255-1247	6-6,1261-1261[SIL];11-11,1256-1256[SIL];21-21,1246-1246[UP3]	.(((((((((.((((.(((((&))))).)))).))))))))).	UUUGAUGGGAGGGUGUGAGAA&UUCUUCUACCAUCCUAUCAAU
TAS1b_3D4	AT1G62680_AT1G62680	626	646	637	-32.50	-21.80	0.670769230769231	8.5	4-13,643-634;15-21,632-626	1-3,646-644[UP5];14-14,633-633[SIL]	(((((((.((((((((((...&...)))))))))).)))))))	GUUGAUAAGAUGGUGGAGAUU&UUCUUCUACCAUCCUAUCAAU
TAS1b_3D4	AT1G11290_AT1G11290	1085	1106	1096	-32.50	-21.60	0.664615384615385	6.5	1-5,1106-1102;6-8,1100-1098;10-20,1096-1086	x-x,1101-1101[BULt];9-9,1097-1097[SIL];21-21,1085-1085[UP3]	.(((((((((((.(((.(((((&)))))-))).))))))))))).	UUUGAUGGGAUGUUAGAAAGGA&UUCUU-CUACCAUCCUAUCAAU
TAS1b_3D4	AT5G50390_AT5G50390	1420	1454	1445	-32.50	-21.60	0.664615384615385	30.5	1-12,1454-1443;13-20,1428-1421	x-x,1442-1429[BULt];21-21,1420-1420[UP3]	.((((((((..............((((((((((((&))))))))))))--------------)))))))).	UUUGAUGGGUGGAUAUGCAAAUCAUGGUAGAGGAA&UUCUUCUACCAU--------------CCUAUCAAU
TAS1b_3D4	AT2G27610_AT2G27610	1062	1083	1073	-32.50	-21.60	0.664615384615385	11	4-9,1080-1075;10-18,1073-1065	1-3,1083-1081[UP5];x-x,1074-1074[BULt];19-21,1064-1062[UP3]	...(((((((((.((((((...&...))))))-)))))))))...	AGAGAUAGGAUGCGUAGGAAAU&UUCUUCUAC-CAUCCUAUCAAU
TAS1b_3D4	AT4G20770_AT4G20770	94	116	105	-32.50	-21.48	0.660923076923077	9.5	1-6,116-111;9-16,106-99;18-21,97-94	7-8,110-107[AILt];17-17,98-98[SIL]	((((.((((((((....((((((&))))))--..)))))))).))))	AUUGUUAGGAUGGGAAUGAAGAG&UUCUUC--UACCAUCCUAUCAAU
TAS1b_3D4	AT5G61990_AT5G61990	1969	1989	1980	-32.50	-21.40	0.658461538461538	4.5	1-6,1989-1984;8-13,1982-1977;15-20,1975-1970	7-7,1983-1983[SIL];14-14,1976-1976[SIL];21-21,1969-1969[UP3]	.((((((.((((((.((((((&)))))).)))))).)))))).	UUUGAUGAGAUGGUUGAAGAA&UUCUUCUACCAUCCUAUCAAU
TAS1b_3D4	AT1G64580_AT1G64580	1349	1370	1361	-32.50	-21.40	0.658461538461538	8	2-13,1369-1358;14-16,1356-1354	1-1,1370-1370[UP5];x-x,1357-1357[BULt];17-21,1353-1349[UP3]	.....(((.((((((((((((.&.))))))))))))-))).....	AGCAUUAGUGAUGGUAGAGGAU&UUCUUCUACCAUC-CUAUCAAU
TAS1b_3D4	AT1G80270_AT1G80270	909	932	923	-32.50	-21.30	0.655384615384615	8	1-7,932-926;9-14,924-919;15-20,915-910	8-8,925-925[SIL];x-x,918-916[BULt];21-21,909-909[UP3]	.((((((...((((((.(((((((&))))))).))))))---)))))).	CUUGAUAAAUGGGUGGAAGAAGGA&UUCUUCUACCAUCC---UAUCAAU
TAS1b_3D4	AT1G09410_AT1G09410	1376	1396	1387	-32.50	-21.20	0.652307692307692	7.5	1-6,1396-1391;8-16,1389-1381;18-18,1379-1379	7-7,1390-1390[SIL];17-17,1380-1380[SIL];19-21,1378-1376[UP3]	...(.(((((((((.((((((&)))))).))))))))).)...	UACGCUGGGAUGGUUGAGGAA&UUCUUCUACCAUCCUAUCAAU
TAS1b_3D4	AT4G21170_AT4G21170	1548	1569	1560	-32.50	-21.20	0.652307692307692	8	1-13,1569-1557;14-15,1555-1554	x-x,1556-1556[BULt];16-21,1553-1548[UP3]	......((.(((((((((((((&)))))))))))))-))......	GCAAAAAGAGAUGGUGGAAGAA&UUCUUCUACCAUC-CUAUCAAU
TAS2_3D6	AT1G63080_AT1G63080	567	587	578	-32.70	-32.20	0.984709480122324	1.5	2-21,586-567	1-1,587-587[UP5]	((((((((((((((((((((.&.))))))))))))))))))))	AGAUGGUGGAAAUGGGAUAUC&UAUAUCCCAUUUCUACCAUCU
TAS2_3D6	AT1G63070_AT1G63070	509	529	520	-32.70	-32.20	0.984709480122324	1.5	2-21,528-509	1-1,529-529[UP5]	((((((((((((((((((((.&.))))))))))))))))))))	AGAUGGUGGAAAUGGGAUAUC&UAUAUCCCAUUUCUACCAUCU
TAS2_3D6	AT1G63130_AT1G63130	863	883	874	-32.70	-32.20	0.984709480122324	1.5	2-21,882-863	1-1,883-883[UP5]	((((((((((((((((((((.&.))))))))))))))))))))	AGAUGGUGGAAAUGGGAUAUC&UAUAUCCCAUUUCUACCAUCU
TAS2_3D6	AT5G16640_AT5G16640	637	657	648	-32.70	-28.90	0.883792048929663	3.5	1-19,657-639	20-21,638-637[UP3]	..(((((((((((((((((((&)))))))))))))))))))..	AAAUGGUGGGAAUGGGAUAUA&UAUAUCCCAUUUCUACCAUCU
TAS2_3D6	AT1G62590_AT1G62590	589	609	600	-32.70	-28.80	0.880733944954128	3.5	1-19,609-591	20-21,590-589[UP3]	..(((((((((((((((((((&)))))))))))))))))))..	AAAUGGUGGAAAUGGGGUAUA&UAUAUCCCAUUUCUACCAUCU
TAS2_3D6	AT1G63330_AT1G63330	349	369	360	-32.70	-28.80	0.880733944954128	3.5	1-19,369-351	20-21,350-349[UP3]	..(((((((((((((((((((&)))))))))))))))))))..	AAAUGGUGGAAAUGGGGUAUA&UAUAUCCCAUUUCUACCAUCU
TAS2_3D6	AT1G63400_AT1G63400	681	701	692	-32.70	-28.80	0.880733944954128	3.5	1-19,701-683	20-21,682-681[UP3]	..(((((((((((((((((((&)))))))))))))))))))..	AAAUGGUGGAAAUGGGGUAUA&UAUAUCCCAUUUCUACCAUCU
TAS2_3D6	AT3G08820_AT3G08820	691	710	702	-32.70	-28.10	0.859327217125382	5	1-4,710-707;6-21,706-691	5-5,x-x[BULq]	((((((((((((((((-((((&)))).))))))))))))))))	AGAUGGUGGAGAUGGG-UGUG&UAUAUCCCAUUUCUACCAUCU
TAS2_3D6	AT5G41170_AT5G41170	641	661	652	-32.70	-27.90	0.853211009174312	10.5	6-21,656-641	1-5,661-657[UP5]	((((((((((((((((.....&.....))))))))))))))))	AGAUGGUGGAGAUGGGGAUUA&UAUAUCCCAUUUCUACCAUCU
TAS2_3D6	AT1G30610_AT1G30610	445	465	456	-32.70	-27.60	0.844036697247706	10.5	5-20,461-446	1-4,465-462[UP5];21-21,445-445[UP3]	.((((((((((((((((....&....)))))))))))))))).	UGAUGGUGGAGGUGGGAAUGG&UAUAUCCCAUUUCUACCAUCU
TAS2_3D6	AT1G62680_AT1G62680	633	653	644	-32.70	-27.40	0.837920489296636	3.5	1-7,653-647;9-21,645-633	8-8,646-646[SIL]	(((((((((((((.(((((((&))))))).)))))))))))))	AGAUGGUGGAGAUUGGAUAUA&UAUAUCCCAUUUCUACCAUCU
TAS2_3D6	AT1G80150_AT1G80150	1699	1722	1713	-32.70	-26.30	0.804281345565749	6	1-15,1722-1708;16-20,1704-1700	x-x,1707-1705[BULt];21-21,1699-1699[UP3]	.(((((...(((((((((((((((&)))))))))))))))---))))).	UGGUGGAACUGGAAAUGGGAUGUA&UAUAUCCCAUUUCUA---CCAUCU
TAS2_3D6	AT5G66500_AT5G66500	1515	1534	1525	-32.70	-25.90	0.792048929663608	5.5	2-14,1533-1521;16-20,1520-1516	1-1,1534-1534[UP5];15-15,x-x[BULq];21-21,1515-1515[UP3]	.(((((-(((((((((((((.&.))))))))))))).))))).	CGAUGG-GGAAGUGGGAUGUC&UAUAUCCCAUUUCUACCAUCU
TAS2_3D6	AT1G12775_AT1G12775	612	632	623	-32.70	-25.40	0.776758409785933	4	1-3,632-630;5-19,628-614	4-4,629-629[SIL];20-21,613-612[UP3]	..(((((((((((((((.(((&))).)))))))))))))))..	GAAUGGUAGAAAUGGGACAUA&UAUAUCCCAUUUCUACCAUCU
TAS2_3D6	AT1G63150_AT1G63150	638	658	649	-32.70	-25.10	0.767584097859327	3	1-13,658-646;15-19,644-640	14-14,645-645[SIL];20-21,639-638[UP3]	..(((((.(((((((((((((&))))))))))))).)))))..	AAAUGGUCGAAAUGGGAUAUA&UAUAUCCCAUUUCUACCAUCU
TAS2_3D6	AT1G62910_AT1G62910	645	665	656	-32.70	-25.10	0.767584097859327	3	1-13,665-653;15-19,651-647	14-14,652-652[SIL];20-21,646-645[UP3]	..(((((.(((((((((((((&))))))))))))).)))))..	AAAUGGUCGAAAUGGGAUAUA&UAUAUCCCAUUUCUACCAUCU
TAS2_3D6	AT1G62914_AT1G62914	779	799	790	-32.70	-25.10	0.767584097859327	3	1-13,799-787;15-19,785-781	14-14,786-786[SIL];20-21,780-779[UP3]	..(((((.(((((((((((((&))))))))))))).)))))..	AAAUGGUCGAAAUGGGAUAUA&UAUAUCCCAUUUCUACCAUCU
TAS2_3D6	AT3G51320_AT3G51320	780	802	792	-32.70	-24.50	0.749235474006116	6.5	2-6,801-797;7-14,795-788;15-21,786-780	1-1,802-802[UP5];x-x,796-796[BULt];x-x,787-787[BULt]	(((((((.((((((((.(((((.&.)))))-))))))))-)))))))	GGAUGGUGAGGAAUGGUGAUGUU&UAUAUC-CCAUUUCU-ACCAUCU
TAS2_3D6	AT1G74750_AT1G74750	2003	2023	2015	-32.70	-24.40	0.746177370030581	6	1-4,2023-2020;6-15,2019-2010;16-21,2008-2003	5-5,x-x[BULq];x-x,2009-2009[BULt]	((((((.((((((((((-((((&)))).))))))))))-))))))	AGAUGGUUAGGGAUGGG-UGUA&UAUAUCCCAUUUCUA-CCAUCU
TAS2_3D6	AT5G18390_AT5G18390	1159	1181	1172	-32.70	-24.30	0.743119266055046	5.5	2-16,1180-1166;17-19,1164-1162;20-21,1160-1159	1-1,1181-1181[UP5];x-x,1165-1165[BULt];x-x,1161-1161[BULt]	((.(((.(((((((((((((((.&.)))))))))))))))-)))-))	GGAAUGUGUAGGAAUGGGAUGUU&UAUAUCCCAUUUCUAC-CAU-CU
TAS2_3D6	AT5G14770_AT5G14770	2805	2828	2819	-32.70	-24.10	0.737003058103975	5	1-8,2828-2821;10-14,2819-2815;15-21,2811-2805	9-9,2820-2820[SIL];x-x,2814-2812[BULt]	(((((((...(((((.((((((((&)))))))).)))))---)))))))	AGAUGGUUGAAGAAAAGGGAUAUA&UAUAUCCCAUUUCU---ACCAUCU
TAS2_3D6	AT2G25580_AT2G25580	1646	1666	1657	-32.70	-24.00	0.73394495412844	6	1-4,1666-1663;6-19,1661-1648	5-5,1662-1662[SIL];20-21,1647-1646[UP3]	..((((((((((((((.((((&)))).))))))))))))))..	AUAUGGUGGAAGUGGGCUAUG&UAUAUCCCAUUUCUACCAUCU
TAS2_3D6	AT1G13040_AT1G13040	937	958	949	-32.70	-23.80	0.72782874617737	7	3-8,956-951;10-14,949-945;15-21,943-937	1-2,958-957[UP5];9-9,950-950[SIL];x-x,944-944[BULt]	(((((((.(((((.((((((..&..)))))).)))))-)))))))	AGAUGGUAAGAAGCGGGAUACA&UAUAUCCCAUUUCU-ACCAUCU
TAS2_3D6	AT2G15980_AT2G15980	785	803	796	-32.70	-23.70	0.724770642201835	6	1-7,803-797;10-21,796-785	8-9,x-x[BULq]	((((((((((((--(((((((&)))))))..))))))))))))	AGAUGGUGGAGA--GGAUAUG&UAUAUCCCAUUUCUACCAUCU
TAS2_3D6	AT1G09820_AT1G09820	884	904	895	-32.70	-23.60	0.7217125382263	10.5	5-18,900-887	1-4,904-901[UP5];19-21,886-884[UP3]	...((((((((((((((....&....))))))))))))))...	GCUUGGUGGAAAUGGGAAAAU&UAUAUCCCAUUUCUACCAUCU
TAS2_3D6	AT1G12700_AT1G12700	548	568	559	-32.70	-23.40	0.715596330275229	7	2-7,567-562;10-21,559-548	1-1,568-568[UP5];8-9,561-560[SIL]	((((((((((((..((((((.&.))))))..))))))))))))	GGAUGGUGGAAAACGGAUGUC&UAUAUCCCAUUUCUACCAUCU
TAS2_3D6	AT4G31850_AT4G31850	3389	3413	3400	-32.70	-23.10	0.706422018348624	17	5-9,3409-3405;10-21,3400-3389	1-4,3413-3410[UP5];x-x,3404-3401[BULt]	((((((((((((....(((((....&....)))))----))))))))))))	GGAUGGUGGAAGAAGCUGGGAAGAU&UAUAUCCCA----UUUCUACCAUCU
TAS2_3D6	AT1G62720_AT1G62720	638	659	650	-32.70	-23.10	0.706422018348624	9.5	4-14,656-646;16-21,643-638	1-3,659-657[UP5];15-15,645-644[AILt]	((((((..(((((((((((...&...)))))))))))-.))))))	GGAUGGAAAGAGAUGGGGUUAG&UAUAUCCCAUUUCU-ACCAUCU
TAS2_3D6	AT1G77405_AT1G77405	1155	1176	1166	-32.70	-22.90	0.700305810397553	13.5	6-9,1171-1168;10-21,1166-1155	1-5,1176-1172[UP5];x-x,1167-1167[BULt]	((((((((((((.((((.....&.....))))-))))))))))))	AGAUGGUGGAGGCUGGGUUGGU&UAUAUCCCA-UUUCUACCAUCU
TAS2_3D6	AT1G79490_AT1G79490	626	645	636	-32.70	-22.90	0.700305810397553	10.5	6-17,640-629;19-21,628-626	1-5,645-641[UP5];18-18,x-x[BULq]	(((-((((((((((((.....&.....)))))))))))).)))	AGA-GGUGGAAAUGGGGACCG&UAUAUCCCAUUUCUACCAUCU
TAS2_3D6	AT5G16640_AT5G16640	1129	1150	1141	-32.70	-22.90	0.700305810397553	8	3-10,1148-1141;11-17,1139-1133;19-21,1131-1129	1-2,1150-1149[UP5];x-x,1140-1140[BULt];18-18,1132-1132[SIL]	(((.(((((((.((((((((..&..))))))))-))))))).)))	AGAAGGUAGAGCAUGGGAUGAA&UAUAUCCCAU-UUCUACCAUCU
TAS2_3D6	AT1G64580_AT1G64580	1126	1147	1138	-32.70	-22.90	0.700305810397553	8	3-12,1145-1136;13-17,1134-1130;19-21,1128-1126	1-2,1147-1146[UP5];x-x,1135-1135[BULt];18-18,1129-1129[SIL]	(((.(((((.((((((((((..&..))))))))))-))))).)))	AGAGGGUAGAAGAUGGGAUGAA&UAUAUCCCAUUU-CUACCAUCU
TAS2_3D6	AT1G06580_AT1G06580	1344	1365	1356	-32.70	-22.90	0.700305810397553	8	3-11,1363-1355;12-17,1353-1348;19-21,1346-1344	1-2,1365-1364[UP5];x-x,1354-1354[BULt];18-18,1347-1347[SIL]	(((.((((((.(((((((((..&..)))))))))-)))))).)))	AGAGGGUAGAUGAUGGGAUGAA&UAUAUCCCAUU-UCUACCAUCU
TAS2_3D6	AT2G28050_AT2G28050	695	715	706	-32.70	-22.90	0.700305810397553	10	4-14,712-702;16-20,700-696	1-3,715-713[UP5];15-15,701-701[SIL];21-21,695-695[UP3]	.(((((.(((((((((((...&...))))))))))).))))).	UGGUGGAGGAGAUGGGGUUGG&UAUAUCCCAUUUCUACCAUCU
TAS2_3D6	AT1G64583_AT1G64583	999	1020	1010	-32.70	-22.82	0.697859327217125	12.5	3-8,1018-1013;12-21,1008-999	1-2,1020-1019[UP5];9-11,1012-1009[AILt]	((((((((((....((((((..&..))))))-...))))))))))	GGAUGGUAGAUGAAGGGAUGAA&UAUAUCCC-AUUUCUACCAUCU
TAS2_3D6	AT3G48810_AT3G48810	850	871	861	-32.70	-22.80	0.697247706422018	8.5	2-8,870-864;10-19,861-852	1-1,871-871[UP5];9-9,863-862[AILt];20-21,851-850[UP3]	..((((((((((..(((((((.&.)))))))-.))))))))))..	AAAUGGUGGAGAAGGGGAUAUC&UAUAUCCC-AUUUCUACCAUCU
TAS2_3D6	AT2G36980_AT2G36980	1166	1187	1177	-32.70	-22.30	0.681957186544342	9	3-6,1185-1182;7-19,1180-1168	1-2,1187-1186[UP5];x-x,1181-1181[BULt];20-21,1167-1166[UP3]	..(((((((((((((.((((..&..))))-)))))))))))))..	AUAUGGUAGGAAUGGAGAUGGU&UAUAUC-CCAUUUCUACCAUCU
TAS2_3D6	AT5G14770_AT5G14770	693	712	704	-32.70	-22.30	0.681957186544342	4.5	1-4,712-709;6-12,708-702;14-21,700-693	5-5,x-x[BULq];13-13,701-701[SIL]	((((((((.(((((((-((((&)))).))))))).))))))))	AGAUGGUGAAGAUGGG-UAUA&UAUAUCCCAUUUCUACCAUCU
TAS2_3D6	AT5G40410_AT5G40410	1540	1563	1554	-32.70	-22.20	0.678899082568807	5	1-13,1563-1551;15-16,1550-1549;17-21,1544-1540	14-14,x-x[BULq];x-x,1548-1545[BULt]	(((((....((-(((((((((((((&))))))))))))).))----)))))	AGAUGAAGAGU-GAAAUGGGAUAUA&UAUAUCCCAUUUCUAC----CAUCU
TAS2_3D6	AT1G74900_AT1G74900	659	680	670	-32.70	-22.20	0.678899082568807	9	3-8,678-673;10-13,670-667;15-21,665-659	1-2,680-679[UP5];9-9,672-671[AILt];14-14,666-666[SIL]	(((((((.((((..((((((..&..))))))-.)))).)))))))	AGAUGGUUGAGAGAGGGAUAAA&UAUAUCCC-AUUUCUACCAUCU
TAS2_3D6	AT5G43820_AT5G43820	839	859	850	-32.70	-22.10	0.675840978593272	10.5	4-7,856-853;10-21,850-839	1-3,859-857[UP5];8-9,852-851[SIL]	((((((((((((..((((...&...))))..))))))))))))	AGAUGGUGGAGAGUGGAUUUG&UAUAUCCCAUUUCUACCAUCU
TAS2_3D6	AT1G80550_AT1G80550	686	707	697	-32.70	-22.10	0.675840978593272	8	3-9,705-699;10-13,697-694;15-21,692-686	1-2,707-706[UP5];x-x,698-698[BULt];14-14,693-693[SIL]	(((((((.((((.(((((((..&..)))))))-)))).)))))))	GGGUGGUCGAAAUUGGGAUGGU&UAUAUCCCA-UUUCUACCAUCU
TAS2_3D6	AT3G02330_AT3G02330	1848	1867	1859	-32.70	-22.10	0.675840978593272	5	1-4,1867-1864;6-15,1863-1854;17-21,1852-1848	5-5,x-x[BULq];16-16,1853-1853[SIL]	(((((.((((((((((-((((&)))).)))))))))).)))))	GGAUGAUGGAGAUGGG-UAUA&UAUAUCCCAUUUCUACCAUCU
TAS2_3D6	AT1G73710_AT1G73710	1094	1115	1105	-32.70	-21.80	0.666666666666667	7	2-8,1114-1108;10-14,1105-1101;16-21,1099-1094	1-1,1115-1115[UP5];9-9,1107-1106[AILt];15-15,1100-1100[SIL]	((((((.(((((..(((((((.&.)))))))-.))))).))))))	AGAUGGAAGAGAAAGGGAUAUC&UAUAUCCC-AUUUCUACCAUCU
TAS2_3D6	AT1G18900_AT1G18900	1960	1980	1972	-32.70	-21.80	0.666666666666667	6	2-7,1979-1974;9-15,1973-1967;16-21,1965-1960	1-1,1980-1980[UP5];8-8,x-x[BULq];x-x,1966-1966[BULt]	((((((.(((((((-((((((.&.)))))).)))))))-))))))	AGAUGGUUAGAGAU-GGAUGUC&UAUAUCCCAUUUCUA-CCAUCU
TAS2_3D6	AT5G11310_AT5G11310	1151	1172	1162	-32.70	-21.70	0.663608562691131	8	4-6,1169-1167;7-14,1165-1158;16-21,1156-1151	1-3,1172-1170[UP5];x-x,1166-1166[BULt];15-15,1157-1157[SIL]	((((((.((((((((.(((...&...)))-)))))))).))))))	AGAUGGCAGAAAUGGAGAUUAA&UAUAUC-CCAUUUCUACCAUCU
TAS2_3D6	AT3G28660_AT3G28660	559	580	571	-32.70	-21.70	0.663608562691131	4.5	2-13,579-568;14-15,566-565;17-21,563-559	1-1,580-580[UP5];x-x,567-567[BULt];16-16,564-564[SIL]	(((((.((.((((((((((((.&.))))))))))))-)).)))))	AGAUGUUGUGAAAUGGGAUGUU&UAUAUCCCAUUUC-UACCAUCU
TAS2_3D6	AT3G49170_AT3G49170	2247	2268	2259	-32.70	-21.70	0.663608562691131	5	1-3,2268-2266;5-15,2264-2254;16-18,2252-2250;20-21,2248-2247	4-4,2265-2265[SIL];x-x,2253-2253[BULt];19-19,2249-2249[SIL]	((.(((.(((((((((((.(((&))).)))))))))))-))).))	AGUUGGAUAGAAGUGGGAGAUA&UAUAUCCCAUUUCUA-CCAUCU
TAS2_3D6	AT3G28640_AT3G28640	543	564	555	-32.70	-21.70	0.663608562691131	4.5	2-13,563-552;14-15,550-549;17-21,547-543	1-1,564-564[UP5];x-x,551-551[BULt];16-16,548-548[SIL]	(((((.((.((((((((((((.&.))))))))))))-)).)))))	AGAUGUUGUGAAAUGGGAUGUU&UAUAUCCCAUUUC-UACCAUCU
TAS2_3D6	AT4G19440_AT4G19440	2412	2439	2429	-32.70	-21.70	0.663608562691131	11.5	1-5,2439-2435;6-15,2433-2424;16-20,2417-2413	x-x,2434-2434[BULt];x-x,2423-2418[BULt];21-21,2412-2412[UP3]	.(((((......((((((((((.(((((&)))))-))))))))))------))))).	UGGUGGGUAUGCUAGAGAUGGGAAUGUA&UAUAU-CCCAUUUCUA------CCAUCU
TAS2_3D6	AT3G15130_AT3G15130	568	588	579	-32.70	-21.50	0.657492354740061	12	6-13,583-576;15-20,574-569	1-5,588-584[UP5];14-14,575-575[SIL];21-21,568-568[UP3]	.((((((.((((((((.....&.....)))))))).)))))).	UGAUGGUUGAAGUGGGCAAUU&UAUAUCCCAUUUCUACCAUCU
TAS2_3D6	AT1G61870_AT1G61870	749	770	761	-32.70	-21.50	0.657492354740061	8	3-8,768-763;10-14,761-757;16-21,754-749	1-2,770-769[UP5];9-9,762-762[SIL];15-15,756-755[AILt]	((((((..(((((.((((((..&..)))))).)))))-.))))))	AGAUGGAGAGGAAAGGGAUAAA&UAUAUCCCAUUUCU-ACCAUCU
TAS2_3D6	AT1G51965_AT1G51965	624	647	638	-32.70	-21.40	0.654434250764526	5	1-2,647-646;4-14,644-634;15-18,631-628;19-21,626-624	3-3,645-645[SIL];x-x,633-632[BULt];x-x,627-627[BULt]	(((.((((..(((((((((((.((&)).)))))))))))--))))-)))	AGAUUGGUGAAGAAAUGGGAUUUA&UAUAUCCCAUUUCU--ACCA-UCU
TAS2_3D6	AT3G59040_AT3G59040	2615	2636	2627	-32.70	-21.40	0.654434250764526	11	3-10,2634-2627;11-14,2624-2621;16-21,2620-2615	1-2,2636-2635[UP5];x-x,2626-2625[BULt];15-15,x-x[BULq]	((((((-((((..((((((((..&..))))))))--)))).))))))	AGAUGG-AGAGCUGUGGGGUACC&UAUAUCCCAU--UUCUACCAUCU
TAS1c_3D10	AT1G63230_AT1G63230	1325	1345	1336	-29.60	-29.80	1	1	1-20,1345-1326	21-21,1325-1325[UP3]	.((((((((((((((((((((&)))))))))))))))))))).	UGUUGCUAAUACAGUUACUUA&UAAGUAACUGUAUUAGCAACU
TAS1c_3D10	AT1G63630_AT1G63630	825	845	836	-29.60	-30.70	1	0	1-21,845-825	NA	(((((((((((((((((((((&)))))))))))))))))))))	AGUUGCUAAUACAGUUACUUA&UAAGUAACUGUAUUAGCAACU
TAS1c_3D10	AT1G12775_AT1G12775	1366	1386	1377	-29.60	-26.50	0.89527027027027	2	1-19,1386-1368	20-21,1367-1366[UP3]	..(((((((((((((((((((&)))))))))))))))))))..	GAUUGCUAAUACAGUUACUUA&UAAGUAACUGUAUUAGCAACU
TAS1c_3D10	AT1G12700_AT1G12700	1197	1217	1208	-29.60	-26.10	0.881756756756757	2.5	1-14,1217-1204;16-21,1202-1197	15-15,1203-1203[SIL]	((((((.((((((((((((((&)))))))))))))).))))))	GGUUGCCAAUGCAGUUACUUA&UAAGUAACUGUAUUAGCAACU
TAS1c_3D10	AT1G12300_AT1G12300	1473	1493	1484	-29.60	-25.50	0.861486486486486	2	1-14,1493-1480;16-21,1478-1473	15-15,1479-1479[SIL]	((((((.((((((((((((((&)))))))))))))).))))))	GGUUGCAGAUACAGUUACUUA&UAAGUAACUGUAUUAGCAACU
TAS1c_3D10	AT5G64320_AT5G64320	1670	1690	1681	-29.60	-25.20	0.851351351351351	3	1-8,1690-1683;10-20,1681-1671	9-9,1682-1682[SIL];21-21,1670-1670[UP3]	.(((((((((((.((((((((&)))))))).))))))))))).	UGUUGCUAAUACUGUUACUUA&UAAGUAACUGUAUUAGCAACU
TAS1c_3D10	AT1G12620_AT1G12620	1684	1704	1695	-29.60	-24.80	0.837837837837838	3	1-14,1704-1691;16-21,1689-1684	15-15,1690-1690[SIL]	((((((.((((((((((((((&)))))))))))))).))))))	GGUUGCAGAUACGGUUACUUA&UAAGUAACUGUAUUAGCAACU
TAS1c_3D10	AT1G74900_AT1G74900	574	593	584	-29.60	-23.70	0.800675675675676	2	1-18,593-576;20-21,575-574	19-19,x-x[BULq]	((-((((((((((((((((((&)))))))))))))))))).))	AG-UGUUGAUACAGUUACUUA&UAAGUAACUGUAUUAGCAACU
TAS1c_3D10	AT1G64100_AT1G64100	1445	1465	1456	-29.60	-23.00	0.777027027027027	4	1-6,1465-1460;9-21,1457-1445	7-8,1459-1458[SIL]	(((((((((((((..((((((&))))))..)))))))))))))	AGUUGCUAAUACAACUACUUA&UAAGUAACUGUAUUAGCAACU
TAS1c_3D10	AT3G15930_AT3G15930	2114	2134	2125	-29.60	-21.60	0.72972972972973	13	7-20,2128-2115	1-6,2134-2129[UP5];21-21,2114-2114[UP3]	.((((((((((((((......&......)))))))))))))).	UGUUGCUAAUGCAGUGGAUAA&UAAGUAACUGUAUUAGCAACU
TAS1c_3D10	AT1G62680_AT1G62680	1177	1197	1188	-29.60	-21.10	0.712837837837838	3	1-14,1197-1184;16-17,1183-1182;18-21,1180-1177	15-15,x-x[BULq];x-x,1181-1181[BULt]	((((.((-((((((((((((((&)))))))))))))).))-))))	AGUUAGC-AAUACGGUUACUUA&UAAGUAACUGUAUUAGC-AACU
TAS1c_3D10	AT4G19890_AT4G19890	1394	1414	1405	-29.60	-21.10	0.712837837837838	7.5	1-9,1414-1406;11-17,1404-1398	10-10,1405-1405[SIL];18-21,1397-1394[UP3]	....(((((((.(((((((((&))))))))).)))))))....	AGAAGCUGAUGGAGUUACUUA&UAAGUAACUGUAUUAGCAACU
TAS1c_3D10	AT1G62720_AT1G62720	654	677	668	-29.60	-20.60	0.695945945945946	7	1-8,677-670;10-17,668-661;18-21,657-654	9-9,669-669[SIL];x-x,660-658[BULt]	((((...((((((((.((((((((&)))))))).))))))))---))))	GGUUAGAGCUGAUGCUGUUACUUA&UAAGUAACUGUAUUAGC---AACU
TAS1c_3D10	AT2G16880_AT2G16880	1946	1966	1957	-29.60	-20.50	0.692567567567568	8	4-17,1963-1950;20-21,1947-1946	1-3,1966-1964[UP5];18-19,1949-1948[SIL]	((..((((((((((((((...&...))))))))))))))..))	AGAGGUUGAUACAGUUACAUA&UAAGUAACUGUAUUAGCAACU
TAS1c_3D10	AT1G64580_AT1G64580	758	778	769	-29.60	-20.40	0.689189189189189	7.5	1-8,778-771;10-17,769-762	9-9,770-770[SIL];18-21,761-758[UP3]	....((((((((.((((((((&)))))))).))))))))....	CAGAGCUGAUGCUGUUACUUA&UAAGUAACUGUAUUAGCAACU
TAS1c_3D10	AT1G03100_AT1G03100	2438	2458	2450	-29.60	-20.40	0.689189189189189	7.5	2-6,2457-2453;8-15,2452-2445;16-21,2443-2438	1-1,2458-2458[UP5];7-7,x-x[BULq];x-x,2444-2444[BULt]	((((((.((((((((-(((((.&.))))).))))))))-))))))	AGUUGCUUGAUGCGG-UGCUUU&UAAGUAACUGUAUUA-GCAACU
TAS1c_3D10	AT5G16860_AT5G16860	1950	1971	1962	-29.60	-19.90	0.672297297297297	12.5	3-10,1969-1962;15-21,1956-1950	1-2,1971-1970[UP5];11-14,1961-1957[AILt]	(((((((.....((((((((..&..))))))))-....)))))))	GGUUGCUUUUCUCAGUUGCUGC&UAAGUAACUG-UAUUAGCAACU
TAS1c_3D10	AT1G62590_AT1G62590	1343	1363	1354	-29.60	-19.70	0.66554054054054	5	1-5,1363-1359;7-14,1357-1350;17-21,1347-1343	6-6,1358-1358[SIL];15-16,1349-1348[SIL]	(((((..((((((((.(((((&))))).))))))))..)))))	GGUUGGCGAUACAGUCACUUA&UAAGUAACUGUAUUAGCAACU
TAS1c_3D10	AT4G34830_AT4G34830	817	843	834	-29.60	-19.70	0.66554054054054	19.5	4-11,840-833;12-20,826-818	1-3,843-841[UP5];x-x,832-827[BULt];21-21,817-817[UP3]	.(((((((((......((((((((...&...))))))))------))))))))).	UGUUGCUAGUGUGACCACAGUUGCCAC&UAAGUAACUGU------AUUAGCAACU
TAS1c_3D10	AT1G63330_AT1G63330	1103	1123	1114	-29.60	-19.70	0.66554054054054	5	1-5,1123-1119;7-14,1117-1110;17-21,1107-1103	6-6,1118-1118[SIL];15-16,1109-1108[SIL]	(((((..((((((((.(((((&))))).))))))))..)))))	GGUUGGCGAUACAGUCACUUA&UAAGUAACUGUAUUAGCAACU
TAS1c_3D10	AT5G28370_AT5G28370	1430	1452	1443	-29.60	-19.60	0.662162162162162	5	1-14,1452-1439;16-18,1436-1434;19-20,1432-1431	15-15,1438-1437[AILt];x-x,1433-1433[BULt];21-21,1430-1430[UP3]	.((.(((..((((((((((((((&))))))))))))))-.)))-)).	UGUGUGCCCAAUGCAGUUACUUA&UAAGUAACUGUAUU-AGCA-ACU
TAS1c_3D10	AT5G28460_AT5G28460	1418	1440	1431	-29.60	-19.60	0.662162162162162	5	1-14,1440-1427;16-18,1424-1422;19-20,1420-1419	15-15,1426-1425[AILt];x-x,1421-1421[BULt];21-21,1418-1418[UP3]	.((.(((..((((((((((((((&))))))))))))))-.)))-)).	UGUGUGCCCAAUGCAGUUACUUA&UAAGUAACUGUAUU-AGCA-ACU
TAS1c_3D10	AT3G17370_AT3G17370	411	431	422	-29.60	-19.60	0.662162162162162	4	1-7,431-425;9-21,423-411	8-8,424-424[SIL]	(((((((((((((.(((((((&))))))).)))))))))))))	AGUUGCUAAUGUAAUUACUUA&UAAGUAACUGUAUUAGCAACU
TAS1c_3D10	AT1G73710_AT1G73710	1799	1820	1811	-29.60	-19.50	0.658783783783784	11.5	5-16,1816-1805;17-20,1803-1800	1-4,1820-1817[UP5];x-x,1804-1804[BULt];21-21,1799-1799[UP3]	.((((.((((((((((((....&....))))))))))))-)))).	UGUUGUCUGAUGCAGUUGACCU&UAAGUAACUGUAUUAG-CAACU
TAS1c_3D10	AT5G65560_AT5G65560	1190	1210	1201	-29.60	-19.30	0.652027027027027	10.5	3-6,1208-1205;8-10,1203-1201;13-21,1198-1190	1-2,1210-1209[UP5];7-7,1204-1204[SIL];11-12,1200-1199[SIL]	(((((((((..(((.((((..&..)))).)))..)))))))))	AGUUGCUAGGUCAGAUGCUAG&UAAGUAACUGUAUUAGCAACU
TAS1c_3D6	AT5G41170_AT5G41170	1479	1499	1490	-31.40	-26.30	0.837579617834395	3.5	1-13,1499-1487;15-20,1485-1480	14-14,1486-1486[SIL];21-21,1479-1479[UP3]	.((((((.(((((((((((((&))))))))))))).)))))).	GGUAUUCGAGGAUAUGCGAAA&UUUUGCAUAUCCUGGAAUAUG
TAS1c_3D6	AT5G41170_AT5G41170	1365	1385	1376	-31.40	-24.90	0.792993630573248	2.5	1-13,1385-1373;15-20,1371-1366	14-14,1372-1372[SIL];21-21,1365-1365[UP3]	.((((((.(((((((((((((&))))))))))))).)))))).	GAUAUUUGAGGAUAUGCAAAA&UUUUGCAUAUCCUGGAAUAUG
TAS1c_3D6	AT2G22410_AT2G22410	1143	1164	1155	-31.40	-24.10	0.767515923566879	4.5	2-8,1163-1157;10-19,1155-1146;20-21,1144-1143	1-1,1164-1164[UP5];9-9,1156-1156[SIL];x-x,1145-1145[BULt]	((.((((((((((.(((((((.&.))))))).))))))))))-))	CAUUGUUCCAGGAGAUGCAAAC&UUUUGCAUAUCCUGGAAUA-UG
TAS1c_3D6	AT1G62720_AT1G62720	1305	1327	1318	-31.40	-23.80	0.75796178343949	5	1-14,1327-1314;15-18,1312-1309;19-21,1307-1305	x-x,1313-1313[BULt];x-x,1308-1308[BULt]	(((.((((.((((((((((((((&))))))))))))))-))))-)))	CGUCAUUCACGGGAUGUGCAAGA&UUUUGCAUAUCCUG-GAAU-AUG
TAS1c_3D6	AT4G39952_AT4G39952	994	1014	1005	-31.40	-22.80	0.726114649681529	5	1-8,1014-1007;10-21,1005-994	9-9,1006-1006[SIL]	((((((((((((.((((((((&)))))))).))))))))))))	UAUGUUCUGGGAAAUGCAGAA&UUUUGCAUAUCCUGGAAUAUG
TAS1c_3D6	AT1G77170_AT1G77170	892	912	903	-31.40	-22.70	0.722929936305733	7	3-8,910-905;10-13,903-900;15-21,898-892	1-2,912-911[UP5];9-9,904-904[SIL];14-14,899-899[SIL]	(((((((.((((.((((((..&..)))))).)))).)))))))	CAUAUUCGAGGAAAUGCGACA&UUUUGCAUAUCCUGGAAUAUG
TAS1c_3D6	AT5G66520_AT5G66520	1050	1070	1061	-31.40	-22.60	0.719745222929936	8.5	4-18,1067-1053	1-3,1070-1068[UP5];19-21,1052-1050[UP3]	...(((((((((((((((...&...)))))))))))))))...	UUGAUUUCAGGAUAUGCAUAC&UUUUGCAUAUCCUGGAAUAUG
TAS1c_3D6	AT3G22470_AT3G22470	1550	1572	1563	-31.40	-22.50	0.71656050955414	6.5	3-14,1570-1559;15-18,1557-1554;19-21,1552-1550	1-2,1572-1571[UP5];x-x,1558-1558[BULt];x-x,1553-1553[BULt]	(((.((((.((((((((((((..&..))))))))))))-))))-)))	CAUCAUUCACGGGAUGUGCAAUG&UUUUGCAUAUCCUG-GAAU-AUG
TAS1c_3D6	AT1G12300_AT1G12300	1710	1732	1723	-31.40	-22.50	0.71656050955414	6.5	3-14,1730-1719;15-18,1717-1714;19-21,1712-1710	1-2,1732-1731[UP5];x-x,1718-1718[BULt];x-x,1713-1713[BULt]	(((.((((.((((((((((((..&..))))))))))))-))))-)))	CAUCAUUCACGGGAUGUGCAAUG&UUUUGCAUAUCCUG-GAAU-AUG
TAS1c_3D6	AT2G27610_AT2G27610	796	816	807	-31.40	-22.40	0.713375796178344	8	3-18,814-799	1-2,816-815[UP5];19-21,798-796[UP3]	...((((((((((((((((..&..))))))))))))))))...	AUGAUUUCGGGAUAUGCAGCG&UUUUGCAUAUCCUGGAAUAUG
TAS1c_3D6	AT3G62890_AT3G62890	579	599	590	-31.40	-22.40	0.713375796178344	8	3-8,597-592;10-19,590-581	1-2,599-598[UP5];9-9,591-591[SIL];20-21,580-579[UP3]	..((((((((((.((((((..&..)))))).))))))))))..	UUUGUUCCGGGAGAUGCAAUU&UUUUGCAUAUCCUGGAAUAUG
TAS1c_3D6	AT1G59720_AT1G59720	930	950	941	-31.40	-22.20	0.707006369426752	5.5	1-8,950-943;10-20,941-931	9-9,942-942[SIL];21-21,930-930[UP3]	.(((((((((((.((((((((&)))))))).))))))))))).	AGUGUUUCAGGGGAUGCAAAA&UUUUGCAUAUCCUGGAAUAUG
TAS1c_3D6	AT4G34830_AT4G34830	3422	3442	3433	-31.40	-22.10	0.703821656050955	4.5	1-8,3442-3435;10-14,3433-3429;16-20,3427-3423	9-9,3434-3434[SIL];15-15,3428-3428[SIL];21-21,3422-3422[UP3]	.(((((.(((((.((((((((&)))))))).))))).))))).	GAUGUUGCAGGACAUGCAAAA&UUUUGCAUAUCCUGGAAUAUG
TAS1c_3D6	AT5G16860_AT5G16860	1006	1026	1017	-31.40	-21.80	0.694267515923567	10.5	5-19,1022-1008	1-4,1026-1023[UP5];20-21,1007-1006[UP3]	..(((((((((((((((....&....)))))))))))))))..	GCUAUUUCAGGGUAUGCUCAA&UUUUGCAUAUCCUGGAAUAUG
TAS1c_3D6	AT1G62680_AT1G62680	1701	1721	1712	-31.40	-21.70	0.691082802547771	7	1-16,1721-1706	17-21,1705-1701[UP3]	.....((((((((((((((((&)))))))))))))))).....	UAAAAUCUGGGGUAUGCAAAA&UUUUGCAUAUCCUGGAAUAUG
TAS1c_3D6	AT1G26500_AT1G26500	1443	1464	1455	-31.40	-21.70	0.691082802547771	7.5	2-4,1463-1461;6-11,1459-1454;12-21,1452-1443	1-1,1464-1464[UP5];5-5,1460-1460[SIL];x-x,1453-1453[BULt]	((((((((((.((((((.(((.&.))).))))))-))))))))))	UAUAUUCCAGAGGUAUGGAGAG&UUUUGCAUAUC-CUGGAAUAUG
TAS1c_3D6	AT3G05240_AT3G05240	1212	1232	1224	-31.40	-21.60	0.687898089171975	6.5	1-8,1232-1225;10-11,1224-1223;12-21,1221-1212	9-9,x-x[BULq];x-x,1222-1222[BULt]	((((((((((.((-((((((((&)))))))).))-))))))))))	UAUAUUCCAGAGG-AUGCAAGA&UUUUGCAUAUC-CUGGAAUAUG
TAS1c_3D6	AT1G08070_AT1G08070	730	750	741	-31.40	-21.60	0.687898089171975	6.5	1-3,750-748;5-18,746-733	4-4,747-747[SIL];19-21,732-730[UP3]	...((((((((((((((.(((&))).))))))))))))))...	AUGAUUUCAGGAUAUGCUGAA&UUUUGCAUAUCCUGGAAUAUG
TAS1c_3D6	AT3G22690_AT3G22690	313	333	324	-31.40	-21.50	0.684713375796178	9	4-13,330-321;15-18,319-316	1-3,333-331[UP5];14-14,320-320[SIL];19-21,315-313[UP3]	...((((.((((((((((...&...)))))))))).))))...	UUGAUUCGAGGAUAUGCAUCU&UUUUGCAUAUCCUGGAAUAUG
TAS1c_3D6	AT5G16640_AT5G16640	1418	1440	1431	-31.40	-21.40	0.681528662420382	6	1-14,1440-1427;15-18,1425-1422;19-21,1420-1418	x-x,1426-1426[BULt];x-x,1421-1421[BULt]	(((.((((.((((((((((((((&))))))))))))))-))))-)))	CAUCAUUCGCGGGAUGUGUAAGG&UUUUGCAUAUCCUG-GAAU-AUG
TAS1c_3D6	AT2G22410_AT2G22410	1004	1024	1015	-31.40	-21.40	0.681528662420382	10.5	5-18,1020-1007	1-4,1024-1021[UP5];19-21,1006-1004[UP3]	...((((((((((((((....&....))))))))))))))...	AUGAUUUCAGGAUAUGCUAGA&UUUUGCAUAUCCUGGAAUAUG
TAS1c_3D6	AT2G03880_AT2G03880	1900	1918	1910	-31.40	-21.20	0.67515923566879	5	2-6,1917-1913;8-17,1912-1903;19-21,1902-1900	1-1,1918-1918[UP5];7-7,x-x[BULq];18-18,x-x[BULq]	(((-((((((((((-(((((.&.))))).)))))))))).)))	CAU-UUCCAGGAUG-GCAAAU&UUUUGCAUAUCCUGGAAUAUG
TAS1c_3D6	AT1G03100_AT1G03100	2328	2349	2340	-31.40	-21.00	0.668789808917198	7	3-14,2347-2336;15-16,2334-2333;18-21,2331-2328	1-2,2349-2348[UP5];x-x,2335-2335[BULt];17-17,2332-2332[SIL]	((((.((.((((((((((((..&..))))))))))))-)).))))	UAUGGUCACAGGAUAUGCAGCC&UUUUGCAUAUCCUG-GAAUAUG
TAS1c_3D6	AT4G04370_AT4G04370	718	738	729	-31.40	-20.80	0.662420382165605	11.5	5-18,734-721	1-4,738-735[UP5];19-21,720-718[UP3]	...((((((((((((((....&....))))))))))))))...	AUGAUUUCAGGGUAUGCUUCU&UUUUGCAUAUCCUGGAAUAUG
TAS1c_3D6	AT5G15980_AT5G15980	1510	1535	1526	-31.40	-20.80	0.662420382165605	9	1-11,1535-1525;12-13,1523-1522;14-21,1517-1510	x-x,1524-1524[BULt];x-x,1521-1518[BULt]	((((((((....((.(((((((((((&)))))))))))-))----))))))))	UAUGUUCCUAGUGGUGAUAUGCAGAG&UUUUGCAUAUC-CU----GGAAUAUG
TAS1c_3D6	AT3G16710_AT3G16710	1443	1464	1455	-31.40	-20.60	0.656050955414013	7.5	2-13,1463-1452;15-19,1449-1445	1-1,1464-1464[UP5];14-14,1451-1450[AILt];20-21,1444-1443[UP3]	..(((((..((((((((((((.&.))))))))))))-.)))))..	AUUAUUCAAGGGAUGUGCAAGC&UUUUGCAUAUCCU-GGAAUAUG
TAS1c_3D6	AT4G26800_AT4G26800	1408	1430	1421	-31.40	-20.60	0.656050955414013	6	1-13,1430-1418;15-18,1415-1412;19-21,1410-1408	14-14,1417-1416[AILt];x-x,1411-1411[BULt]	(((.((((..(((((((((((((&)))))))))))))-.))))-)))	CAUGAUUCAUGGGAUGUGCAAGG&UUUUGCAUAUCCU-GGAAU-AUG
TAS1c_3D6	AT5G41170_AT5G41170	1536	1558	1549	-31.40	-20.60	0.656050955414013	6	1-13,1558-1546;15-18,1543-1540;19-21,1538-1536	14-14,1545-1544[AILt];x-x,1539-1539[BULt]	(((.((((..(((((((((((((&)))))))))))))-.))))-)))	CAUCAUUCAAGGGAUGUGCAAGG&UUUUGCAUAUCCU-GGAAU-AUG
TAS1c_3D6	AT3G18840_AT3G18840	754	774	765	-31.40	-20.50	0.652866242038217	10	4-14,771-761;16-18,759-757	1-3,774-772[UP5];15-15,760-760[SIL];19-21,756-754[UP3]	...(((.(((((((((((...&...))))))))))).)))...	UUGAUUGCAGGGUAUGCACAG&UUUUGCAUAUCCUGGAAUAUG
TAS2_3D9	AT1G63630_AT1G63630	172	192	183	-33.60	-34.20	1	1	2-21,191-172	1-1,192-192[UP5]	((((((((((((((((((((.&.))))))))))))))))))))	UUGUUGAUCGGAUGGUAGAAG&UUUCUACCAUCCGAUCAACAA
TAS2_3D9	AT3G22470_AT3G22470	550	570	561	-33.60	-32.70	0.973214285714286	3	1-19,570-552	20-21,551-550[UP3]	..(((((((((((((((((((&)))))))))))))))))))..	UAGUUGAUCGGAUGGUGGAAA&UUUCUACCAUCCGAUCAACAA
TAS2_3D9	AT1G63130_AT1G63130	854	874	865	-33.60	-27.60	0.821428571428571	3.5	1-11,874-864;13-21,862-854	12-12,863-863[SIL]	(((((((((.(((((((((((&))))))))))).)))))))))	UUGUUGGUCAGAUGGUGGAAA&UUUCUACCAUCCGAUCAACAA
TAS2_3D9	AT1G63230_AT1G63230	679	699	690	-33.60	-27.30	0.8125	3	2-10,698-690;12-21,688-679	1-1,699-699[UP5];11-11,689-689[SIL]	((((((((((.(((((((((.&.))))))))).))))))))))	UUGUUGAUCGUAUGGUAGAAG&UUUCUACCAUCCGAUCAACAA
TAS2_3D9	AT1G63080_AT1G63080	558	578	569	-33.60	-26.40	0.785714285714286	5	1-11,578-568;13-19,566-560	12-12,567-567[SIL];20-21,559-558[UP3]	..(((((((.(((((((((((&))))))))))).)))))))..	UGGUUGAUCAGAUGGUGGAAA&UUUCUACCAUCCGAUCAACAA
TAS2_3D9	AT1G63070_AT1G63070	500	520	511	-33.60	-26.40	0.785714285714286	5	1-11,520-510;13-19,508-502	12-12,509-509[SIL];20-21,501-500[UP3]	..(((((((.(((((((((((&))))))))))).)))))))..	UGGUUGAUCAGAUGGUGGAAA&UUUCUACCAUCCGAUCAACAA
TAS2_3D9	AT1G12775_AT1G12775	603	623	614	-33.60	-26.10	0.776785714285714	4	1-10,623-614;12-19,612-605	11-11,613-613[SIL];20-21,604-603[UP3]	..((((((((.((((((((((&)))))))))).))))))))..	UAGUUGAUCGAAUGGUAGAAA&UUUCUACCAUCCGAUCAACAA
TAS2_3D9	AT1G12300_AT1G12300	2490	2511	2502	-33.60	-25.40	0.755952380952381	7.5	2-17,2510-2495;18-19,2493-2492	1-1,2511-2511[UP5];x-x,2494-2494[BULt];20-21,2491-2490[UP3]	..((.((((((((((((((((.&.))))))))))))))))-))..	GCGUAUGAUUGGGUGGUGGAGG&UUUCUACCAUCCGAUCA-ACAA
TAS2_3D9	AT1G12300_AT1G12300	2035	2054	2045	-33.60	-25.30	0.75297619047619	5	3-15,2052-2040;17-20,2039-2036	1-2,2054-2053[UP5];16-16,x-x[BULq];21-21,2035-2035[UP3]	.((((-(((((((((((((..&..))))))))))))).)))).	AUGUU-AUCGGAUGGUAGAUU&UUUCUACCAUCCGAUCAACAA
TAS2_3D9	AT1G12620_AT1G12620	2246	2265	2256	-33.60	-25.30	0.75297619047619	5	3-15,2263-2251;17-20,2250-2247	1-2,2265-2264[UP5];16-16,x-x[BULq];21-21,2246-2246[UP3]	.((((-(((((((((((((..&..))))))))))))).)))).	AUGUU-AUCGGAUGGUAGAUU&UUUCUACCAUCCGAUCAACAA
TAS2_3D9	AT1G62720_AT1G62720	628	650	640	-33.60	-23.90	0.711309523809524	7	1-5,650-646;7-18,643-632;19-20,630-629	6-6,645-644[AILt];x-x,631-631[BULt];21-21,628-628[UP3]	.((.((((((((((((..(((((&)))))-.))))))))))))-)).	CUGUUUGAUCGGAUGGAAAGAGA&UUUCU-ACCAUCCGAUCAA-CAA
TAS2_3D9	AT1G19520_AT1G19520	2347	2367	2358	-33.60	-23.80	0.708333333333333	11.5	7-21,2361-2347	1-6,2367-2362[UP5]	(((((((((((((((......&......)))))))))))))))	UUGUUGAUUGGAUGGCUAAUC&UUUCUACCAUCCGAUCAACAA
TAS2_3D9	AT1G62680_AT1G62680	624	644	635	-33.60	-23.60	0.702380952380952	7	1-11,644-634;14-19,631-626	12-13,633-632[SIL];20-21,625-624[UP3]	..((((((..(((((((((((&)))))))))))..))))))..	UGGUUGAUAAGAUGGUGGAGA&UUUCUACCAUCCGAUCAACAA
TAS2_3D9	AT2G36240_AT2G36240	966	987	977	-33.60	-23.50	0.699404761904762	6	1-7,987-981;8-9,979-978;11-12,976-975;14-21,973-966	x-x,980-980[BULt];10-10,977-977[SIL];13-13,974-974[SIL]	((((((((.((.((.(((((((&)))))))-)).)).))))))))	UUGUUGAUGGGUUGUGUAGAGA&UUUCUAC-CAUCCGAUCAACAA
TAS2_3D9	AT3G22690_AT3G22690	656	686	676	-33.60	-22.70	0.675595238095238	13	1-5,686-682;6-14,680-672;15-20,662-657	x-x,681-681[BULt];x-x,671-663[BULt];21-21,656-656[UP3]	.((((((.........(((((((((.(((((&)))))-)))))))))---------)))))).	CUGUUGAUUUGUUUUUUCGGAUGGUGAGAGA&UUUCU-ACCAUCCGA---------UCAACAA
TAS2_3D9	AT1G12700_AT1G12700	539	559	550	-33.60	-22.70	0.675595238095238	5	1-12,559-548;14-16,546-544;18-19,542-541	13-13,547-547[SIL];17-17,543-543[SIL];20-21,540-539[UP3]	..((.(((.((((((((((((&)))))))))))).))).))..	UAGUCGAUAGGAUGGUGGAAA&UUUCUACCAUCCGAUCAACAA
TAS2_3D9	AT1G63330_AT1G63330	340	360	351	-33.60	-22.60	0.672619047619048	7	1-10,360-351;13-19,348-342	11-12,350-349[SIL];20-21,341-340[UP3]	..(((((((..((((((((((&))))))))))..)))))))..	UGGUUGAUCAAAUGGUGGAAA&UUUCUACCAUCCGAUCAACAA
TAS2_3D9	AT1G62590_AT1G62590	580	600	591	-33.60	-22.60	0.672619047619048	7	1-10,600-591;13-19,588-582	11-12,590-589[SIL];20-21,581-580[UP3]	..(((((((..((((((((((&))))))))))..)))))))..	UGGUUGAUCAAAUGGUGGAAA&UUUCUACCAUCCGAUCAACAA
TAS2_3D9	AT1G63400_AT1G63400	672	692	683	-33.60	-22.60	0.672619047619048	7	1-10,692-683;13-19,680-674	11-12,682-681[SIL];20-21,673-672[UP3]	..(((((((..((((((((((&))))))))))..)))))))..	UGGUUGAUCAAAUGGUGGAAA&UUUCUACCAUCCGAUCAACAA
TAS2_3D9	AT1G29710_AT1G29710	237	257	248	-33.60	-22.60	0.672619047619048	9	2-14,256-244;16-17,242-241	1-1,257-257[UP5];15-15,243-243[SIL];18-21,240-237[UP3]	....((.(((((((((((((.&.))))))))))))).))....	GUUCUGUUCGGGUGGUGGAGC&UUUCUACCAUCCGAUCAACAA
TAS2_3D9	AT1G79540_AT1G79540	1287	1307	1298	-33.60	-22.20	0.660714285714286	8	1-4,1307-1304;6-16,1302-1292	5-5,1303-1303[SIL];17-21,1291-1287[UP3]	.....(((((((((((.((((&)))).))))))))))).....	AAUUGGGUCGGAUGGUUGAAG&UUUCUACCAUCCGAUCAACAA
TAS2_3D9	AT4G18840_AT4G18840	1348	1367	1360	-33.60	-22.10	0.657738095238095	5.5	1-4,1367-1364;7-18,1363-1352;19-21,1350-1348	5-6,x-x[BULq];x-x,1351-1351[BULt]	(((.((((((((((((--((((&))))..))))))))))))-)))	UUGCUUGGUCGGAUGG--GAAA&UUUCUACCAUCCGAUCAA-CAA
TAS2_3D9	AT1G02370_AT1G02370	771	790	782	-33.60	-22.00	0.654761904761905	6.5	2-5,789-786;7-18,785-774	1-1,790-790[UP5];6-6,x-x[BULq];19-21,773-771[UP3]	...((((((((((((-((((.&.)))).))))))))))))...	UCUUUGAUUGGAUGG-AGAAG&UUUCUACCAUCCGAUCAACAA
TAS2_3D11	AT1G63320_AT1G63320	263	283	274	-31.60	-31.00	0.981012658227848	2	1-20,283-264	21-21,263-263[UP3]	.((((((((((((((((((((&)))))))))))))))))))).	UGGUAUUCGGGUAUAUGCAAA&UUUGCAUAUACUCGAAUACCU
TAS2_3D11	AT1G63070_AT1G63070	1411	1431	1422	-31.60	-29.80	0.943037974683544	2	1-20,1431-1412	21-21,1411-1411[UP3]	.((((((((((((((((((((&)))))))))))))))))))).	UGGUGUUUGAGUAUAUGCAAA&UUUGCAUAUACUCGAAUACCU
TAS2_3D11	AT1G62930_AT1G62930	1457	1477	1468	-31.60	-27.60	0.873417721518987	3	1-6,1477-1472;8-20,1470-1458	7-7,1471-1471[SIL];21-21,1457-1457[UP3]	.(((((((((((((.((((((&)))))).))))))))))))).	UGGUAUUCGAGUAUCUGCAAA&UUUGCAUAUACUCGAAUACCU
TAS2_3D11	AT5G41170_AT5G41170	1478	1498	1489	-31.60	-27.10	0.857594936708861	6	1-8,1498-1491;11-20,1488-1479	9-10,1490-1489[SIL];21-21,1478-1478[UP3]	.((((((((((..((((((((&))))))))..)))))))))).	UGGUAUUCGAGGAUAUGCGAA&UUUGCAUAUACUCGAAUACCU
TAS2_3D11	AT1G63130_AT1G63130	1796	1816	1807	-31.60	-25.50	0.806962025316456	4	1-6,1816-1811;8-20,1809-1797	7-7,1810-1810[SIL];21-21,1796-1796[UP3]	.(((((((((((((.((((((&)))))).))))))))))))).	UGGUGUUUGAGUAUCUGCAAA&UUUGCAUAUACUCGAAUACCU
TAS2_3D11	AT1G62914_AT1G62914	1712	1732	1723	-31.60	-23.90	0.756329113924051	4	1-6,1732-1727;8-19,1725-1714	7-7,1726-1726[SIL];20-21,1713-1712[UP3]	..((((((((((((.((((((&)))))).))))))))))))..	UUGUAUUCGAGUAUCUGCAAA&UUUGCAUAUACUCGAAUACCU
TAS2_3D11	AT1G63080_AT1G63080	1500	1520	1511	-31.60	-23.90	0.756329113924051	4	1-6,1520-1515;8-19,1513-1502	7-7,1514-1514[SIL];20-21,1501-1500[UP3]	..((((((((((((.((((((&)))))).))))))))))))..	UUGUAUUCGAGUAUCUGCAAA&UUUGCAUAUACUCGAAUACCU
TAS2_3D11	AT1G62670_AT1G62670	1617	1637	1628	-31.60	-23.90	0.756329113924051	4	1-6,1637-1632;8-19,1630-1619	7-7,1631-1631[SIL];20-21,1618-1617[UP3]	..((((((((((((.((((((&)))))).))))))))))))..	UUGUAUUCGAGUAUCUGCAAA&UUUGCAUAUACUCGAAUACCU
TAS2_3D11	AT1G62910_AT1G62910	1578	1598	1589	-31.60	-23.90	0.756329113924051	4	1-6,1598-1593;8-19,1591-1580	7-7,1592-1592[SIL];20-21,1579-1578[UP3]	..((((((((((((.((((((&)))))).))))))))))))..	UUGUAUUCGAGUAUCUGCAAA&UUUGCAUAUACUCGAAUACCU
TAS2_3D11	AT1G63400_AT1G63400	1614	1634	1625	-31.60	-23.90	0.756329113924051	4	1-6,1634-1629;8-19,1627-1616	7-7,1628-1628[SIL];20-21,1615-1614[UP3]	..((((((((((((.((((((&)))))).))))))))))))..	UUGUAUUCGAGUAUCUGCAAA&UUUGCAUAUACUCGAAUACCU
TAS2_3D11	AT5G04780_AT5G04780	722	742	733	-31.60	-23.70	0.75	5	2-8,741-735;10-16,733-727;18-21,725-722	1-1,742-742[UP5];9-9,734-734[SIL];17-17,726-726[SIL]	((((.(((((((.(((((((.&.))))))).))))))).))))	AGGUUUUCGAGUCUAUGCAGG&UUUGCAUAUACUCGAAUACCU
TAS2_3D11	AT1G63330_AT1G63330	1282	1302	1293	-31.60	-22.90	0.724683544303797	3	1-10,1302-1293;12-16,1291-1287;18-21,1285-1282	11-11,1292-1292[SIL];17-17,1286-1286[SIL]	((((.(((((.((((((((((&)))))))))).))))).))))	AGGUUUUCGACUAUAUGCAAA&UUUGCAUAUACUCGAAUACCU
TAS2_3D11	AT1G62590_AT1G62590	1522	1542	1533	-31.60	-22.90	0.724683544303797	3	1-10,1542-1533;12-16,1531-1527;18-21,1525-1522	11-11,1532-1532[SIL];17-17,1526-1526[SIL]	((((.(((((.((((((((((&)))))))))).))))).))))	AGGUUUUCGACUAUAUGCAAA&UUUGCAUAUACUCGAAUACCU
TAS2_3D11	AT2G02750_AT2G02750	355	378	367	-31.60	-22.80	0.721518987341772	8.5	2-7,377-372;8-14,369-363;15-21,361-355	1-1,378-378[UP5];x-x,371-370[BULt];x-x,362-362[BULt]	(((((((.(((((((..((((((.&.))))))--)))))))-)))))))	GGGUAUUGCGAGUGUUAAUGCAGC&UUUGCAU--AUACUCG-AAUACCU
TAS2_3D11	AT5G37570_AT5G37570	1458	1479	1470	-31.60	-22.70	0.718354430379747	6	1-7,1479-1473;10-16,1470-1464;17-21,1462-1458	8-9,1472-1471[SIL];x-x,1463-1463[BULt]	(((((.(((((((..(((((((&)))))))..)))))))-)))))	AGGUAUUUCGAGUUAAUGCGAA&UUUGCAUAUACUCGAA-UACCU
TAS2_3D11	AT4G39620_AT4G39620	710	730	721	-31.60	-22.20	0.70253164556962	6.5	1-7,730-724;9-12,722-719;14-21,717-710	8-8,723-723[SIL];13-13,718-718[SIL]	((((((((.((((.(((((((&))))))).)))).))))))))	AGGUGUUCAGGUGGAUGCAGA&UUUGCAUAUACUCGAAUACCU
TAS2_3D11	AT1G62720_AT1G62720	1244	1267	1258	-31.60	-22.10	0.699367088607595	6.5	1-9,1267-1259;11-15,1257-1253;16-20,1249-1245	10-10,1258-1258[SIL];x-x,1252-1250[BULt];21-21,1244-1244[UP3]	.(((((...(((((.(((((((((&))))))))).)))))---))))).	UGGUGUUAUUCGAGAAUAUGCAAA&UUUGCAUAUACUCGA---AUACCU
TAS2_3D11	AT1G79540_AT1G79540	1410	1431	1422	-31.60	-22.10	0.699367088607595	4.5	1-10,1431-1422;11-17,1420-1414;19-21,1412-1410	x-x,1421-1421[BULt];18-18,1413-1413[SIL]	(((.(((((((.((((((((((&))))))))))-))))))).)))	AGGCAUUUGAGCUGUAUGCAAA&UUUGCAUAUA-CUCGAAUACCU
TAS2_3D11	AT3G15130_AT3G15130	334	354	345	-31.60	-22.10	0.699367088607595	10.5	4-9,351-346;12-21,343-334	1-3,354-352[UP5];10-11,345-344[SIL]	((((((((((..((((((...&...))))))..))))))))))	AGGUGUUCGACAGUAUGCCUG&UUUGCAUAUACUCGAAUACCU
TAS2_3D11	AT3G26540_AT3G26540	582	601	593	-31.60	-21.80	0.689873417721519	9.5	1-7,601-595;11-21,592-582	8-10,594-593[AILq]	(((((((((((..-(((((((&)))))))...)))))))))))	GGGUAUUCGGGGA-AUGUAGA&UUUGCAUAUACUCGAAUACCU
TAS2_3D11	AT4G14170_AT4G14170	1277	1296	1287	-31.60	-20.80	0.658227848101266	7	1-7,1296-1290;9-13,1288-1284;15-20,1283-1278	8-8,1289-1289[SIL];14-14,x-x[BULq];21-21,1277-1277[UP3]	.((((((-(((((.(((((((&))))))).))))).)))))).	CGGUGUU-GAGUGGGUGCAAG&UUUGCAUAUACUCGAAUACCU
TAS2_3D11	AT2G28050_AT2G28050	479	499	490	-31.60	-20.70	0.65506329113924	8.5	5-16,495-484;18-21,482-479	1-4,499-496[UP5];17-17,483-483[SIL]	((((.((((((((((((....&....)))))))))))).))))	AGGUUUUUGAGUAUAUGAAGA&UUUGCAUAUACUCGAAUACCU
TAS2_3D11	AT4G39530_AT4G39530	368	388	379	-31.60	-20.68	0.654430379746835	11.5	4-7,385-382;11-21,378-368	1-3,388-386[UP5];8-10,381-379[SIL]	(((((((((((...((((...&...))))...)))))))))))	AGGUGUUCGAGAAAAUGCCUG&UUUGCAUAUACUCGAAUACCU
TAS2_3D11	AT4G13650_AT4G13650	3044	3064	3055	-31.60	-20.60	0.651898734177215	9	2-15,3063-3050	1-1,3064-3064[UP5];16-21,3049-3044[UP3]	......((((((((((((((.&.))))))))))))))......	CUGAAAUCGGGUAUGUGCAAG&UUUGCAUAUACUCGAAUACCU
TAS2_3D12	AT1G12700_AT1G12700	1397	1417	1408	-32.70	-33.40	1	1	1-21,1417-1397	NA	(((((((((((((((((((((&)))))))))))))))))))))	AGAGUAAGAUGGAUCUUGGUA&UAUCAAGAUCCAUCUUACUCU
TAS2_3D12	AT1G12300_AT1G12300	1673	1693	1684	-32.70	-29.30	0.896024464831804	2	1-7,1693-1687;9-21,1685-1673	8-8,1686-1686[SIL]	(((((((((((((.(((((((&))))))).)))))))))))))	AGAGUAAGAUGGAGCUUGAUA&UAUCAAGAUCCAUCUUACUCU
TAS2_3D12	AT1G12620_AT1G12620	1884	1904	1895	-32.70	-29.30	0.896024464831804	2	1-7,1904-1898;9-21,1896-1884	8-8,1897-1897[SIL]	(((((((((((((.(((((((&))))))).)))))))))))))	AGAGUAAGAUGGAGCUUGAUA&UAUCAAGAUCCAUCUUACUCU
TAS2_3D12	AT1G12775_AT1G12775	1566	1586	1577	-32.70	-29.30	0.896024464831804	2	1-7,1586-1580;9-21,1578-1566	8-8,1579-1579[SIL]	(((((((((((((.(((((((&))))))).)))))))))))))	AGAGUAAGAUGGAGCUUGAUA&UAUCAAGAUCCAUCUUACUCU
TAS2_3D12	AT1G13800_AT1G13800	2399	2419	2410	-32.70	-28.20	0.862385321100917	4	1-5,2419-2415;7-21,2413-2399	6-6,2414-2414[SIL]	(((((((((((((((.(((((&))))).)))))))))))))))	AGAGUGGGGUGGAUCCUGAUG&UAUCAAGAUCCAUCUUACUCU
TAS2_3D12	AT1G64100_AT1G64100	1645	1665	1656	-32.70	-26.30	0.804281345565749	3	1-10,1665-1656;12-20,1654-1646	11-11,1655-1655[SIL];21-21,1645-1645[UP3]	.(((((((((.((((((((((&)))))))))).))))))))).	UGAGUAAGAUUGAUCUUGAUA&UAUCAAGAUCCAUCUUACUCU
TAS2_3D12	AT1G52620_AT1G52620	2347	2367	2358	-32.70	-24.90	0.761467889908257	8	3-11,2365-2357;13-20,2355-2348	1-2,2367-2366[UP5];12-12,2356-2356[SIL];21-21,2347-2347[UP3]	.((((((((.(((((((((..&..))))))))).)))))))).	UGGGUGAGAAGGGUCUUGAAG&UAUCAAGAUCCAUCUUACUCU
TAS2_3D12	AT3G22470_AT3G22470	1513	1533	1524	-32.70	-24.70	0.755351681957186	5.5	1-8,1533-1526;11-21,1523-1513	9-10,1525-1524[SIL]	(((((((((((..((((((((&))))))))..)))))))))))	AGAGUAGGAUGACUCUUGGUA&UAUCAAGAUCCAUCUUACUCU
TAS2_3D12	AT1G64580_AT1G64580	1378	1398	1389	-32.70	-23.90	0.730886850152905	3.5	1-6,1398-1393;8-13,1391-1386;15-21,1384-1378	7-7,1392-1392[SIL];14-14,1385-1385[SIL]	(((((((.((((((.((((((&)))))).)))))).)))))))	AGAGUGAAAUGGAUGUUGAUA&UAUCAAGAUCCAUCUUACUCU
TAS2_3D12	AT5G55840_AT5G55840	4523	4543	4534	-32.70	-23.90	0.730886850152905	4	1-14,4543-4530;17-18,4527-4526;20-21,4524-4523	15-16,4529-4528[SIL];19-19,4525-4525[SIL]	((.((..((((((((((((((&))))))))))))))..)).))	GGUGUCUGAUGGAUCUUGAUG&UAUCAAGAUCCAUCUUACUCU
TAS2_3D12	AT1G62680_AT1G62680	1377	1397	1388	-32.70	-23.50	0.718654434250764	3	1-13,1397-1385;15-15,1383-1383;18-21,1380-1377	14-14,1384-1384[SIL];16-17,1382-1381[SIL]	((((..(.(((((((((((((&))))))))))))).)..))))	AGAGGGAAAUGGAUCUUGAUA&UAUCAAGAUCCAUCUUACUCU
TAS2_3D12	AT3G13880_AT3G13880	580	601	592	-32.70	-23.30	0.712538226299694	5	2-10,600-592;11-16,590-585;18-21,583-580	1-1,601-601[UP5];x-x,591-591[BULt];17-17,584-584[SIL]	((((.((((((.(((((((((.&.)))))))))-)))))).))))	GGAGAAAGGUGUGAUCUUGAUU&UAUCAAGAUC-CAUCUUACUCU
TAS2_3D12	AT2G39620_AT2G39620	443	463	454	-32.70	-22.50	0.688073394495413	8.5	3-17,461-447	1-2,463-462[UP5];18-21,446-443[UP3]	....(((((((((((((((..&..)))))))))))))))....	UUGCUGAGAUGGGUCUUGAGU&UAUCAAGAUCCAUCUUACUCU
TAS2_3D12	AT3G12770_AT3G12770	915	936	927	-32.70	-21.90	0.669724770642202	8.5	3-15,934-922;16-18,920-918	1-2,936-935[UP5];x-x,921-921[BULt];19-21,917-915[UP3]	...(((.(((((((((((((..&..)))))))))))))-)))...	GUUGUGAAGAUGGGUCUUGAAA&UAUCAAGAUCCAUCU-UACUCU
TAS2_3D12	AT3G48250_AT3G48250	979	1001	992	-32.70	-21.90	0.669724770642202	8.5	3-12,999-990;13-14,987-986;16-21,984-979	1-2,1001-1000[UP5];x-x,989-988[BULt];15-15,985-985[SIL]	((((((.((..((((((((((..&..))))))))))--)).))))))	AGGGUAUGAUAUGGAUCUUGACA&UAUCAAGAUCCA--UCUUACUCU
TAS2_3D12	AT5G04810_AT5G04810	827	848	838	-32.70	-21.62	0.661162079510703	13	3-4,846-845;8-21,840-827	1-2,848-847[UP5];5-7,844-841[AILt]	((((((((((((((....((..&..))-...))))))))))))))	AGAGUGAGGUGGGUAGAGGAAG&UAUC-AAGAUCCAUCUUACUCU
