# GSTAr version 1.0
# Sat Nov 11 16:46:49 GMT 2023
# Queries: Ct-1.sRNA.fa
# Transcripts: sub_Ct-1.fa.fa
# Minimum Free Energy Ratio cutoff (option -r): 0.65
# Sorted by: MFEratio
# Output Format: Tabular
Query	Transcript	TStart	TStop	TSlice	MFEperfect	MFEsite	MFEratio	AllenScore	Paired	Unpaired	Structure	Sequence
miR161.1	AT1G64583_AT1G64583	728	748	739	-37.90	-32.40	0.854881266490765	2.5	1-10,748-739;12-21,737-728	11-11,738-738[SIL]	((((((((((.((((((((((&)))))))))).))))))))))	ACCCUGAUGUUGUCACUUUCA&UGAAAGUGACUACAUCGGGGU
miR161.1	AT1G62670_AT1G62670	970	990	981	-37.90	-31.00	0.817941952506596	2.5	1-9,990-982;11-21,980-970	10-10,981-981[SIL]	(((((((((((.(((((((((&))))))))).)))))))))))	ACCCUGAUGUAUUCACUUUCA&UGAAAGUGACUACAUCGGGGU
miR161.1	AT1G51965_AT1G51965	1746	1766	1757	-37.90	-29.70	0.783641160949868	10.5	6-21,1761-1746	1-5,1766-1762[UP5]	((((((((((((((((.....&.....))))))))))))))))	ACCCUGAUGUGGUCACAUACA&UGAAAGUGACUACAUCGGGGU
miR161.1	AT5G36300_AT5G36300	1582	1602	1593	-37.90	-29.10	0.767810026385224	11	6-21,1597-1582	1-5,1602-1598[UP5]	((((((((((((((((.....&.....))))))))))))))))	ACCCCGAUGUGGUUACCUAUA&UGAAAGUGACUACAUCGGGGU
miR161.1	AT1G06580_AT1G06580	864	884	875	-37.90	-29.00	0.765171503957784	3.5	1-9,884-876;11-16,874-869;18-21,867-864	10-10,875-875[SIL];17-17,868-868[SIL]	((((.((((((.(((((((((&))))))))).)))))).))))	GCCCGGAUGUAAUCACUUUCA&UGAAAGUGACUACAUCGGGGU
miR161.1	AT1G62720_AT1G62720	974	994	985	-37.90	-28.70	0.757255936675462	8	4-7,991-988;9-20,986-975	1-3,994-992[UP5];8-8,987-987[SIL];21-21,974-974[UP3]	.((((((((((((.((((...&...)))).)))))))))))).	UCCCCGAUGUAGUGACUUAUA&UGAAAGUGACUACAUCGGGGU
miR161.1	AT5G16640_AT5G16640	813	833	824	-37.90	-28.60	0.754617414248021	3.5	1-9,833-825;11-21,823-813	10-10,824-824[SIL]	(((((((((((.(((((((((&))))))))).)))))))))))	ACCCUGAUGUAUUUACUUUCA&UGAAAGUGACUACAUCGGGGU
miR161.1	AT2G16880_AT2G16880	1065	1085	1076	-37.90	-28.20	0.744063324538259	5	1-2,1085-1084;4-19,1082-1067;21-21,1065-1065	3-3,1083-1083[SIL];20-20,1066-1066[SIL]	(.((((((((((((((((.((&)).)))))))))))))))).)	AGCCCGAUGUGGUUACUUACA&UGAAAGUGACUACAUCGGGGU
miR161.1	AT1G63130_AT1G63130	1092	1112	1103	-37.90	-28.10	0.741424802110818	2.5	1-15,1112-1098;18-21,1095-1092	16-17,1097-1096[SIL]	((((..(((((((((((((((&)))))))))))))))..))))	AUCCAAAUGUAGUCACUUUCA&UGAAAGUGACUACAUCGGGGU
miR161.1	AT1G62930_AT1G62930	965	985	976	-37.90	-28.10	0.741424802110818	2.5	1-15,985-971;18-21,968-965	16-17,970-969[SIL]	((((..(((((((((((((((&)))))))))))))))..))))	AUCCAAAUGUAGUCACUUUCA&UGAAAGUGACUACAUCGGGGU
miR161.1	AT1G63400_AT1G63400	980	1000	991	-37.90	-28.10	0.741424802110818	2.5	1-15,1000-986;18-21,983-980	16-17,985-984[SIL]	((((..(((((((((((((((&)))))))))))))))..))))	AUCCAAAUGUAGUCACUUUCA&UGAAAGUGACUACAUCGGGGU
miR161.1	AT1G62910_AT1G62910	977	997	988	-37.90	-28.10	0.741424802110818	2.5	1-15,997-983;18-21,980-977	16-17,982-981[SIL]	((((..(((((((((((((((&)))))))))))))))..))))	AUCCAAAUGUAGUCACUUUCA&UGAAAGUGACUACAUCGGGGU
miR161.1	AT4G26800_AT4G26800	1067	1088	1079	-37.90	-27.00	0.712401055408971	4	1-2,1088-1087;4-15,1085-1074;17-21,1071-1067	3-3,1086-1086[SIL];16-16,1073-1072[AILt]	(((((..((((((((((((.((&)).))))))))))))-.)))))	ACCCCAAAUGUAGUCACUUACA&UGAAAGUGACUACAU-CGGGGU
miR161.1	AT5G41170_AT5G41170	872	892	883	-37.90	-26.90	0.70976253298153	4.5	1-9,892-884;11-19,882-874	10-10,883-883[SIL];20-21,873-872[UP3]	..(((((((((.(((((((((&))))))))).)))))))))..	AACCUGAUGUAAUCACUUUCA&UGAAAGUGACUACAUCGGGGU
miR161.1	AT1G63150_AT1G63150	977	997	988	-37.90	-26.60	0.701846965699208	4	1-10,997-988;12-15,986-983;17-21,981-977	11-11,987-987[SIL];16-16,982-982[SIL]	(((((.((((.((((((((((&)))))))))).)))).)))))	ACCCCAAUGUUGUUACUUUCA&UGAAAGUGACUACAUCGGGGU
miR161.1	AT4G31850_AT4G31850	869	889	880	-37.90	-26.20	0.691292875989446	5.5	1-2,889-888;4-19,886-871	3-3,887-887[SIL];20-21,870-869[UP3]	..((((((((((((((((.((&)).))))))))))))))))..	GACCUGAUGUAGUUACUUACA&UGAAAGUGACUACAUCGGGGU
miR161.1	AT1G77405_AT1G77405	839	859	850	-37.90	-26.00	0.686015831134565	10	4-7,856-853;9-19,851-841	1-3,859-857[UP5];8-8,852-852[SIL];20-21,840-839[UP3]	..(((((((((((.((((...&...)))).)))))))))))..	UACCCGAUGUGGUGACUUAUA&UGAAAGUGACUACAUCGGGGU
miR161.1	AT1G73710_AT1G73710	635	655	646	-37.90	-24.70	0.651715039577836	10.5	5-11,651-645;13-20,643-636	1-4,655-652[UP5];12-12,644-644[SIL];21-21,635-635[UP3]	.((((((((.(((((((....&....))))))).)))))))).	UCCCUGAUGAAGUCACUAUGG&UGAAAGUGACUACAUCGGGGU
miR161.2	AT1G62914_AT1G62914	956	976	967	-31.70	-29.00	0.914826498422713	3	1-7,976-970;9-21,968-956	8-8,969-969[SIL]	(((((((((((((.(((((((&))))))).)))))))))))))	UAGUCACUUUCAGCGCAUUGA&UCAAUGCAUUGAAAGUGACUA
miR161.2	AT1G63130_AT1G63130	1101	1121	1112	-31.70	-28.90	0.911671924290221	3	1-7,1121-1115;9-21,1113-1101	8-8,1114-1114[SIL]	(((((((((((((.(((((((&))))))).)))))))))))))	UAGUCACUUUCAGCGCAUUGA&UCAAUGCAUUGAAAGUGACUA
miR161.2	AT1G62930_AT1G62930	974	994	985	-31.70	-28.90	0.911671924290221	3	1-7,994-988;9-21,986-974	8-8,987-987[SIL]	(((((((((((((.(((((((&))))))).)))))))))))))	UAGUCACUUUCAGCGCAUUGA&UCAAUGCAUUGAAAGUGACUA
miR161.2	AT1G62910_AT1G62910	986	1006	997	-31.70	-28.90	0.911671924290221	3	1-7,1006-1000;9-21,998-986	8-8,999-999[SIL]	(((((((((((((.(((((((&))))))).)))))))))))))	UAGUCACUUUCAGCGCAUUGA&UCAAUGCAUUGAAAGUGACUA
miR161.2	AT1G63330_AT1G63330	998	1018	1009	-31.70	-28.80	0.908517350157729	1	1-13,1018-1006;15-21,1004-998	14-14,1005-1005[SIL]	(((((((.(((((((((((((&))))))))))))).)))))))	UAGUCACGUUCAAUGCAUUGA&UCAAUGCAUUGAAAGUGACUA
miR161.2	AT1G62590_AT1G62590	1039	1059	1050	-31.70	-28.80	0.908517350157729	1	1-13,1059-1047;15-21,1045-1039	14-14,1046-1046[SIL]	(((((((.(((((((((((((&))))))))))))).)))))))	UAGUCACGUUCAAUGCAUUGA&UCAAUGCAUUGAAAGUGACUA
miR161.2	AT1G63400_AT1G63400	989	1009	1000	-31.70	-28.50	0.899053627760252	2	1-7,1009-1003;9-21,1001-989	8-8,1002-1002[SIL]	(((((((((((((.(((((((&))))))).)))))))))))))	UAGUCACUUUCAACGCAUUGA&UCAAUGCAUUGAAAGUGACUA
miR161.2	AT1G63150_AT1G63150	986	1006	997	-31.70	-28.40	0.89589905362776	2.5	1-19,1006-988	20-21,987-986[UP3]	..(((((((((((((((((((&)))))))))))))))))))..	UUGUUACUUUCAAUGCAUUGA&UCAAUGCAUUGAAAGUGACUA
miR161.2	AT1G63630_AT1G63630	239	259	250	-31.70	-28.40	0.89589905362776	3.5	1-19,259-241	20-21,240-239[UP3]	..(((((((((((((((((((&)))))))))))))))))))..	UUGUUACUUUCAGUGCAUUGA&UCAAUGCAUUGAAAGUGACUA
miR161.2	AT5G41170_AT5G41170	881	901	892	-31.70	-27.30	0.861198738170347	3	1-18,901-884	19-21,883-881[UP3]	...((((((((((((((((((&))))))))))))))))))...	UAAUCACUUUCAAUGCAUUGA&UCAAUGCAUUGAAAGUGACUA
miR161.2	AT1G64583_AT1G64583	737	757	748	-31.70	-26.30	0.829652996845426	5	1-8,757-750;10-19,748-739	9-9,749-749[SIL];20-21,738-737[UP3]	..((((((((((.((((((((&)))))))).))))))))))..	UUGUCACUUUCACUGCGUUGA&UCAAUGCAUUGAAAGUGACUA
miR161.2	AT5G16640_AT5G16640	822	842	833	-31.70	-24.80	0.782334384858044	4.5	1-18,842-825	19-21,824-822[UP3]	...((((((((((((((((((&))))))))))))))))))...	UAUUUACUUUCAAUGCGUUGA&UCAAUGCAUUGAAAGUGACUA
miR161.2	AT1G63080_AT1G63080	1017	1037	1028	-31.70	-24.60	0.77602523659306	4	1-6,1037-1032;9-21,1029-1017	7-8,1031-1030[SIL]	(((((((((((((..((((((&))))))..)))))))))))))	UAGUCACUUUCAACUCAUUGA&UCAAUGCAUUGAAAGUGACUA
miR161.2	AT5G55840_AT5G55840	1359	1379	1370	-31.70	-24.40	0.769716088328076	4.5	1-4,1379-1376;6-19,1374-1361	5-5,1375-1375[SIL];20-21,1360-1359[UP3]	..((((((((((((((.((((&)))).))))))))))))))..	AUGUUACUUUCAAUGCUUUGA&UCAAUGCAUUGAAAGUGACUA
miR161.2	AT2G41720_AT2G41720	1593	1613	1604	-31.70	-23.90	0.753943217665615	4.5	1-11,1613-1603;13-19,1601-1595	12-12,1602-1602[SIL];20-21,1594-1593[UP3]	..(((((((.(((((((((((&))))))))))).)))))))..	UUGUUACUUACAAUGCAUUGA&UCAAUGCAUUGAAAGUGACUA
miR161.2	AT1G12620_AT1G12620	1287	1307	1298	-31.70	-23.50	0.741324921135647	8	3-7,1305-1301;9-21,1299-1287	1-2,1307-1306[UP5];8-8,1300-1300[SIL]	(((((((((((((.(((((..&..))))).)))))))))))))	UGGUCGCUUUCAGCGCGUUAA&UCAAUGCAUUGAAAGUGACUA
miR161.2	AT1G62670_AT1G62670	979	999	990	-31.70	-23.40	0.738170347003155	6	1-7,999-993;9-18,991-982	8-8,992-992[SIL];19-21,981-979[UP3]	...((((((((((.(((((((&))))))).))))))))))...	UAUUCACUUUCAGCGCAUUGA&UCAAUGCAUUGAAAGUGACUA
miR161.2	AT1G06580_AT1G06580	873	893	884	-31.70	-23.30	0.735015772870663	6	1-4,893-890;6-18,888-876	5-5,889-889[SIL];19-21,875-873[UP3]	...(((((((((((((.((((&)))).)))))))))))))...	UAAUCACUUUCAGUGCUUUGA&UCAAUGCAUUGAAAGUGACUA
miR161.2	AT4G26800_AT4G26800	867	887	878	-31.70	-23.00	0.725552050473186	7	3-18,885-870	1-2,887-886[UP5];19-21,869-867[UP3]	...((((((((((((((((..&..))))))))))))))))...	UUAUCACUUUCAGUGCAUUAA&UCAAUGCAUUGAAAGUGACUA
miR161.2	AT3G16710_AT3G16710	773	793	784	-31.70	-23.00	0.725552050473186	6	1-8,793-786;10-18,784-776	9-9,785-785[SIL];19-21,775-773[UP3]	...(((((((((.((((((((&)))))))).)))))))))...	UAAUCACUUUCACUGCGUUGA&UCAAUGCAUUGAAAGUGACUA
miR161.2	AT5G65560_AT5G65560	1197	1217	1208	-31.70	-22.80	0.719242902208202	5	1-11,1217-1207;13-18,1205-1200	12-12,1206-1206[SIL];19-21,1199-1197[UP3]	...((((((.(((((((((((&))))))))))).))))))...	UAAUCACUUACAAUGCAUUGA&UCAAUGCAUUGAAAGUGACUA
miR161.2	AT2G26790_AT2G26790	1175	1195	1186	-31.70	-22.70	0.71608832807571	6.5	1-13,1195-1183;15-19,1181-1177	14-14,1182-1182[SIL];20-21,1176-1175[UP3]	..(((((.(((((((((((((&))))))))))))).)))))..	AUGUCGCGUUUGAUGCGUUGA&UCAAUGCAUUGAAAGUGACUA
miR161.2	AT1G03560_AT1G03560	1832	1852	1843	-31.70	-21.70	0.684542586750789	5.5	1-12,1852-1841;15-16,1838-1837;18-20,1835-1833	13-14,1840-1839[SIL];17-17,1836-1836[SIL];21-21,1832-1832[UP3]	.(((.((..((((((((((((&))))))))))))..)).))).	CAGUGAUGAUCAAUGCGUUGA&UCAAUGCAUUGAAAGUGACUA
miR161.2	AT1G63070_AT1G63070	959	979	970	-31.70	-21.70	0.684542586750789	3.5	1-7,979-973;9-15,971-965;17-21,963-959	8-8,972-972[SIL];16-16,964-964[SIL]	(((((.(((((((.(((((((&))))))).))))))).)))))	UAGUCUUUUUCAACGCAUUGA&UCAAUGCAUUGAAAGUGACUA
miR161.2	AT5G60960_AT5G60960	988	1008	999	-31.70	-21.50	0.678233438485804	5	1-16,1008-993;19-20,990-989	17-18,992-991[SIL];21-21,988-988[UP3]	.((..((((((((((((((((&))))))))))))))))..)).	CAGAGACUUUCAAUGUGUUGA&UCAAUGCAUUGAAAGUGACUA
miR161.2	AT5G25630_AT5G25630	1788	1815	1806	-31.70	-21.50	0.678233438485804	9.5	1-12,1815-1804;14-16,1802-1800;17-20,1792-1789	13-13,1803-1803[SIL];x-x,1799-1793[BULt];21-21,1788-1788[UP3]	.((((.......(((.((((((((((((&)))))))))))).)))-------)))).	GAGUCGAACAAAGCUAUCAAUGCAUUGA&UCAAUGCAUUGAAAGU-------GACUA
miR161.2	AT1G64100_AT1G64100	1185	1205	1196	-31.70	-21.10	0.665615141955836	6	1-16,1205-1190	17-21,1189-1185[UP3]	.....((((((((((((((((&)))))))))))))))).....	UUUUAACUUUUAAUGCAUUGA&UCAAUGCAUUGAAAGUGACUA
miR161.2	AT1G12700_AT1G12700	999	1019	1010	-31.70	-21.00	0.662460567823344	7	3-18,1017-1002	1-2,1019-1018[UP5];19-21,1001-999[UP3]	...((((((((((((((((..&..))))))))))))))))...	UCAUCACUUUCAAUGUAUUAC&UCAAUGCAUUGAAAGUGACUA
miR161.2	AT1G12300_AT1G12300	1046	1066	1057	-31.70	-20.70	0.652996845425867	7	1-4,1066-1063;6-13,1061-1054;15-19,1052-1048	5-5,1062-1062[SIL];14-14,1053-1053[SIL];20-21,1047-1046[UP3]	..(((((.((((((((.((((&)))).)))))))).)))))..	UUGUCACAUUCAGUGUUUUGA&UCAAUGCAUUGAAAGUGACUA
miR161.2	AT1G12775_AT1G12775	998	1018	1009	-31.70	-20.70	0.652996845425867	7	1-4,1018-1015;6-13,1013-1006;15-19,1004-1000	5-5,1014-1014[SIL];14-14,1005-1005[SIL];20-21,999-998[UP3]	..(((((.((((((((.((((&)))).)))))))).)))))..	UUGUCACAUUCAGUGUUUUGA&UCAAUGCAUUGAAAGUGACUA
miR400	AT1G62720_AT1G62720	985	1005	996	-30.00	-30.20	1	1	2-21,1004-985	1-1,1005-1005[UP5]	((((((((((((((((((((.&.))))))))))))))))))))	GUGACUUAUAAUACUCUCAUU&UAUGAGAGUAUUAUAAGUCAC
miR400	AT1G06580_AT1G06580	1085	1105	1096	-30.00	-31.80	1	0	1-21,1105-1085	NA	(((((((((((((((((((((&)))))))))))))))))))))	GUGACUUAUAAUACUCUCAUA&UAUGAGAGUAUUAUAAGUCAC
miR400	AT1G63320_AT1G63320	88	108	99	-30.00	-29.60	0.986666666666667	1	1-21,108-88	NA	(((((((((((((((((((((&)))))))))))))))))))))	GUGACUUAUAAUACUCUUAUA&UAUGAGAGUAUUAUAAGUCAC
miR400	AT3G22470_AT3G22470	1221	1241	1232	-30.00	-29.60	0.986666666666667	2	1-21,1241-1221	NA	(((((((((((((((((((((&)))))))))))))))))))))	GUGACUUAUAGUAUUCUCAUA&UAUGAGAGUAUUAUAAGUCAC
miR400	AT2G31400_AT2G31400	1594	1614	1605	-30.00	-25.70	0.856666666666667	7	4-21,1611-1594	1-3,1614-1612[UP5]	((((((((((((((((((...&...))))))))))))))))))	GUGACUUAUAAUGCUCUUCUU&UAUGAGAGUAUUAUAAGUCAC
miR400	AT3G16710_AT3G16710	985	1005	996	-30.00	-25.40	0.846666666666667	2.5	1-10,1005-996;12-21,994-985	11-11,995-995[SIL]	((((((((((.((((((((((&)))))))))).))))))))))	GUGAUUUAUACUACUCUCAUA&UAUGAGAGUAUUAUAAGUCAC
miR400	AT1G62910_AT1G62910	1198	1218	1209	-30.00	-25.30	0.843333333333333	3	1-12,1218-1207;14-21,1205-1198	13-13,1206-1206[SIL]	((((((((.((((((((((((&)))))))))))).))))))))	GUGACUUACAGUACUCUUAUA&UAUGAGAGUAUUAUAAGUCAC
miR400	AT1G63130_AT1G63130	1313	1333	1324	-30.00	-25.30	0.843333333333333	2	1-12,1333-1322;14-21,1320-1313	13-13,1321-1321[SIL]	((((((((.((((((((((((&)))))))))))).))))))))	GUGACUUACAAUACUCUUAUA&UAUGAGAGUAUUAUAAGUCAC
miR400	AT1G62930_AT1G62930	1186	1206	1197	-30.00	-25.30	0.843333333333333	2	1-12,1206-1195;14-21,1193-1186	13-13,1194-1194[SIL]	((((((((.((((((((((((&)))))))))))).))))))))	GUGACUUACAAUACUCUUAUA&UAUGAGAGUAUUAUAAGUCAC
miR400	AT1G63070_AT1G63070	1140	1160	1151	-30.00	-24.60	0.82	3.5	1-6,1160-1155;8-21,1153-1140	7-7,1154-1154[SIL]	((((((((((((((.((((((&)))))).))))))))))))))	GUGGCUUAUAAUACGCUUAUA&UAUGAGAGUAUUAUAAGUCAC
miR400	AT1G77405_AT1G77405	955	975	966	-30.00	-24.50	0.816666666666667	3	1-8,975-968;10-21,966-955	9-9,967-967[SIL]	((((((((((((.((((((((&)))))))).))))))))))))	GUGACUUAUAAUUCUUUCAUA&UAUGAGAGUAUUAUAAGUCAC
miR400	AT4G19440_AT4G19440	1237	1258	1249	-30.00	-23.90	0.796666666666667	2	1-15,1258-1244;17-19,1242-1240;20-21,1238-1237	16-16,1243-1243[SIL];x-x,1239-1239[BULt]	((.(((.(((((((((((((((&))))))))))))))).)))-))	GUCGACGUAUAAUACUCUCAUA&UAUGAGAGUAUUAUAAGUC-AC
miR400	AT5G39710_AT5G39710	1246	1266	1257	-30.00	-23.60	0.786666666666667	5	2-3,1265-1264;5-21,1262-1246	1-1,1266-1266[UP5];4-4,1263-1263[SIL]	(((((((((((((((((.((.&.)).)))))))))))))))))	GUGACUUAUAAUGCUUUGAUU&UAUGAGAGUAUUAUAAGUCAC
miR400	AT5G41170_AT5G41170	1093	1113	1104	-30.00	-23.28	0.776	6.5	1-8,1113-1106;12-21,1102-1093	9-11,1105-1103[SIL]	((((((((((...((((((((&))))))))...))))))))))	GUGGCUUAUACUUCUCUCAUA&UAUGAGAGUAUUAUAAGUCAC
miR400	AT1G64580_AT1G64580	1055	1075	1066	-30.00	-23.10	0.77	3	1-9,1075-1067;11-15,1065-1061;17-21,1059-1055	10-10,1066-1066[SIL];16-16,1060-1060[SIL]	(((((.(((((.(((((((((&))))))))).))))).)))))	GUGACCUAUAACACUCUCAUA&UAUGAGAGUAUUAUAAGUCAC
miR400	AT4G38010_AT4G38010	718	738	729	-30.00	-22.00	0.733333333333333	5.5	1-14,738-725;16-19,723-720	15-15,724-724[SIL];20-21,719-718[UP3]	..((((.((((((((((((((&)))))))))))))).))))..	GAGACUGGUAAUGCUCUUAUA&UAUGAGAGUAUUAUAAGUCAC
miR400	AT3G23020_AT3G23020	1620	1641	1632	-30.00	-21.80	0.726666666666667	4	2-15,1640-1627;17-18,1625-1624;19-21,1622-1620	1-1,1641-1641[UP5];16-16,1626-1626[SIL];x-x,1623-1623[BULt]	(((.((.((((((((((((((.&.)))))))))))))).))-)))	GUGUACAUAUAAUACUCUCGUC&UAUGAGAGUAUUAUAAGU-CAC
miR400	AT1G64583_AT1G64583	949	969	960	-30.00	-21.70	0.723333333333333	4	2-9,968-961;11-15,959-955;17-21,953-949	1-1,969-969[UP5];10-10,960-960[SIL];16-16,954-954[SIL]	(((((.(((((.((((((((.&.)))))))).))))).)))))	GUGACAUAUAACACUCUCAUU&UAUGAGAGUAUUAUAAGUCAC
miR400	AT1G69350_AT1G69350	502	522	513	-30.00	-21.60	0.72	6	2-12,521-511;14-21,509-502	1-1,522-522[UP5];13-13,510-510[SIL]	((((((((.(((((((((((.&.))))))))))).))))))))	GUGGCUUGGAGUACUCUUGUU&UAUGAGAGUAUUAUAAGUCAC
miR400	AT5G39710_AT5G39710	931	951	942	-30.00	-21.60	0.72	3	2-18,950-934;20-21,932-931	1-1,951-951[UP5];19-19,933-933[SIL]	((.(((((((((((((((((.&.))))))))))))))))).))	GUUACUUAUAAUACUCUUAUU&UAUGAGAGUAUUAUAAGUCAC
miR400	AT1G63150_AT1G63150	1198	1218	1209	-30.00	-21.40	0.713333333333333	5	1-6,1218-1213;8-19,1211-1200	7-7,1212-1212[SIL];20-21,1199-1198[UP3]	..((((((((((((.((((((&)))))).))))))))))))..	CAGACUUAUAAUACGCUUAUA&UAUGAGAGUAUUAUAAGUCAC
miR400	AT5G14350_AT5G14350	1472	1492	1483	-30.00	-21.30	0.71	5	1-5,1492-1488;7-12,1486-1481;14-21,1479-1472	6-6,1487-1487[SIL];13-13,1480-1480[SIL]	((((((((.((((((.(((((&))))).)))))).))))))))	GUGACUUACAAUGCUGUUAUA&UAUGAGAGUAUUAUAAGUCAC
miR400	AT5G16640_AT5G16640	1034	1054	1045	-30.00	-21.30	0.71	4	2-18,1053-1037;20-21,1035-1034	1-1,1054-1054[UP5];19-19,1036-1036[SIL]	((.(((((((((((((((((.&.))))))))))))))))).))	GUAACUUAUAGUAUUCUCAUU&UAUGAGAGUAUUAUAAGUCAC
miR400	AT1G62590_AT1G62590	1251	1271	1262	-30.00	-21.20	0.706666666666667	2	1-15,1271-1257;17-18,1255-1254;20-21,1252-1251	16-16,1256-1256[SIL];19-19,1253-1253[SIL]	((.((.(((((((((((((((&))))))))))))))).)).))	GUUACAUAUAAUACUCUCAUA&UAUGAGAGUAUUAUAAGUCAC
miR400	AT1G62670_AT1G62670	1191	1211	1202	-30.00	-21.20	0.706666666666667	5	1-6,1211-1206;8-17,1204-1195;19-21,1193-1191	7-7,1205-1205[SIL];18-18,1194-1194[SIL]	(((.((((((((((.((((((&)))))).)))))))))).)))	GUGUCUUAUAGUACGCUUAUA&UAUGAGAGUAUUAUAAGUCAC
miR400	AT5G12100_AT5G12100	1718	1738	1729	-30.00	-21.10	0.703333333333333	5	2-6,1737-1733;8-9,1731-1730;11-21,1728-1718	1-1,1738-1738[UP5];7-7,1732-1732[SIL];10-10,1729-1729[SIL]	(((((((((((.((.(((((.&.))))).)).)))))))))))	GUGACUUAUAACACCCUCAUU&UAUGAGAGUAUUAUAAGUCAC
miR400	AT1G22960_AT1G22960	1228	1248	1239	-30.00	-21.00	0.7	3	1-3,1248-1246;5-15,1244-1234;17-21,1232-1228	4-4,1245-1245[SIL];16-16,1233-1233[SIL]	(((((.(((((((((((.(((&))).))))))))))).)))))	GUGACCUAUAAUACUCUAAUA&UAUGAGAGUAUUAUAAGUCAC
miR400	AT5G03800_AT5G03800	2499	2519	2510	-30.00	-20.90	0.696666666666667	10	4-9,2516-2511;11-21,2509-2499	1-3,2519-2517[UP5];10-10,2510-2510[SIL]	(((((((((((.((((((...&...)))))).)))))))))))	GUGACUUAUGGAAUUCUCUCA&UAUGAGAGUAUUAUAAGUCAC
miR400	AT3G46610_AT3G46610	1993	2014	2005	-30.00	-20.80	0.693333333333333	7.5	1-7,2014-2008;9-10,2006-2005;11-21,2003-1993	8-8,2007-2007[SIL];x-x,2004-2004[BULt]	(((((((((((.((.(((((((&))))))).))-)))))))))))	GUGGCUUAUGAGUGGUUUCAUA&UAUGAGAGUA-UUAUAAGUCAC
miR400	AT5G46680_AT5G46680	714	734	725	-30.00	-20.60	0.686666666666667	4	2-15,733-720;17-20,718-715	1-1,734-734[UP5];16-16,719-719[SIL];21-21,714-714[UP3]	.((((.((((((((((((((.&.)))))))))))))).)))).	AUGACGUAUAAUAUUCUCAUC&UAUGAGAGUAUUAUAAGUCAC
miR400	AT1G56570_AT1G56570	1637	1659	1650	-30.00	-20.50	0.683333333333333	7.5	1-15,1659-1645;16-19,1642-1639	x-x,1644-1643[BULt];20-21,1638-1637[UP3]	..((((..(((((((((((((((&)))))))))))))))--))))..	GGGACUUAUGUGAUGCUUUCAUA&UAUGAGAGUAUUAUA--AGUCAC
miR400	AT2G16880_AT2G16880	1181	1202	1192	-30.00	-20.30	0.676666666666667	8	4-8,1199-1195;9-14,1193-1188;16-21,1186-1181	1-3,1202-1200[UP5];x-x,1194-1194[BULt];15-15,1187-1187[SIL]	((((((.((((((.(((((...&...)))))-)))))).))))))	GUGACUCAUAAUAUCUCUCUUA&UAUGAGAG-UAUUAUAAGUCAC
miR400	AT1G20300_AT1G20300	1360	1380	1371	-30.00	-20.30	0.676666666666667	5.5	1-3,1380-1378;5-6,1376-1375;8-21,1373-1360	4-4,1377-1377[SIL];7-7,1374-1374[SIL]	((((((((((((((.((.(((&))).)).))))))))))))))	GUGACUUAUAAUAUACUGAUG&UAUGAGAGUAUUAUAAGUCAC
miR400	AT1G08070_AT1G08070	910	930	921	-30.00	-20.20	0.673333333333333	6.5	2-13,929-918;16-19,915-912	1-1,930-930[UP5];14-15,917-916[SIL];20-21,911-910[UP3]	..((((..((((((((((((.&.))))))))))))..))))..	AAGAUUGUUAAUGCUCUCAUU&UAUGAGAGUAUUAUAAGUCAC
miR400	AT3G16010_AT3G16010	2053	2075	2066	-30.00	-20.20	0.673333333333333	8	4-18,2072-2058;19-21,2055-2053	1-3,2075-2073[UP5];x-x,2057-2056[BULt]	(((..(((((((((((((((...&...)))))))))))))))--)))	GUGUCACUUAUAAUACUCUUCUU&UAUGAGAGUAUUAUAAGU--CAC
miR400	AT1G05750_AT1G05750	2531	2551	2542	-30.00	-20.10	0.67	8.5	4-18,2548-2534	1-3,2551-2549[UP5];19-21,2533-2531[UP3]	...(((((((((((((((...&...)))))))))))))))...	CAUACUUGUAAUACUCUCCAC&UAUGAGAGUAUUAUAAGUCAC
miR400	AT1G56570_AT1G56570	379	399	390	-30.00	-20.10	0.67	9.5	2-3,398-397;5-20,395-380	1-1,399-399[UP5];4-4,396-396[SIL];21-21,379-379[UP3]	.((((((((((((((((.((.&.)).)))))))))))))))).	UUGGCUUAUGGUGCUUUGGUU&UAUGAGAGUAUUAUAAGUCAC
miR400	AT5G39680_AT5G39680	958	978	969	-30.00	-20.00	0.666666666666667	9	2-6,977-973;8-19,971-960	1-1,978-978[UP5];7-7,972-972[SIL];20-21,959-958[UP3]	..((((((((((((.(((((.&.))))).))))))))))))..	GAGGCUUGUGGUGCACUCAUU&UAUGAGAGUAUUAUAAGUCAC
miR400	AT1G74850_AT1G74850	742	762	753	-30.00	-20.00	0.666666666666667	9	5-6,758-757;8-21,755-742	1-4,762-759[UP5];7-7,756-756[SIL]	((((((((((((((.((....&....)).))))))))))))))	GUGACUUAUAAUACACUGCUU&UAUGAGAGUAUUAUAAGUCAC
miR400	AT1G63330_AT1G63330	1210	1230	1221	-30.00	-19.90	0.663333333333333	4	1-15,1230-1216;17-18,1214-1213	16-16,1215-1215[SIL];19-21,1212-1210[UP3]	...((.(((((((((((((((&))))))))))))))).))...	GAUACAUAUAAUACUCUCAUA&UAUGAGAGUAUUAUAAGUCAC
miR400	AT3G59040_AT3G59040	1338	1361	1352	-30.00	-19.90	0.663333333333333	8.5	1-9,1361-1353;12-17,1350-1345;18-21,1341-1338	10-11,1352-1351[SIL];x-x,1344-1342[BULt]	((((...((((((..(((((((((&)))))))))..))))))---))))	GUGAUUUCUUAUACCGCUCUCAUG&UAUGAGAGUAUUAUAAG---UCAC
miR400	AT2G42920_AT2G42920	4451	4474	4465	-30.00	-19.80	0.66	10	3-14,4472-4461;15-19,4457-4453	1-2,4474-4473[UP5];x-x,4460-4458[BULt];20-21,4452-4451[UP3]	..(((((...((((((((((((..&..))))))))))))---)))))..	ACGGCUUUGGGUAAUGCUCUCAGG&UAUGAGAGUAUUAU---AAGUCAC
miR400	AT5G27270_AT5G27270	2744	2763	2754	-30.00	-19.70	0.656666666666667	4.5	2-15,2762-2749;17-20,2748-2745	1-1,2763-2763[UP5];16-16,x-x[BULq];21-21,2744-2744[UP3]	.((((-((((((((((((((.&.)))))))))))))).)))).	UUGGC-UAUAAUACUCUUAUC&UAUGAGAGUAUUAUAAGUCAC
TAS1a_3D9	AT1G12775_AT1G12775	1461	1481	1472	-33.10	-31.70	0.957703927492447	2	1-20,1481-1462	21-21,1461-1461[UP3]	.((((((((((((((((((((&)))))))))))))))))))).	AGAACUAGAGAAAGCAUUGGA&UCCAAUGCUUUUUCUAGUUCC
TAS1a_3D9	AT1G62590_AT1G62590	1501	1522	1513	-33.10	-31.20	0.942598187311178	2.5	1-19,1522-1504;20-21,1502-1501	x-x,1503-1503[BULt]	((.(((((((((((((((((((&)))))))))))))))))))-))	GGAAGCUAGAGAAAGCAUUGGA&UCCAAUGCUUUUUCUAGUU-CC
TAS1a_3D9	AT1G63330_AT1G63330	1460	1481	1472	-33.10	-31.20	0.942598187311178	2.5	1-19,1481-1463;20-21,1461-1460	x-x,1462-1462[BULt]	((.(((((((((((((((((((&)))))))))))))))))))-))	GGAAGCUAGAGAAAGCAUUGGA&UCCAAUGCUUUUUCUAGUU-CC
TAS1a_3D9	AT1G63320_AT1G63320	338	359	350	-33.10	-29.20	0.882175226586103	3.5	2-19,358-341;20-21,339-338	1-1,359-359[UP5];x-x,340-340[BULt]	((.((((((((((((((((((.&.))))))))))))))))))-))	GGAAGCUAGAGAAAGCAUUGGU&UCCAAUGCUUUUUCUAGUU-CC
TAS1a_3D9	AT1G62680_AT1G62680	1262	1282	1273	-33.10	-29.10	0.879154078549849	4.5	2-4,1281-1279;6-21,1277-1262	1-1,1282-1282[UP5];5-5,1278-1278[SIL]	((((((((((((((((.(((.&.))).))))))))))))))))	GGAGCUAGAGAAAGCACUGGU&UCCAAUGCUUUUUCUAGUUCC
TAS1a_3D9	AT1G62930_AT1G62930	1436	1457	1448	-33.10	-28.90	0.873111782477341	4	2-19,1456-1439;20-21,1437-1436	1-1,1457-1457[UP5];x-x,1438-1438[BULt]	((.((((((((((((((((((.&.))))))))))))))))))-))	GGAAGCUGGAGAAAGCAUUGGU&UCCAAUGCUUUUUCUAGUU-CC
TAS1a_3D9	AT1G12300_AT1G12300	1509	1529	1520	-33.10	-28.40	0.858006042296072	2.5	1-15,1529-1515;17-21,1513-1509	16-16,1514-1514[SIL]	(((((.(((((((((((((((&))))))))))))))).)))))	GGAAUCAGAAAAAGCGUUGGA&UCCAAUGCUUUUUCUAGUUCC
TAS1a_3D9	AT1G03560_AT1G03560	1232	1253	1244	-33.10	-27.00	0.81570996978852	5	1-16,1253-1238;18-21,1235-1232	17-17,1237-1236[AILt]	((((..((((((((((((((((&))))))))))))))))-.))))	GGAGAGUGGAAGAGGCAUUGGA&UCCAAUGCUUUUUCUA-GUUCC
TAS1a_3D9	AT4G26800_AT4G26800	1330	1350	1341	-33.10	-26.60	0.803625377643505	5.5	3-16,1348-1335;18-21,1333-1330	1-2,1350-1349[UP5];17-17,1334-1334[SIL]	((((.((((((((((((((..&..)))))))))))))).))))	GGAGGUAGAGAAAGCAUUGAG&UCCAAUGCUUUUUCUAGUUCC
TAS1a_3D9	AT4G28010_AT4G28010	593	613	604	-33.10	-26.40	0.797583081570997	3	1-20,613-594	21-21,593-593[UP3]	.((((((((((((((((((((&)))))))))))))))))))).	AGAGUUAGAGAAAGCAUUGGA&UCCAAUGCUUUUUCUAGUUCC
TAS1a_3D9	AT1G12700_AT1G12700	1461	1482	1473	-33.10	-26.20	0.791540785498489	3.5	1-14,1482-1469;16-19,1467-1464;20-21,1462-1461	15-15,1468-1468[SIL];x-x,1463-1463[BULt]	((.((((.((((((((((((((&)))))))))))))).))))-))	GGAAGCUUGAAAAGGCAUUGGA&UCCAAUGCUUUUUCUAGUU-CC
TAS1a_3D9	AT5G16640_AT5G16640	1284	1305	1296	-33.10	-26.10	0.788519637462236	4	2-16,1304-1290;18-21,1287-1284	1-1,1305-1305[UP5];17-17,1289-1288[AILt]	((((..(((((((((((((((.&.)))))))))))))))-.))))	GGAAGAUAGAGAAAGCAUUGGU&UCCAAUGCUUUUUCUA-GUUCC
TAS1a_3D9	AT1G12620_AT1G12620	1750	1770	1761	-33.10	-25.70	0.776435045317221	4	1-4,1770-1767;6-15,1765-1756;17-21,1754-1750	5-5,1766-1766[SIL];16-16,1755-1755[SIL]	(((((.((((((((((.((((&)))).)))))))))).)))))	GGAACCAGAAAAAGCGCUGGA&UCCAAUGCUUUUUCUAGUUCC
TAS1a_3D9	AT1G31920_AT1G31920	1317	1339	1330	-33.10	-25.70	0.776435045317221	5.5	1-14,1339-1326;16-18,1324-1322;19-21,1319-1317	15-15,1325-1325[SIL];x-x,1321-1320[BULt]	(((..(((.((((((((((((((&)))))))))))))).)))--)))	GGAUUGCUCGAGGAAGCAUUGGA&UCCAAUGCUUUUUCUAGU--UCC
TAS1a_3D9	AT4G16835_AT4G16835	1304	1325	1316	-33.10	-25.70	0.776435045317221	8	3-19,1323-1307;20-21,1305-1304	1-2,1325-1324[UP5];x-x,1306-1306[BULt]	((.(((((((((((((((((..&..)))))))))))))))))-))	GGAAGCUGGAGGAGGCAUUGAA&UCCAAUGCUUUUUCUAGUU-CC
TAS1a_3D9	AT1G62720_AT1G62720	1226	1247	1238	-33.10	-25.60	0.773413897280967	4.5	2-16,1246-1232;18-21,1229-1226	1-1,1247-1247[UP5];17-17,1231-1230[AILt]	((((..(((((((((((((((.&.)))))))))))))))-.))))	GGAGGGUAGAGAAAGCAUUGGU&UCCAAUGCUUUUUCUA-GUUCC
TAS1a_3D9	AT4G21170_AT4G21170	1686	1707	1698	-33.10	-25.30	0.764350453172205	5	2-4,1706-1704;6-19,1702-1689;20-21,1687-1686	1-1,1707-1707[UP5];5-5,1703-1703[SIL];x-x,1688-1688[BULt]	((.((((((((((((((.(((.&.))).))))))))))))))-))	GGAAACUAGAGAAAGCACUGGU&UCCAAUGCUUUUUCUAGUU-CC
TAS1a_3D9	AT1G62670_AT1G62670	1441	1462	1453	-33.10	-25.30	0.764350453172205	5.5	2-4,1461-1459;6-19,1457-1444;20-21,1442-1441	1-1,1462-1462[UP5];5-5,1458-1458[SIL];x-x,1443-1443[BULt]	((.((((((((((((((.(((.&.))).))))))))))))))-))	GGAAGCUAGAGAAAGCAAUGGU&UCCAAUGCUUUUUCUAGUU-CC
TAS1a_3D9	AT1G63080_AT1G63080	1479	1500	1491	-33.10	-25.30	0.764350453172205	5.5	2-4,1499-1497;6-19,1495-1482;20-21,1480-1479	1-1,1500-1500[UP5];5-5,1496-1496[SIL];x-x,1481-1481[BULt]	((.((((((((((((((.(((.&.))).))))))))))))))-))	GGAAGCUAGAGAAAGCAAUGGU&UCCAAUGCUUUUUCUAGUU-CC
TAS1a_3D9	AT1G63400_AT1G63400	1451	1472	1463	-33.10	-25.30	0.764350453172205	5.5	2-4,1471-1469;6-19,1467-1454;20-21,1452-1451	1-1,1472-1472[UP5];5-5,1468-1468[SIL];x-x,1453-1453[BULt]	((.((((((((((((((.(((.&.))).))))))))))))))-))	GGAAGCUAGAGAAAGCAAUGGU&UCCAAUGCUUUUUCUAGUU-CC
TAS1a_3D9	AT1G09220_AT1G09220	1368	1389	1379	-33.10	-24.90	0.75226586102719	8.5	1-4,1389-1386;7-9,1383-1381;10-21,1379-1368	5-6,1385-1384[SIL];x-x,1380-1380[BULt]	((((((((((((.(((..((((&))))..)))-))))))))))))	GGAGCUAGAGAGAAGCCAUGGA&UCCAAUGCU-UUUUCUAGUUCC
TAS1a_3D9	AT5G15340_AT5G15340	658	686	677	-33.10	-24.60	0.743202416918429	20.5	1-12,686-675;13-21,666-658	x-x,674-667[BULt]	(((((((((........((((((((((((&))))))))))))--------)))))))))	GGAGCUGGGUUUACAAGGGAAGUAUUGGA&UCCAAUGCUUUU--------UCUAGUUCC
TAS1a_3D9	AT5G59900_AT5G59900	158	179	169	-33.10	-24.60	0.743202416918429	9.5	3-8,177-172;10-21,169-158	1-2,179-178[UP5];9-9,171-170[AILt]	((((((((((((..((((((..&..))))))-.))))))))))))	GGAGCUGGGAGAUCGCAUUGAG&UCCAAUGC-UUUUUCUAGUUCC
TAS1a_3D9	AT5G38730_AT5G38730	1278	1298	1289	-33.10	-24.50	0.740181268882175	6.5	1-3,1298-1296;6-8,1293-1291;10-21,1289-1278	4-5,1295-1294[SIL];9-9,1290-1290[SIL]	((((((((((((.(((..(((&)))..))).))))))))))))	GGAACUGGAAAAUGCAAAGGA&UCCAAUGCUUUUUCUAGUUCC
TAS1a_3D9	AT1G64100_AT1G64100	1636	1656	1647	-33.10	-24.30	0.734138972809668	6	1-4,1656-1653;6-19,1651-1638	5-5,1652-1652[SIL];20-21,1637-1636[UP3]	..((((((((((((((.((((&)))).))))))))))))))..	GAAACUAGAAGAGGCACUGGA&UCCAAUGCUUUUUCUAGUUCC
TAS1a_3D9	AT4G37380_AT4G37380	817	841	832	-33.10	-24.30	0.734138972809668	10	1-10,841-832;11-18,829-822;19-21,819-817	x-x,831-830[BULt];x-x,821-820[BULt]	(((..((((((((..((((((((((&))))))))))--))))))))--)))	GGAGCGCUGGAAACUGGGCGUUGGA&UCCAAUGCUU--UUUCUAGU--UCC
TAS1a_3D9	AT3G14730_AT3G14730	1751	1772	1763	-33.10	-24.00	0.725075528700906	6	1-14,1772-1759;15-16,1757-1756;18-21,1754-1751	x-x,1758-1758[BULt];17-17,1755-1755[SIL]	((((.((.((((((((((((((&))))))))))))))-)).))))	GGAAGUACGAGGAAGUGUUGGA&UCCAAUGCUUUUUC-UAGUUCC
TAS1a_3D9	AT1G16480_AT1G16480	567	593	578	-33.10	-23.80	0.719033232628399	18	1-4,593-590;6-9,588-585;10-21,578-567	5-5,589-589[SIL];x-x,584-579[BULt]	((((((((((((......((((.((((&)))).))))------))))))))))))	GGGACUGGAGAGUAAGCUGGCAGUGGA&UCCAAUGCU------UUUUCUAGUUCC
TAS1a_3D9	AT4G01030_AT4G01030	485	506	497	-33.10	-23.50	0.709969788519637	7	1-4,506-503;7-15,500-492;16-21,490-485	5-6,502-501[SIL];x-x,491-491[BULt]	((((((.(((((((((..((((&))))..)))))))))-))))))	GGAAUUGGGAAAAGGCUGUGGA&UCCAAUGCUUUUUCU-AGUUCC
TAS1a_3D9	AT5G04810_AT5G04810	1754	1774	1765	-33.10	-23.40	0.706948640483384	6	2-12,1773-1763;14-15,1761-1760;17-21,1758-1754	1-1,1774-1774[UP5];13-13,1762-1762[SIL];16-16,1759-1759[SIL]	(((((.((.(((((((((((.&.))))))))))).)).)))))	GGAGCGGGCAGAGGCAUUGGU&UCCAAUGCUUUUUCUAGUUCC
TAS1a_3D9	AT3G16710_AT3G16710	1235	1256	1247	-33.10	-23.30	0.70392749244713	7	3-16,1254-1241;18-21,1238-1235	1-2,1256-1255[UP5];17-17,1240-1239[AILt]	((((..((((((((((((((..&..))))))))))))))-.))))	GGAAAGUAGAGAAGGCAUUGAU&UCCAAUGCUUUUUCUA-GUUCC
TAS1a_3D9	AT1G06580_AT1G06580	1334	1356	1347	-33.10	-23.30	0.70392749244713	4.5	2-16,1355-1341;18-21,1337-1334	1-1,1356-1356[UP5];17-17,1340-1338[AILt]	((((...(((((((((((((((.&.)))))))))))))))--.))))	GGAAAAAUAGGAAAAGCAUUGGU&UCCAAUGCUUUUUCUA--GUUCC
TAS1a_3D9	AT1G63070_AT1G63070	1404	1425	1416	-33.10	-23.20	0.700906344410876	5.5	2-9,1424-1417;11-16,1415-1410;17-21,1408-1404	1-1,1425-1425[UP5];10-10,1416-1416[SIL];x-x,1409-1409[BULt]	(((((.((((((.((((((((.&.)))))))).))))))-)))))	GGAAUGUAGAGACAGCAUUGGU&UCCAAUGCUUUUUCUA-GUUCC
TAS1a_3D9	AT3G59040_AT3G59040	2611	2631	2622	-33.10	-23.18	0.700302114803625	9.5	1-3,2631-2629;7-20,2625-2612	4-6,2628-2626[SIL];21-21,2611-2611[UP3]	.((((((((((((((...(((&)))...)))))))))))))).	UGAGCUAGAGGAAGCUAAGGA&UCCAAUGCUUUUUCUAGUUCC
TAS1a_3D9	AT1G32415_AT1G32415	2058	2081	2068	-33.10	-23.10	0.697885196374622	12.5	1-4,2081-2078;5-12,2073-2066;14-21,2065-2058	x-x,2077-2074[BULt];13-13,x-x[BULq]	((((((((-((((((((....((((&))))----)))))))).))))))))	GGGACUAG-GGAGGCAUGAUAUGGA&UCCA----AUGCUUUUUCUAGUUCC
TAS1a_3D9	AT2G30100_AT2G30100	204	224	215	-33.10	-23.10	0.697885196374622	7.5	1-3,224-222;6-15,219-210;18-21,207-204	4-5,221-220[SIL];16-17,209-208[SIL]	((((..((((((((((..(((&)))..))))))))))..))))	GGAAGAAGGAGAAGCAGAGGA&UCCAAUGCUUUUUCUAGUUCC
TAS1a_3D9	AT3G29290_AT3G29290	568	594	579	-33.10	-23.00	0.694864048338369	19	1-3,594-592;6-8,589-587;9-21,580-568	4-5,591-590[SIL];x-x,586-581[BULt]	(((((((((((((......(((..(((&)))..)))------)))))))))))))	GGAACUAGAGGAGAAGACUGCAGGGGA&UCCAAUGC------UUUUUCUAGUUCC
TAS1a_3D9	AT5G57250_AT5G57250	871	893	884	-33.10	-22.96	0.693655589123867	5.5	1-14,893-880;18-21,874-871	15-17,879-875[AILt]	((((.....((((((((((((((&))))))))))))))--...))))	GGAAAUGUCGAAAAAGCAUUGGG&UCCAAUGCUUUUUC--UAGUUCC
TAS1a_3D9	AT3G62470_AT3G62470	1352	1371	1364	-33.10	-22.90	0.691842900302115	6.5	1-4,1371-1368;7-15,1367-1359;16-21,1357-1352	5-6,x-x[BULq];x-x,1358-1358[BULt]	((((((.(((((((((--((((&))))..)))))))))-))))))	GGGACUCAGAAGAAGC--UGGA&UCCAAUGCUUUUUCU-AGUUCC
TAS1a_3D9	AT4G22760_AT4G22760	1442	1464	1454	-33.10	-22.90	0.691842900302115	7.5	3-4,1462-1461;5-18,1459-1446;19-21,1444-1442	1-2,1464-1463[UP5];x-x,1460-1460[BULt];x-x,1445-1445[BULt]	(((.((((((((((((((.((..&..))-))))))))))))))-)))	GGAGGCUAGAAGAAGCAUAUGAG&UCCA-AUGCUUUUUCUAGU-UCC
TAS1a_3D9	AT5G14820_AT5G14820	1237	1256	1249	-33.10	-22.90	0.691842900302115	6.5	1-4,1256-1253;7-15,1252-1244;16-21,1242-1237	5-6,x-x[BULq];x-x,1243-1243[BULt]	((((((.(((((((((--((((&))))..)))))))))-))))))	GGGACUCAGAAGAAGC--UGGA&UCCAAUGCUUUUUCU-AGUUCC
TAS1a_3D9	AT2G20710_AT2G20710	1307	1329	1320	-33.10	-22.90	0.691842900302115	9	1-3,1329-1327;6-16,1324-1314;17-21,1311-1307	4-5,1326-1325[SIL];x-x,1313-1312[BULt]	(((((..(((((((((((..(((&)))..)))))))))))--)))))	GGAAUGAUGGAGAAGGCAGAGGA&UCCAAUGCUUUUUCUA--GUUCC
TAS1a_3D9	AT3G62540_AT3G62540	1240	1259	1252	-33.10	-22.90	0.691842900302115	6.5	1-4,1259-1256;7-15,1255-1247;16-21,1245-1240	5-6,x-x[BULq];x-x,1246-1246[BULt]	((((((.(((((((((--((((&))))..)))))))))-))))))	GGGACUCAGAAGAAGC--UGGA&UCCAAUGCUUUUUCU-AGUUCC
TAS1a_3D9	AT5G52850_AT5G52850	2044	2067	2057	-33.10	-22.60	0.682779456193353	10.5	1-3,2067-2065;6-18,2061-2049;19-21,2046-2044	4-5,2064-2062[AILt];x-x,2048-2047[BULt]	(((..(((((((((((((...(((&)))-..)))))))))))))--)))	GGACGGCUAGAGGAAGCAACAGGA&UCC-AAUGCUUUUUCUAGU--UCC
TAS1a_3D9	AT4G38010_AT4G38010	1372	1394	1385	-33.10	-22.50	0.6797583081571	6.5	1-11,1394-1384;13-17,1382-1378;19-21,1374-1372	12-12,1383-1383[SIL];18-18,1377-1375[AILt]	(((...(((((.(((((((((((&))))))))))).)))))--.)))	GGAUUGUUAGAUGAAGCAUUGGA&UCCAAUGCUUUUUCUAG--UUCC
TAS1a_3D9	AT2G17140_AT2G17140	843	863	853	-33.10	-22.50	0.6797583081571	9	1-4,863-860;5-10,858-853;13-21,851-843	x-x,859-859[BULt];11-12,852-852[AILq]	(((((((((.-((((((.((((&))))-))))))..)))))))))	GGAGCUAGAU-GAGUAUCUGGG&UCCA-AUGCUUUUUCUAGUUCC
TAS1a_3D9	AT3G17370_AT3G17370	566	586	577	-33.10	-22.50	0.6797583081571	5.5	2-4,585-583;6-13,581-574;15-21,572-566	1-1,586-586[UP5];5-5,582-582[SIL];14-14,573-573[SIL]	(((((((.((((((((.(((.&.))).)))))))).)))))))	GGAACUAAGAAAGGCAGUGGC&UCCAAUGCUUUUUCUAGUUCC
TAS1a_3D9	AT3G48250_AT3G48250	222	242	233	-33.10	-22.40	0.676737160120846	8	3-6,240-237;8-16,235-227;18-21,225-222	1-2,242-241[UP5];7-7,236-236[SIL];17-17,226-226[SIL]	((((.(((((((((.((((..&..)))).))))))))).))))	GGAAGUAGAGGAAGGAUUGAG&UCCAAUGCUUUUUCUAGUUCC
TAS1a_3D9	AT3G23330_AT3G23330	1481	1502	1493	-33.10	-22.40	0.676737160120846	10	5-19,1498-1484;20-21,1482-1481	1-4,1502-1499[UP5];x-x,1483-1483[BULt]	((.(((((((((((((((....&....)))))))))))))))-))	GGAAGCUGGAAGAAGCAUACAA&UCCAAUGCUUUUUCUAGUU-CC
TAS1a_3D9	AT1G63130_AT1G63130	1563	1584	1575	-33.10	-22.40	0.676737160120846	6	2-9,1583-1576;11-16,1574-1569;18-21,1566-1563	1-1,1584-1584[UP5];10-10,1575-1575[SIL];17-17,1568-1567[AILt]	((((..((((((.((((((((.&.)))))))).))))))-.))))	GGAAGGUAGAGACAGCAUUGGU&UCCAAUGCUUUUUCUA-GUUCC
TAS1a_3D9	AT1G63150_AT1G63150	1448	1469	1460	-33.10	-22.38	0.676132930513595	8.5	2-9,1468-1461;13-19,1457-1451;20-21,1449-1448	1-1,1469-1469[UP5];10-12,1460-1458[SIL];x-x,1450-1450[BULt]	((.(((((((...((((((((.&.))))))))...)))))))-))	GGAAGCUAGAUACAGCAUUGGU&UCCAAUGCUUUUUCUAGUU-CC
TAS1a_3D9	AT4G01570_AT4G01570	1343	1370	1355	-33.10	-22.30	0.673716012084592	16.5	2-5,1369-1366;6-19,1359-1346;20-21,1344-1343	1-1,1370-1370[UP5];x-x,1365-1360[BULt];x-x,1345-1345[BULt]	((.((((((((((((((......((((.&.))))------))))))))))))))-))	GGAAGCUAGAAGGAGCAGUAAAAUUGGU&UCCAA------UGCUUUUUCUAGUU-CC
TAS1a_3D9	AT5G41170_AT5G41170	1457	1478	1469	-33.10	-22.30	0.673716012084592	7.5	3-5,1476-1474;7-19,1472-1460;20-21,1458-1457	1-2,1478-1477[UP5];6-6,1473-1473[SIL];x-x,1459-1459[BULt]	((.(((((((((((((.(((..&..))).)))))))))))))-))	GGAAGCUAGAGAAAGCCUUGAU&UCCAAUGCUUUUUCUAGUU-CC
TAS1a_3D9	AT5G18950_AT5G18950	1004	1024	1015	-33.10	-22.20	0.670694864048338	7.5	2-5,1023-1020;7-14,1018-1011;17-21,1008-1004	1-1,1024-1024[UP5];6-6,1019-1019[SIL];15-16,1010-1009[SIL]	(((((..((((((((.((((.&.)))).))))))))..)))))	GGAGCGCGAGGAAGCUUUGGU&UCCAAUGCUUUUUCUAGUUCC
TAS1a_3D9	AT1G52620_AT1G52620	1617	1639	1630	-33.10	-22.20	0.670694864048338	8	2-11,1638-1629;13-16,1627-1624;17-21,1621-1617	1-1,1639-1639[UP5];12-12,1628-1628[SIL];x-x,1623-1622[BULt]	(((((..((((.((((((((((.&.)))))))))).))))--)))))	GGAAUGUUGGAUGAGGCAUUGGC&UCCAAUGCUUUUUCUA--GUUCC
TAS1a_3D9	AT3G16010_AT3G16010	800	820	811	-33.10	-22.10	0.667673716012085	5	1-12,820-809;14-14,807-807;16-20,805-801	13-13,808-808[SIL];15-15,806-806[SIL];21-21,800-800[UP3]	.(((((.(.((((((((((((&)))))))))))).).))))).	UGAGCUUGUGAAAGCAUUGGG&UCCAAUGCUUUUUCUAGUUCC
TAS1a_3D9	AT4G37170_AT4G37170	585	608	599	-33.10	-22.10	0.667673716012085	8.5	2-14,607-595;17-18,592-591;19-21,587-585	1-1,608-608[UP5];15-16,594-593[SIL];x-x,590-588[BULt]	(((...((..(((((((((((((.&.)))))))))))))..))---)))	GGAUCAGCCUGAAGAGGCAUUGGU&UCCAAUGCUUUUUCUAGU---UCC
TAS1a_3D9	AT3G49710_AT3G49710	1490	1512	1502	-33.10	-22.10	0.667673716012085	9.5	1-2,1512-1511;3-3,1509-1509;6-19,1506-1493;20-21,1491-1490	x-x,1510-1510[BULt];4-5,1508-1507[SIL];x-x,1492-1492[BULt]	((.((((((((((((((..(.((&))-)..))))))))))))))-))	GGAAGCUAGAAGAGGCAGAGAGA&UC-CAAUGCUUUUUCUAGUU-CC
TAS1a_3D9	AT1G64310_AT1G64310	1375	1398	1388	-33.10	-22.00	0.664652567975831	8	3-5,1396-1394;6-18,1392-1380;19-21,1377-1375	1-2,1398-1397[UP5];x-x,1393-1393[BULt];x-x,1379-1378[BULt]	(((..(((((((((((((.(((..&..)))-)))))))))))))--)))	GGAAAACUAGAAGAAGCACUUGAG&UCCAA-UGCUUUUUCUAGU--UCC
TAS1a_3D9	AT5G04780_AT5G04780	416	443	434	-33.10	-22.00	0.664652567975831	12	1-12,443-432;13-16,428-425;17-21,420-416	x-x,431-429[BULt];x-x,424-421[BULt]	(((((....((((...((((((((((((&))))))))))))---))))----)))))	GGAAUAGAAUGGAGUCAGAAGCAUUGGA&UCCAAUGCUUUU---UCUA----GUUCC
TAS1a_3D9	AT3G22470_AT3G22470	1472	1492	1483	-33.10	-21.98	0.66404833836858	5	1-11,1492-1482;15-20,1478-1473	12-14,1481-1479[SIL];21-21,1472-1472[UP3]	.((((((...(((((((((((&)))))))))))...)))))).	UGAACUAAAUAAAGCAUUGGA&UCCAAUGCUUUUUCUAGUUCC
TAS1a_3D9	AT2G41720_AT2G41720	998	1020	1010	-33.10	-21.90	0.661631419939577	9.5	1-4,1020-1017;7-8,1014-1013;9-19,1011-1001;20-21,999-998	5-6,1016-1015[SIL];x-x,1012-1012[BULt];x-x,1000-1000[BULt]	((.(((((((((((.((..((((&))))..))-)))))))))))-))	GGAAACUGGAGAGAGGCUCUGGA&UCCAAUGC-UUUUUCUAGUU-CC
TAS1a_3D9	AT3G15200_AT3G15200	887	908	899	-33.10	-21.80	0.658610271903323	7.5	1-4,908-905;7-19,902-890;20-21,888-887	5-6,904-903[SIL];x-x,889-889[BULt]	((.(((((((((((((..((((&))))..)))))))))))))-))	GGAAAUUGGGAAAGGCUAUGGA&UCCAAUGCUUUUUCUAGUU-CC
TAS1a_3D9	AT4G11690_AT4G11690	1054	1076	1067	-33.10	-21.80	0.658610271903323	9	3-18,1074-1059;19-21,1056-1054	1-2,1076-1075[UP5];x-x,1058-1057[BULt]	(((..((((((((((((((((..&..))))))))))))))))--)))	GGAAAAUUAGGGAAGGCGUUGAG&UCCAAUGCUUUUUCUAGU--UCC
TAS1a_3D9	AT1G74900_AT1G74900	1152	1172	1163	-33.10	-21.80	0.658610271903323	6	1-14,1172-1159;16-16,1157-1157;18-20,1155-1153	15-15,1158-1158[SIL];17-17,1156-1156[SIL];21-21,1152-1152[UP3]	.(((.(.((((((((((((((&)))))))))))))).).))).	CGAGGUCGAGAAAGCGUUGGG&UCCAAUGCUUUUUCUAGUUCC
TAS1a_3D9	AT4G19220_AT4G19220	2332	2354	2345	-33.10	-21.80	0.658610271903323	7.5	1-4,2354-2351;6-15,2349-2340;17-21,2336-2332	5-5,2350-2350[SIL];16-16,2339-2337[AILt]	(((((...((((((((((.((((&)))).))))))))))--.)))))	GGAAUGGGAGAGAAGGCAAUGGA&UCCAAUGCUUUUUCU--AGUUCC
TAS1a_3D9	AT4G14050_AT4G14050	591	613	604	-33.10	-21.78	0.658006042296073	7.5	1-5,613-609;7-15,607-599;18-21,594-591	6-6,608-608[SIL];16-17,598-595[AILt]	((((....(((((((((.(((((&))))).)))))))))--..))))	GGAAGAAAGGAAGAAGCUUUGGA&UCCAAUGCUUUUUCU--AGUUCC
TAS1a_3D9	AT2G39620_AT2G39620	836	857	848	-33.10	-21.70	0.655589123867069	8	1-14,857-844;16-17,841-840;20-21,837-836	15-15,843-842[AILt];18-19,839-838[SIL]	((..((..((((((((((((((&))))))))))))))-.))..))	GGUUCUUUGAGGAGGUAUUGGA&UCCAAUGCUUUUUC-UAGUUCC
TAS1a_3D9	AT1G61870_AT1G61870	791	811	802	-33.10	-21.70	0.655589123867069	6.5	2-16,810-796;18-20,794-792	1-1,811-811[UP5];17-17,795-795[SIL];21-21,791-791[UP3]	.(((.(((((((((((((((.&.))))))))))))))).))).	UGAAGUAGGGAAAGUGUUGGC&UCCAAUGCUUUUUCUAGUUCC
TAS1a_3D9	AT4G19440_AT4G19440	1593	1616	1605	-33.10	-21.66	0.654380664652568	13	1-3,1616-1614;7-19,1608-1596;20-21,1594-1593	4-6,1613-1609[AILt];x-x,1595-1595[BULt]	((.(((((((((((((.....(((&)))--...)))))))))))))-))	GGAAGCUGGAAGAAGCUUUUAGGA&UCC--AAUGCUUUUUCUAGUU-CC
TAS1a_3D9	AT3G61520_AT3G61520	1890	1910	1901	-33.10	-21.60	0.652567975830816	7.5	3-11,1908-1900;13-20,1898-1891	1-2,1910-1909[UP5];12-12,1899-1899[SIL];21-21,1890-1890[UP3]	.((((((((.(((((((((..&..))))))))).)))))))).	CGAAUUAGACGAAGCAUUGAA&UCCAAUGCUUUUUCUAGUUCC
TAS1a_3D9	AT5G28460_AT5G28460	1918	1938	1929	-33.10	-21.60	0.652567975830816	7.5	3-11,1936-1928;13-20,1926-1919	1-2,1938-1937[UP5];12-12,1927-1927[SIL];21-21,1918-1918[UP3]	.((((((((.(((((((((..&..))))))))).)))))))).	CGAAUUAGACGAAGCAUUGAA&UCCAAUGCUUUUUCUAGUUCC
TAS1a_3D9	AT1G80550_AT1G80550	176	197	188	-33.10	-21.60	0.652567975830816	6.5	1-13,197-185;14-19,183-178	x-x,184-184[BULt];20-21,177-176[UP3]	..((((((.(((((((((((((&)))))))))))))-))))))..	ACGAUUGGCAAAAGGCGUUGGA&UCCAAUGCUUUUU-CUAGUUCC
TAS1a_3D9	AT5G28370_AT5G28370	1903	1923	1914	-33.10	-21.60	0.652567975830816	7.5	3-11,1921-1913;13-20,1911-1904	1-2,1923-1922[UP5];12-12,1912-1912[SIL];21-21,1903-1903[UP3]	.((((((((.(((((((((..&..))))))))).)))))))).	CGAAUUAGACGAAGCAUUGAA&UCCAAUGCUUUUUCUAGUUCC
TAS1b_3D4	AT2G01390_AT2G01390	610	630	621	-32.50	-27.20	0.836923076923077	5.5	1-10,630-621;12-19,619-612	11-11,620-620[SIL];20-21,611-610[UP3]	..((((((((.((((((((((&)))))))))).))))))))..	GCUGAUGGGAGGGUGGAAGAA&UUCUUCUACCAUCCUAUCAAU
TAS1b_3D4	AT1G12700_AT1G12700	647	667	658	-32.50	-25.60	0.787692307692308	9	4-18,664-650	1-3,667-665[UP5];19-21,649-647[UP3]	...(((((((((((((((...&...)))))))))))))))...	GUCGAUAGGAUGGUGGAAAAC&UUCUUCUACCAUCCUAUCAAU
TAS1b_3D4	AT1G79080_AT1G79080	989	1008	999	-32.50	-25.50	0.784615384615385	7.5	1-10,1008-999;12-19,998-991	11-11,x-x[BULq];20-21,990-989[UP3]	..((((((((-((((((((((&)))))))))).))))))))..	UGUGAUGGGA-GGUGGGAGGA&UUCUUCUACCAUCCUAUCAAU
TAS1b_3D4	AT1G12300_AT1G12300	2370	2390	2381	-32.50	-25.20	0.775384615384615	7	2-14,2389-2377;16-19,2375-2372	1-1,2390-2390[UP5];15-15,2376-2376[SIL];20-21,2371-2370[UP3]	..((((.(((((((((((((.&.))))))))))))).))))..	UAUGAUUGGGUGGUGGAGGAC&UUCUUCUACCAUCCUAUCAAU
TAS1b_3D4	AT4G20740_AT4G20740	766	786	777	-32.50	-25.20	0.775384615384615	8.5	2-11,785-776;13-18,774-769	1-1,786-786[UP5];12-12,775-775[SIL];19-21,768-766[UP3]	...((((((.((((((((((.&.)))))))))).))))))...	GAAGAUGGGUUGGUGGAGGAG&UUCUUCUACCAUCCUAUCAAU
TAS1b_3D4	AT4G31850_AT4G31850	3130	3150	3141	-32.50	-24.80	0.763076923076923	7.5	1-15,3150-3136	16-21,3135-3130[UP3]	......(((((((((((((((&)))))))))))))))......	AUCGCCGGGAUGGUGGAAGAA&UUCUUCUACCAUCCUAUCAAU
TAS1b_3D4	AT5G64320_AT5G64320	1843	1863	1854	-32.50	-24.80	0.763076923076923	7.5	1-15,1863-1849	16-21,1848-1843[UP3]	......(((((((((((((((&)))))))))))))))......	AGAAGCGGGAUGGUGGAAGAA&UUCUUCUACCAUCCUAUCAAU
TAS1b_3D4	AT5G08510_AT5G08510	1083	1105	1094	-32.50	-23.90	0.735384615384615	9.5	1-6,1105-1100;7-19,1097-1085	x-x,1099-1098[BULt];20-21,1084-1083[UP3]	..(((((((((((((..((((((&))))))--)))))))))))))..	CAUGGUGGGAUGGUGGUGAAGGG&UUCUUC--UACCAUCCUAUCAAU
TAS1b_3D4	AT3G22470_AT3G22470	552	572	563	-32.50	-23.90	0.735384615384615	7.5	4-14,569-559;16-21,557-552	1-3,572-570[UP5];15-15,558-558[SIL]	((((((.(((((((((((...&...))))))))))).))))))	GUUGAUCGGAUGGUGGAAAUG&UUCUUCUACCAUCCUAUCAAU
TAS1b_3D4	AT4G02750_AT4G02750	874	894	885	-32.50	-23.80	0.732307692307692	8	1-14,894-881	15-21,880-874[UP3]	.......((((((((((((((&)))))))))))))).......	CAAAACCGGAUGGUGGAAGAA&UUCUUCUACCAUCCUAUCAAU
TAS1b_3D4	AT4G04790_AT4G04790	893	916	907	-32.50	-23.80	0.732307692307692	7	1-11,916-906;12-14,903-901;15-21,899-893	x-x,905-904[BULt];x-x,900-900[BULt]	(((((((.(((..(((((((((((&)))))))))))--)))-)))))))	AUUGGUAUGGAUAUGGUAGAGGAG&UUCUUCUACCA--UCC-UAUCAAU
TAS1b_3D4	AT3G22470_AT3G22470	657	677	668	-32.50	-23.60	0.726153846153846	8	4-6,674-672;8-21,670-657	1-3,677-675[UP5];7-7,671-671[SIL]	((((((((((((((.(((...&...))).))))))))))))))	AUUGAUAGGAUGGUUGAGUAU&UUCUUCUACCAUCCUAUCAAU
TAS1b_3D4	AT1G77405_AT1G77405	1128	1149	1140	-32.50	-23.60	0.726153846153846	9	3-13,1147-1137;14-19,1135-1130	1-2,1149-1148[UP5];x-x,1136-1136[BULt];20-21,1129-1128[UP3]	..((((((.(((((((((((..&..)))))))))))-))))))..	GGUGGUGGAGAUGGUGGAGGCU&UUCUUCUACCAUC-CUAUCAAU
TAS1b_3D4	AT1G32415_AT1G32415	637	657	648	-32.50	-23.50	0.723076923076923	8.5	3-7,655-651;9-19,649-639	1-2,657-656[UP5];8-8,650-650[SIL];20-21,638-637[UP3]	..(((((((((((.(((((..&..))))).)))))))))))..	AAUGAUGGGAUGGAGGAAGCG&UUCUUCUACCAUCCUAUCAAU
TAS1b_3D4	AT1G02370_AT1G02370	646	665	657	-32.50	-22.90	0.704615384615385	4.5	1-7,665-659;9-14,658-653;16-20,651-647	8-8,x-x[BULq];15-15,652-652[SIL];21-21,646-646[UP3]	.(((((.((((((-(((((((&))))))).)))))).))))).	UUUGAUUGGAUGG-AGAAGAG&UUCUUCUACCAUCCUAUCAAU
TAS1b_3D4	AT3G25210_AT3G25210	1011	1033	1024	-32.50	-22.80	0.701538461538462	9	1-10,1033-1024;12-17,1021-1016;18-21,1014-1011	11-11,1023-1022[AILt];x-x,1015-1015[BULt]	((((.((((((..((((((((((&))))))))))-.))))))-))))	GUUGUGUAGGGGAGGUAGAGGGA&UUCUUCUACC-AUCCUAU-CAAU
TAS1b_3D4	AT5G38730_AT5G38730	781	802	792	-32.50	-22.80	0.701538461538462	10	3-7,800-796;9-18,793-784	1-2,802-801[UP5];8-8,795-794[AILt];19-21,783-781[UP3]	...((((((((((..(((((..&..)))))-.))))))))))...	CAAGAUAGGAUGGAGAGAAGUG&UUCUUCU-ACCAUCCUAUCAAU
TAS1b_3D4	AT3G14580_AT3G14580	777	797	789	-32.50	-22.70	0.698461538461538	6	1-7,797-791;9-15,790-784;17-21,781-777	8-8,x-x[BULq];16-16,783-782[AILt]	(((((..(((((((-(((((((&))))))).)))))))-.)))))	GUUGGAGAGGAUGG-AGAAGGA&UUCUUCUACCAUCCU-AUCAAU
TAS1b_3D4	AT3G56030_AT3G56030	779	799	790	-32.50	-22.60	0.695384615384615	7.5	1-7,799-793;9-17,791-783	8-8,792-792[SIL];18-21,782-779[UP3]	....(((((((((.(((((((&))))))).)))))))))....	CUUAGUAGGAUGGAGGAAGAA&UUCUUCUACCAUCCUAUCAAU
TAS1b_3D4	AT1G64583_AT1G64583	982	1002	993	-32.50	-22.60	0.695384615384615	7	1-3,1002-1000;5-16,998-987	4-4,999-999[SIL];17-21,986-982[UP3]	.....((((((((((((.(((&))).)))))))))))).....	AAGUUUAGGAUGGUAGAUGAA&UUCUUCUACCAUCCUAUCAAU
TAS1b_3D4	AT2G40240_AT2G40240	727	747	739	-32.50	-22.60	0.695384615384615	6	1-7,747-741;9-15,740-734;17-21,731-727	8-8,x-x[BULq];16-16,733-732[AILt]	(((((..(((((((-(((((((&))))))).)))))))-.)))))	AUUGAGGAGGAUGG-AGGAGGA&UUCUUCUACCAUCCU-AUCAAU
TAS1b_3D4	AT5G48910_AT5G48910	1184	1204	1195	-32.50	-22.50	0.692307692307692	6	1-11,1204-1194;13-15,1192-1190;17-19,1188-1186	12-12,1193-1193[SIL];16-16,1189-1189[SIL];20-21,1185-1184[UP3]	..(((.(((.(((((((((((&))))))))))).))).)))..	CAUGGCGGGUUGGUAGAAGAA&UUCUUCUACCAUCCUAUCAAU
TAS1b_3D4	AT1G63230_AT1G63230	590	610	601	-32.50	-22.50	0.692307692307692	2.5	1-12,610-599;14-14,597-597;16-21,595-590	13-13,598-598[SIL];15-15,596-596[SIL]	((((((.(.((((((((((((&)))))))))))).).))))))	GUUGAUCGUAUGGUAGAAGAA&UUCUUCUACCAUCCUAUCAAU
TAS1b_3D4	AT3G53360_AT3G53360	1756	1776	1767	-32.50	-22.40	0.689230769230769	6.5	1-11,1776-1766;13-16,1764-1761;18-19,1759-1758	12-12,1765-1765[SIL];17-17,1760-1760[SIL];20-21,1757-1756[UP3]	..((.((((.(((((((((((&))))))))))).)))).))..	CAUGUUGGGCUGGUGGAAGAA&UUCUUCUACCAUCCUAUCAAU
TAS1b_3D4	AT5G15280_AT5G15280	2040	2061	2052	-32.50	-22.30	0.686153846153846	8	1-11,2061-2051;12-15,2049-2046;17-18,2044-2043	x-x,2050-2050[BULt];16-16,2045-2045[SIL];19-21,2042-2040[UP3]	...((.((((.(((((((((((&)))))))))))-)))).))...	CCGGAAAGGAUUGGUGGAGGAA&UUCUUCUACCA-UCCUAUCAAU
TAS1b_3D4	AT5G18950_AT5G18950	469	489	480	-32.50	-22.20	0.683076923076923	7.5	1-11,489-479;13-15,477-475;17-18,473-472	12-12,478-478[SIL];16-16,474-474[SIL];19-21,471-469[UP3]	...((.(((.(((((((((((&))))))))))).))).))...	GAAGAAGGGUUGGUAGAGGAA&UUCUUCUACCAUCCUAUCAAU
TAS1b_3D4	AT5G44230_AT5G44230	805	828	816	-32.50	-22.00	0.676923076923077	13	1-4,828-825;5-7,820-818;9-20,817-806	x-x,824-821[BULt];8-8,x-x[BULq];21-21,805-805[UP3]	.((((((((((((-(((....((((&))))----))).)))))))))))).	UUUGAUAGGAUGG-AGAUAUCGGGA&UUCU----UCUACCAUCCUAUCAAU
TAS1b_3D4	AT3G49240_AT3G49240	833	853	844	-32.50	-22.00	0.676923076923077	7.5	1-6,853-848;8-9,847-846;10-19,844-835	7-7,x-x[BULq];x-x,845-845[BULt];20-21,834-833[UP3]	..((((((((((.((-((((((&)))))).))-))))))))))..	AAUGAUGGGGUGUGU-GAAGAA&UUCUUCUAC-CAUCCUAUCAAU
TAS1b_3D4	AT5G59900_AT5G59900	1168	1187	1179	-32.50	-21.90	0.673846153846154	9	4-7,1184-1181;9-20,1180-1169	1-3,1187-1185[UP5];8-8,x-x[BULq];21-21,1168-1168[UP3]	.((((((((((((-((((...&...)))).)))))))))))).	UUUGAUAGGAUGG-GGAAAAU&UUCUUCUACCAUCCUAUCAAU
TAS1b_3D4	AT1G77170_AT1G77170	1183	1203	1194	-32.50	-21.90	0.673846153846154	7.5	1-5,1203-1199;7-10,1197-1194;12-20,1192-1184	6-6,1198-1198[SIL];11-11,1193-1193[SIL];21-21,1183-1183[UP3]	.(((((((((.((((.(((((&))))).)))).))))))))).	UUUGAUGGGAGGGUGUGAGAA&UUCUUCUACCAUCCUAUCAAU
TAS1b_3D4	AT1G62680_AT1G62680	552	572	563	-32.50	-21.80	0.670769230769231	8.5	4-13,569-560;15-21,558-552	1-3,572-570[UP5];14-14,559-559[SIL]	(((((((.((((((((((...&...)))))))))).)))))))	GUUGAUAAGAUGGUGGAGAUU&UUCUUCUACCAUCCUAUCAAU
TAS1b_3D4	AT1G11290_AT1G11290	880	901	891	-32.50	-21.60	0.664615384615385	6.5	1-5,901-897;6-8,895-893;10-20,891-881	x-x,896-896[BULt];9-9,892-892[SIL];21-21,880-880[UP3]	.(((((((((((.(((.(((((&)))))-))).))))))))))).	UUUGAUGGGAUGUUAGAAAGGA&UUCUU-CUACCAUCCUAUCAAU
TAS1b_3D4	AT5G50390_AT5G50390	1188	1222	1213	-32.50	-21.60	0.664615384615385	30.5	1-12,1222-1211;13-20,1196-1189	x-x,1210-1197[BULt];21-21,1188-1188[UP3]	.((((((((..............((((((((((((&))))))))))))--------------)))))))).	UUUGAUGGGUGGAUAUGCAAAUCAUGGUAGAGGAA&UUCUUCUACCAU--------------CCUAUCAAU
TAS1b_3D4	AT4G20770_AT4G20770	94	116	105	-32.50	-21.48	0.660923076923077	9.5	1-6,116-111;9-16,106-99;18-21,97-94	7-8,110-107[AILt];17-17,98-98[SIL]	((((.((((((((....((((((&))))))--..)))))))).))))	AUUGUUAGGAUGGGAAUGAAGAG&UUCUUC--UACCAUCCUAUCAAU
TAS1b_3D4	AT1G64580_AT1G64580	1318	1339	1330	-32.50	-21.40	0.658461538461538	8	2-13,1338-1327;14-16,1325-1323	1-1,1339-1339[UP5];x-x,1326-1326[BULt];17-21,1322-1318[UP3]	.....(((.((((((((((((.&.))))))))))))-))).....	AGCAUUAGUGAUGGUAGAGGAU&UUCUUCUACCAUC-CUAUCAAU
TAS1b_3D4	AT5G61990_AT5G61990	1955	1975	1966	-32.50	-21.40	0.658461538461538	4.5	1-6,1975-1970;8-13,1968-1963;15-20,1961-1956	7-7,1969-1969[SIL];14-14,1962-1962[SIL];21-21,1955-1955[UP3]	.((((((.((((((.((((((&)))))).)))))).)))))).	UUUGAUGAGAUGGUUGAAGAA&UUCUUCUACCAUCCUAUCAAU
TAS1b_3D4	AT1G80270_AT1G80270	908	931	922	-32.50	-21.30	0.655384615384615	8	1-7,931-925;9-14,923-918;15-20,914-909	8-8,924-924[SIL];x-x,917-915[BULt];21-21,908-908[UP3]	.((((((...((((((.(((((((&))))))).))))))---)))))).	CUUGAUAAAUGGGUGGAAGAAGGA&UUCUUCUACCAUCC---UAUCAAU
TAS1b_3D4	AT4G21170_AT4G21170	1789	1810	1801	-32.50	-21.20	0.652307692307692	8	1-13,1810-1798;14-15,1796-1795	x-x,1797-1797[BULt];16-21,1794-1789[UP3]	......((.(((((((((((((&)))))))))))))-))......	GCAAAAAGAGAUGGUGGAAGAA&UUCUUCUACCAUC-CUAUCAAU
TAS1b_3D4	AT1G09410_AT1G09410	1333	1353	1344	-32.50	-21.20	0.652307692307692	7.5	1-6,1353-1348;8-16,1346-1338;18-18,1336-1336	7-7,1347-1347[SIL];17-17,1337-1337[SIL];19-21,1335-1333[UP3]	...(.(((((((((.((((((&)))))).))))))))).)...	UACGCUGGGAUGGUUGAGGAA&UUCUUCUACCAUCCUAUCAAU
TAS2_3D6	AT1G63070_AT1G63070	509	529	520	-32.70	-32.20	0.984709480122324	1.5	2-21,528-509	1-1,529-529[UP5]	((((((((((((((((((((.&.))))))))))))))))))))	AGAUGGUGGAAAUGGGAUAUC&UAUAUCCCAUUUCUACCAUCU
TAS2_3D6	AT1G63130_AT1G63130	651	671	662	-32.70	-32.20	0.984709480122324	1.5	2-21,670-651	1-1,671-671[UP5]	((((((((((((((((((((.&.))))))))))))))))))))	AGAUGGUGGAAAUGGGAUAUC&UAUAUCCCAUUUCUACCAUCU
TAS2_3D6	AT5G16640_AT5G16640	582	602	593	-32.70	-28.90	0.883792048929663	3.5	1-19,602-584	20-21,583-582[UP3]	..(((((((((((((((((((&)))))))))))))))))))..	AAAUGGUGGGAAUGGGAUAUA&UAUAUCCCAUUUCUACCAUCU
TAS2_3D6	AT1G62590_AT1G62590	589	609	600	-32.70	-28.80	0.880733944954128	3.5	1-19,609-591	20-21,590-589[UP3]	..(((((((((((((((((((&)))))))))))))))))))..	AAAUGGUGGAAAUGGGGUAUA&UAUAUCCCAUUUCUACCAUCU
TAS2_3D6	AT1G63330_AT1G63330	548	568	559	-32.70	-28.80	0.880733944954128	3.5	1-19,568-550	20-21,549-548[UP3]	..(((((((((((((((((((&)))))))))))))))))))..	AAAUGGUGGAAAUGGGGUAUA&UAUAUCCCAUUUCUACCAUCU
TAS2_3D6	AT1G63400_AT1G63400	539	559	550	-32.70	-28.80	0.880733944954128	3.5	1-19,559-541	20-21,540-539[UP3]	..(((((((((((((((((((&)))))))))))))))))))..	AAAUGGUGGAAAUGGGGUAUA&UAUAUCCCAUUUCUACCAUCU
TAS2_3D6	AT3G08820_AT3G08820	605	624	616	-32.70	-28.10	0.859327217125382	5	1-4,624-621;6-21,620-605	5-5,x-x[BULq]	((((((((((((((((-((((&)))).))))))))))))))))	AGAUGGUGGAGAUGGG-UGUG&UAUAUCCCAUUUCUACCAUCU
TAS2_3D6	AT5G41170_AT5G41170	641	661	652	-32.70	-27.90	0.853211009174312	10.5	6-21,656-641	1-5,661-657[UP5]	((((((((((((((((.....&.....))))))))))))))))	AGAUGGUGGAGAUGGGGAUUA&UAUAUCCCAUUUCUACCAUCU
TAS2_3D6	AT1G30610_AT1G30610	312	332	323	-32.70	-27.60	0.844036697247706	10.5	5-20,328-313	1-4,332-329[UP5];21-21,312-312[UP3]	.((((((((((((((((....&....)))))))))))))))).	UGAUGGUGGAGGUGGGAAUGG&UAUAUCCCAUUUCUACCAUCU
TAS2_3D6	AT1G62680_AT1G62680	559	579	570	-32.70	-27.40	0.837920489296636	3.5	1-7,579-573;9-21,571-559	8-8,572-572[SIL]	(((((((((((((.(((((((&))))))).)))))))))))))	AGAUGGUGGAGAUUGGAUAUA&UAUAUCCCAUUUCUACCAUCU
TAS2_3D6	AT1G80150_AT1G80150	1641	1664	1655	-32.70	-26.30	0.804281345565749	6	1-15,1664-1650;16-20,1646-1642	x-x,1649-1647[BULt];21-21,1641-1641[UP3]	.(((((...(((((((((((((((&)))))))))))))))---))))).	UGGUGGAACUGGAAAUGGGAUGUA&UAUAUCCCAUUUCUA---CCAUCU
TAS2_3D6	AT1G12775_AT1G12775	548	568	559	-32.70	-25.40	0.776758409785933	4	1-3,568-566;5-19,564-550	4-4,565-565[SIL];20-21,549-548[UP3]	..(((((((((((((((.(((&))).)))))))))))))))..	GAAUGGUAGAAAUGGGACAUA&UAUAUCCCAUUUCUACCAUCU
TAS2_3D6	AT1G63150_AT1G63150	536	556	547	-32.70	-25.10	0.767584097859327	3	1-13,556-544;15-19,542-538	14-14,543-543[SIL];20-21,537-536[UP3]	..(((((.(((((((((((((&))))))))))))).)))))..	AAAUGGUCGAAAUGGGAUAUA&UAUAUCCCAUUUCUACCAUCU
TAS2_3D6	AT1G62910_AT1G62910	536	556	547	-32.70	-25.10	0.767584097859327	3	1-13,556-544;15-19,542-538	14-14,543-543[SIL];20-21,537-536[UP3]	..(((((.(((((((((((((&))))))))))))).)))))..	AAAUGGUCGAAAUGGGAUAUA&UAUAUCCCAUUUCUACCAUCU
TAS2_3D6	AT1G62914_AT1G62914	506	526	517	-32.70	-25.10	0.767584097859327	3	1-13,526-514;15-19,512-508	14-14,513-513[SIL];20-21,507-506[UP3]	..(((((.(((((((((((((&))))))))))))).)))))..	AAAUGGUCGAAAUGGGAUAUA&UAUAUCCCAUUUCUACCAUCU
TAS2_3D6	AT3G51320_AT3G51320	698	720	710	-32.70	-24.50	0.749235474006116	6.5	2-6,719-715;7-14,713-706;15-21,704-698	1-1,720-720[UP5];x-x,714-714[BULt];x-x,705-705[BULt]	(((((((.((((((((.(((((.&.)))))-))))))))-)))))))	GGAUGGUGAGGAAUGGUGAUGUU&UAUAUC-CCAUUUCU-ACCAUCU
TAS2_3D6	AT1G74750_AT1G74750	1151	1171	1163	-32.70	-24.40	0.746177370030581	6	1-4,1171-1168;6-15,1167-1158;16-21,1156-1151	5-5,x-x[BULq];x-x,1157-1157[BULt]	((((((.((((((((((-((((&)))).))))))))))-))))))	AGAUGGUUAGGGAUGGG-UGUA&UAUAUCCCAUUUCUA-CCAUCU
TAS2_3D6	AT5G18390_AT5G18390	1096	1118	1109	-32.70	-24.30	0.743119266055046	5.5	2-16,1117-1103;17-19,1101-1099;20-21,1097-1096	1-1,1118-1118[UP5];x-x,1102-1102[BULt];x-x,1098-1098[BULt]	((.(((.(((((((((((((((.&.)))))))))))))))-)))-))	GGAAUGUGUAGGAAUGGGAUGUU&UAUAUCCCAUUUCUAC-CAU-CU
TAS2_3D6	AT5G14770_AT5G14770	2669	2692	2683	-32.70	-24.10	0.737003058103975	5	1-8,2692-2685;10-14,2683-2679;15-21,2675-2669	9-9,2684-2684[SIL];x-x,2678-2676[BULt]	(((((((...(((((.((((((((&)))))))).)))))---)))))))	AGAUGGUUGAAGAAAAGGGAUAUA&UAUAUCCCAUUUCU---ACCAUCU
TAS2_3D6	AT2G25580_AT2G25580	1641	1661	1652	-32.70	-24.00	0.73394495412844	6	1-4,1661-1658;6-19,1656-1643	5-5,1657-1657[SIL];20-21,1642-1641[UP3]	..((((((((((((((.((((&)))).))))))))))))))..	AUAUGGUGGAAGUGGGCUAUG&UAUAUCCCAUUUCUACCAUCU
TAS2_3D6	AT1G13040_AT1G13040	839	860	851	-32.70	-23.80	0.72782874617737	7	3-8,858-853;10-14,851-847;15-21,845-839	1-2,860-859[UP5];9-9,852-852[SIL];x-x,846-846[BULt]	(((((((.(((((.((((((..&..)))))).)))))-)))))))	AGAUGGUAAGAAGCGGGAUACA&UAUAUCCCAUUUCU-ACCAUCU
TAS2_3D6	AT2G15980_AT2G15980	785	803	796	-32.70	-23.70	0.724770642201835	6	1-7,803-797;10-21,796-785	8-9,x-x[BULq]	((((((((((((--(((((((&)))))))..))))))))))))	AGAUGGUGGAGA--GGAUAUG&UAUAUCCCAUUUCUACCAUCU
TAS2_3D6	AT1G09820_AT1G09820	810	830	821	-32.70	-23.60	0.7217125382263	10.5	5-18,826-813	1-4,830-827[UP5];19-21,812-810[UP3]	...((((((((((((((....&....))))))))))))))...	GCUUGGUGGAAAUGGGAAAAU&UAUAUCCCAUUUCUACCAUCU
TAS2_3D6	AT1G12700_AT1G12700	654	674	665	-32.70	-23.40	0.715596330275229	7	2-7,673-668;10-21,665-654	1-1,674-674[UP5];8-9,667-666[SIL]	((((((((((((..((((((.&.))))))..))))))))))))	GGAUGGUGGAAAACGGAUGUC&UAUAUCCCAUUUCUACCAUCU
TAS2_3D6	AT4G31850_AT4G31850	3137	3161	3148	-32.70	-23.10	0.706422018348624	17	5-9,3157-3153;10-21,3148-3137	1-4,3161-3158[UP5];x-x,3152-3149[BULt]	((((((((((((....(((((....&....)))))----))))))))))))	GGAUGGUGGAAGAAGCUGGGAAGAU&UAUAUCCCA----UUUCUACCAUCU
TAS2_3D6	AT1G62720_AT1G62720	638	659	650	-32.70	-23.10	0.706422018348624	9.5	4-14,656-646;16-21,643-638	1-3,659-657[UP5];15-15,645-644[AILt]	((((((..(((((((((((...&...)))))))))))-.))))))	GGAUGGAAAGAGAUGGGGUUAG&UAUAUCCCAUUUCU-ACCAUCU
TAS2_3D6	AT1G64580_AT1G64580	1095	1116	1107	-32.70	-22.90	0.700305810397553	8	3-12,1114-1105;13-17,1103-1099;19-21,1097-1095	1-2,1116-1115[UP5];x-x,1104-1104[BULt];18-18,1098-1098[SIL]	(((.(((((.((((((((((..&..))))))))))-))))).)))	AGAGGGUAGAAGAUGGGAUGAA&UAUAUCCCAUUU-CUACCAUCU
TAS2_3D6	AT1G77405_AT1G77405	1136	1157	1147	-32.70	-22.90	0.700305810397553	13.5	6-9,1152-1149;10-21,1147-1136	1-5,1157-1153[UP5];x-x,1148-1148[BULt]	((((((((((((.((((.....&.....))))-))))))))))))	AGAUGGUGGAGGCUGGGUUGGU&UAUAUCCCA-UUUCUACCAUCU
TAS2_3D6	AT1G79490_AT1G79490	614	633	624	-32.70	-22.90	0.700305810397553	10.5	6-17,628-617;19-21,616-614	1-5,633-629[UP5];18-18,x-x[BULq]	(((-((((((((((((.....&.....)))))))))))).)))	AGA-GGUGGAAAUGGGGACCG&UAUAUCCCAUUUCUACCAUCU
TAS2_3D6	AT5G16640_AT5G16640	1074	1095	1086	-32.70	-22.90	0.700305810397553	8	3-10,1093-1086;11-17,1084-1078;19-21,1076-1074	1-2,1095-1094[UP5];x-x,1085-1085[BULt];18-18,1077-1077[SIL]	(((.(((((((.((((((((..&..))))))))-))))))).)))	AGAAGGUAGAGCAUGGGAUGAA&UAUAUCCCAU-UUCUACCAUCU
TAS2_3D6	AT2G28050_AT2G28050	695	715	706	-32.70	-22.90	0.700305810397553	10	4-14,712-702;16-20,700-696	1-3,715-713[UP5];15-15,701-701[SIL];21-21,695-695[UP3]	.(((((.(((((((((((...&...))))))))))).))))).	UGGUGGAGGAGAUGGGGUUGG&UAUAUCCCAUUUCUACCAUCU
TAS2_3D6	AT1G06580_AT1G06580	1125	1146	1137	-32.70	-22.90	0.700305810397553	8	3-11,1144-1136;12-17,1134-1129;19-21,1127-1125	1-2,1146-1145[UP5];x-x,1135-1135[BULt];18-18,1128-1128[SIL]	(((.((((((.(((((((((..&..)))))))))-)))))).)))	AGAGGGUAGAUGAUGGGAUGAA&UAUAUCCCAUU-UCUACCAUCU
TAS2_3D6	AT1G64583_AT1G64583	989	1010	1000	-32.70	-22.82	0.697859327217125	12.5	3-8,1008-1003;12-21,998-989	1-2,1010-1009[UP5];9-11,1002-999[AILt]	((((((((((....((((((..&..))))))-...))))))))))	GGAUGGUAGAUGAAGGGAUGAA&UAUAUCCC-AUUUCUACCAUCU
TAS2_3D6	AT3G48810_AT3G48810	812	833	823	-32.70	-22.80	0.697247706422018	8.5	2-8,832-826;10-19,823-814	1-1,833-833[UP5];9-9,825-824[AILt];20-21,813-812[UP3]	..((((((((((..(((((((.&.)))))))-.))))))))))..	AAAUGGUGGAGAAGGGGAUAUC&UAUAUCCC-AUUUCUACCAUCU
TAS2_3D6	AT5G14770_AT5G14770	557	576	568	-32.70	-22.30	0.681957186544342	4.5	1-4,576-573;6-12,572-566;14-21,564-557	5-5,x-x[BULq];13-13,565-565[SIL]	((((((((.(((((((-((((&)))).))))))).))))))))	AGAUGGUGAAGAUGGG-UAUA&UAUAUCCCAUUUCUACCAUCU
TAS2_3D6	AT2G36980_AT2G36980	933	954	944	-32.70	-22.30	0.681957186544342	9	3-6,952-949;7-19,947-935	1-2,954-953[UP5];x-x,948-948[BULt];20-21,934-933[UP3]	..(((((((((((((.((((..&..))))-)))))))))))))..	AUAUGGUAGGAAUGGAGAUGGU&UAUAUC-CCAUUUCUACCAUCU
TAS2_3D6	AT5G40410_AT5G40410	1540	1563	1554	-32.70	-22.20	0.678899082568807	5	1-13,1563-1551;15-16,1550-1549;17-21,1544-1540	14-14,x-x[BULq];x-x,1548-1545[BULt]	(((((....((-(((((((((((((&))))))))))))).))----)))))	AGAUGAAGAGU-GAAAUGGGAUAUA&UAUAUCCCAUUUCUAC----CAUCU
TAS2_3D6	AT1G74900_AT1G74900	659	680	670	-32.70	-22.20	0.678899082568807	9	3-8,678-673;10-13,670-667;15-21,665-659	1-2,680-679[UP5];9-9,672-671[AILt];14-14,666-666[SIL]	(((((((.((((..((((((..&..))))))-.)))).)))))))	AGAUGGUUGAGAGAGGGAUAAA&UAUAUCCC-AUUUCUACCAUCU
TAS2_3D6	AT1G80550_AT1G80550	592	613	603	-32.70	-22.10	0.675840978593272	8	3-9,611-605;10-13,603-600;15-21,598-592	1-2,613-612[UP5];x-x,604-604[BULt];14-14,599-599[SIL]	(((((((.((((.(((((((..&..)))))))-)))).)))))))	GGGUGGUCGAAAUUGGGAUGGU&UAUAUCCCA-UUUCUACCAUCU
TAS2_3D6	AT3G02330_AT3G02330	1778	1797	1789	-32.70	-22.10	0.675840978593272	5	1-4,1797-1794;6-15,1793-1784;17-21,1782-1778	5-5,x-x[BULq];16-16,1783-1783[SIL]	(((((.((((((((((-((((&)))).)))))))))).)))))	GGAUGAUGGAGAUGGG-UAUA&UAUAUCCCAUUUCUACCAUCU
TAS2_3D6	AT5G57250_AT5G57250	800	821	811	-32.70	-22.00	0.672782874617737	10.5	3-8,819-814;10-19,811-802	1-2,821-820[UP5];9-9,813-812[AILt];20-21,801-800[UP3]	..((((((((((..((((((..&..))))))-.))))))))))..	AAAUGGUGGAGAAGGGGAUAAA&UAUAUCCC-AUUUCUACCAUCU
TAS2_3D6	AT1G73710_AT1G73710	1094	1115	1105	-32.70	-21.80	0.666666666666667	7	2-8,1114-1108;10-14,1105-1101;16-21,1099-1094	1-1,1115-1115[UP5];9-9,1107-1106[AILt];15-15,1100-1100[SIL]	((((((.(((((..(((((((.&.)))))))-.))))).))))))	AGAUGGAAGAGAAAGGGAUAUC&UAUAUCCC-AUUUCUACCAUCU
TAS2_3D6	AT1G18900_AT1G18900	1959	1979	1971	-32.70	-21.80	0.666666666666667	6	2-7,1978-1973;9-15,1972-1966;16-21,1964-1959	1-1,1979-1979[UP5];8-8,x-x[BULq];x-x,1965-1965[BULt]	((((((.(((((((-((((((.&.)))))).)))))))-))))))	AGAUGGUUAGAGAU-GGAUGUC&UAUAUCCCAUUUCUA-CCAUCU
TAS2_3D6	AT3G28660_AT3G28660	559	580	571	-32.70	-21.70	0.663608562691131	4.5	2-13,579-568;14-15,566-565;17-21,563-559	1-1,580-580[UP5];x-x,567-567[BULt];16-16,564-564[SIL]	(((((.((.((((((((((((.&.))))))))))))-)).)))))	AGAUGUUGUGAAAUGGGAUGUU&UAUAUCCCAUUUC-UACCAUCU
TAS2_3D6	AT3G28640_AT3G28660	559	580	571	-32.70	-21.70	0.663608562691131	4.5	2-13,579-568;14-15,566-565;17-21,563-559	1-1,580-580[UP5];x-x,567-567[BULt];16-16,564-564[SIL]	(((((.((.((((((((((((.&.))))))))))))-)).)))))	AGAUGUUGUGAAAUGGGAUGUU&UAUAUCCCAUUUC-UACCAUCU
TAS2_3D6	AT5G11310_AT5G11310	1134	1155	1145	-32.70	-21.70	0.663608562691131	8	4-6,1152-1150;7-14,1148-1141;16-21,1139-1134	1-3,1155-1153[UP5];x-x,1149-1149[BULt];15-15,1140-1140[SIL]	((((((.((((((((.(((...&...)))-)))))))).))))))	AGAUGGCAGAAAUGGAGAUUAA&UAUAUC-CCAUUUCUACCAUCU
TAS2_3D6	AT3G49170_AT3G49170	2229	2250	2241	-32.70	-21.70	0.663608562691131	5	1-3,2250-2248;5-15,2246-2236;16-18,2234-2232;20-21,2230-2229	4-4,2247-2247[SIL];x-x,2235-2235[BULt];19-19,2231-2231[SIL]	((.(((.(((((((((((.(((&))).)))))))))))-))).))	AGUUGGAUAGAAGUGGGAGAUA&UAUAUCCCAUUUCUA-CCAUCU
TAS2_3D6	AT4G19440_AT4G19440	2308	2335	2325	-32.70	-21.70	0.663608562691131	11.5	1-5,2335-2331;6-15,2329-2320;16-20,2313-2309	x-x,2330-2330[BULt];x-x,2319-2314[BULt];21-21,2308-2308[UP3]	.(((((......((((((((((.(((((&)))))-))))))))))------))))).	UGGUGGGUAUGCUAGAGAUGGGAAUGUA&UAUAU-CCCAUUUCUA------CCAUCU
TAS2_3D6	AT3G15130_AT3G15130	419	439	430	-32.70	-21.50	0.657492354740061	12	6-13,434-427;15-20,425-420	1-5,439-435[UP5];14-14,426-426[SIL];21-21,419-419[UP3]	.((((((.((((((((.....&.....)))))))).)))))).	UGAUGGUUGAAGUGGGCAAUU&UAUAUCCCAUUUCUACCAUCU
TAS2_3D6	AT3G59040_AT3G59040	2538	2559	2550	-32.70	-21.40	0.654434250764526	11	3-10,2557-2550;11-14,2547-2544;16-21,2543-2538	1-2,2559-2558[UP5];x-x,2549-2548[BULt];15-15,x-x[BULq]	((((((-((((..((((((((..&..))))))))--)))).))))))	AGAUGG-AGAGCUGUGGGGUACC&UAUAUCCCAU--UUCUACCAUCU
TAS2_3D6	AT1G51965_AT1G51965	574	597	588	-32.70	-21.40	0.654434250764526	5	1-2,597-596;4-14,594-584;15-18,581-578;19-21,576-574	3-3,595-595[SIL];x-x,583-582[BULt];x-x,577-577[BULt]	(((.((((..(((((((((((.((&)).)))))))))))--))))-)))	AGAUUGGUGAAGAAAUGGGAUUUA&UAUAUCCCAUUUCU--ACCA-UCU
TAS2_3D6	AT5G43820_AT5G43820	839	859	850	-32.70	-21.30	0.651376146788991	12.5	5-7,855-853;10-21,850-839	1-4,859-856[UP5];8-9,852-851[SIL]	((((((((((((..(((....&....)))..))))))))))))	AGAUGGUGGAGAGUGGAAUCG&UAUAUCCCAUUUCUACCAUCU
TAS1c_3D10	AT1G63630_AT1G63630	543	563	554	-29.60	-30.70	1	0	1-21,563-543	NA	(((((((((((((((((((((&)))))))))))))))))))))	AGUUGCUAAUACAGUUACUUA&UAAGUAACUGUAUUAGCAACU
TAS1c_3D10	AT1G63230_AT1G63230	1236	1256	1247	-29.60	-29.80	1	1	1-20,1256-1237	21-21,1236-1236[UP3]	.((((((((((((((((((((&)))))))))))))))))))).	UGUUGCUAAUACAGUUACUUA&UAAGUAACUGUAUUAGCAACU
TAS1c_3D10	AT1G12775_AT1G12775	1302	1322	1313	-29.60	-26.40	0.891891891891892	2.5	1-6,1322-1317;8-21,1315-1302	7-7,1316-1316[SIL]	((((((((((((((.((((((&)))))).))))))))))))))	GGUUGCUAAUACAGGUACUUA&UAAGUAACUGUAUUAGCAACU
TAS1c_3D10	AT1G12700_AT1G12700	1303	1323	1314	-29.60	-26.10	0.881756756756757	2.5	1-14,1323-1310;16-21,1308-1303	15-15,1309-1309[SIL]	((((((.((((((((((((((&)))))))))))))).))))))	GGUUGCCAAUGCAGUUACUUA&UAAGUAACUGUAUUAGCAACU
TAS1c_3D10	AT1G12300_AT1G12300	1350	1370	1361	-29.60	-25.50	0.861486486486486	2	1-14,1370-1357;16-21,1355-1350	15-15,1356-1356[SIL]	((((((.((((((((((((((&)))))))))))))).))))))	GGUUGCAGAUACAGUUACUUA&UAAGUAACUGUAUUAGCAACU
TAS1c_3D10	AT5G64320_AT5G64320	1587	1607	1598	-29.60	-25.20	0.851351351351351	3	1-8,1607-1600;10-20,1598-1588	9-9,1599-1599[SIL];21-21,1587-1587[UP3]	.(((((((((((.((((((((&)))))))).))))))))))).	UGUUGCUAAUACUGUUACUUA&UAAGUAACUGUAUUAGCAACU
TAS1c_3D10	AT1G12620_AT1G12620	1591	1611	1602	-29.60	-24.80	0.837837837837838	3	1-14,1611-1598;16-21,1596-1591	15-15,1597-1597[SIL]	((((((.((((((((((((((&)))))))))))))).))))))	GGUUGCAGAUACGGUUACUUA&UAAGUAACUGUAUUAGCAACU
TAS1c_3D10	AT1G74900_AT1G74900	574	593	584	-29.60	-23.70	0.800675675675676	2	1-18,593-576;20-21,575-574	19-19,x-x[BULq]	((-((((((((((((((((((&)))))))))))))))))).))	AG-UGUUGAUACAGUUACUUA&UAAGUAACUGUAUUAGCAACU
TAS1c_3D10	AT1G64100_AT1G64100	1477	1497	1488	-29.60	-23.00	0.777027027027027	4	1-6,1497-1492;9-21,1489-1477	7-8,1491-1490[SIL]	(((((((((((((..((((((&))))))..)))))))))))))	AGUUGCUAAUACAACUACUUA&UAAGUAACUGUAUUAGCAACU
TAS1c_3D10	AT3G15930_AT3G15930	2114	2134	2125	-29.60	-21.60	0.72972972972973	13	7-20,2128-2115	1-6,2134-2129[UP5];21-21,2114-2114[UP3]	.((((((((((((((......&......)))))))))))))).	UGUUGCUAAUGCAGUGGAUAA&UAAGUAACUGUAUUAGCAACU
TAS1c_3D10	AT4G19890_AT4G19890	1377	1397	1388	-29.60	-21.10	0.712837837837838	7.5	1-9,1397-1389;11-17,1387-1381	10-10,1388-1388[SIL];18-21,1380-1377[UP3]	....(((((((.(((((((((&))))))))).)))))))....	AGAAGCUGAUGGAGUUACUUA&UAAGUAACUGUAUUAGCAACU
TAS1c_3D10	AT1G62680_AT1G62680	1103	1123	1114	-29.60	-21.10	0.712837837837838	3	1-14,1123-1110;16-17,1109-1108;18-21,1106-1103	15-15,x-x[BULq];x-x,1107-1107[BULt]	((((.((-((((((((((((((&)))))))))))))).))-))))	AGUUAGC-AAUACGGUUACUUA&UAAGUAACUGUAUUAGC-AACU
TAS1c_3D10	AT1G62720_AT1G62720	654	677	668	-29.60	-20.60	0.695945945945946	7	1-8,677-670;10-17,668-661;18-21,657-654	9-9,669-669[SIL];x-x,660-658[BULt]	((((...((((((((.((((((((&)))))))).))))))))---))))	GGUUAGAGCUGAUGCUGUUACUUA&UAAGUAACUGUAUUAGC---AACU
TAS1c_3D10	AT2G16880_AT2G16880	1903	1923	1914	-29.60	-20.50	0.692567567567568	8	4-17,1920-1907;20-21,1904-1903	1-3,1923-1921[UP5];18-19,1906-1905[SIL]	((..((((((((((((((...&...))))))))))))))..))	AGAGGUUGAUACAGUUACAUA&UAAGUAACUGUAUUAGCAACU
TAS1c_3D10	AT1G03100_AT1G03100	2216	2236	2228	-29.60	-20.40	0.689189189189189	7.5	2-6,2235-2231;8-15,2230-2223;16-21,2221-2216	1-1,2236-2236[UP5];7-7,x-x[BULq];x-x,2222-2222[BULt]	((((((.((((((((-(((((.&.))))).))))))))-))))))	AGUUGCUUGAUGCGG-UGCUUU&UAAGUAACUGUAUUA-GCAACU
TAS1c_3D10	AT1G64580_AT1G64580	727	747	738	-29.60	-20.40	0.689189189189189	7.5	1-8,747-740;10-17,738-731	9-9,739-739[SIL];18-21,730-727[UP3]	....((((((((.((((((((&)))))))).))))))))....	CAGAGCUGAUGCUGUUACUUA&UAAGUAACUGUAUUAGCAACU
TAS1c_3D10	AT5G16860_AT5G16860	1950	1971	1962	-29.60	-19.90	0.672297297297297	12.5	3-10,1969-1962;15-21,1956-1950	1-2,1971-1970[UP5];11-14,1961-1957[AILt]	(((((((.....((((((((..&..))))))))-....)))))))	GGUUGCUUUUCUCAGUUGCUGC&UAAGUAACUG-UAUUAGCAACU
TAS1c_3D10	AT4G34830_AT4G34830	709	735	726	-29.60	-19.70	0.66554054054054	19.5	4-11,732-725;12-20,718-710	1-3,735-733[UP5];x-x,724-719[BULt];21-21,709-709[UP3]	.(((((((((......((((((((...&...))))))))------))))))))).	UGUUGCUAGUGUGACCACAGUUGCCAC&UAAGUAACUGU------AUUAGCAACU
TAS1c_3D10	AT1G63330_AT1G63330	1302	1322	1313	-29.60	-19.70	0.66554054054054	5	1-5,1322-1318;7-14,1316-1309;17-21,1306-1302	6-6,1317-1317[SIL];15-16,1308-1307[SIL]	(((((..((((((((.(((((&))))).))))))))..)))))	GGUUGGCGAUACAGUCACUUA&UAAGUAACUGUAUUAGCAACU
TAS1c_3D10	AT1G62590_AT1G62590	1343	1363	1354	-29.60	-19.70	0.66554054054054	5	1-5,1363-1359;7-14,1357-1350;17-21,1347-1343	6-6,1358-1358[SIL];15-16,1349-1348[SIL]	(((((..((((((((.(((((&))))).))))))))..)))))	GGUUGGCGAUACAGUCACUUA&UAAGUAACUGUAUUAGCAACU
TAS1c_3D10	AT5G28370_AT5G28370	1217	1239	1230	-29.60	-19.60	0.662162162162162	5	1-14,1239-1226;16-18,1223-1221;19-20,1219-1218	15-15,1225-1224[AILt];x-x,1220-1220[BULt];21-21,1217-1217[UP3]	.((.(((..((((((((((((((&))))))))))))))-.)))-)).	UGUGUGCCCAAUGCAGUUACUUA&UAAGUAACUGUAUU-AGCA-ACU
TAS1c_3D10	AT5G28460_AT5G28460	1232	1254	1245	-29.60	-19.60	0.662162162162162	5	1-14,1254-1241;16-18,1238-1236;19-20,1234-1233	15-15,1240-1239[AILt];x-x,1235-1235[BULt];21-21,1232-1232[UP3]	.((.(((..((((((((((((((&))))))))))))))-.)))-)).	UGUGUGCCCAAUGCAGUUACUUA&UAAGUAACUGUAUU-AGCA-ACU
TAS1c_3D10	AT3G17370_AT3G17370	411	431	422	-29.60	-19.60	0.662162162162162	4	1-7,431-425;9-21,423-411	8-8,424-424[SIL]	(((((((((((((.(((((((&))))))).)))))))))))))	AGUUGCUAAUGUAAUUACUUA&UAAGUAACUGUAUUAGCAACU
TAS1c_3D10	AT1G73710_AT1G73710	1799	1820	1811	-29.60	-19.50	0.658783783783784	11.5	5-16,1816-1805;17-20,1803-1800	1-4,1820-1817[UP5];x-x,1804-1804[BULt];21-21,1799-1799[UP3]	.((((.((((((((((((....&....))))))))))))-)))).	UGUUGUCUGAUGCAGUUGACCU&UAAGUAACUGUAUUAG-CAACU
TAS1c_3D10	AT5G65560_AT5G65560	1155	1175	1166	-29.60	-19.30	0.652027027027027	10.5	3-6,1173-1170;8-10,1168-1166;13-21,1163-1155	1-2,1175-1174[UP5];7-7,1169-1169[SIL];11-12,1165-1164[SIL]	(((((((((..(((.((((..&..)))).)))..)))))))))	AGUUGCUAGGUCAGAUGCUAG&UAAGUAACUGUAUUAGCAACU
TAS1c_3D6	AT5G41170_AT5G41170	1479	1499	1490	-31.40	-26.30	0.837579617834395	3.5	1-13,1499-1487;15-20,1485-1480	14-14,1486-1486[SIL];21-21,1479-1479[UP3]	.((((((.(((((((((((((&))))))))))))).)))))).	GGUAUUCGAGGAUAUGCGAAA&UUUUGCAUAUCCUGGAAUAUG
TAS1c_3D6	AT5G41170_AT5G41170	1365	1385	1376	-31.40	-24.90	0.792993630573248	2.5	1-13,1385-1373;15-20,1371-1366	14-14,1372-1372[SIL];21-21,1365-1365[UP3]	.((((((.(((((((((((((&))))))))))))).)))))).	GAUAUUUGAGGAUAUGCAAAA&UUUUGCAUAUCCUGGAAUAUG
TAS1c_3D6	AT2G22410_AT2G22410	1142	1163	1154	-31.40	-24.10	0.767515923566879	4.5	2-8,1162-1156;10-19,1154-1145;20-21,1143-1142	1-1,1163-1163[UP5];9-9,1155-1155[SIL];x-x,1144-1144[BULt]	((.((((((((((.(((((((.&.))))))).))))))))))-))	CAUUGUUCCAGGAGAUGCAAAC&UUUUGCAUAUCCUGGAAUA-UG
TAS1c_3D6	AT1G62720_AT1G62720	1305	1327	1318	-31.40	-23.80	0.75796178343949	5	1-14,1327-1314;15-18,1312-1309;19-21,1307-1305	x-x,1313-1313[BULt];x-x,1308-1308[BULt]	(((.((((.((((((((((((((&))))))))))))))-))))-)))	CGUCAUUCACGGGAUGUGCAAGA&UUUUGCAUAUCCUG-GAAU-AUG
TAS1c_3D6	AT4G39952_AT4G39952	951	971	962	-31.40	-22.80	0.726114649681529	5	1-8,971-964;10-21,962-951	9-9,963-963[SIL]	((((((((((((.((((((((&)))))))).))))))))))))	UAUGUUCUGGGAAAUGCAGAA&UUUUGCAUAUCCUGGAAUAUG
TAS1c_3D6	AT1G77170_AT1G77170	829	849	840	-31.40	-22.70	0.722929936305733	7	3-8,847-842;10-13,840-837;15-21,835-829	1-2,849-848[UP5];9-9,841-841[SIL];14-14,836-836[SIL]	(((((((.((((.((((((..&..)))))).)))).)))))))	CAUAUUCGAGGAAAUGCGACA&UUUUGCAUAUCCUGGAAUAUG
TAS1c_3D6	AT5G66520_AT5G66520	955	975	966	-31.40	-22.60	0.719745222929936	8.5	4-18,972-958	1-3,975-973[UP5];19-21,957-955[UP3]	...(((((((((((((((...&...)))))))))))))))...	UUGAUUUCAGGAUAUGCAUAC&UUUUGCAUAUCCUGGAAUAUG
TAS1c_3D6	AT3G22470_AT3G22470	1550	1572	1563	-31.40	-22.50	0.71656050955414	6.5	3-14,1570-1559;15-18,1557-1554;19-21,1552-1550	1-2,1572-1571[UP5];x-x,1558-1558[BULt];x-x,1553-1553[BULt]	(((.((((.((((((((((((..&..))))))))))))-))))-)))	CAUCAUUCACGGGAUGUGCAAUG&UUUUGCAUAUCCUG-GAAU-AUG
TAS1c_3D6	AT1G12300_AT1G12300	1587	1609	1600	-31.40	-22.50	0.71656050955414	6.5	3-14,1607-1596;15-18,1594-1591;19-21,1589-1587	1-2,1609-1608[UP5];x-x,1595-1595[BULt];x-x,1590-1590[BULt]	(((.((((.((((((((((((..&..))))))))))))-))))-)))	CAUCAUUCACGGGAUGUGCAAUG&UUUUGCAUAUCCUG-GAAU-AUG
TAS1c_3D6	AT2G27610_AT2G27610	796	816	807	-31.40	-22.40	0.713375796178344	8	3-18,814-799	1-2,816-815[UP5];19-21,798-796[UP3]	...((((((((((((((((..&..))))))))))))))))...	AUGAUUUCGGGAUAUGCAGCG&UUUUGCAUAUCCUGGAAUAUG
TAS1c_3D6	AT3G62890_AT3G62890	551	571	562	-31.40	-22.40	0.713375796178344	8	3-8,569-564;10-19,562-553	1-2,571-570[UP5];9-9,563-563[SIL];20-21,552-551[UP3]	..((((((((((.((((((..&..)))))).))))))))))..	UUUGUUCCGGGAGAUGCAAUU&UUUUGCAUAUCCUGGAAUAUG
TAS1c_3D6	AT1G59720_AT1G59720	929	949	940	-31.40	-22.20	0.707006369426752	5.5	1-8,949-942;10-20,940-930	9-9,941-941[SIL];21-21,929-929[UP3]	.(((((((((((.((((((((&)))))))).))))))))))).	AGUGUUUCAGGGGAUGCAAAA&UUUUGCAUAUCCUGGAAUAUG
TAS1c_3D6	AT4G34830_AT4G34830	3314	3334	3325	-31.40	-22.10	0.703821656050955	4.5	1-8,3334-3327;10-14,3325-3321;16-20,3319-3315	9-9,3326-3326[SIL];15-15,3320-3320[SIL];21-21,3314-3314[UP3]	.(((((.(((((.((((((((&)))))))).))))).))))).	GAUGUUGCAGGACAUGCAAAA&UUUUGCAUAUCCUGGAAUAUG
TAS1c_3D6	AT5G16860_AT5G16860	1006	1026	1017	-31.40	-21.80	0.694267515923567	10.5	5-19,1022-1008	1-4,1026-1023[UP5];20-21,1007-1006[UP3]	..(((((((((((((((....&....)))))))))))))))..	GCUAUUUCAGGGUAUGCUCAA&UUUUGCAUAUCCUGGAAUAUG
TAS1c_3D6	AT1G26500_AT1G26500	1443	1464	1455	-31.40	-21.70	0.691082802547771	7.5	2-4,1463-1461;6-11,1459-1454;12-21,1452-1443	1-1,1464-1464[UP5];5-5,1460-1460[SIL];x-x,1453-1453[BULt]	((((((((((.((((((.(((.&.))).))))))-))))))))))	UAUAUUCCAGAGGUAUGGAGAG&UUUUGCAUAUC-CUGGAAUAUG
TAS1c_3D6	AT1G62680_AT1G62680	1627	1647	1638	-31.40	-21.70	0.691082802547771	7	1-16,1647-1632	17-21,1631-1627[UP3]	.....((((((((((((((((&)))))))))))))))).....	UAAAAUCUGGGGUAUGCAAAA&UUUUGCAUAUCCUGGAAUAUG
TAS1c_3D6	AT3G05240_AT3G05240	1212	1232	1224	-31.40	-21.60	0.687898089171975	6.5	1-8,1232-1225;10-11,1224-1223;12-21,1221-1212	9-9,x-x[BULq];x-x,1222-1222[BULt]	((((((((((.((-((((((((&)))))))).))-))))))))))	UAUAUUCCAGAGG-AUGCAAGA&UUUUGCAUAUC-CUGGAAUAUG
TAS1c_3D6	AT1G08070_AT1G08070	715	735	726	-31.40	-21.60	0.687898089171975	6.5	1-3,735-733;5-18,731-718	4-4,732-732[SIL];19-21,717-715[UP3]	...((((((((((((((.(((&))).))))))))))))))...	AUGAUUUCAGGAUAUGCUGAA&UUUUGCAUAUCCUGGAAUAUG
TAS1c_3D6	AT3G22690_AT3G22690	313	333	324	-31.40	-21.50	0.684713375796178	9	4-13,330-321;15-18,319-316	1-3,333-331[UP5];14-14,320-320[SIL];19-21,315-313[UP3]	...((((.((((((((((...&...)))))))))).))))...	UUGAUUCGAGGAUAUGCAUCU&UUUUGCAUAUCCUGGAAUAUG
TAS1c_3D6	AT5G16640_AT5G16640	1363	1385	1376	-31.40	-21.40	0.681528662420382	6	1-14,1385-1372;15-18,1370-1367;19-21,1365-1363	x-x,1371-1371[BULt];x-x,1366-1366[BULt]	(((.((((.((((((((((((((&))))))))))))))-))))-)))	CAUCAUUCGCGGGAUGUGUAAGG&UUUUGCAUAUCCUG-GAAU-AUG
TAS1c_3D6	AT2G22410_AT2G22410	1003	1023	1014	-31.40	-21.40	0.681528662420382	10.5	5-18,1019-1006	1-4,1023-1020[UP5];19-21,1005-1003[UP3]	...((((((((((((((....&....))))))))))))))...	AUGAUUUCAGGAUAUGCUAGA&UUUUGCAUAUCCUGGAAUAUG
TAS1c_3D6	AT1G03100_AT1G03100	2106	2127	2118	-31.40	-21.00	0.668789808917198	7	3-14,2125-2114;15-16,2112-2111;18-21,2109-2106	1-2,2127-2126[UP5];x-x,2113-2113[BULt];17-17,2110-2110[SIL]	((((.((.((((((((((((..&..))))))))))))-)).))))	UAUGGUCACAGGAUAUGCAGCC&UUUUGCAUAUCCUG-GAAUAUG
TAS1c_3D6	AT5G15980_AT5G15980	1488	1513	1504	-31.40	-20.80	0.662420382165605	9	1-11,1513-1503;12-13,1501-1500;14-21,1495-1488	x-x,1502-1502[BULt];x-x,1499-1496[BULt]	((((((((....((.(((((((((((&)))))))))))-))----))))))))	UAUGUUCCUAGUGGUGAUAUGCAGAG&UUUUGCAUAUC-CU----GGAAUAUG
TAS1c_3D6	AT4G04370_AT4G04370	646	666	657	-31.40	-20.80	0.662420382165605	11.5	5-18,662-649	1-4,666-663[UP5];19-21,648-646[UP3]	...((((((((((((((....&....))))))))))))))...	AUGAUUUCAGGGUAUGCUUCU&UUUUGCAUAUCCUGGAAUAUG
TAS1c_3D6	AT3G51320_AT3G51320	1757	1777	1768	-31.40	-20.70	0.659235668789809	8.5	1-4,1777-1774;6-16,1772-1762	5-5,1773-1773[SIL];17-21,1761-1757[UP3]	.....(((((((((((.((((&)))).))))))))))).....	CCAGAUCCAGGGUAUGGAAAG&UUUUGCAUAUCCUGGAAUAUG
TAS1c_3D6	AT3G16710_AT3G16710	1315	1336	1327	-31.40	-20.60	0.656050955414013	7.5	2-13,1335-1324;15-19,1321-1317	1-1,1336-1336[UP5];14-14,1323-1322[AILt];20-21,1316-1315[UP3]	..(((((..((((((((((((.&.))))))))))))-.)))))..	AUUAUUCAAGGGAUGUGCAAGC&UUUUGCAUAUCCU-GGAAUAUG
TAS1c_3D6	AT4G26800_AT4G26800	1408	1430	1421	-31.40	-20.60	0.656050955414013	6	1-13,1430-1418;15-18,1415-1412;19-21,1410-1408	14-14,1417-1416[AILt];x-x,1411-1411[BULt]	(((.((((..(((((((((((((&)))))))))))))-.))))-)))	CAUGAUUCAUGGGAUGUGCAAGG&UUUUGCAUAUCCU-GGAAU-AUG
TAS1c_3D6	AT5G41170_AT5G41170	1536	1558	1549	-31.40	-20.60	0.656050955414013	6	1-13,1558-1546;15-18,1543-1540;19-21,1538-1536	14-14,1545-1544[AILt];x-x,1539-1539[BULt]	(((.((((..(((((((((((((&)))))))))))))-.))))-)))	CAUCAUUCAAGGGAUGUGCAAGG&UUUUGCAUAUCCU-GGAAU-AUG
TAS1c_3D6	AT3G18840_AT3G18840	691	711	702	-31.40	-20.50	0.652866242038217	10	4-14,708-698;16-18,696-694	1-3,711-709[UP5];15-15,697-697[SIL];19-21,693-691[UP3]	...(((.(((((((((((...&...))))))))))).)))...	UUGAUUGCAGGGUAUGCACAG&UUUUGCAUAUCCUGGAAUAUG
TAS2_3D9	AT3G22470_AT3G22470	550	570	561	-33.60	-32.70	0.973214285714286	3	1-19,570-552	20-21,551-550[UP3]	..(((((((((((((((((((&)))))))))))))))))))..	UAGUUGAUCGGAUGGUGGAAA&UUUCUACCAUCCGAUCAACAA
TAS2_3D9	AT1G63130_AT1G63130	642	662	653	-33.60	-27.60	0.821428571428571	3.5	1-11,662-652;13-21,650-642	12-12,651-651[SIL]	(((((((((.(((((((((((&))))))))))).)))))))))	UUGUUGGUCAGAUGGUGGAAA&UUUCUACCAUCCGAUCAACAA
TAS2_3D9	AT1G63230_AT1G63230	588	608	599	-33.60	-27.30	0.8125	3	2-10,607-599;12-21,597-588	1-1,608-608[UP5];11-11,598-598[SIL]	((((((((((.(((((((((.&.))))))))).))))))))))	UUGUUGAUCGUAUGGUAGAAG&UUUCUACCAUCCGAUCAACAA
TAS2_3D9	AT1G63070_AT1G63070	500	520	511	-33.60	-26.40	0.785714285714286	5	1-11,520-510;13-19,508-502	12-12,509-509[SIL];20-21,501-500[UP3]	..(((((((.(((((((((((&))))))))))).)))))))..	UGGUUGAUCAGAUGGUGGAAA&UUUCUACCAUCCGAUCAACAA
TAS2_3D9	AT1G12775_AT1G12775	539	559	550	-33.60	-26.10	0.776785714285714	4	1-10,559-550;12-19,548-541	11-11,549-549[SIL];20-21,540-539[UP3]	..((((((((.((((((((((&)))))))))).))))))))..	UAGUUGAUCGAAUGGUAGAAA&UUUCUACCAUCCGAUCAACAA
TAS2_3D9	AT1G12300_AT1G12300	2367	2388	2379	-33.60	-25.40	0.755952380952381	7.5	2-17,2387-2372;18-19,2370-2369	1-1,2388-2388[UP5];x-x,2371-2371[BULt];20-21,2368-2367[UP3]	..((.((((((((((((((((.&.))))))))))))))))-))..	GCGUAUGAUUGGGUGGUGGAGG&UUUCUACCAUCCGAUCA-ACAA
TAS2_3D9	AT1G12300_AT1G12300	1912	1931	1922	-33.60	-25.30	0.75297619047619	5	3-15,1929-1917;17-20,1916-1913	1-2,1931-1930[UP5];16-16,x-x[BULq];21-21,1912-1912[UP3]	.((((-(((((((((((((..&..))))))))))))).)))).	AUGUU-AUCGGAUGGUAGAUU&UUUCUACCAUCCGAUCAACAA
TAS2_3D9	AT1G12620_AT1G12620	2153	2172	2163	-33.60	-25.30	0.75297619047619	5	3-15,2170-2158;17-20,2157-2154	1-2,2172-2171[UP5];16-16,x-x[BULq];21-21,2153-2153[UP3]	.((((-(((((((((((((..&..))))))))))))).)))).	AUGUU-AUCGGAUGGUAGAUU&UUUCUACCAUCCGAUCAACAA
TAS2_3D9	AT1G62720_AT1G62720	628	650	640	-33.60	-23.90	0.711309523809524	7	1-5,650-646;7-18,643-632;19-20,630-629	6-6,645-644[AILt];x-x,631-631[BULt];21-21,628-628[UP3]	.((.((((((((((((..(((((&)))))-.))))))))))))-)).	CUGUUUGAUCGGAUGGAAAGAGA&UUUCU-ACCAUCCGAUCAA-CAA
TAS2_3D9	AT1G19520_AT1G19520	2243	2263	2254	-33.60	-23.80	0.708333333333333	11.5	7-21,2257-2243	1-6,2263-2258[UP5]	(((((((((((((((......&......)))))))))))))))	UUGUUGAUUGGAUGGCUAAUC&UUUCUACCAUCCGAUCAACAA
TAS2_3D9	AT1G62680_AT1G62680	550	570	561	-33.60	-23.60	0.702380952380952	7	1-11,570-560;14-19,557-552	12-13,559-558[SIL];20-21,551-550[UP3]	..((((((..(((((((((((&)))))))))))..))))))..	UGGUUGAUAAGAUGGUGGAGA&UUUCUACCAUCCGAUCAACAA
TAS2_3D9	AT2G36240_AT2G36240	921	942	932	-33.60	-23.50	0.699404761904762	6	1-7,942-936;8-9,934-933;11-12,931-930;14-21,928-921	x-x,935-935[BULt];10-10,932-932[SIL];13-13,929-929[SIL]	((((((((.((.((.(((((((&)))))))-)).)).))))))))	UUGUUGAUGGGUUGUGUAGAGA&UUUCUAC-CAUCCGAUCAACAA
TAS2_3D9	AT3G22690_AT3G22690	656	686	676	-33.60	-22.70	0.675595238095238	13	1-5,686-682;6-14,680-672;15-20,662-657	x-x,681-681[BULt];x-x,671-663[BULt];21-21,656-656[UP3]	.((((((.........(((((((((.(((((&)))))-)))))))))---------)))))).	CUGUUGAUUUGUUUUUUCGGAUGGUGAGAGA&UUUCU-ACCAUCCGA---------UCAACAA
TAS2_3D9	AT1G12700_AT1G12700	645	665	656	-33.60	-22.70	0.675595238095238	5	1-12,665-654;14-16,652-650;18-19,648-647	13-13,653-653[SIL];17-17,649-649[SIL];20-21,646-645[UP3]	..((.(((.((((((((((((&)))))))))))).))).))..	UAGUCGAUAGGAUGGUGGAAA&UUUCUACCAUCCGAUCAACAA
TAS2_3D9	AT1G63330_AT1G63330	539	559	550	-33.60	-22.60	0.672619047619048	7	1-10,559-550;13-19,547-541	11-12,549-548[SIL];20-21,540-539[UP3]	..(((((((..((((((((((&))))))))))..)))))))..	UGGUUGAUCAAAUGGUGGAAA&UUUCUACCAUCCGAUCAACAA
TAS2_3D9	AT1G29710_AT1G29710	78	98	89	-33.60	-22.60	0.672619047619048	9	2-14,97-85;16-17,83-82	1-1,98-98[UP5];15-15,84-84[SIL];18-21,81-78[UP3]	....((.(((((((((((((.&.))))))))))))).))....	GUUCUGUUCGGGUGGUGGAGC&UUUCUACCAUCCGAUCAACAA
TAS2_3D9	AT1G63400_AT1G63400	530	550	541	-33.60	-22.60	0.672619047619048	7	1-10,550-541;13-19,538-532	11-12,540-539[SIL];20-21,531-530[UP3]	..(((((((..((((((((((&))))))))))..)))))))..	UGGUUGAUCAAAUGGUGGAAA&UUUCUACCAUCCGAUCAACAA
TAS2_3D9	AT1G62590_AT1G62590	580	600	591	-33.60	-22.60	0.672619047619048	7	1-10,600-591;13-19,588-582	11-12,590-589[SIL];20-21,581-580[UP3]	..(((((((..((((((((((&))))))))))..)))))))..	UGGUUGAUCAAAUGGUGGAAA&UUUCUACCAUCCGAUCAACAA
TAS2_3D9	AT1G63080_AT1G63080	558	578	569	-33.60	-22.20	0.660714285714286	6	1-11,578-568;13-16,566-563;18-19,561-560	12-12,567-567[SIL];17-17,562-562[SIL];20-21,559-558[UP3]	..((.((((.(((((((((((&))))))))))).)))).))..	UGGUAGAUCAGAUGGUGGAAA&UUUCUACCAUCCGAUCAACAA
TAS2_3D9	AT1G79540_AT1G79540	839	859	850	-33.60	-22.20	0.660714285714286	8	1-4,859-856;6-16,854-844	5-5,855-855[SIL];17-21,843-839[UP3]	.....(((((((((((.((((&)))).))))))))))).....	AAUUGGGUCGGAUGGUUGAAG&UUUCUACCAUCCGAUCAACAA
TAS2_3D9	AT4G18840_AT4G18840	1348	1367	1360	-33.60	-22.10	0.657738095238095	5.5	1-4,1367-1364;7-18,1363-1352;19-21,1350-1348	5-6,x-x[BULq];x-x,1351-1351[BULt]	(((.((((((((((((--((((&))))..))))))))))))-)))	UUGCUUGGUCGGAUGG--GAAA&UUUCUACCAUCCGAUCAA-CAA
TAS2_3D9	AT1G02370_AT1G02370	644	663	655	-33.60	-22.00	0.654761904761905	6.5	2-5,662-659;7-18,658-647	1-1,663-663[UP5];6-6,x-x[BULq];19-21,646-644[UP3]	...((((((((((((-((((.&.)))).))))))))))))...	UCUUUGAUUGGAUGG-AGAAG&UUUCUACCAUCCGAUCAACAA
TAS2_3D11	AT1G63070_AT1G63070	1425	1445	1436	-31.60	-29.80	0.943037974683544	2	1-20,1445-1426	21-21,1425-1425[UP3]	.((((((((((((((((((((&)))))))))))))))))))).	UGGUGUUUGAGUAUAUGCAAA&UUUGCAUAUACUCGAAUACCU
TAS2_3D11	AT1G63320_AT1G63320	359	379	370	-31.60	-28.90	0.914556962025316	2.5	1-20,379-360	21-21,359-359[UP3]	.((((((((((((((((((((&)))))))))))))))))))).	UGGUAUUUGGGUAUAUGCAAA&UUUGCAUAUACUCGAAUACCU
TAS2_3D11	AT1G62930_AT1G62930	1457	1477	1468	-31.60	-27.60	0.873417721518987	3	1-6,1477-1472;8-20,1470-1458	7-7,1471-1471[SIL];21-21,1457-1457[UP3]	.(((((((((((((.((((((&)))))).))))))))))))).	UGGUAUUCGAGUAUCUGCAAA&UUUGCAUAUACUCGAAUACCU
TAS2_3D11	AT5G41170_AT5G41170	1478	1498	1489	-31.60	-27.10	0.857594936708861	6	1-8,1498-1491;11-20,1488-1479	9-10,1490-1489[SIL];21-21,1478-1478[UP3]	.((((((((((..((((((((&))))))))..)))))))))).	UGGUAUUCGAGGAUAUGCGAA&UUUGCAUAUACUCGAAUACCU
TAS2_3D11	AT1G63130_AT1G63130	1584	1604	1595	-31.60	-25.50	0.806962025316456	4	1-6,1604-1599;8-20,1597-1585	7-7,1598-1598[SIL];21-21,1584-1584[UP3]	.(((((((((((((.((((((&)))))).))))))))))))).	UGGUGUUUGAGUAUCUGCAAA&UUUGCAUAUACUCGAAUACCU
TAS2_3D11	AT1G62670_AT1G62670	1462	1482	1473	-31.60	-23.90	0.756329113924051	4	1-6,1482-1477;8-19,1475-1464	7-7,1476-1476[SIL];20-21,1463-1462[UP3]	..((((((((((((.((((((&)))))).))))))))))))..	UUGUAUUCGAGUAUCUGCAAA&UUUGCAUAUACUCGAAUACCU
TAS2_3D11	AT1G62910_AT1G62910	1469	1489	1480	-31.60	-23.90	0.756329113924051	4	1-6,1489-1484;8-19,1482-1471	7-7,1483-1483[SIL];20-21,1470-1469[UP3]	..((((((((((((.((((((&)))))).))))))))))))..	UUGUAUUCGAGUAUCUGCAAA&UUUGCAUAUACUCGAAUACCU
TAS2_3D11	AT1G63080_AT1G63080	1500	1520	1511	-31.60	-23.90	0.756329113924051	4	1-6,1520-1515;8-19,1513-1502	7-7,1514-1514[SIL];20-21,1501-1500[UP3]	..((((((((((((.((((((&)))))).))))))))))))..	UUGUAUUCGAGUAUCUGCAAA&UUUGCAUAUACUCGAAUACCU
TAS2_3D11	AT1G63400_AT1G63400	1472	1492	1483	-31.60	-23.90	0.756329113924051	4	1-6,1492-1487;8-19,1485-1474	7-7,1486-1486[SIL];20-21,1473-1472[UP3]	..((((((((((((.((((((&)))))).))))))))))))..	UUGUAUUCGAGUAUCUGCAAA&UUUGCAUAUACUCGAAUACCU
TAS2_3D11	AT1G62914_AT1G62914	1439	1459	1450	-31.60	-23.90	0.756329113924051	4	1-6,1459-1454;8-19,1452-1441	7-7,1453-1453[SIL];20-21,1440-1439[UP3]	..((((((((((((.((((((&)))))).))))))))))))..	UUGUAUUCGAGUAUCUGCAAA&UUUGCAUAUACUCGAAUACCU
TAS2_3D11	AT5G04780_AT5G04780	653	673	664	-31.60	-23.70	0.75	5	2-8,672-666;10-16,664-658;18-21,656-653	1-1,673-673[UP5];9-9,665-665[SIL];17-17,657-657[SIL]	((((.(((((((.(((((((.&.))))))).))))))).))))	AGGUUUUCGAGUCUAUGCAGG&UUUGCAUAUACUCGAAUACCU
TAS2_3D11	AT1G62590_AT1G62590	1522	1542	1533	-31.60	-22.90	0.724683544303797	3	1-10,1542-1533;12-16,1531-1527;18-21,1525-1522	11-11,1532-1532[SIL];17-17,1526-1526[SIL]	((((.(((((.((((((((((&)))))))))).))))).))))	AGGUUUUCGACUAUAUGCAAA&UUUGCAUAUACUCGAAUACCU
TAS2_3D11	AT1G63330_AT1G63330	1481	1501	1492	-31.60	-22.90	0.724683544303797	3	1-10,1501-1492;12-16,1490-1486;18-21,1484-1481	11-11,1491-1491[SIL];17-17,1485-1485[SIL]	((((.(((((.((((((((((&)))))))))).))))).))))	AGGUUUUCGACUAUAUGCAAA&UUUGCAUAUACUCGAAUACCU
TAS2_3D11	AT2G02750_AT2G02750	343	366	355	-31.60	-22.80	0.721518987341772	8.5	2-7,365-360;8-14,357-351;15-21,349-343	1-1,366-366[UP5];x-x,359-358[BULt];x-x,350-350[BULt]	(((((((.(((((((..((((((.&.))))))--)))))))-)))))))	GGGUAUUGCGAGUGUUAAUGCAGC&UUUGCAU--AUACUCG-AAUACCU
TAS2_3D11	AT5G37570_AT5G37570	1279	1300	1291	-31.60	-22.70	0.718354430379747	6	1-7,1300-1294;10-16,1291-1285;17-21,1283-1279	8-9,1293-1292[SIL];x-x,1284-1284[BULt]	(((((.(((((((..(((((((&)))))))..)))))))-)))))	AGGUAUUUCGAGUUAAUGCGAA&UUUGCAUAUACUCGAA-UACCU
TAS2_3D11	AT4G39620_AT4G39620	971	991	982	-31.60	-22.20	0.70253164556962	6.5	1-7,991-985;9-12,983-980;14-21,978-971	8-8,984-984[SIL];13-13,979-979[SIL]	((((((((.((((.(((((((&))))))).)))).))))))))	AGGUGUUCAGGUGGAUGCAGA&UUUGCAUAUACUCGAAUACCU
TAS2_3D11	AT1G62720_AT1G62720	1244	1267	1258	-31.60	-22.10	0.699367088607595	6.5	1-9,1267-1259;11-15,1257-1253;16-20,1249-1245	10-10,1258-1258[SIL];x-x,1252-1250[BULt];21-21,1244-1244[UP3]	.(((((...(((((.(((((((((&))))))))).)))))---))))).	UGGUGUUAUUCGAGAAUAUGCAAA&UUUGCAUAUACUCGA---AUACCU
TAS2_3D11	AT1G79540_AT1G79540	962	983	974	-31.60	-22.10	0.699367088607595	4.5	1-10,983-974;11-17,972-966;19-21,964-962	x-x,973-973[BULt];18-18,965-965[SIL]	(((.(((((((.((((((((((&))))))))))-))))))).)))	AGGCAUUUGAGCUGUAUGCAAA&UUUGCAUAUA-CUCGAAUACCU
TAS2_3D11	AT3G15130_AT3G15130	185	205	196	-31.60	-22.10	0.699367088607595	10.5	4-9,202-197;12-21,194-185	1-3,205-203[UP5];10-11,196-195[SIL]	((((((((((..((((((...&...))))))..))))))))))	AGGUGUUCGACAGUAUGCCUG&UUUGCAUAUACUCGAAUACCU
TAS2_3D11	AT3G26540_AT3G26540	574	593	585	-31.60	-21.80	0.689873417721519	9.5	1-7,593-587;11-21,584-574	8-10,586-585[AILq]	(((((((((((..-(((((((&)))))))...)))))))))))	GGGUAUUCGGGGA-AUGUAGA&UUUGCAUAUACUCGAAUACCU
TAS2_3D11	AT3G53700_AT3G53700	1027	1049	1040	-31.60	-21.60	0.683544303797468	8	1-8,1049-1042;10-16,1040-1034;17-20,1031-1028	9-9,1041-1041[SIL];x-x,1033-1032[BULt];21-21,1027-1027[UP3]	.((((..(((((((.((((((((&)))))))).)))))))--)))).	CGGUGAUUUCGGGUUUGUGCAAG&UUUGCAUAUACUCGAA--UACCU
TAS2_3D11	AT3G26540_AT3G26540	350	370	361	-31.60	-21.48	0.679746835443038	11.5	4-7,367-364;11-21,360-350	1-3,370-368[UP5];8-10,363-361[SIL]	(((((((((((...((((...&...))))...)))))))))))	AGGUGUUCGAGGAAAUGCCUG&UUUGCAUAUACUCGAAUACCU
TAS2_3D11	AT4G14170_AT4G14170	1223	1242	1233	-31.60	-20.80	0.658227848101266	7	1-7,1242-1236;9-13,1234-1230;15-20,1229-1224	8-8,1235-1235[SIL];14-14,x-x[BULq];21-21,1223-1223[UP3]	.((((((-(((((.(((((((&))))))).))))).)))))).	CGGUGUU-GAGUGGGUGCAAG&UUUGCAUAUACUCGAAUACCU
TAS2_3D11	AT2G28050_AT2G28050	479	499	490	-31.60	-20.70	0.65506329113924	8.5	5-16,495-484;18-21,482-479	1-4,499-496[UP5];17-17,483-483[SIL]	((((.((((((((((((....&....)))))))))))).))))	AGGUUUUUGAGUAUAUGAAGA&UUUGCAUAUACUCGAAUACCU
TAS2_3D11	AT4G39530_AT4G39530	299	319	310	-31.60	-20.68	0.654430379746835	11.5	4-7,316-313;11-21,309-299	1-3,319-317[UP5];8-10,312-310[SIL]	(((((((((((...((((...&...))))...)))))))))))	AGGUGUUCGAGAAAAUGCCUG&UUUGCAUAUACUCGAAUACCU
TAS2_3D11	AT4G13650_AT4G13650	2999	3019	3010	-31.60	-20.60	0.651898734177215	9	2-15,3018-3005	1-1,3019-3019[UP5];16-21,3004-2999[UP3]	......((((((((((((((.&.))))))))))))))......	CUGAAAUCGGGUAUGUGCAAG&UUUGCAUAUACUCGAAUACCU
TAS2_3D12	AT1G12700_AT1G12700	1503	1523	1514	-32.70	-33.40	1	1	1-21,1523-1503	NA	(((((((((((((((((((((&)))))))))))))))))))))	AGAGUAAGAUGGAUCUUGGUA&UAUCAAGAUCCAUCUUACUCU
TAS2_3D12	AT1G12620_AT1G12620	1791	1811	1802	-32.70	-29.30	0.896024464831804	2	1-7,1811-1805;9-21,1803-1791	8-8,1804-1804[SIL]	(((((((((((((.(((((((&))))))).)))))))))))))	AGAGUAAGAUGGAGCUUGAUA&UAUCAAGAUCCAUCUUACUCU
TAS2_3D12	AT1G12775_AT1G12775	1502	1522	1513	-32.70	-29.30	0.896024464831804	2	1-7,1522-1516;9-21,1514-1502	8-8,1515-1515[SIL]	(((((((((((((.(((((((&))))))).)))))))))))))	AGAGUAAGAUGGAGCUUGAUA&UAUCAAGAUCCAUCUUACUCU
TAS2_3D12	AT1G12300_AT1G12300	1550	1570	1561	-32.70	-29.30	0.896024464831804	2	1-7,1570-1564;9-21,1562-1550	8-8,1563-1563[SIL]	(((((((((((((.(((((((&))))))).)))))))))))))	AGAGUAAGAUGGAGCUUGAUA&UAUCAAGAUCCAUCUUACUCU
TAS2_3D12	AT1G13800_AT1G13800	2366	2386	2377	-32.70	-28.20	0.862385321100917	4	1-5,2386-2382;7-21,2380-2366	6-6,2381-2381[SIL]	(((((((((((((((.(((((&))))).)))))))))))))))	AGAGUGGGGUGGAUCCUGAUG&UAUCAAGAUCCAUCUUACUCU
TAS2_3D12	AT1G64100_AT1G64100	1677	1697	1688	-32.70	-26.30	0.804281345565749	3	1-10,1697-1688;12-20,1686-1678	11-11,1687-1687[SIL];21-21,1677-1677[UP3]	.(((((((((.((((((((((&)))))))))).))))))))).	UGAGUAAGAUUGAUCUUGAUA&UAUCAAGAUCCAUCUUACUCU
TAS2_3D12	AT1G52620_AT1G52620	2332	2352	2343	-32.70	-24.90	0.761467889908257	8	3-11,2350-2342;13-20,2340-2333	1-2,2352-2351[UP5];12-12,2341-2341[SIL];21-21,2332-2332[UP3]	.((((((((.(((((((((..&..))))))))).)))))))).	UGGGUGAGAAGGGUCUUGAAG&UAUCAAGAUCCAUCUUACUCU
TAS2_3D12	AT3G22470_AT3G22470	1513	1533	1524	-32.70	-24.70	0.755351681957186	5.5	1-8,1533-1526;11-21,1523-1513	9-10,1525-1524[SIL]	(((((((((((..((((((((&))))))))..)))))))))))	AGAGUAGGAUGACUCUUGGUA&UAUCAAGAUCCAUCUUACUCU
TAS2_3D12	AT5G55840_AT5G55840	4480	4500	4491	-32.70	-23.90	0.730886850152905	4	1-14,4500-4487;17-18,4484-4483;20-21,4481-4480	15-16,4486-4485[SIL];19-19,4482-4482[SIL]	((.((..((((((((((((((&))))))))))))))..)).))	GGUGUCUGAUGGAUCUUGAUG&UAUCAAGAUCCAUCUUACUCU
TAS2_3D12	AT1G64580_AT1G64580	1347	1367	1358	-32.70	-23.90	0.730886850152905	3.5	1-6,1367-1362;8-13,1360-1355;15-21,1353-1347	7-7,1361-1361[SIL];14-14,1354-1354[SIL]	(((((((.((((((.((((((&)))))).)))))).)))))))	AGAGUGAAAUGGAUGUUGAUA&UAUCAAGAUCCAUCUUACUCU
TAS2_3D12	AT1G62680_AT1G62680	1303	1323	1314	-32.70	-23.50	0.718654434250764	3	1-13,1323-1311;15-15,1309-1309;18-21,1306-1303	14-14,1310-1310[SIL];16-17,1308-1307[SIL]	((((..(.(((((((((((((&))))))))))))).)..))))	AGAGGGAAAUGGAUCUUGAUA&UAUCAAGAUCCAUCUUACUCU
TAS2_3D12	AT3G11380_AT3G11380	1704	1723	1715	-32.70	-23.40	0.715596330275229	7	3-8,1721-1716;10-21,1715-1704	1-2,1723-1722[UP5];9-9,x-x[BULq]	((((((((((((-((((((..&..)))))).))))))))))))	AGAGUGGGAUGG-UUUUGAGA&UAUCAAGAUCCAUCUUACUCU
TAS2_3D12	AT3G13880_AT3G13880	475	496	487	-32.70	-23.30	0.712538226299694	5	2-10,495-487;11-16,485-480;18-21,478-475	1-1,496-496[UP5];x-x,486-486[BULt];17-17,479-479[SIL]	((((.((((((.(((((((((.&.)))))))))-)))))).))))	GGAGAAAGGUGUGAUCUUGAUU&UAUCAAGAUC-CAUCUUACUCU
TAS2_3D12	AT1G63150_AT1G63150	1490	1510	1501	-32.70	-23.00	0.703363914373089	3.5	1-7,1510-1504;9-13,1502-1498;15-21,1496-1490	8-8,1503-1503[SIL];14-14,1497-1497[SIL]	(((((((.(((((.(((((((&))))))).))))).)))))))	AGAGUGAAAUGGAACUUGAUA&UAUCAAGAUCCAUCUUACUCU
TAS2_3D12	AT2G39620_AT2G39620	377	397	388	-32.70	-22.50	0.688073394495413	8.5	3-17,395-381	1-2,397-396[UP5];18-21,380-377[UP3]	....(((((((((((((((..&..)))))))))))))))....	UUGCUGAGAUGGGUCUUGAGU&UAUCAAGAUCCAUCUUACUCU
TAS2_3D12	AT1G03560_AT1G03560	2160	2183	2174	-32.70	-22.10	0.675840978593272	8.5	1-15,2183-2169;16-19,2165-2162	x-x,2168-2166[BULt];20-21,2161-2160[UP3]	..((((...(((((((((((((((&)))))))))))))))---))))..	UUAGUAUAUGGGUGGGUCUUGGUG&UAUCAAGAUCCAUCU---UACUCU
TAS2_3D12	AT3G12770_AT3G12770	845	866	857	-32.70	-21.90	0.669724770642202	8.5	3-15,864-852;16-18,850-848	1-2,866-865[UP5];x-x,851-851[BULt];19-21,847-845[UP3]	...(((.(((((((((((((..&..)))))))))))))-)))...	GUUGUGAAGAUGGGUCUUGAAA&UAUCAAGAUCCAUCU-UACUCU
TAS2_3D12	AT3G48250_AT3G48250	876	898	889	-32.70	-21.90	0.669724770642202	8.5	3-12,896-887;13-14,884-883;16-21,881-876	1-2,898-897[UP5];x-x,886-885[BULt];15-15,882-882[SIL]	((((((.((..((((((((((..&..))))))))))--)).))))))	AGGGUAUGAUAUGGAUCUUGACA&UAUCAAGAUCCA--UCUUACUCU
TAS2_3D12	AT5G04810_AT5G04810	772	793	783	-32.70	-21.62	0.661162079510703	13	3-4,791-790;8-21,785-772	1-2,793-792[UP5];5-7,789-786[AILt]	((((((((((((((....((..&..))-...))))))))))))))	AGAGUGAGGUGGGUAGAGGAAG&UAUC-AAGAUCCAUCUUACUCU
