# GSTAr version 1.0
# Sat Nov 11 16:47:40 GMT 2023
# Queries: Cvi-1.sRNA.fa
# Transcripts: sub_Cvi-0.fa.fa
# Minimum Free Energy Ratio cutoff (option -r): 0.65
# Sorted by: MFEratio
# Output Format: Tabular
Query	Transcript	TStart	TStop	TSlice	MFEperfect	MFEsite	MFEratio	AllenScore	Paired	Unpaired	Structure	Sequence
miR161.1	AT1G64583_ATCVI-1G78420	728	748	739	-37.90	-32.40	0.854881266490765	2.5	1-10,748-739;12-21,737-728	11-11,738-738[SIL]	((((((((((.((((((((((&)))))))))).))))))))))	ACCCUGAUGUUGUCACUUUCA&UGAAAGUGACUACAUCGGGGU
miR161.1	AT1G62670_ATCVI-1G76280	968	988	979	-37.90	-31.00	0.817941952506596	2.5	1-9,988-980;11-21,978-968	10-10,979-979[SIL]	(((((((((((.(((((((((&))))))))).)))))))))))	ACCCUGAUGUAUUCACUUUCA&UGAAAGUGACUACAUCGGGGU
miR161.1	AT1G63070_ATCVI-1G76790	920	940	931	-37.90	-31.00	0.817941952506596	1.5	1-12,940-929;14-21,927-920	13-13,928-928[SIL]	((((((((.((((((((((((&)))))))))))).))))))))	ACCCUGAUUUAGUCACUUUCA&UGAAAGUGACUACAUCGGGGU
miR161.1	AT1G63080_ATCVI-1G77080	959	979	970	-37.90	-31.00	0.817941952506596	1.5	1-12,979-968;14-21,966-959	13-13,967-967[SIL]	((((((((.((((((((((((&)))))))))))).))))))))	ACCCUGAUUUAGUCACUUUCA&UGAAAGUGACUACAUCGGGGU
miR161.1	AT1G63320_ATCVI-1G77080	959	979	970	-37.90	-31.00	0.817941952506596	1.5	1-12,979-968;14-21,966-959	13-13,967-967[SIL]	((((((((.((((((((((((&)))))))))))).))))))))	ACCCUGAUUUAGUCACUUUCA&UGAAAGUGACUACAUCGGGGU
miR161.1	AT1G62914_ATCVI-1G76530	959	979	970	-37.90	-31.00	0.817941952506596	1.5	1-12,979-968;14-21,966-959	13-13,967-967[SIL]	((((((((.((((((((((((&)))))))))))).))))))))	ACCCUGAUUUAGUCACUUUCA&UGAAAGUGACUACAUCGGGGU
miR161.1	AT1G51965_ATCVI-1G65610	1746	1766	1757	-37.90	-29.70	0.783641160949868	10.5	6-21,1761-1746	1-5,1766-1762[UP5]	((((((((((((((((.....&.....))))))))))))))))	ACCCUGAUGUGGUCACAUACA&UGAAAGUGACUACAUCGGGGU
miR161.1	AT5G36300_ATCVI-5G54030	1471	1491	1482	-37.90	-29.10	0.767810026385224	11	6-21,1486-1471	1-5,1491-1487[UP5]	((((((((((((((((.....&.....))))))))))))))))	ACCCCGAUGUGGUUACCUAUA&UGAAAGUGACUACAUCGGGGU
miR161.1	AT1G63230_ATCVI-1G77320	488	508	499	-37.90	-29.00	0.765171503957784	3.5	1-16,508-493;18-20,491-489	17-17,492-492[SIL];21-21,488-488[UP3]	.(((.((((((((((((((((&)))))))))))))))).))).	CUCCGGAUGUAGUCACUUUUA&UGAAAGUGACUACAUCGGGGU
miR161.1	AT1G06580_ATCVI-1G16250	752	772	763	-37.90	-29.00	0.765171503957784	3.5	1-9,772-764;11-16,762-757;18-21,755-752	10-10,763-763[SIL];17-17,756-756[SIL]	((((.((((((.(((((((((&))))))))).)))))).))))	GCCCGGAUGUAAUCACUUUCA&UGAAAGUGACUACAUCGGGGU
miR161.1	AT1G63630_ATCVI-1G77320	488	508	499	-37.90	-29.00	0.765171503957784	3.5	1-16,508-493;18-20,491-489	17-17,492-492[SIL];21-21,488-488[UP3]	.(((.((((((((((((((((&)))))))))))))))).))).	CUCCGGAUGUAGUCACUUUUA&UGAAAGUGACUACAUCGGGGU
miR161.1	AT1G62720_ATCVI-1G76340	932	952	943	-37.90	-28.70	0.757255936675462	8	4-7,949-946;9-20,944-933	1-3,952-950[UP5];8-8,945-945[SIL];21-21,932-932[UP3]	.((((((((((((.((((...&...)))).)))))))))))).	UCCCCGAUGUAGUGACUUAUA&UGAAAGUGACUACAUCGGGGU
miR161.1	AT5G16640_ATCVI-5G26760	758	778	769	-37.90	-28.60	0.754617414248021	3.5	1-9,778-770;11-21,768-758	10-10,769-769[SIL]	(((((((((((.(((((((((&))))))))).)))))))))))	ACCCUGAUGUAUUUACUUUCA&UGAAAGUGACUACAUCGGGGU
miR161.1	AT2G16880_ATCVI-2G36170	1025	1045	1036	-37.90	-28.20	0.744063324538259	5	1-2,1045-1044;4-19,1042-1027;21-21,1025-1025	3-3,1043-1043[SIL];20-20,1026-1026[SIL]	(.((((((((((((((((.((&)).)))))))))))))))).)	AGCCCGAUGUGGUUACUUACA&UGAAAGUGACUACAUCGGGGU
miR161.1	AT1G63130_ATCVI-1G76860	968	988	979	-37.90	-28.10	0.741424802110818	2.5	1-15,988-974;18-21,971-968	16-17,973-972[SIL]	((((..(((((((((((((((&)))))))))))))))..))))	AUCCAAAUGUAGUCACUUUCA&UGAAAGUGACUACAUCGGGGU
miR161.1	AT1G62930_ATCVI-1G76860	968	988	979	-37.90	-28.10	0.741424802110818	2.5	1-15,988-974;18-21,971-968	16-17,973-972[SIL]	((((..(((((((((((((((&)))))))))))))))..))))	AUCCAAAUGUAGUCACUUUCA&UGAAAGUGACUACAUCGGGGU
miR161.1	AT4G26800_ATCVI-4G51370	988	1009	1000	-37.90	-27.00	0.712401055408971	4	1-2,1009-1008;4-15,1006-995;17-21,992-988	3-3,1007-1007[SIL];16-16,994-993[AILt]	(((((..((((((((((((.((&)).))))))))))))-.)))))	ACCCCAAAUGUAGUCACUUACA&UGAAAGUGACUACAU-CGGGGU
miR161.1	AT5G41170_ATCVI-5G59480	731	751	742	-37.90	-26.90	0.70976253298153	4.5	1-9,751-743;11-19,741-733	10-10,742-742[SIL];20-21,732-731[UP3]	..(((((((((.(((((((((&))))))))).)))))))))..	AACCUGAUGUAAUCACUUUCA&UGAAAGUGACUACAUCGGGGU
miR161.1	AT4G31850_ATCVI-4G57170	869	889	880	-37.90	-26.20	0.691292875989446	5.5	1-2,889-888;4-19,886-871	3-3,887-887[SIL];20-21,870-869[UP3]	..((((((((((((((((.((&)).))))))))))))))))..	GACCUGAUGUAGUUACUUACA&UGAAAGUGACUACAUCGGGGU
miR161.1	AT2G01740_ATCVI-2G11090	583	604	595	-37.90	-26.00	0.686015831134565	5	1-15,604-590;17-21,587-583	16-16,589-588[AILt]	(((((..(((((((((((((((&)))))))))))))))-.)))))	GCUCCAAAUGUGGUUACUUUCA&UGAAAGUGACUACAU-CGGGGU
miR161.1	AT1G77405_ATCVI-1G92380	839	859	850	-37.90	-26.00	0.686015831134565	10	4-7,856-853;9-19,851-841	1-3,859-857[UP5];8-8,852-852[SIL];20-21,840-839[UP3]	..(((((((((((.((((...&...)))).)))))))))))..	UACCCGAUGUGGUGACUUAUA&UGAAAGUGACUACAUCGGGGU
miR161.1	AT1G12700_ATCVI-1G23340	539	559	550	-37.90	-25.40	0.670184696569921	9.5	4-19,556-541	1-3,559-557[UP5];20-21,540-539[UP3]	..((((((((((((((((...&...))))))))))))))))..	AACCUGAUGUGGUUACUUAUA&UGAAAGUGACUACAUCGGGGU
miR161.1	AT1G73710_ATCVI-1G88310	623	643	634	-37.90	-24.70	0.651715039577836	10.5	5-11,639-633;13-20,631-624	1-4,643-640[UP5];12-12,632-632[SIL];21-21,623-623[UP3]	.((((((((.(((((((....&....))))))).)))))))).	UCCCUGAUGAAGUCACUAUGG&UGAAAGUGACUACAUCGGGGU
miR161.2	AT1G62930_ATCVI-1G76860	977	997	988	-33.10	-27.90	0.842900302114804	4	2-7,996-991;9-21,989-977	1-1,997-997[UP5];8-8,990-990[SIL]	(((((((((((((.((((((.&.)))))).)))))))))))))	UAGUCACUUUCAGCGCAUUGA&CCAAUGCAUUGAAAGUGACUA
miR161.2	AT1G63130_ATCVI-1G76860	977	997	988	-33.10	-27.90	0.842900302114804	4	2-7,996-991;9-21,989-977	1-1,997-997[UP5];8-8,990-990[SIL]	(((((((((((((.((((((.&.)))))).)))))))))))))	UAGUCACUUUCAGCGCAUUGA&CCAAUGCAUUGAAAGUGACUA
miR161.2	AT1G63400_ATCVI-1G76200	989	1009	1000	-33.10	-27.80	0.83987915407855	2	2-13,1008-997;15-21,995-989	1-1,1009-1009[UP5];14-14,996-996[SIL]	(((((((.((((((((((((.&.)))))))))))).)))))))	UAGUCACGUUCAAUGCAUUGA&CCAAUGCAUUGAAAGUGACUA
miR161.2	AT1G62590_ATCVI-1G76200	989	1009	1000	-33.10	-27.80	0.83987915407855	2	2-13,1008-997;15-21,995-989	1-1,1009-1009[UP5];14-14,996-996[SIL]	(((((((.((((((((((((.&.)))))))))))).)))))))	UAGUCACGUUCAAUGCAUUGA&CCAAUGCAUUGAAAGUGACUA
miR161.2	AT1G63330_ATCVI-1G76200	989	1009	1000	-33.10	-27.80	0.83987915407855	2	2-13,1008-997;15-21,995-989	1-1,1009-1009[UP5];14-14,996-996[SIL]	(((((((.((((((((((((.&.)))))))))))).)))))))	UAGUCACGUUCAAUGCAUUGA&CCAAUGCAUUGAAAGUGACUA
miR161.2	AT1G63150_ATCVI-1G76200	989	1009	1000	-33.10	-27.80	0.83987915407855	2	2-13,1008-997;15-21,995-989	1-1,1009-1009[UP5];14-14,996-996[SIL]	(((((((.((((((((((((.&.)))))))))))).)))))))	UAGUCACGUUCAAUGCAUUGA&CCAAUGCAUUGAAAGUGACUA
miR161.2	AT1G62910_ATCVI-1G76200	989	1009	1000	-33.10	-27.80	0.83987915407855	2	2-13,1008-997;15-21,995-989	1-1,1009-1009[UP5];14-14,996-996[SIL]	(((((((.((((((((((((.&.)))))))))))).)))))))	UAGUCACGUUCAAUGCAUUGA&CCAAUGCAUUGAAAGUGACUA
miR161.2	AT1G63070_ATCVI-1G76790	929	949	940	-33.10	-27.60	0.833836858006042	3	2-7,948-943;9-21,941-929	1-1,949-949[UP5];8-8,942-942[SIL]	(((((((((((((.((((((.&.)))))).)))))))))))))	UAGUCACUUUCAACGCAUUGA&CCAAUGCAUUGAAAGUGACUA
miR161.2	AT1G63320_ATCVI-1G77080	968	988	979	-33.10	-27.60	0.833836858006042	3	2-7,987-982;9-21,980-968	1-1,988-988[UP5];8-8,981-981[SIL]	(((((((((((((.((((((.&.)))))).)))))))))))))	UAGUCACUUUCAACGCAUUGA&CCAAUGCAUUGAAAGUGACUA
miR161.2	AT1G62914_ATCVI-1G76530	968	988	979	-33.10	-27.60	0.833836858006042	3	2-7,987-982;9-21,980-968	1-1,988-988[UP5];8-8,981-981[SIL]	(((((((((((((.((((((.&.)))))).)))))))))))))	UAGUCACUUUCAACGCAUUGA&CCAAUGCAUUGAAAGUGACUA
miR161.2	AT1G63080_ATCVI-1G77080	968	988	979	-33.10	-27.60	0.833836858006042	3	2-7,987-982;9-21,980-968	1-1,988-988[UP5];8-8,981-981[SIL]	(((((((((((((.((((((.&.)))))).)))))))))))))	UAGUCACUUUCAACGCAUUGA&CCAAUGCAUUGAAAGUGACUA
miR161.2	AT1G63230_ATCVI-1G77320	287	307	298	-33.10	-27.40	0.827794561933535	4.5	2-19,306-289	1-1,307-307[UP5];20-21,288-287[UP3]	..((((((((((((((((((.&.))))))))))))))))))..	UUGUUACUUUCAGUGCAUUGA&CCAAUGCAUUGAAAGUGACUA
miR161.2	AT1G63630_ATCVI-1G77320	287	307	298	-33.10	-27.40	0.827794561933535	4.5	2-19,306-289	1-1,307-307[UP5];20-21,288-287[UP3]	..((((((((((((((((((.&.))))))))))))))))))..	UUGUUACUUUCAGUGCAUUGA&CCAAUGCAUUGAAAGUGACUA
miR161.2	AT5G41170_ATCVI-5G59480	740	760	751	-33.10	-26.30	0.794561933534743	4	2-18,759-743	1-1,760-760[UP5];19-21,742-740[UP3]	...(((((((((((((((((.&.)))))))))))))))))...	UAAUCACUUUCAAUGCAUUGA&CCAAUGCAUUGAAAGUGACUA
miR161.2	AT1G64583_ATCVI-1G78420	737	757	748	-33.10	-25.30	0.764350453172205	6	2-8,756-750;10-19,748-739	1-1,757-757[UP5];9-9,749-749[SIL];20-21,738-737[UP3]	..((((((((((.(((((((.&.))))))).))))))))))..	UUGUCACUUUCACUGCGUUGA&CCAAUGCAUUGAAAGUGACUA
miR161.2	AT5G16640_ATCVI-5G26760	767	787	778	-33.10	-23.80	0.719033232628399	5.5	2-18,786-770	1-1,787-787[UP5];19-21,769-767[UP3]	...(((((((((((((((((.&.)))))))))))))))))...	UAUUUACUUUCAAUGCGUUGA&CCAAUGCAUUGAAAGUGACUA
miR161.2	AT5G55840_ATCVI-5G76090	1359	1379	1370	-33.10	-23.40	0.706948640483384	5.5	2-4,1378-1376;6-19,1374-1361	1-1,1379-1379[UP5];5-5,1375-1375[SIL];20-21,1360-1359[UP3]	..((((((((((((((.(((.&.))).))))))))))))))..	AUGUUACUUUCAAUGCUUUGA&CCAAUGCAUUGAAAGUGACUA
miR161.2	AT4G26800_ATCVI-4G51370	788	808	799	-33.10	-23.00	0.694864048338369	7	3-18,806-791	1-2,808-807[UP5];19-21,790-788[UP3]	...((((((((((((((((..&..))))))))))))))))...	UUAUCACUUUCAGUGCAUUAA&CCAAUGCAUUGAAAGUGACUA
miR161.2	AT2G41720_ATCVI-2G64410	1585	1605	1596	-33.10	-22.90	0.691842900302115	5.5	2-11,1604-1595;13-19,1593-1587	1-1,1605-1605[UP5];12-12,1594-1594[SIL];20-21,1586-1585[UP3]	..(((((((.((((((((((.&.)))))))))).)))))))..	UUGUUACUUACAAUGCAUUGA&CCAAUGCAUUGAAAGUGACUA
miR161.2	AT1G62670_ATCVI-1G76280	977	997	988	-33.10	-22.40	0.676737160120846	7	2-7,996-991;9-18,989-980	1-1,997-997[UP5];8-8,990-990[SIL];19-21,979-977[UP3]	...((((((((((.((((((.&.)))))).))))))))))...	UAUUCACUUUCAGCGCAUUGA&CCAAUGCAUUGAAAGUGACUA
miR161.2	AT3G16710_ATCVI-3G27770	773	793	784	-33.10	-22.00	0.664652567975831	7	2-8,792-786;10-18,784-776	1-1,793-793[UP5];9-9,785-785[SIL];19-21,775-773[UP3]	...(((((((((.(((((((.&.))))))).)))))))))...	UAAUCACUUUCACUGCGUUGA&CCAAUGCAUUGAAAGUGACUA
miR161.2	AT5G65560_ATCVI-5G86960	1178	1198	1189	-33.10	-21.80	0.658610271903323	6	2-11,1197-1188;13-18,1186-1181	1-1,1198-1198[UP5];12-12,1187-1187[SIL];19-21,1180-1178[UP3]	...((((((.((((((((((.&.)))))))))).))))))...	UAAUCACUUACAAUGCAUUGA&CCAAUGCAUUGAAAGUGACUA
miR161.2	AT5G24830_ATCVI-5G35250	429	449	440	-33.10	-21.70	0.655589123867069	5	1-17,449-433;19-20,431-430	18-18,432-432[SIL];21-21,429-429[UP3]	.((.(((((((((((((((((&))))))))))))))))).)).	AAGCUAUUUUCAAUGUGUUGG&CCAAUGCAUUGAAAGUGACUA
miR400	AT1G62720_ATCVI-1G76340	943	963	954	-30.00	-30.20	1	1	2-21,962-943	1-1,963-963[UP5]	((((((((((((((((((((.&.))))))))))))))))))))	GUGACUUAUAAUACUCUCAUU&UAUGAGAGUAUUAUAAGUCAC
miR400	AT1G06580_ATCVI-1G16250	973	993	984	-30.00	-31.80	1	0	1-21,993-973	NA	(((((((((((((((((((((&)))))))))))))))))))))	GUGACUUAUAAUACUCUCAUA&UAUGAGAGUAUUAUAAGUCAC
miR400	AT1G63320_ATCVI-1G77080	1180	1200	1191	-30.00	-29.60	0.986666666666667	1	1-21,1200-1180	NA	(((((((((((((((((((((&)))))))))))))))))))))	GUGACUUAUAAUACUCUUAUA&UAUGAGAGUAUUAUAAGUCAC
miR400	AT3G22470_ATCVI-3G34690	1156	1176	1167	-30.00	-29.60	0.986666666666667	2	1-21,1176-1156	NA	(((((((((((((((((((((&)))))))))))))))))))))	GUGACUUAUAGUAUUCUCAUA&UAUGAGAGUAUUAUAAGUCAC
miR400	AT1G63080_ATCVI-1G77080	1180	1200	1191	-30.00	-29.60	0.986666666666667	1	1-21,1200-1180	NA	(((((((((((((((((((((&)))))))))))))))))))))	GUGACUUAUAAUACUCUUAUA&UAUGAGAGUAUUAUAAGUCAC
miR400	AT2G31400_ATCVI-2G52760	1438	1458	1449	-30.00	-25.70	0.856666666666667	7	4-21,1455-1438	1-3,1458-1456[UP5]	((((((((((((((((((...&...))))))))))))))))))	GUGACUUAUAAUGCUCUUCUU&UAUGAGAGUAUUAUAAGUCAC
miR400	AT3G16710_ATCVI-3G27770	985	1005	996	-30.00	-25.40	0.846666666666667	2.5	1-10,1005-996;12-21,994-985	11-11,995-995[SIL]	((((((((((.((((((((((&)))))))))).))))))))))	GUGAUUUAUACUACUCUCAUA&UAUGAGAGUAUUAUAAGUCAC
miR400	AT1G62670_ATCVI-1G76280	1189	1209	1200	-30.00	-25.20	0.84	3	1-6,1209-1204;8-21,1202-1189	7-7,1203-1203[SIL]	((((((((((((((.((((((&)))))).))))))))))))))	GUGACUUAUAAUACGCUUAUA&UAUGAGAGUAUUAUAAGUCAC
miR400	AT1G77405_ATCVI-1G92380	955	975	966	-30.00	-24.50	0.816666666666667	3	1-8,975-968;10-21,966-955	9-9,967-967[SIL]	((((((((((((.((((((((&)))))))).))))))))))))	GUGACUUAUAAUUCUUUCAUA&UAUGAGAGUAUUAUAAGUCAC
miR400	AT4G19440_ATCVI-4G42840	1239	1260	1251	-30.00	-23.90	0.796666666666667	2	1-15,1260-1246;17-19,1244-1242;20-21,1240-1239	16-16,1245-1245[SIL];x-x,1241-1241[BULt]	((.(((.(((((((((((((((&))))))))))))))).)))-))	GUCGACGUAUAAUACUCUCAUA&UAUGAGAGUAUUAUAAGUC-AC
miR400	AT5G39710_ATCVI-5G57650	1246	1266	1257	-30.00	-23.60	0.786666666666667	5	2-3,1265-1264;5-21,1262-1246	1-1,1266-1266[UP5];4-4,1263-1263[SIL]	(((((((((((((((((.((.&.)).)))))))))))))))))	GUGACUUAUAAUGCUUUGAUU&UAUGAGAGUAUUAUAAGUCAC
miR400	AT5G41170_ATCVI-5G59480	952	972	963	-30.00	-23.28	0.776	6.5	1-8,972-965;12-21,961-952	9-11,964-962[SIL]	((((((((((...((((((((&))))))))...))))))))))	GUGGCUUAUACUUCUCUCAUA&UAUGAGAGUAUUAUAAGUCAC
miR400	AT1G64580_ATCVI-1G78410	973	993	984	-30.00	-23.10	0.77	3	1-9,993-985;11-15,983-979;17-21,977-973	10-10,984-984[SIL];16-16,978-978[SIL]	(((((.(((((.(((((((((&))))))))).))))).)))))	GUGACCUAUAACACUCUCAUA&UAUGAGAGUAUUAUAAGUCAC
miR400	AT4G38010_ATCVI-4G64050	718	738	729	-30.00	-22.00	0.733333333333333	5.5	1-14,738-725;16-19,723-720	15-15,724-724[SIL];20-21,719-718[UP3]	..((((.((((((((((((((&)))))))))))))).))))..	GAGACUGGUAAUGCUCUUAUA&UAUGAGAGUAUUAUAAGUCAC
miR400	AT3G23020_ATCVI-3G35300	1620	1641	1632	-30.00	-21.80	0.726666666666667	4	2-15,1640-1627;17-18,1625-1624;19-21,1622-1620	1-1,1641-1641[UP5];16-16,1626-1626[SIL];x-x,1623-1623[BULt]	(((.((.((((((((((((((.&.)))))))))))))).))-)))	GUGUACAUAUAAUACUCUCGUC&UAUGAGAGUAUUAUAAGU-CAC
miR400	AT1G64583_ATCVI-1G78420	949	969	960	-30.00	-21.70	0.723333333333333	4	2-9,968-961;11-15,959-955;17-21,953-949	1-1,969-969[UP5];10-10,960-960[SIL];16-16,954-954[SIL]	(((((.(((((.((((((((.&.)))))))).))))).)))))	GUGACAUAUAACACUCUCAUU&UAUGAGAGUAUUAUAAGUCAC
miR400	AT1G69350_ATCVI-1G83680	502	522	513	-30.00	-21.60	0.72	6	2-12,521-511;14-21,509-502	1-1,522-522[UP5];13-13,510-510[SIL]	((((((((.(((((((((((.&.))))))))))).))))))))	GUGGCUUGGAGUACUCUUGUU&UAUGAGAGUAUUAUAAGUCAC
miR400	AT5G39710_ATCVI-5G57650	931	951	942	-30.00	-21.60	0.72	3	2-18,950-934;20-21,932-931	1-1,951-951[UP5];19-19,933-933[SIL]	((.(((((((((((((((((.&.))))))))))))))))).))	GUCACUUAUAAUACUCUUAUU&UAUGAGAGUAUUAUAAGUCAC
miR400	AT5G16640_ATCVI-5G26760	979	999	990	-30.00	-21.30	0.71	4	2-18,998-982;20-21,980-979	1-1,999-999[UP5];19-19,981-981[SIL]	((.(((((((((((((((((.&.))))))))))))))))).))	GUAACUUAUAGUAUUCUCAUU&UAUGAGAGUAUUAUAAGUCAC
miR400	AT5G14350_ATCVI-5G24180	1471	1491	1482	-30.00	-21.30	0.71	5	1-5,1491-1487;7-12,1485-1480;14-21,1478-1471	6-6,1486-1486[SIL];13-13,1479-1479[SIL]	((((((((.((((((.(((((&))))).)))))).))))))))	GUGACUUACAAUGCUGUUAUA&UAUGAGAGUAUUAUAAGUCAC
miR400	AT1G63330_ATCVI-1G76200	1201	1221	1212	-30.00	-21.20	0.706666666666667	2	1-15,1221-1207;17-18,1205-1204;20-21,1202-1201	16-16,1206-1206[SIL];19-19,1203-1203[SIL]	((.((.(((((((((((((((&))))))))))))))).)).))	GUUACAUAUAAUACUCUCAUA&UAUGAGAGUAUUAUAAGUCAC
miR400	AT1G63150_ATCVI-1G76200	1201	1221	1212	-30.00	-21.20	0.706666666666667	2	1-15,1221-1207;17-18,1205-1204;20-21,1202-1201	16-16,1206-1206[SIL];19-19,1203-1203[SIL]	((.((.(((((((((((((((&))))))))))))))).)).))	GUUACAUAUAAUACUCUCAUA&UAUGAGAGUAUUAUAAGUCAC
miR400	AT1G62590_ATCVI-1G76200	1201	1221	1212	-30.00	-21.20	0.706666666666667	2	1-15,1221-1207;17-18,1205-1204;20-21,1202-1201	16-16,1206-1206[SIL];19-19,1203-1203[SIL]	((.((.(((((((((((((((&))))))))))))))).)).))	GUUACAUAUAAUACUCUCAUA&UAUGAGAGUAUUAUAAGUCAC
miR400	AT1G63400_ATCVI-1G76200	1201	1221	1212	-30.00	-21.20	0.706666666666667	2	1-15,1221-1207;17-18,1205-1204;20-21,1202-1201	16-16,1206-1206[SIL];19-19,1203-1203[SIL]	((.((.(((((((((((((((&))))))))))))))).)).))	GUUACAUAUAAUACUCUCAUA&UAUGAGAGUAUUAUAAGUCAC
miR400	AT1G63070_ATCVI-1G76790	1141	1161	1152	-30.00	-21.20	0.706666666666667	5	1-6,1161-1156;8-17,1154-1145;19-21,1143-1141	7-7,1155-1155[SIL];18-18,1144-1144[SIL]	(((.((((((((((.((((((&)))))).)))))))))).)))	GUGUCUUAUAGUACGCUUAUA&UAUGAGAGUAUUAUAAGUCAC
miR400	AT1G62910_ATCVI-1G76200	1201	1221	1212	-30.00	-21.20	0.706666666666667	2	1-15,1221-1207;17-18,1205-1204;20-21,1202-1201	16-16,1206-1206[SIL];19-19,1203-1203[SIL]	((.((.(((((((((((((((&))))))))))))))).)).))	GUUACAUAUAAUACUCUCAUA&UAUGAGAGUAUUAUAAGUCAC
miR400	AT5G12100_ATCVI-5G22140	1693	1713	1704	-30.00	-21.10	0.703333333333333	5	2-6,1712-1708;8-9,1706-1705;11-21,1703-1693	1-1,1713-1713[UP5];7-7,1707-1707[SIL];10-10,1704-1704[SIL]	(((((((((((.((.(((((.&.))))).)).)))))))))))	GUGACUUAUAACACCCUCAUU&UAUGAGAGUAUUAUAAGUCAC
miR400	AT1G22960_ATCVI-1G34650	1228	1248	1239	-30.00	-21.00	0.7	3	1-3,1248-1246;5-15,1244-1234;17-21,1232-1228	4-4,1245-1245[SIL];16-16,1233-1233[SIL]	(((((.(((((((((((.(((&))).))))))))))).)))))	GUGACCUAUAAUACUCUAAUA&UAUGAGAGUAUUAUAAGUCAC
miR400	AT5G40400_ATCVI-5G58520	1030	1050	1041	-30.00	-20.90	0.696666666666667	4	2-17,1049-1034;19-20,1032-1031	1-1,1050-1050[UP5];18-18,1033-1033[SIL];21-21,1030-1030[UP3]	.((.((((((((((((((((.&.)))))))))))))))).)).	AUGUCUUAUAAUACUCUUAUC&UAUGAGAGUAUUAUAAGUCAC
miR400	AT5G03800_ATCVI-5G13260	2497	2517	2508	-30.00	-20.90	0.696666666666667	10	4-9,2514-2509;11-21,2507-2497	1-3,2517-2515[UP5];10-10,2508-2508[SIL]	(((((((((((.((((((...&...)))))).)))))))))))	GUGACUUAUGGAAUUCUCUCA&UAUGAGAGUAUUAUAAGUCAC
miR400	AT5G46680_ATCVI-5G65910	565	585	576	-30.00	-20.60	0.686666666666667	4	2-15,584-571;17-20,569-566	1-1,585-585[UP5];16-16,570-570[SIL];21-21,565-565[UP3]	.((((.((((((((((((((.&.)))))))))))))).)))).	AUGACGUAUAAUAUUCUCAUC&UAUGAGAGUAUUAUAAGUCAC
miR400	AT1G56570_ATCVI-1G71090	1637	1659	1650	-30.00	-20.50	0.683333333333333	7.5	1-15,1659-1645;16-19,1642-1639	x-x,1644-1643[BULt];20-21,1638-1637[UP3]	..((((..(((((((((((((((&)))))))))))))))--))))..	GGGACUUAUGUGAUGCUUUCAUA&UAUGAGAGUAUUAUA--AGUCAC
miR400	AT2G16880_ATCVI-2G36170	1141	1162	1152	-30.00	-20.30	0.676666666666667	8	4-8,1159-1155;9-14,1153-1148;16-21,1146-1141	1-3,1162-1160[UP5];x-x,1154-1154[BULt];15-15,1147-1147[SIL]	((((((.((((((.(((((...&...)))))-)))))).))))))	GUGACUCAUAAUAUCUCUCUUA&UAUGAGAG-UAUUAUAAGUCAC
miR400	AT1G20300_ATCVI-1G31740	1288	1308	1299	-30.00	-20.30	0.676666666666667	5.5	1-3,1308-1306;5-6,1304-1303;8-21,1301-1288	4-4,1305-1305[SIL];7-7,1302-1302[SIL]	((((((((((((((.((.(((&))).)).))))))))))))))	GUGACUUAUAAUAUACUGAUG&UAUGAGAGUAUUAUAAGUCAC
miR400	AT1G08070_ATCVI-1G17960	904	924	915	-30.00	-20.20	0.673333333333333	6.5	2-13,923-912;16-19,909-906	1-1,924-924[UP5];14-15,911-910[SIL];20-21,905-904[UP3]	..((((..((((((((((((.&.))))))))))))..))))..	AAGAUUGUUAAUGCUCUCAUU&UAUGAGAGUAUUAUAAGUCAC
miR400	AT3G16010_ATCVI-3G27050	1925	1947	1938	-30.00	-20.20	0.673333333333333	8	4-18,1944-1930;19-21,1927-1925	1-3,1947-1945[UP5];x-x,1929-1928[BULt]	(((..(((((((((((((((...&...)))))))))))))))--)))	GUGUCACUUAUAAUACUCUUCUU&UAUGAGAGUAUUAUAAGU--CAC
miR400	AT1G56570_ATCVI-1G71090	379	399	390	-30.00	-20.10	0.67	9.5	2-3,398-397;5-20,395-380	1-1,399-399[UP5];4-4,396-396[SIL];21-21,379-379[UP3]	.((((((((((((((((.((.&.)).)))))))))))))))).	UUGGCUUAUGGUGCUUUGGUU&UAUGAGAGUAUUAUAAGUCAC
miR400	AT1G74850_ATCVI-1G89610	742	762	753	-30.00	-20.00	0.666666666666667	9	5-6,758-757;8-21,755-742	1-4,762-759[UP5];7-7,756-756[SIL]	((((((((((((((.((....&....)).))))))))))))))	GUGACUUAUAAUACACUGCUU&UAUGAGAGUAUUAUAAGUCAC
miR400	AT5G39680_ATCVI-5G57600	817	837	828	-30.00	-20.00	0.666666666666667	9	2-6,836-832;8-19,830-819	1-1,837-837[UP5];7-7,831-831[SIL];20-21,818-817[UP3]	..((((((((((((.(((((.&.))))).))))))))))))..	GAGGCUUGUGGUGCACUCAUU&UAUGAGAGUAUUAUAAGUCAC
miR400	AT3G59040_ATCVI-3G79110	1223	1246	1237	-30.00	-19.90	0.663333333333333	8.5	1-9,1246-1238;12-17,1235-1230;18-21,1226-1223	10-11,1237-1236[SIL];x-x,1229-1227[BULt]	((((...((((((..(((((((((&)))))))))..))))))---))))	GUGAUUUCUUAUACCGCUCUCAUG&UAUGAGAGUAUUAUAAG---UCAC
miR400	AT5G27270_ATCVI-5G37840	2750	2769	2760	-30.00	-19.70	0.656666666666667	4.5	2-15,2768-2755;17-20,2754-2751	1-1,2769-2769[UP5];16-16,x-x[BULq];21-21,2750-2750[UP3]	.((((-((((((((((((((.&.)))))))))))))).)))).	UUGGC-UAUAAUACUCUUAUC&UAUGAGAGUAUUAUAAGUCAC
TAS1a_3D9	AT1G63150_ATCVI-1G76200	1451	1472	1463	-33.10	-31.20	0.942598187311178	2.5	1-19,1472-1454;20-21,1452-1451	x-x,1453-1453[BULt]	((.(((((((((((((((((((&)))))))))))))))))))-))	GGAAGCUAGAGAAAGCAUUGGA&UCCAAUGCUUUUUCUAGUU-CC
TAS1a_3D9	AT1G62910_ATCVI-1G76200	1451	1472	1463	-33.10	-31.20	0.942598187311178	2.5	1-19,1472-1454;20-21,1452-1451	x-x,1453-1453[BULt]	((.(((((((((((((((((((&)))))))))))))))))))-))	GGAAGCUAGAGAAAGCAUUGGA&UCCAAUGCUUUUUCUAGUU-CC
TAS1a_3D9	AT1G62590_ATCVI-1G76200	1451	1472	1463	-33.10	-31.20	0.942598187311178	2.5	1-19,1472-1454;20-21,1452-1451	x-x,1453-1453[BULt]	((.(((((((((((((((((((&)))))))))))))))))))-))	GGAAGCUAGAGAAAGCAUUGGA&UCCAAUGCUUUUUCUAGUU-CC
TAS1a_3D9	AT1G63330_ATCVI-1G76200	1451	1472	1463	-33.10	-31.20	0.942598187311178	2.5	1-19,1472-1454;20-21,1452-1451	x-x,1453-1453[BULt]	((.(((((((((((((((((((&)))))))))))))))))))-))	GGAAGCUAGAGAAAGCAUUGGA&UCCAAUGCUUUUUCUAGUU-CC
TAS1a_3D9	AT1G63400_ATCVI-1G76200	1451	1472	1463	-33.10	-31.20	0.942598187311178	2.5	1-19,1472-1454;20-21,1452-1451	x-x,1453-1453[BULt]	((.(((((((((((((((((((&)))))))))))))))))))-))	GGAAGCUAGAGAAAGCAUUGGA&UCCAAUGCUUUUUCUAGUU-CC
TAS1a_3D9	AT1G12620_ATCVI-1G23230	1413	1433	1424	-33.10	-29.90	0.903323262839879	2	1-15,1433-1419;17-21,1417-1413	16-16,1418-1418[SIL]	(((((.(((((((((((((((&))))))))))))))).)))))	GGAACCAGAAAAAGCGUUGGA&UCCAAUGCUUUUUCUAGUUCC
TAS1a_3D9	AT1G63080_ATCVI-1G77080	1430	1451	1442	-33.10	-29.20	0.882175226586103	3.5	2-19,1450-1433;20-21,1431-1430	1-1,1451-1451[UP5];x-x,1432-1432[BULt]	((.((((((((((((((((((.&.))))))))))))))))))-))	GGAAGCUAGAGAAAGCAUUGGU&UCCAAUGCUUUUUCUAGUU-CC
TAS1a_3D9	AT1G63320_ATCVI-1G77080	1430	1451	1442	-33.10	-29.20	0.882175226586103	3.5	2-19,1450-1433;20-21,1431-1430	1-1,1451-1451[UP5];x-x,1432-1432[BULt]	((.((((((((((((((((((.&.))))))))))))))))))-))	GGAAGCUAGAGAAAGCAUUGGU&UCCAAUGCUUUUUCUAGUU-CC
TAS1a_3D9	AT1G12300_ATCVI-1G22890	1461	1481	1472	-33.10	-28.40	0.858006042296072	2.5	1-15,1481-1467;17-21,1465-1461	16-16,1466-1466[SIL]	(((((.(((((((((((((((&))))))))))))))).)))))	GGAAUCAGAAAAAGCGUUGGA&UCCAAUGCUUUUUCUAGUUCC
TAS1a_3D9	AT1G12775_ATCVI-1G22890	1461	1481	1472	-33.10	-28.40	0.858006042296072	2.5	1-15,1481-1467;17-21,1465-1461	16-16,1466-1466[SIL]	(((((.(((((((((((((((&))))))))))))))).)))))	GGAAUCAGAAAAAGCGUUGGA&UCCAAUGCUUUUUCUAGUUCC
TAS1a_3D9	AT1G03560_ATCVI-1G12870	1232	1253	1244	-33.10	-27.00	0.81570996978852	5	1-16,1253-1238;18-21,1235-1232	17-17,1237-1236[AILt]	((((..((((((((((((((((&))))))))))))))))-.))))	GGAGAGUGGAAGAGGCAUUGGA&UCCAAUGCUUUUUCUA-GUUCC
TAS1a_3D9	AT4G26800_ATCVI-4G51370	1251	1271	1262	-33.10	-26.60	0.803625377643505	5.5	3-16,1269-1256;18-21,1254-1251	1-2,1271-1270[UP5];17-17,1255-1255[SIL]	((((.((((((((((((((..&..)))))))))))))).))))	GGAGGUAGAGAAAGCAUUGAG&UCCAAUGCUUUUUCUAGUUCC
TAS1a_3D9	AT4G28010_ATCVI-4G52830	573	593	584	-33.10	-26.40	0.797583081570997	3	1-20,593-574	21-21,573-573[UP3]	.((((((((((((((((((((&)))))))))))))))))))).	AGAGUUAGAGAAAGCAUUGGA&UCCAAUGCUUUUUCUAGUUCC
TAS1a_3D9	AT1G12700_ATCVI-1G23340	1325	1346	1337	-33.10	-26.20	0.791540785498489	3.5	1-14,1346-1333;16-19,1331-1328;20-21,1326-1325	15-15,1332-1332[SIL];x-x,1327-1327[BULt]	((.((((.((((((((((((((&)))))))))))))).))))-))	GGAAGCUUGAAAAGGCAUUGGA&UCCAAUGCUUUUUCUAGUU-CC
TAS1a_3D9	AT5G16640_ATCVI-5G26760	1229	1250	1241	-33.10	-26.10	0.788519637462236	4	2-16,1249-1235;18-21,1232-1229	1-1,1250-1250[UP5];17-17,1234-1233[AILt]	((((..(((((((((((((((.&.)))))))))))))))-.))))	GGAAGAUAGAGAAAGCAUUGGU&UCCAAUGCUUUUUCUA-GUUCC
TAS1a_3D9	AT4G16835_ATCVI-4G40070	1304	1325	1316	-33.10	-25.70	0.776435045317221	8	3-19,1323-1307;20-21,1305-1304	1-2,1325-1324[UP5];x-x,1306-1306[BULt]	((.(((((((((((((((((..&..)))))))))))))))))-))	GGAAGCUGGAGGAGGCAUUGAA&UCCAAUGCUUUUUCUAGUU-CC
TAS1a_3D9	AT1G31920_ATCVI-1G43900	1153	1175	1166	-33.10	-25.70	0.776435045317221	5.5	1-14,1175-1162;16-18,1160-1158;19-21,1155-1153	15-15,1161-1161[SIL];x-x,1157-1156[BULt]	(((..(((.((((((((((((((&)))))))))))))).)))--)))	GGAUUGCUCGAGGAAGCAUUGGA&UCCAAUGCUUUUUCUAGU--UCC
TAS1a_3D9	AT1G62720_ATCVI-1G76340	1184	1205	1196	-33.10	-25.60	0.773413897280967	4.5	2-16,1204-1190;18-21,1187-1184	1-1,1205-1205[UP5];17-17,1189-1188[AILt]	((((..(((((((((((((((.&.)))))))))))))))-.))))	GGAGGGUAGAGAAAGCAUUGGU&UCCAAUGCUUUUUCUA-GUUCC
TAS1a_3D9	AT1G62680_ATCVI-1G76290	1244	1265	1256	-33.10	-25.30	0.764350453172205	5.5	2-4,1264-1262;6-19,1260-1247;20-21,1245-1244	1-1,1265-1265[UP5];5-5,1261-1261[SIL];x-x,1246-1246[BULt]	((.((((((((((((((.(((.&.))).))))))))))))))-))	GGCAGCUAGAGAAAGCACUGGU&UCCAAUGCUUUUUCUAGUU-CC
TAS1a_3D9	AT1G62670_ATCVI-1G76280	1439	1460	1451	-33.10	-25.30	0.764350453172205	5.5	2-4,1459-1457;6-19,1455-1442;20-21,1440-1439	1-1,1460-1460[UP5];5-5,1456-1456[SIL];x-x,1441-1441[BULt]	((.((((((((((((((.(((.&.))).))))))))))))))-))	GGAAGCUAGAGAAAGCAAUGGU&UCCAAUGCUUUUUCUAGUU-CC
TAS1a_3D9	AT5G57250_ATCVI-5G77720	872	893	884	-33.10	-25.30	0.764350453172205	6	1-14,893-880;17-21,876-872	15-16,879-877[AILt]	(((((...((((((((((((((&))))))))))))))-..)))))	GGAAUGUUGAAGAAGCGUUGGG&UCCAAUGCUUUUUC-UAGUUCC
TAS1a_3D9	AT1G63070_ATCVI-1G76790	1391	1412	1403	-33.10	-25.30	0.764350453172205	5.5	2-4,1411-1409;6-18,1407-1395;19-21,1393-1391	1-1,1412-1412[UP5];5-5,1408-1408[SIL];x-x,1394-1394[BULt]	(((.(((((((((((((.(((.&.))).)))))))))))))-)))	GGAGGCUAGAGAAAGCAAUGGU&UCCAAUGCUUUUUCUAGU-UCC
TAS1a_3D9	AT4G21170_ATCVI-4G44770	1445	1466	1457	-33.10	-25.30	0.764350453172205	5	2-4,1465-1463;6-19,1461-1448;20-21,1446-1445	1-1,1466-1466[UP5];5-5,1462-1462[SIL];x-x,1447-1447[BULt]	((.((((((((((((((.(((.&.))).))))))))))))))-))	GGAAACUAGAGAAAGCACUGGU&UCCAAUGCUUUUUCUAGUU-CC
TAS1a_3D9	AT1G09220_ATCVI-1G19200	726	747	737	-33.10	-24.90	0.75226586102719	8.5	1-4,747-744;7-9,741-739;10-21,737-726	5-6,743-742[SIL];x-x,738-738[BULt]	((((((((((((.(((..((((&))))..)))-))))))))))))	GGAGCUAGAGAGAAGCCAUGGA&UCCAAUGCU-UUUUCUAGUUCC
TAS1a_3D9	AT5G59900_ATCVI-5G80670	158	179	169	-33.10	-24.60	0.743202416918429	9.5	3-8,177-172;10-21,169-158	1-2,179-178[UP5];9-9,171-170[AILt]	((((((((((((..((((((..&..))))))-.))))))))))))	GGAGCUGGGAGAUCGCAUUGAG&UCCAAUGC-UUUUUCUAGUUCC
TAS1a_3D9	AT5G38730_ATCVI-5G56610	1278	1298	1289	-33.10	-24.50	0.740181268882175	6.5	1-3,1298-1296;6-8,1293-1291;10-21,1289-1278	4-5,1295-1294[SIL];9-9,1290-1290[SIL]	((((((((((((.(((..(((&)))..))).))))))))))))	GGAACUGGAAAAUGCAAAGGA&UCCAAUGCUUUUUCUAGUUCC
TAS1a_3D9	AT4G37380_ATCVI-4G63330	817	841	832	-33.10	-24.30	0.734138972809668	10	1-10,841-832;11-18,829-822;19-21,819-817	x-x,831-830[BULt];x-x,821-820[BULt]	(((..((((((((..((((((((((&))))))))))--))))))))--)))	GGAGCGCUGGAAACUGGGCGUUGGA&UCCAAUGCUU--UUUCUAGU--UCC
TAS1a_3D9	AT5G15340_ATCVI-5G25360	658	686	677	-33.10	-24.10	0.72809667673716	12.5	1-13,686-674;14-21,665-658	x-x,673-666[BULt]	((((((((........(((((((((((((&)))))))))))))--------))))))))	GGAGCUGGUUUUACAAGGGAAGUAUUGGA&UCCAAUGCUUUUU--------CUAGUUCC
TAS1a_3D9	AT3G14730_ATCVI-3G25520	1751	1772	1763	-33.10	-24.00	0.725075528700906	6	1-14,1772-1759;15-16,1757-1756;18-21,1754-1751	x-x,1758-1758[BULt];17-17,1755-1755[SIL]	((((.((.((((((((((((((&))))))))))))))-)).))))	GGAAGUACGAGGAAGUGUUGGA&UCCAAUGCUUUUUC-UAGUUCC
TAS1a_3D9	AT1G16480_ATCVI-1G27570	567	593	578	-33.10	-23.80	0.719033232628399	18	1-4,593-590;6-9,588-585;10-21,578-567	5-5,589-589[SIL];x-x,584-579[BULt]	((((((((((((......((((.((((&)))).))))------))))))))))))	GGGACUGGAGAGUAAGCUGGCAGUGGA&UCCAAUGCU------UUUUCUAGUUCC
TAS1a_3D9	AT1G64310_ATCVI-1G78110	1375	1397	1388	-33.10	-23.70	0.716012084592145	5	1-2,1397-1396;4-18,1394-1380;19-21,1377-1375	3-3,1395-1395[SIL];x-x,1379-1378[BULt]	(((..(((((((((((((((.((&)).)))))))))))))))--)))	GGAAAACUAGAAGAAGCAUUUGA&UCCAAUGCUUUUUCUAGU--UCC
TAS1a_3D9	AT4G01030_ATCVI-4G11440	719	740	731	-33.10	-23.50	0.709969788519637	7	1-4,740-737;7-15,734-726;16-21,724-719	5-6,736-735[SIL];x-x,725-725[BULt]	((((((.(((((((((..((((&))))..)))))))))-))))))	GGAAUUGGGAAAAGGCUGUGGA&UCCAAUGCUUUUUCU-AGUUCC
TAS1a_3D9	AT5G04810_ATCVI-5G14360	1739	1759	1750	-33.10	-23.40	0.706948640483384	6	2-12,1758-1748;14-15,1746-1745;17-21,1743-1739	1-1,1759-1759[UP5];13-13,1747-1747[SIL];16-16,1744-1744[SIL]	(((((.((.(((((((((((.&.))))))))))).)).)))))	GGAGCGGGCAGAGGCAUUGGU&UCCAAUGCUUUUUCUAGUUCC
TAS1a_3D9	AT3G16710_ATCVI-3G27770	1235	1256	1247	-33.10	-23.30	0.70392749244713	7	3-16,1254-1241;18-21,1238-1235	1-2,1256-1255[UP5];17-17,1240-1239[AILt]	((((..((((((((((((((..&..))))))))))))))-.))))	GGAAAGUAGAGAAGGCAUUGAU&UCCAAUGCUUUUUCUA-GUUCC
TAS1a_3D9	AT1G06580_ATCVI-1G16250	1222	1244	1235	-33.10	-23.30	0.70392749244713	4.5	2-16,1243-1229;18-21,1225-1222	1-1,1244-1244[UP5];17-17,1228-1226[AILt]	((((...(((((((((((((((.&.)))))))))))))))--.))))	GGAAAAAUAGGAAAAGCAUUGGU&UCCAAUGCUUUUUCUA--GUUCC
TAS1a_3D9	AT3G59040_ATCVI-3G79110	2496	2516	2507	-33.10	-23.18	0.700302114803625	9.5	1-3,2516-2514;7-20,2510-2497	4-6,2513-2511[SIL];21-21,2496-2496[UP3]	.((((((((((((((...(((&)))...)))))))))))))).	UGAGCUAGAGGAAGCUAAGGA&UCCAAUGCUUUUUCUAGUUCC
TAS1a_3D9	AT1G32415_ATCVI-1G44530	2058	2081	2068	-33.10	-23.10	0.697885196374622	12.5	1-4,2081-2078;5-12,2073-2066;14-21,2065-2058	x-x,2077-2074[BULt];13-13,x-x[BULq]	((((((((-((((((((....((((&))))----)))))))).))))))))	GGGACUAG-GGAGGCAUGAUAUGGA&UCCA----AUGCUUUUUCUAGUUCC
TAS1a_3D9	AT2G30100_ATCVI-2G51260	204	224	215	-33.10	-23.10	0.697885196374622	7.5	1-3,224-222;6-15,219-210;18-21,207-204	4-5,221-220[SIL];16-17,209-208[SIL]	((((..((((((((((..(((&)))..))))))))))..))))	GGAAGAAGGAGAAGCAGAGGA&UCCAAUGCUUUUUCUAGUUCC
TAS1a_3D9	AT3G29290_ATCVI-3G43670	99	125	110	-33.10	-23.00	0.694864048338369	19	1-3,125-123;6-8,120-118;9-21,111-99	4-5,122-121[SIL];x-x,117-112[BULt]	(((((((((((((......(((..(((&)))..)))------)))))))))))))	GGAACUAGAGGAGAAGACUGCAGGGGA&UCCAAUGC------UUUUUCUAGUUCC
TAS1a_3D9	AT5G14820_ATCVI-3G83070	1240	1259	1252	-33.10	-22.90	0.691842900302115	6.5	1-4,1259-1256;7-15,1255-1247;16-21,1245-1240	5-6,x-x[BULq];x-x,1246-1246[BULt]	((((((.(((((((((--((((&))))..)))))))))-))))))	GGGACUCAGAAGAAGC--UGGA&UCCAAUGCUUUUUCU-AGUUCC
TAS1a_3D9	AT3G62540_ATCVI-3G83070	1240	1259	1252	-33.10	-22.90	0.691842900302115	6.5	1-4,1259-1256;7-15,1255-1247;16-21,1245-1240	5-6,x-x[BULq];x-x,1246-1246[BULt]	((((((.(((((((((--((((&))))..)))))))))-))))))	GGGACUCAGAAGAAGC--UGGA&UCCAAUGCUUUUUCU-AGUUCC
TAS1a_3D9	AT2G20710_ATCVI-2G40720	1230	1252	1243	-33.10	-22.90	0.691842900302115	9	1-3,1252-1250;6-16,1247-1237;17-21,1234-1230	4-5,1249-1248[SIL];x-x,1236-1235[BULt]	(((((..(((((((((((..(((&)))..)))))))))))--)))))	GGAAUGAUGGAGAAGGCAGAGGA&UCCAAUGCUUUUUCUA--GUUCC
TAS1a_3D9	AT4G22760_ATCVI-4G46840	1442	1464	1454	-33.10	-22.90	0.691842900302115	7.5	3-4,1462-1461;5-18,1459-1446;19-21,1444-1442	1-2,1464-1463[UP5];x-x,1460-1460[BULt];x-x,1445-1445[BULt]	(((.((((((((((((((.((..&..))-))))))))))))))-)))	GGAGGCUAGAAGAAGCAUAUGAG&UCCA-AUGCUUUUUCUAGU-UCC
TAS1a_3D9	AT3G62470_ATCVI-3G83070	1240	1259	1252	-33.10	-22.90	0.691842900302115	6.5	1-4,1259-1256;7-15,1255-1247;16-21,1245-1240	5-6,x-x[BULq];x-x,1246-1246[BULt]	((((((.(((((((((--((((&))))..)))))))))-))))))	GGGACUCAGAAGAAGC--UGGA&UCCAAUGCUUUUUCU-AGUUCC
TAS1a_3D9	AT5G52850_ATCVI-5G72750	2035	2058	2048	-33.10	-22.60	0.682779456193353	10.5	1-3,2058-2056;6-18,2052-2040;19-21,2037-2035	4-5,2055-2053[AILt];x-x,2039-2038[BULt]	(((..(((((((((((((...(((&)))-..)))))))))))))--)))	GGACGGCUAGAGGAAGCAACAGGA&UCC-AAUGCUUUUUCUAGU--UCC
TAS1a_3D9	AT4G38010_ATCVI-4G64050	1372	1394	1385	-33.10	-22.50	0.6797583081571	6.5	1-11,1394-1384;13-17,1382-1378;19-21,1374-1372	12-12,1383-1383[SIL];18-18,1377-1375[AILt]	(((...(((((.(((((((((((&))))))))))).)))))--.)))	GGAUUGUUAGAUGAAGCAUUGGA&UCCAAUGCUUUUUCUAG--UUCC
TAS1a_3D9	AT2G17140_ATCVI-2G36520	834	854	844	-33.10	-22.50	0.6797583081571	9	1-4,854-851;5-10,849-844;13-21,842-834	x-x,850-850[BULt];11-12,843-843[AILq]	(((((((((.-((((((.((((&))))-))))))..)))))))))	GGAGCUAGAU-GAGUAUCUGGG&UCCA-AUGCUUUUUCUAGUUCC
TAS1a_3D9	AT1G62930_ATCVI-1G76860	1439	1460	1451	-33.10	-22.40	0.676737160120846	6	2-9,1459-1452;11-16,1450-1445;18-21,1442-1439	1-1,1460-1460[UP5];10-10,1451-1451[SIL];17-17,1444-1443[AILt]	((((..((((((.((((((((.&.)))))))).))))))-.))))	GGAAGGUAGAGACAGCAUUGGU&UCCAAUGCUUUUUCUA-GUUCC
TAS1a_3D9	AT3G23330_ATCVI-3G35740	1481	1502	1493	-33.10	-22.40	0.676737160120846	10	5-19,1498-1484;20-21,1482-1481	1-4,1502-1499[UP5];x-x,1483-1483[BULt]	((.(((((((((((((((....&....)))))))))))))))-))	GGAAGCUGGAAGAAGCAUACAA&UCCAAUGCUUUUUCUAGUU-CC
TAS1a_3D9	AT3G48250_ATCVI-3G67270	222	242	233	-33.10	-22.40	0.676737160120846	8	3-6,240-237;8-16,235-227;18-21,225-222	1-2,242-241[UP5];7-7,236-236[SIL];17-17,226-226[SIL]	((((.(((((((((.((((..&..)))).))))))))).))))	GGAAGUAGAGGAAGGAUUGAG&UCCAAUGCUUUUUCUAGUUCC
TAS1a_3D9	AT1G63130_ATCVI-1G76860	1439	1460	1451	-33.10	-22.40	0.676737160120846	6	2-9,1459-1452;11-16,1450-1445;18-21,1442-1439	1-1,1460-1460[UP5];10-10,1451-1451[SIL];17-17,1444-1443[AILt]	((((..((((((.((((((((.&.)))))))).))))))-.))))	GGAAGGUAGAGACAGCAUUGGU&UCCAAUGCUUUUUCUA-GUUCC
TAS1a_3D9	AT4G01570_ATCVI-4G12000	1328	1355	1340	-33.10	-22.30	0.673716012084592	16.5	2-5,1354-1351;6-19,1344-1331;20-21,1329-1328	1-1,1355-1355[UP5];x-x,1350-1345[BULt];x-x,1330-1330[BULt]	((.((((((((((((((......((((.&.))))------))))))))))))))-))	GGAAGCUAGAAGGAGCAGUAAAAUUGGU&UCCAA------UGCUUUUUCUAGUU-CC
TAS1a_3D9	AT5G41170_ATCVI-5G59480	1316	1337	1328	-33.10	-22.30	0.673716012084592	7.5	3-5,1335-1333;7-19,1331-1319;20-21,1317-1316	1-2,1337-1336[UP5];6-6,1332-1332[SIL];x-x,1318-1318[BULt]	((.(((((((((((((.(((..&..))).)))))))))))))-))	GGAAGCUAGAGAAAGCCUUGAU&UCCAAUGCUUUUUCUAGUU-CC
TAS1a_3D9	AT5G18950_ATCVI-5G29360	1004	1024	1015	-33.10	-22.20	0.670694864048338	7.5	2-5,1023-1020;7-14,1018-1011;17-21,1008-1004	1-1,1024-1024[UP5];6-6,1019-1019[SIL];15-16,1010-1009[SIL]	(((((..((((((((.((((.&.)))).))))))))..)))))	GGAGCGCGAGGAAGCUUUGGU&UCCAAUGCUUUUUCUAGUUCC
TAS1a_3D9	AT1G52620_ATCVI-1G66360	1600	1622	1613	-33.10	-22.20	0.670694864048338	8	2-11,1621-1612;13-16,1610-1607;17-21,1604-1600	1-1,1622-1622[UP5];12-12,1611-1611[SIL];x-x,1606-1605[BULt]	(((((..((((.((((((((((.&.)))))))))).))))--)))))	GGAAUGUUGGAUGAGGCAUUGGC&UCCAAUGCUUUUUCUA--GUUCC
TAS1a_3D9	AT4G37170_ATCVI-4G63100	585	608	599	-33.10	-22.10	0.667673716012085	8.5	2-14,607-595;17-18,592-591;19-21,587-585	1-1,608-608[UP5];15-16,594-593[SIL];x-x,590-588[BULt]	(((...((..(((((((((((((.&.)))))))))))))..))---)))	GGAUCAGCCUGAAGAGGCAUUGGU&UCCAAUGCUUUUUCUAGU---UCC
TAS1a_3D9	AT3G49710_ATCVI-3G69070	1490	1512	1502	-33.10	-22.10	0.667673716012085	9.5	1-2,1512-1511;3-3,1509-1509;6-19,1506-1493;20-21,1491-1490	x-x,1510-1510[BULt];4-5,1508-1507[SIL];x-x,1492-1492[BULt]	((.((((((((((((((..(.((&))-)..))))))))))))))-))	GGAAGCUAGAAGAGGCAGAGAGA&UC-CAAUGCUUUUUCUAGUU-CC
TAS1a_3D9	AT5G04780_ATCVI-5G14330	416	443	434	-33.10	-22.00	0.664652567975831	12	1-12,443-432;13-16,428-425;17-21,420-416	x-x,431-429[BULt];x-x,424-421[BULt]	(((((....((((...((((((((((((&))))))))))))---))))----)))))	GGAAUAGAAUGGAGUCAGAAGCAUUGGA&UCCAAUGCUUUU---UCUA----GUUCC
TAS1a_3D9	AT3G22470_ATCVI-3G34690	1407	1427	1418	-33.10	-21.98	0.66404833836858	5	1-11,1427-1417;15-20,1413-1408	12-14,1416-1414[SIL];21-21,1407-1407[UP3]	.((((((...(((((((((((&)))))))))))...)))))).	UGAACUAAAUAAAGCAUUGGA&UCCAAUGCUUUUUCUAGUUCC
TAS1a_3D9	AT2G41720_ATCVI-2G64410	990	1012	1002	-33.10	-21.90	0.661631419939577	9.5	1-4,1012-1009;7-8,1006-1005;9-19,1003-993;20-21,991-990	5-6,1008-1007[SIL];x-x,1004-1004[BULt];x-x,992-992[BULt]	((.(((((((((((.((..((((&))))..))-)))))))))))-))	GGAAACUGGAGAGAGGCUCUGGA&UCCAAUGC-UUUUUCUAGUU-CC
TAS1a_3D9	AT3G15200_ATCVI-3G26050	887	908	899	-33.10	-21.80	0.658610271903323	7.5	1-4,908-905;7-19,902-890;20-21,888-887	5-6,904-903[SIL];x-x,889-889[BULt]	((.(((((((((((((..((((&))))..)))))))))))))-))	GGAAAUUGGGAAAGGCUAUGGA&UCCAAUGCUUUUUCUAGUU-CC
TAS1a_3D9	AT4G19220_ATCVI-4G42700	2332	2354	2345	-33.10	-21.80	0.658610271903323	7.5	1-4,2354-2351;6-15,2349-2340;17-21,2336-2332	5-5,2350-2350[SIL];16-16,2339-2337[AILt]	(((((...((((((((((.((((&)))).))))))))))--.)))))	GGAAUGGGAGAGAAGGCAAUGGA&UCCAAUGCUUUUUCU--AGUUCC
TAS1a_3D9	AT1G74900_ATCVI-1G89670	1152	1172	1163	-33.10	-21.80	0.658610271903323	6	1-14,1172-1159;16-16,1157-1157;18-20,1155-1153	15-15,1158-1158[SIL];17-17,1156-1156[SIL];21-21,1152-1152[UP3]	.(((.(.((((((((((((((&)))))))))))))).).))).	CGAGGUCGAGAAAGCGUUGGG&UCCAAUGCUUUUUCUAGUUCC
TAS1a_3D9	AT4G11690_ATCVI-4G33180	1054	1076	1067	-33.10	-21.80	0.658610271903323	9	3-18,1074-1059;19-21,1056-1054	1-2,1076-1075[UP5];x-x,1058-1057[BULt]	(((..((((((((((((((((..&..))))))))))))))))--)))	GGAAAAUUAGGGAAGGCGUUGAG&UCCAAUGCUUUUUCUAGU--UCC
TAS1a_3D9	AT4G14050_ATCVI-4G36160	553	575	566	-33.10	-21.78	0.658006042296073	7.5	1-5,575-571;7-15,569-561;18-21,556-553	6-6,570-570[SIL];16-17,560-557[AILt]	((((....(((((((((.(((((&))))).)))))))))--..))))	GGAAGAAAGGAAGAAGCUUUGGA&UCCAAUGCUUUUUCU--AGUUCC
TAS1a_3D9	AT2G39620_ATCVI-2G61930	836	857	848	-33.10	-21.70	0.655589123867069	8	1-14,857-844;16-17,841-840;20-21,837-836	15-15,843-842[AILt];18-19,839-838[SIL]	((..((..((((((((((((((&))))))))))))))-.))..))	GGUUCUUUGAGGAGGUAUUGGA&UCCAAUGCUUUUUC-UAGUUCC
TAS1a_3D9	AT1G61870_ATCVI-1G75430	717	737	728	-33.10	-21.70	0.655589123867069	6.5	2-16,736-722;18-20,720-718	1-1,737-737[UP5];17-17,721-721[SIL];21-21,717-717[UP3]	.(((.(((((((((((((((.&.))))))))))))))).))).	UGAAGUAGGGAAAGUGUUGGC&UCCAAUGCUUUUUCUAGUUCC
TAS1a_3D9	AT3G61520_ATCVI-5G40070	1890	1910	1901	-33.10	-21.60	0.652567975830816	7.5	3-11,1908-1900;13-20,1898-1891	1-2,1910-1909[UP5];12-12,1899-1899[SIL];21-21,1890-1890[UP3]	.((((((((.(((((((((..&..))))))))).)))))))).	CGAAUUAGACGAAGCAUUGAA&UCCAAUGCUUUUUCUAGUUCC
TAS1a_3D9	AT5G28370_ATCVI-5G40070	1890	1910	1901	-33.10	-21.60	0.652567975830816	7.5	3-11,1908-1900;13-20,1898-1891	1-2,1910-1909[UP5];12-12,1899-1899[SIL];21-21,1890-1890[UP3]	.((((((((.(((((((((..&..))))))))).)))))))).	CGAAUUAGACGAAGCAUUGAA&UCCAAUGCUUUUUCUAGUUCC
TAS1a_3D9	AT5G28460_ATCVI-5G40070	1890	1910	1901	-33.10	-21.60	0.652567975830816	7.5	3-11,1908-1900;13-20,1898-1891	1-2,1910-1909[UP5];12-12,1899-1899[SIL];21-21,1890-1890[UP3]	.((((((((.(((((((((..&..))))))))).)))))))).	CGAAUUAGACGAAGCAUUGAA&UCCAAUGCUUUUUCUAGUUCC
TAS1a_3D9	AT1G80550_ATCVI-1G95760	176	197	188	-33.10	-21.60	0.652567975830816	6.5	1-13,197-185;14-19,183-178	x-x,184-184[BULt];20-21,177-176[UP3]	..((((((.(((((((((((((&)))))))))))))-))))))..	ACGAUUGGCAAAAGGCGUUGGA&UCCAAUGCUUUUU-CUAGUUCC
TAS1b_3D4	AT3G22470_ATCVI-3G34690	487	507	498	-31.20	-30.60	0.980769230769231	4.5	3-21,505-487	1-2,507-506[UP5]	(((((((((((((((((((..&..)))))))))))))))))))	GUUGAUCGGAUGGUGGAAAUG&UUUUUCUACCAUCCGAUCAAU
TAS1b_3D4	AT1G02370_ATCVI-1G11450	630	649	641	-31.20	-24.20	0.775641025641026	5	1-7,649-643;9-20,642-631	8-8,x-x[BULq];21-21,630-630[UP3]	.((((((((((((-(((((((&))))))).)))))))))))).	UUUGAUUGGAUGG-AGAAGAG&UUUUUCUACCAUCCGAUCAAU
TAS1b_3D4	AT1G12620_ATCVI-1G23230	493	513	504	-31.20	-24.00	0.769230769230769	4.5	3-12,511-502;14-21,500-493	1-2,513-512[UP5];13-13,501-501[SIL]	((((((((.((((((((((..&..)))))))))).))))))))	GUUGAUCGAAUGGUAGAAAUG&UUUUUCUACCAUCCGAUCAAU
TAS1b_3D4	AT1G62930_ATCVI-1G76860	520	540	531	-31.20	-23.80	0.762820512820513	6	3-13,538-528;15-21,526-520	1-2,540-539[UP5];14-14,527-527[SIL]	(((((((.(((((((((((..&..))))))))))).)))))))	GUUGGUCAGAUGGUGGAAAUG&UUUUUCUACCAUCCGAUCAAU
TAS1b_3D4	AT1G63130_ATCVI-1G76860	520	540	531	-31.20	-23.80	0.762820512820513	6	3-13,538-528;15-21,526-520	1-2,540-539[UP5];14-14,527-527[SIL]	(((((((.(((((((((((..&..))))))))))).)))))))	GUUGGUCAGAUGGUGGAAAUG&UUUUUCUACCAUCCGAUCAAU
TAS1b_3D4	AT4G02750_ATCVI-4G13440	877	897	888	-31.20	-23.70	0.759615384615385	8	1-15,897-883	16-21,882-877[UP3]	......(((((((((((((((&)))))))))))))))......	CAAAACCGGAUGGUGGAAGAA&UUUUUCUACCAUCCGAUCAAU
TAS1b_3D4	AT1G62720_ATCVI-1G76340	589	610	600	-31.20	-23.40	0.75	9	3-7,608-604;9-20,601-590	1-2,610-609[UP5];8-8,603-602[AILt];21-21,589-589[UP3]	.((((((((((((..(((((..&..)))))-.)))))))))))).	UUUGAUCGGAUGGAAAGAGAUG&UUUUUCU-ACCAUCCGAUCAAU
TAS1b_3D4	AT2G01390_ATCVI-2G10670	610	630	621	-31.20	-22.90	0.733974358974359	7	1-10,630-621;12-14,619-617;16-19,615-612	11-11,620-620[SIL];15-15,616-616[SIL];20-21,611-610[UP3]	..((((.(((.((((((((((&)))))))))).))).))))..	GCUGAUGGGAGGGUGGAAGAA&UUUUUCUACCAUCCGAUCAAU
TAS1b_3D4	AT1G09190_ATCVI-1G19160	1048	1067	1059	-31.20	-22.70	0.727564102564103	8.5	2-7,1066-1061;9-18,1060-1051	1-1,1067-1067[UP5];8-8,x-x[BULq];19-21,1050-1048[UP3]	...((((((((((-((((((.&.)))))).))))))))))...	ACAGGUCGGGUGG-AGAAAGG&UUUUUCUACCAUCCGAUCAAU
TAS1b_3D4	AT1G29710_ATCVI-1G41210	80	100	91	-31.20	-22.60	0.724358974358974	11	4-16,97-85;18-19,83-82	1-3,100-98[UP5];17-17,84-84[SIL];20-21,81-80[UP3]	..((.(((((((((((((...&...))))))))))))).))..	UCUGUUCGGGUGGUGGAGCUC&UUUUUCUACCAUCCGAUCAAU
TAS1b_3D4	AT1G12700_ATCVI-1G23340	511	531	522	-31.20	-22.50	0.721153846153846	6	2-14,530-518;16-18,516-514	1-1,531-531[UP5];15-15,517-517[SIL];19-21,513-511[UP3]	...(((.(((((((((((((.&.))))))))))))).)))...	GUCGAUAGGAUGGUGGAAAAC&UUUUUCUACCAUCCGAUCAAU
TAS1b_3D4	AT4G18840_ATCVI-4G42270	1258	1276	1269	-31.20	-22.40	0.717948717948718	5.5	1-6,1276-1271;9-20,1270-1259	7-8,x-x[BULq];21-21,1258-1258[UP3]	.((((((((((((--((((((&))))))..)))))))))))).	CUUGGUCGGAUGG--GAAAAA&UUUUUCUACCAUCCGAUCAAU
TAS1b_3D4	AT1G12300_ATCVI-1G22890	1865	1885	1876	-31.20	-22.30	0.71474358974359	11	5-17,1881-1869	1-4,1885-1882[UP5];18-21,1868-1865[UP3]	....(((((((((((((....&....)))))))))))))....	UGUUAUCGGAUGGUAGAUUGA&UUUUUCUACCAUCCGAUCAAU
TAS1b_3D4	AT1G12620_ATCVI-1G23230	1817	1837	1828	-31.20	-22.30	0.71474358974359	11	5-17,1833-1821	1-4,1837-1834[UP5];18-21,1820-1817[UP3]	....(((((((((((((....&....)))))))))))))....	UGUUAUCGGAUGGUAGAUUGA&UUUUUCUACCAUCCGAUCAAU
TAS1b_3D4	AT1G79540_ATCVI-1G94690	841	861	852	-31.20	-22.30	0.71474358974359	9.5	3-6,859-856;8-18,854-844	1-2,861-860[UP5];7-7,855-855[SIL];19-21,843-841[UP3]	...(((((((((((.((((..&..)))).)))))))))))...	UUGGGUCGGAUGGUUGAAGCA&UUUUUCUACCAUCCGAUCAAU
TAS1b_3D4	AT1G12775_ATCVI-1G22890	1865	1885	1876	-31.20	-22.30	0.71474358974359	11	5-17,1881-1869	1-4,1885-1882[UP5];18-21,1868-1865[UP3]	....(((((((((((((....&....)))))))))))))....	UGUUAUCGGAUGGUAGAUUGA&UUUUUCUACCAUCCGAUCAAU
TAS1b_3D4	AT5G08510_ATCVI-5G18590	1082	1102	1093	-31.20	-22.30	0.71474358974359	8	1-4,1102-1099;6-14,1097-1089;16-19,1087-1084	5-5,1098-1098[SIL];15-15,1088-1088[SIL];20-21,1083-1082[UP3]	..((((.(((((((((.((((&)))).))))))))).))))..	CAUGGUGGGAUGGUGGUGAAG&UUUUUCUACCAUCCGAUCAAU
TAS1b_3D4	AT1G14470_ATCVI-1G25360	661	681	672	-31.20	-22.30	0.71474358974359	8	2-7,680-675;10-20,672-662	1-1,681-681[UP5];8-9,674-673[SIL];21-21,661-661[UP3]	.(((((((((((..((((((.&.))))))..))))))))))).	UUUGAUCGGAUGCCGGAGAAG&UUUUUCUACCAUCCGAUCAAU
TAS1b_3D4	AT1G62680_ATCVI-1G76290	535	555	546	-31.20	-21.80	0.698717948717949	7.5	3-13,553-543;16-21,540-535	1-2,555-554[UP5];14-15,542-541[SIL]	((((((..(((((((((((..&..)))))))))))..))))))	GUUGAUAAGAUGGUGGAGAUU&UUUUUCUACCAUCCGAUCAAU
TAS1b_3D4	AT5G10690_ATCVI-5G20570	2729	2749	2740	-31.20	-21.80	0.698717948717949	9.5	5-12,2745-2738;14-21,2736-2729	1-4,2749-2746[UP5];13-13,2737-2737[SIL]	((((((((.((((((((....&....)))))))).))))))))	AUUGGUCGUGUGGUAGAUCUA&UUUUUCUACCAUCCGAUCAAU
TAS1b_3D4	AT1G63070_ATCVI-1G76790	472	492	483	-31.20	-21.50	0.689102564102564	8	3-13,490-480;15-18,478-475	1-2,492-491[UP5];14-14,479-479[SIL];19-21,474-472[UP3]	...((((.(((((((((((..&..))))))))))).))))...	GUAGAUCAGAUGGUGGAAAUG&UUUUUCUACCAUCCGAUCAAU
TAS1b_3D4	AT5G64320_ATCVI-5G85440	1831	1851	1842	-31.20	-21.40	0.685897435897436	9	1-14,1851-1838	15-21,1837-1831[UP3]	.......((((((((((((((&)))))))))))))).......	AGAAGCGGGAUGGUGGAAGAA&UUUUUCUACCAUCCGAUCAAU
TAS1b_3D4	AT4G31850_ATCVI-4G57170	3130	3150	3141	-31.20	-21.40	0.685897435897436	9	1-14,3150-3137	15-21,3136-3130[UP3]	.......((((((((((((((&)))))))))))))).......	AUCGCCGGGAUGGUGGAAGAA&UUUUUCUACCAUCCGAUCAAU
TAS1b_3D4	AT1G79080_ATCVI-1G94190	877	896	887	-31.20	-21.30	0.682692307692308	9	1-10,896-887;12-14,886-884;16-19,882-879	11-11,x-x[BULq];15-15,883-883[SIL];20-21,878-877[UP3]	..((((.(((-((((((((((&)))))))))).))).))))..	UGUGAUGGGA-GGUGGGAGGA&UUUUUCUACCAUCCGAUCAAU
TAS1b_3D4	AT3G08820_ATCVI-3G18430	1902	1922	1914	-31.20	-21.10	0.676282051282051	7	1-6,1922-1917;8-16,1916-1908;17-19,1906-1904	7-7,x-x[BULq];x-x,1907-1907[BULt];20-21,1903-1902[UP3]	..(((.(((((((((-((((((&)))))).)))))))))-)))..	AGUGAUUCGGGUGGU-GAAGAA&UUUUUCUACCAUCCGA-UCAAU
TAS1b_3D4	AT4G04790_ATCVI-4G15860	829	856	847	-31.20	-21.00	0.673076923076923	18	1-12,856-845;13-20,837-830	x-x,844-838[BULt];21-21,829-829[UP3]	.((((((((.......((((((((((((&))))))))))))-------)))))))).	UUUGAUUGGUAUGGAUAUGGUAGAGGAG&UUUUUCUACCAU-------CCGAUCAAU
TAS1b_3D4	AT5G67570_ATCVI-5G89320	650	670	661	-31.20	-21.00	0.673076923076923	6.5	1-12,670-659;14-18,657-653	13-13,658-658[SIL];19-21,652-650[UP3]	...(((((.((((((((((((&)))))))))))).)))))...	UUAGAUUGAGUGGUAGAGAAA&UUUUUCUACCAUCCGAUCAAU
TAS1b_3D4	AT1G63150_ATCVI-1G76200	532	552	543	-31.20	-20.80	0.666666666666667	6.5	3-12,550-541;15-21,538-532	1-2,552-551[UP5];13-14,540-539[SIL]	(((((((..((((((((((..&..))))))))))..)))))))	GUUGAUCAAAUGGUGGAAAUG&UUUUUCUACCAUCCGAUCAAU
TAS1b_3D4	AT1G62590_ATCVI-1G76200	532	552	543	-31.20	-20.80	0.666666666666667	6.5	3-12,550-541;15-21,538-532	1-2,552-551[UP5];13-14,540-539[SIL]	(((((((..((((((((((..&..))))))))))..)))))))	GUUGAUCAAAUGGUGGAAAUG&UUUUUCUACCAUCCGAUCAAU
TAS1b_3D4	AT4G20740_ATCVI-4G44310	766	786	777	-31.20	-20.80	0.666666666666667	10	2-11,785-776;13-14,774-773;16-18,771-769	1-1,786-786[UP5];12-12,775-775[SIL];15-15,772-772[SIL];19-21,768-766[UP3]	...(((.((.((((((((((.&.)))))))))).)).)))...	GAAGAUGGGUUGGUGGAGGAG&UUUUUCUACCAUCCGAUCAAU
TAS1b_3D4	AT2G36240_ATCVI-2G58230	913	934	924	-31.20	-20.80	0.666666666666667	7	1-9,934-926;10-11,924-923;13-14,921-920;16-21,918-913	x-x,925-925[BULt];12-12,922-922[SIL];15-15,919-919[SIL]	((((((.((.((.(((((((((&)))))))))-)).)).))))))	GUUGAUGGGUUGUGUAGAGAAG&UUUUUCUAC-CAUCCGAUCAAU
TAS1b_3D4	AT1G62910_ATCVI-1G76200	532	552	543	-31.20	-20.80	0.666666666666667	6.5	3-12,550-541;15-21,538-532	1-2,552-551[UP5];13-14,540-539[SIL]	(((((((..((((((((((..&..))))))))))..)))))))	GUUGAUCAAAUGGUGGAAAUG&UUUUUCUACCAUCCGAUCAAU
TAS1b_3D4	AT1G63400_ATCVI-1G76200	532	552	543	-31.20	-20.80	0.666666666666667	6.5	3-12,550-541;15-21,538-532	1-2,552-551[UP5];13-14,540-539[SIL]	(((((((..((((((((((..&..))))))))))..)))))))	GUUGAUCAAAUGGUGGAAAUG&UUUUUCUACCAUCCGAUCAAU
TAS1b_3D4	AT1G63330_ATCVI-1G76200	532	552	543	-31.20	-20.80	0.666666666666667	6.5	3-12,550-541;15-21,538-532	1-2,552-551[UP5];13-14,540-539[SIL]	(((((((..((((((((((..&..))))))))))..)))))))	GUUGAUCAAAUGGUGGAAAUG&UUUUUCUACCAUCCGAUCAAU
TAS1b_3D4	AT5G48910_ATCVI-5G68450	1159	1179	1170	-31.20	-20.70	0.663461538461538	7.5	1-11,1179-1169;12-15,1167-1164;17-19,1163-1161	x-x,1168-1168[BULt];16-16,x-x[BULq];20-21,1160-1159[UP3]	..(((-((((.(((((((((((&)))))))))))-)))).)))..	CAUGG-CGGGUUGGUAGAAGAA&UUUUUCUACCA-UCCGAUCAAU
TAS1b_3D4	AT3G04130_ATCVI-3G13580	409	438	420	-31.20	-20.70	0.663461538461538	24	1-9,438-430;10-18,420-412	x-x,429-421[BULt];19-21,411-409[UP3]	...(((((((((.........(((((((((&)))))))))---------)))))))))...	UGGGAUCGGAUGAAGGAGUUUGUGGAGAGA&UUUUUCUAC---------CAUCCGAUCAAU
TAS1b_3D4	AT2G40240_ATCVI-2G62710	834	853	845	-31.20	-20.70	0.663461538461538	9	2-6,852-848;8-18,847-837	1-1,853-853[UP5];7-7,x-x[BULq];19-21,836-834[UP3]	...(((((((((((-(((((.&.))))).)))))))))))...	UGAGGUUGGAUGGU-GAGAGU&UUUUUCUACCAUCCGAUCAAU
TAS1b_3D4	AT1G32415_ATCVI-1G44530	637	656	648	-31.20	-20.60	0.66025641025641	8	2-7,655-650;9-14,649-644;16-19,642-639	1-1,656-656[UP5];8-8,x-x[BULq];15-15,643-643[SIL];20-21,638-637[UP3]	..((((.((((((-((((((.&.)))))).)))))).))))..	AAUGAUGGGAUGG-AGGAAGC&UUUUUCUACCAUCCGAUCAAU
TAS1b_3D4	AT1G11290_ATCVI-1G21590	880	900	891	-31.20	-20.50	0.657051282051282	6	2-8,899-893;10-14,891-887;16-20,885-881	1-1,900-900[UP5];9-9,892-892[SIL];15-15,886-886[SIL];21-21,880-880[UP3]	.(((((.(((((.(((((((.&.))))))).))))).))))).	UUUGAUGGGAUGUUAGAAAGG&UUUUUCUACCAUCCGAUCAAU
TAS1b_3D4	AT5G55740_ATCVI-5G75990	994	1014	1005	-31.20	-20.48	0.656410256410256	7.5	1-6,1014-1009;10-20,1005-995	7-9,1008-1006[SIL];21-21,994-994[UP3]	.(((((((((((...((((((&))))))...))))))))))).	UUUGAUCGGAUGUUUGAAAAG&UUUUUCUACCAUCCGAUCAAU
TAS1b_3D4	AT3G09060_ATCVI-3G18710	514	533	525	-31.20	-20.40	0.653846153846154	7.5	1-9,533-525;11-18,524-517	10-10,x-x[BULq];19-21,516-514[UP3]	...((((((((-(((((((((&))))))))).))))))))...	CUAGAUUGGAU-GUGGAAAGA&UUUUUCUACCAUCCGAUCAAU
TAS2_3D6	AT1G63130_ATCVI-1G76860	527	547	538	-32.70	-32.20	0.984709480122324	1.5	2-21,546-527	1-1,547-547[UP5]	((((((((((((((((((((.&.))))))))))))))))))))	AGAUGGUGGAAAUGGGAUAUC&UAUAUCCCAUUUCUACCAUCU
TAS2_3D6	AT1G62930_ATCVI-1G76860	527	547	538	-32.70	-32.20	0.984709480122324	1.5	2-21,546-527	1-1,547-547[UP5]	((((((((((((((((((((.&.))))))))))))))))))))	AGAUGGUGGAAAUGGGAUAUC&UAUAUCCCAUUUCUACCAUCU
TAS2_3D6	AT1G63070_ATCVI-1G76790	479	499	490	-32.70	-32.20	0.984709480122324	1.5	2-21,498-479	1-1,499-499[UP5]	((((((((((((((((((((.&.))))))))))))))))))))	AGAUGGUGGAAAUGGGAUAUC&UAUAUCCCAUUUCUACCAUCU
TAS2_3D6	AT5G16640_ATCVI-5G26760	527	547	538	-32.70	-28.90	0.883792048929663	3.5	1-19,547-529	20-21,528-527[UP3]	..(((((((((((((((((((&)))))))))))))))))))..	AAAUGGUGGGAAUGGGAUAUA&UAUAUCCCAUUUCUACCAUCU
TAS2_3D6	AT1G62910_ATCVI-1G76200	539	559	550	-32.70	-28.80	0.880733944954128	3.5	1-19,559-541	20-21,540-539[UP3]	..(((((((((((((((((((&)))))))))))))))))))..	AAAUGGUGGAAAUGGGGUAUA&UAUAUCCCAUUUCUACCAUCU
TAS2_3D6	AT1G63400_ATCVI-1G76200	539	559	550	-32.70	-28.80	0.880733944954128	3.5	1-19,559-541	20-21,540-539[UP3]	..(((((((((((((((((((&)))))))))))))))))))..	AAAUGGUGGAAAUGGGGUAUA&UAUAUCCCAUUUCUACCAUCU
TAS2_3D6	AT1G62590_ATCVI-1G76200	539	559	550	-32.70	-28.80	0.880733944954128	3.5	1-19,559-541	20-21,540-539[UP3]	..(((((((((((((((((((&)))))))))))))))))))..	AAAUGGUGGAAAUGGGGUAUA&UAUAUCCCAUUUCUACCAUCU
TAS2_3D6	AT1G63330_ATCVI-1G76200	539	559	550	-32.70	-28.80	0.880733944954128	3.5	1-19,559-541	20-21,540-539[UP3]	..(((((((((((((((((((&)))))))))))))))))))..	AAAUGGUGGAAAUGGGGUAUA&UAUAUCCCAUUUCUACCAUCU
TAS2_3D6	AT1G63150_ATCVI-1G76200	539	559	550	-32.70	-28.80	0.880733944954128	3.5	1-19,559-541	20-21,540-539[UP3]	..(((((((((((((((((((&)))))))))))))))))))..	AAAUGGUGGAAAUGGGGUAUA&UAUAUCCCAUUUCUACCAUCU
TAS2_3D6	AT3G08820_ATCVI-3G18430	605	624	616	-32.70	-28.10	0.859327217125382	5	1-4,624-621;6-21,620-605	5-5,x-x[BULq]	((((((((((((((((-((((&)))).))))))))))))))))	AGAUGGUGGAGAUGGG-UGUG&UAUAUCCCAUUUCUACCAUCU
TAS2_3D6	AT5G41170_ATCVI-5G59480	500	520	511	-32.70	-27.90	0.853211009174312	10.5	6-21,515-500	1-5,520-516[UP5]	((((((((((((((((.....&.....))))))))))))))))	AGAUGGUGGAGAUGGGGAUUA&UAUAUCCCAUUUCUACCAUCU
TAS2_3D6	AT1G30610_ATCVI-1G42260	312	332	323	-32.70	-27.60	0.844036697247706	10.5	5-20,328-313	1-4,332-329[UP5];21-21,312-312[UP3]	.((((((((((((((((....&....)))))))))))))))).	UGAUGGUGGAGGUGGGAAUGG&UAUAUCCCAUUUCUACCAUCU
TAS2_3D6	AT1G62680_ATCVI-1G76290	542	562	553	-32.70	-27.40	0.837920489296636	3.5	1-7,562-556;9-21,554-542	8-8,555-555[SIL]	(((((((((((((.(((((((&))))))).)))))))))))))	AGAUGGUGGAGAUUGGAUAUA&UAUAUCCCAUUUCUACCAUCU
TAS2_3D6	AT1G12620_ATCVI-1G23230	500	520	511	-32.70	-25.40	0.776758409785933	4	1-3,520-518;5-19,516-502	4-4,517-517[SIL];20-21,501-500[UP3]	..(((((((((((((((.(((&))).)))))))))))))))..	GAAUGGUAGAAAUGGGACAUA&UAUAUCCCAUUUCUACCAUCU
TAS2_3D6	AT1G62914_ATCVI-1G76530	518	538	529	-32.70	-25.10	0.767584097859327	3	1-13,538-526;15-19,524-520	14-14,525-525[SIL];20-21,519-518[UP3]	..(((((.(((((((((((((&))))))))))))).)))))..	AAAUGGUCGAAAUGGGAUAUA&UAUAUCCCAUUUCUACCAUCU
TAS2_3D6	AT3G51320_ATCVI-3G70790	578	600	590	-32.70	-24.50	0.749235474006116	6.5	2-6,599-595;7-14,593-586;15-21,584-578	1-1,600-600[UP5];x-x,594-594[BULt];x-x,585-585[BULt]	(((((((.((((((((.(((((.&.)))))-))))))))-)))))))	GGAUGGUGAGGAAUGGUGAUGUU&UAUAUC-CCAUUUCU-ACCAUCU
TAS2_3D6	AT1G74750_ATCVI-1G89520	1151	1171	1163	-32.70	-24.40	0.746177370030581	6	1-4,1171-1168;6-15,1167-1158;16-21,1156-1151	5-5,x-x[BULq];x-x,1157-1157[BULt]	((((((.((((((((((-((((&)))).))))))))))-))))))	AGAUGGUUAGGGAUGGG-UGUA&UAUAUCCCAUUUCUA-CCAUCU
TAS2_3D6	AT5G18390_ATCVI-5G28650	1096	1118	1109	-32.70	-24.30	0.743119266055046	5.5	2-16,1117-1103;17-19,1101-1099;20-21,1097-1096	1-1,1118-1118[UP5];x-x,1102-1102[BULt];x-x,1098-1098[BULt]	((.(((.(((((((((((((((.&.)))))))))))))))-)))-))	GGAAUGUGUAGGAAUGGGAUGUU&UAUAUCCCAUUUCUAC-CAU-CU
TAS2_3D6	AT5G14770_ATCVI-5G24660	2669	2692	2683	-32.70	-24.10	0.737003058103975	5	1-8,2692-2685;10-14,2683-2679;15-21,2675-2669	9-9,2684-2684[SIL];x-x,2678-2676[BULt]	(((((((...(((((.((((((((&)))))))).)))))---)))))))	AGAUGGUUGAAGAAAAGGGAUAUA&UAUAUCCCAUUUCU---ACCAUCU
TAS2_3D6	AT2G25580_ATCVI-2G46320	1553	1573	1564	-32.70	-24.00	0.73394495412844	6	1-4,1573-1570;6-19,1568-1555	5-5,1569-1569[SIL];20-21,1554-1553[UP3]	..((((((((((((((.((((&)))).))))))))))))))..	AUAUGGUGGAAGUGGGCUAUG&UAUAUCCCAUUUCUACCAUCU
TAS2_3D6	AT1G13040_ATCVI-1G23710	839	860	851	-32.70	-23.80	0.72782874617737	7	3-8,858-853;10-14,851-847;15-21,845-839	1-2,860-859[UP5];9-9,852-852[SIL];x-x,846-846[BULt]	(((((((.(((((.((((((..&..)))))).)))))-)))))))	AGAUGGUAAGAAGCGGGAUACA&UAUAUCCCAUUUCU-ACCAUCU
TAS2_3D6	AT1G09820_ATCVI-1G19910	810	830	821	-32.70	-23.60	0.7217125382263	10.5	5-18,826-813	1-4,830-827[UP5];19-21,812-810[UP3]	...((((((((((((((....&....))))))))))))))...	GCUUGGUGGAAAUGGGAAAAU&UAUAUCCCAUUUCUACCAUCU
TAS2_3D6	AT1G12700_ATCVI-1G23340	518	538	529	-32.70	-23.40	0.715596330275229	7	2-7,537-532;10-21,529-518	1-1,538-538[UP5];8-9,531-530[SIL]	((((((((((((..((((((.&.))))))..))))))))))))	GGAUGGUGGAAAACGGAUGUC&UAUAUCCCAUUUCUACCAUCU
TAS2_3D6	AT5G16640_ATCVI-5G26760	1337	1359	1348	-32.70	-23.18	0.708868501529052	13.5	4-9,1356-1351;12-21,1346-1337	1-3,1359-1357[UP5];10-11,1350-1347[AILt]	((((((((((....((((((...&...))))))--..))))))))))	AGGUGGUAGAUGCUUGGGAUUUA&UAUAUCCCA--UUUCUACCAUCU
TAS2_3D6	AT1G62720_ATCVI-1G76340	596	617	608	-32.70	-23.10	0.706422018348624	9.5	4-14,614-604;16-21,601-596	1-3,617-615[UP5];15-15,603-602[AILt]	((((((..(((((((((((...&...)))))))))))-.))))))	GGAUGGAAAGAGAUGGGGUUAG&UAUAUCCCAUUUCU-ACCAUCU
TAS2_3D6	AT4G31850_ATCVI-4G57170	3137	3161	3148	-32.70	-23.10	0.706422018348624	17	5-9,3157-3153;10-21,3148-3137	1-4,3161-3158[UP5];x-x,3152-3149[BULt]	((((((((((((....(((((....&....)))))----))))))))))))	GGAUGGUGGAAGAAGCUGGGAAGAU&UAUAUCCCA----UUUCUACCAUCU
TAS2_3D6	AT5G16640_ATCVI-5G26760	1019	1040	1031	-32.70	-22.90	0.700305810397553	8	3-10,1038-1031;11-17,1029-1023;19-21,1021-1019	1-2,1040-1039[UP5];x-x,1030-1030[BULt];18-18,1022-1022[SIL]	(((.(((((((.((((((((..&..))))))))-))))))).)))	AGAAGGUAGAGCAUGGGAUGAA&UAUAUCCCAU-UUCUACCAUCU
TAS2_3D6	AT2G28050_ATCVI-2G49020	695	715	706	-32.70	-22.90	0.700305810397553	10	4-14,712-702;16-20,700-696	1-3,715-713[UP5];15-15,701-701[SIL];21-21,695-695[UP3]	.(((((.(((((((((((...&...))))))))))).))))).	UGGUGGAGGAGAUGGGGUUGG&UAUAUCCCAUUUCUACCAUCU
TAS2_3D6	AT1G77405_ATCVI-1G92380	1136	1157	1147	-32.70	-22.90	0.700305810397553	13.5	6-9,1152-1149;10-21,1147-1136	1-5,1157-1153[UP5];x-x,1148-1148[BULt]	((((((((((((.((((.....&.....))))-))))))))))))	AGAUGGUGGAGGCUGGGUUGGU&UAUAUCCCA-UUUCUACCAUCU
TAS2_3D6	AT1G79490_ATCVI-1G94620	452	471	462	-32.70	-22.90	0.700305810397553	10.5	6-17,466-455;19-21,454-452	1-5,471-467[UP5];18-18,x-x[BULq]	(((-((((((((((((.....&.....)))))))))))).)))	AGA-GGUGGAAAUGGGGACCG&UAUAUCCCAUUUCUACCAUCU
TAS2_3D6	AT1G64580_ATCVI-1G78410	1013	1034	1025	-32.70	-22.90	0.700305810397553	8	3-12,1032-1023;13-17,1021-1017;19-21,1015-1013	1-2,1034-1033[UP5];x-x,1022-1022[BULt];18-18,1016-1016[SIL]	(((.(((((.((((((((((..&..))))))))))-))))).)))	AGAGGGUAGAAGAUGGGAUGAA&UAUAUCCCAUUU-CUACCAUCU
TAS2_3D6	AT1G06580_ATCVI-1G16250	1013	1034	1025	-32.70	-22.90	0.700305810397553	8	3-11,1032-1024;12-17,1022-1017;19-21,1015-1013	1-2,1034-1033[UP5];x-x,1023-1023[BULt];18-18,1016-1016[SIL]	(((.((((((.(((((((((..&..)))))))))-)))))).)))	AGAGGGUAGAUGAUGGGAUGAA&UAUAUCCCAUU-UCUACCAUCU
TAS2_3D6	AT1G64583_ATCVI-1G78420	989	1010	1000	-32.70	-22.82	0.697859327217125	12.5	3-8,1008-1003;12-21,998-989	1-2,1010-1009[UP5];9-11,1002-999[AILt]	((((((((((....((((((..&..))))))-...))))))))))	GGAUGGUAGAUGAAGGGAUGAA&UAUAUCCC-AUUUCUACCAUCU
TAS2_3D6	AT3G48810_ATCVI-3G68020	812	833	823	-32.70	-22.80	0.697247706422018	8.5	2-8,832-826;10-19,823-814	1-1,833-833[UP5];9-9,825-824[AILt];20-21,813-812[UP3]	..((((((((((..(((((((.&.)))))))-.))))))))))..	AAAUGGUGGAGAAGGGGAUAUC&UAUAUCCC-AUUUCUACCAUCU
TAS2_3D6	AT2G36980_ATCVI-2G59120	933	954	944	-32.70	-22.30	0.681957186544342	9	3-6,952-949;7-19,947-935	1-2,954-953[UP5];x-x,948-948[BULt];20-21,934-933[UP3]	..(((((((((((((.((((..&..))))-)))))))))))))..	AUAUGGUAGGAAUGGAGAUGGU&UAUAUC-CCAUUUCUACCAUCU
TAS2_3D6	AT5G14770_ATCVI-5G24660	557	576	568	-32.70	-22.30	0.681957186544342	4.5	1-4,576-573;6-12,572-566;14-21,564-557	5-5,x-x[BULq];13-13,565-565[SIL]	((((((((.(((((((-((((&)))).))))))).))))))))	AGAUGGUGAAGAUGGG-UAUA&UAUAUCCCAUUUCUACCAUCU
TAS2_3D6	AT1G74900_ATCVI-1G89670	659	680	670	-32.70	-22.20	0.678899082568807	9	3-8,678-673;10-13,670-667;15-21,665-659	1-2,680-679[UP5];9-9,672-671[AILt];14-14,666-666[SIL]	(((((((.((((..((((((..&..))))))-.)))).)))))))	AGAUGGUUGAGAGAGGGAUAAA&UAUAUCCC-AUUUCUACCAUCU
TAS2_3D6	AT3G02330_ATCVI-3G11540	1778	1797	1789	-32.70	-22.10	0.675840978593272	5	1-4,1797-1794;6-15,1793-1784;17-21,1782-1778	5-5,x-x[BULq];16-16,1783-1783[SIL]	(((((.((((((((((-((((&)))).)))))))))).)))))	GGAUGAUGGAGAUGGG-UAUA&UAUAUCCCAUUUCUACCAUCU
TAS2_3D6	AT1G80550_ATCVI-1G95760	592	613	603	-32.70	-22.10	0.675840978593272	8	3-9,611-605;10-13,603-600;15-21,598-592	1-2,613-612[UP5];x-x,604-604[BULt];14-14,599-599[SIL]	(((((((.((((.(((((((..&..)))))))-)))).)))))))	GGGUGGUCGAAAUUGGGAUGGU&UAUAUCCCA-UUUCUACCAUCU
TAS2_3D6	AT1G73710_ATCVI-1G88310	1082	1103	1093	-32.70	-21.80	0.666666666666667	7	2-8,1102-1096;10-14,1093-1089;16-21,1087-1082	1-1,1103-1103[UP5];9-9,1095-1094[AILt];15-15,1088-1088[SIL]	((((((.(((((..(((((((.&.)))))))-.))))).))))))	AGAUGGAAGAGAAAGGGAUAUC&UAUAUCCC-AUUUCUACCAUCU
TAS2_3D6	AT1G18900_ATCVI-1G30260	1166	1186	1178	-32.70	-21.80	0.666666666666667	6	2-7,1185-1180;9-15,1179-1173;16-21,1171-1166	1-1,1186-1186[UP5];8-8,x-x[BULq];x-x,1172-1172[BULt]	((((((.(((((((-((((((.&.)))))).)))))))-))))))	AGAUGGUUAGAGAU-GGAUGUC&UAUAUCCCAUUUCUA-CCAUCU
TAS2_3D6	AT4G19440_ATCVI-4G42840	2310	2337	2327	-32.70	-21.70	0.663608562691131	11.5	1-5,2337-2333;6-15,2331-2322;16-20,2315-2311	x-x,2332-2332[BULt];x-x,2321-2316[BULt];21-21,2310-2310[UP3]	.(((((......((((((((((.(((((&)))))-))))))))))------))))).	UGGUGGGUAUGCUAGAGAUGGGAAUGUA&UAUAU-CCCAUUUCUA------CCAUCU
TAS2_3D6	AT3G28640_ATCVI-3G42210	543	564	555	-32.70	-21.70	0.663608562691131	4.5	2-13,563-552;14-15,550-549;17-21,547-543	1-1,564-564[UP5];x-x,551-551[BULt];16-16,548-548[SIL]	(((((.((.((((((((((((.&.))))))))))))-)).)))))	AGAUGUUGUGAAAUGGGAUGUU&UAUAUCCCAUUUC-UACCAUCU
TAS2_3D6	AT3G28660_ATCVI-3G42210	543	564	555	-32.70	-21.70	0.663608562691131	4.5	2-13,563-552;14-15,550-549;17-21,547-543	1-1,564-564[UP5];x-x,551-551[BULt];16-16,548-548[SIL]	(((((.((.((((((((((((.&.))))))))))))-)).)))))	AGAUGUUGUGAAAUGGGAUGUU&UAUAUCCCAUUUC-UACCAUCU
TAS2_3D6	AT5G11310_ATCVI-5G21220	1038	1059	1049	-32.70	-21.70	0.663608562691131	8	4-6,1056-1054;7-14,1052-1045;16-21,1043-1038	1-3,1059-1057[UP5];x-x,1053-1053[BULt];15-15,1044-1044[SIL]	((((((.((((((((.(((...&...)))-)))))))).))))))	AGAUGGCAGAAAUGGAGAUUAA&UAUAUC-CCAUUUCUACCAUCU
TAS2_3D6	AT3G49170_ATCVI-3G68460	2219	2240	2231	-32.70	-21.70	0.663608562691131	5	1-3,2240-2238;5-15,2236-2226;16-18,2224-2222;20-21,2220-2219	4-4,2237-2237[SIL];x-x,2225-2225[BULt];19-19,2221-2221[SIL]	((.(((.(((((((((((.(((&))).)))))))))))-))).))	AGUUGGAUAGAAGUGGGAGAUA&UAUAUCCCAUUUCUA-CCAUCU
TAS2_3D6	AT3G15130_ATCVI-3G25980	419	439	430	-32.70	-21.50	0.657492354740061	12	6-13,434-427;15-20,425-420	1-5,439-435[UP5];14-14,426-426[SIL];21-21,419-419[UP3]	.((((((.((((((((.....&.....)))))))).)))))).	UGAUGGUUGAAGUGGGCAAUU&UAUAUCCCAUUUCUACCAUCU
TAS2_3D6	AT3G59040_ATCVI-3G79110	2423	2444	2435	-32.70	-21.40	0.654434250764526	11	3-10,2442-2435;11-14,2432-2429;16-21,2428-2423	1-2,2444-2443[UP5];x-x,2434-2433[BULt];15-15,x-x[BULq]	((((((-((((..((((((((..&..))))))))--)))).))))))	AGAUGG-AGAGCUGUGGGGUACC&UAUAUCCCAU--UUCUACCAUCU
TAS2_3D6	AT1G51965_ATCVI-1G65610	574	597	588	-32.70	-21.40	0.654434250764526	5	1-2,597-596;4-14,594-584;15-18,581-578;19-21,576-574	3-3,595-595[SIL];x-x,583-582[BULt];x-x,577-577[BULt]	(((.((((..(((((((((((.((&)).)))))))))))--))))-)))	AGAUUGGUGAAGAAAUGGGAUUUA&UAUAUCCCAUUUCU--ACCA-UCU
TAS2_3D6	AT5G43820_ATCVI-5G62590	839	859	850	-32.70	-21.30	0.651376146788991	12.5	5-7,855-853;10-21,850-839	1-4,859-856[UP5];8-9,852-851[SIL]	((((((((((((..(((....&....)))..))))))))))))	AGAUGGUGGAGAGUGGAAUCG&UAUAUCCCAUUUCUACCAUCU
TAS1c_3D10	AT1G63630_ATCVI-1G77320	591	611	602	-29.60	-30.70	1	0	1-21,611-591	NA	(((((((((((((((((((((&)))))))))))))))))))))	AGUUGCUAAUACAGUUACUUA&UAAGUAACUGUAUUAGCAACU
TAS1c_3D10	AT1G63230_ATCVI-1G77320	591	611	602	-29.60	-30.70	1	0	1-21,611-591	NA	(((((((((((((((((((((&)))))))))))))))))))))	AGUUGCUAAUACAGUUACUUA&UAAGUAACUGUAUUAGCAACU
TAS1c_3D10	AT1G12620_ATCVI-1G23230	1254	1274	1265	-29.60	-26.50	0.89527027027027	2	1-19,1274-1256	20-21,1255-1254[UP3]	..(((((((((((((((((((&)))))))))))))))))))..	GAUUGCUAAUACAGUUACUUA&UAAGUAACUGUAUUAGCAACU
TAS1c_3D10	AT1G12700_ATCVI-1G23340	1167	1187	1178	-29.60	-26.10	0.881756756756757	2.5	1-14,1187-1174;16-21,1172-1167	15-15,1173-1173[SIL]	((((((.((((((((((((((&)))))))))))))).))))))	GGUUGCCAAUGCAGUUACUUA&UAAGUAACUGUAUUAGCAACU
TAS1c_3D10	AT1G12300_ATCVI-1G22890	1302	1322	1313	-29.60	-25.50	0.861486486486486	2	1-14,1322-1309;16-21,1307-1302	15-15,1308-1308[SIL]	((((((.((((((((((((((&)))))))))))))).))))))	GGUUGCAGAUACAGUUACUUA&UAAGUAACUGUAUUAGCAACU
TAS1c_3D10	AT1G12775_ATCVI-1G22890	1302	1322	1313	-29.60	-25.50	0.861486486486486	2	1-14,1322-1309;16-21,1307-1302	15-15,1308-1308[SIL]	((((((.((((((((((((((&)))))))))))))).))))))	GGUUGCAGAUACAGUUACUUA&UAAGUAACUGUAUUAGCAACU
TAS1c_3D10	AT5G64320_ATCVI-5G85440	1575	1595	1586	-29.60	-25.20	0.851351351351351	3	1-8,1595-1588;10-20,1586-1576	9-9,1587-1587[SIL];21-21,1575-1575[UP3]	.(((((((((((.((((((((&)))))))).))))))))))).	UGUUGCUAAUACUGUUACUUA&UAAGUAACUGUAUUAGCAACU
TAS1c_3D10	AT1G74900_ATCVI-1G89670	574	593	584	-29.60	-23.70	0.800675675675676	2	1-18,593-576;20-21,575-574	19-19,x-x[BULq]	((-((((((((((((((((((&)))))))))))))))))).))	AG-UGUUGAUACAGUUACUUA&UAAGUAACUGUAUUAGCAACU
TAS1c_3D10	AT4G19890_ATCVI-4G43410	1377	1397	1388	-29.60	-21.10	0.712837837837838	7.5	1-9,1397-1389;11-17,1387-1381	10-10,1388-1388[SIL];18-21,1380-1377[UP3]	....(((((((.(((((((((&))))))))).)))))))....	AGAAGCUGAUGGAGUUACUUA&UAAGUAACUGUAUUAGCAACU
TAS1c_3D10	AT1G62680_ATCVI-1G76290	1086	1106	1097	-29.60	-21.10	0.712837837837838	3	1-14,1106-1093;16-17,1092-1091;18-21,1089-1086	15-15,x-x[BULq];x-x,1090-1090[BULt]	((((.((-((((((((((((((&)))))))))))))).))-))))	AGUUAGC-AAUACGGUUACUUA&UAAGUAACUGUAUUAGC-AACU
TAS1c_3D10	AT1G62720_ATCVI-1G76340	612	635	626	-29.60	-20.60	0.695945945945946	7	1-8,635-628;10-17,626-619;18-21,615-612	9-9,627-627[SIL];x-x,618-616[BULt]	((((...((((((((.((((((((&)))))))).))))))))---))))	GGUUAGAGCUGAUGCUGUUACUUA&UAAGUAACUGUAUUAGC---AACU
TAS1c_3D10	AT2G16880_ATCVI-2G36170	1863	1883	1874	-29.60	-20.50	0.692567567567568	8	4-17,1880-1867;20-21,1864-1863	1-3,1883-1881[UP5];18-19,1866-1865[SIL]	((..((((((((((((((...&...))))))))))))))..))	AGAGGUUGAUACAGUUACAUA&UAAGUAACUGUAUUAGCAACU
TAS1c_3D10	AT1G03100_ATCVI-1G12300	2144	2164	2156	-29.60	-20.40	0.689189189189189	7.5	2-6,2163-2159;8-15,2158-2151;16-21,2149-2144	1-1,2164-2164[UP5];7-7,x-x[BULq];x-x,2150-2150[BULt]	((((((.((((((((-(((((.&.))))).))))))))-))))))	AGUUGCUUGAUGCGG-UGCUUU&UAAGUAACUGUAUUA-GCAACU
TAS1c_3D10	AT1G64580_ATCVI-1G78410	645	665	656	-29.60	-20.40	0.689189189189189	7.5	1-8,665-658;10-17,656-649	9-9,657-657[SIL];18-21,648-645[UP3]	....((((((((.((((((((&)))))))).))))))))....	CAGAGCUGAUGCUGUUACUUA&UAAGUAACUGUAUUAGCAACU
TAS1c_3D10	AT5G16860_ATCVI-5G27010	1950	1971	1962	-29.60	-19.90	0.672297297297297	12.5	3-10,1969-1962;15-21,1956-1950	1-2,1971-1970[UP5];11-14,1961-1957[AILt]	(((((((.....((((((((..&..))))))))-....)))))))	GGUUGCUUUUCUCAGUUGCUGC&UAAGUAACUG-UAUUAGCAACU
TAS1c_3D10	AT1G63330_ATCVI-1G76200	1293	1313	1304	-29.60	-19.70	0.66554054054054	5	1-5,1313-1309;7-14,1307-1300;17-21,1297-1293	6-6,1308-1308[SIL];15-16,1299-1298[SIL]	(((((..((((((((.(((((&))))).))))))))..)))))	GGUUGGCGAUACAGUCACUUA&UAAGUAACUGUAUUAGCAACU
TAS1c_3D10	AT1G63150_ATCVI-1G76200	1293	1313	1304	-29.60	-19.70	0.66554054054054	5	1-5,1313-1309;7-14,1307-1300;17-21,1297-1293	6-6,1308-1308[SIL];15-16,1299-1298[SIL]	(((((..((((((((.(((((&))))).))))))))..)))))	GGUUGGCGAUACAGUCACUUA&UAAGUAACUGUAUUAGCAACU
TAS1c_3D10	AT1G63400_ATCVI-1G76200	1293	1313	1304	-29.60	-19.70	0.66554054054054	5	1-5,1313-1309;7-14,1307-1300;17-21,1297-1293	6-6,1308-1308[SIL];15-16,1299-1298[SIL]	(((((..((((((((.(((((&))))).))))))))..)))))	GGUUGGCGAUACAGUCACUUA&UAAGUAACUGUAUUAGCAACU
TAS1c_3D10	AT1G62590_ATCVI-1G76200	1293	1313	1304	-29.60	-19.70	0.66554054054054	5	1-5,1313-1309;7-14,1307-1300;17-21,1297-1293	6-6,1308-1308[SIL];15-16,1299-1298[SIL]	(((((..((((((((.(((((&))))).))))))))..)))))	GGUUGGCGAUACAGUCACUUA&UAAGUAACUGUAUUAGCAACU
TAS1c_3D10	AT4G34830_ATCVI-4G60560	676	702	693	-29.60	-19.70	0.66554054054054	19.5	4-11,699-692;12-20,685-677	1-3,702-700[UP5];x-x,691-686[BULt];21-21,676-676[UP3]	.(((((((((......((((((((...&...))))))))------))))))))).	UGUUGCUAGUGUGACCACAGUUGCCAC&UAAGUAACUGU------AUUAGCAACU
TAS1c_3D10	AT1G62910_ATCVI-1G76200	1293	1313	1304	-29.60	-19.70	0.66554054054054	5	1-5,1313-1309;7-14,1307-1300;17-21,1297-1293	6-6,1308-1308[SIL];15-16,1299-1298[SIL]	(((((..((((((((.(((((&))))).))))))))..)))))	GGUUGGCGAUACAGUCACUUA&UAAGUAACUGUAUUAGCAACU
TAS1c_3D10	AT5G28370_ATCVI-5G40070	1204	1226	1217	-29.60	-19.60	0.662162162162162	5	1-14,1226-1213;16-18,1210-1208;19-20,1206-1205	15-15,1212-1211[AILt];x-x,1207-1207[BULt];21-21,1204-1204[UP3]	.((.(((..((((((((((((((&))))))))))))))-.)))-)).	UGUGUGCCCAAUGCAGUUACUUA&UAAGUAACUGUAUU-AGCA-ACU
TAS1c_3D10	AT5G28460_ATCVI-5G40070	1204	1226	1217	-29.60	-19.60	0.662162162162162	5	1-14,1226-1213;16-18,1210-1208;19-20,1206-1205	15-15,1212-1211[AILt];x-x,1207-1207[BULt];21-21,1204-1204[UP3]	.((.(((..((((((((((((((&))))))))))))))-.)))-)).	UGUGUGCCCAAUGCAGUUACUUA&UAAGUAACUGUAUU-AGCA-ACU
TAS1c_3D10	AT3G61520_ATCVI-5G40070	1204	1226	1217	-29.60	-19.60	0.662162162162162	5	1-14,1226-1213;16-18,1210-1208;19-20,1206-1205	15-15,1212-1211[AILt];x-x,1207-1207[BULt];21-21,1204-1204[UP3]	.((.(((..((((((((((((((&))))))))))))))-.)))-)).	UGUGUGCCCAAUGCAGUUACUUA&UAAGUAACUGUAUU-AGCA-ACU
TAS1c_3D10	AT3G17370_ATCVI-3G28540	384	404	395	-29.60	-19.60	0.662162162162162	4	1-7,404-398;9-21,396-384	8-8,397-397[SIL]	(((((((((((((.(((((((&))))))).)))))))))))))	AGUUGCUAAUGUAAUUACUUA&UAAGUAACUGUAUUAGCAACU
TAS1c_3D10	AT1G73710_ATCVI-1G88310	1787	1808	1799	-29.60	-19.50	0.658783783783784	11.5	5-16,1804-1793;17-20,1791-1788	1-4,1808-1805[UP5];x-x,1792-1792[BULt];21-21,1787-1787[UP3]	.((((.((((((((((((....&....))))))))))))-)))).	UGUUGUCUGAUGCAGUUGACCU&UAAGUAACUGUAUUAG-CAACU
TAS1c_3D10	AT5G65560_ATCVI-5G86960	1136	1156	1147	-29.60	-19.30	0.652027027027027	10.5	3-6,1154-1151;8-10,1149-1147;13-21,1144-1136	1-2,1156-1155[UP5];7-7,1150-1150[SIL];11-12,1146-1145[SIL]	(((((((((..(((.((((..&..)))).)))..)))))))))	AGUUGCUAGGUCAGAUGCUAG&UAAGUAACUGUAUUAGCAACU
TAS1c_3D6	AT5G41170_ATCVI-5G59480	1338	1358	1349	-31.40	-26.30	0.837579617834395	3.5	1-13,1358-1346;15-20,1344-1339	14-14,1345-1345[SIL];21-21,1338-1338[UP3]	.((((((.(((((((((((((&))))))))))))).)))))).	GGUAUUCGAGGAUAUGCGAAA&UUUUGCAUAUCCUGGAAUAUG
TAS1c_3D6	AT5G41170_ATCVI-5G59480	1224	1244	1235	-31.40	-24.90	0.792993630573248	2.5	1-13,1244-1232;15-20,1230-1225	14-14,1231-1231[SIL];21-21,1224-1224[UP3]	.((((((.(((((((((((((&))))))))))))).)))))).	GAUAUUUGAGGAUAUGCAAAA&UUUUGCAUAUCCUGGAAUAUG
TAS1c_3D6	AT2G22410_ATCVI-2G42690	1124	1145	1136	-31.40	-24.10	0.767515923566879	4.5	2-8,1144-1138;10-19,1136-1127;20-21,1125-1124	1-1,1145-1145[UP5];9-9,1137-1137[SIL];x-x,1126-1126[BULt]	((.((((((((((.(((((((.&.))))))).))))))))))-))	CAUUGUUCCAGGAGAUGCAAAC&UUUUGCAUAUCCUGGAAUA-UG
TAS1c_3D6	AT1G62720_ATCVI-1G76340	1263	1285	1276	-31.40	-23.80	0.75796178343949	5	1-14,1285-1272;15-18,1270-1267;19-21,1265-1263	x-x,1271-1271[BULt];x-x,1266-1266[BULt]	(((.((((.((((((((((((((&))))))))))))))-))))-)))	CGUCAUUCACGGGAUGUGCAAGA&UUUUGCAUAUCCUG-GAAU-AUG
TAS1c_3D6	AT4G39952_ATCVI-4G66180	951	971	962	-31.40	-22.80	0.726114649681529	5	1-8,971-964;10-21,962-951	9-9,963-963[SIL]	((((((((((((.((((((((&)))))))).))))))))))))	UAUGUUCUGGGAAAUGCAGAA&UUUUGCAUAUCCUGGAAUAUG
TAS1c_3D6	AT1G77170_ATCVI-1G92140	828	848	839	-31.40	-22.70	0.722929936305733	7	3-8,846-841;10-13,839-836;15-21,834-828	1-2,848-847[UP5];9-9,840-840[SIL];14-14,835-835[SIL]	(((((((.((((.((((((..&..)))))).)))).)))))))	CAUAUUCGAGGAAAUGCGACA&UUUUGCAUAUCCUGGAAUAUG
TAS1c_3D6	AT5G66520_ATCVI-5G88070	955	975	966	-31.40	-22.60	0.719745222929936	8.5	4-18,972-958	1-3,975-973[UP5];19-21,957-955[UP3]	...(((((((((((((((...&...)))))))))))))))...	UUGAUUUCAGGAUAUGCAUAC&UUUUGCAUAUCCUGGAAUAUG
TAS1c_3D6	AT2G42920_ATCVI-2G65760	732	752	743	-31.40	-22.60	0.719745222929936	6	1-8,752-745;10-21,743-732	9-9,744-744[SIL]	((((((((((((.((((((((&)))))))).))))))))))))	UAUGUUUCGGGAGAUGCAGGA&UUUUGCAUAUCCUGGAAUAUG
TAS1c_3D6	AT1G12775_ATCVI-1G22890	1539	1561	1552	-31.40	-22.50	0.71656050955414	6.5	3-14,1559-1548;15-18,1546-1543;19-21,1541-1539	1-2,1561-1560[UP5];x-x,1547-1547[BULt];x-x,1542-1542[BULt]	(((.((((.((((((((((((..&..))))))))))))-))))-)))	CAUCAUUCACGGGAUGUGCAAUG&UUUUGCAUAUCCUG-GAAU-AUG
TAS1c_3D6	AT3G22470_ATCVI-3G34690	1485	1507	1498	-31.40	-22.50	0.71656050955414	6.5	3-14,1505-1494;15-18,1492-1489;19-21,1487-1485	1-2,1507-1506[UP5];x-x,1493-1493[BULt];x-x,1488-1488[BULt]	(((.((((.((((((((((((..&..))))))))))))-))))-)))	CAUCAUUCACGGGAUGUGCAAUG&UUUUGCAUAUCCUG-GAAU-AUG
TAS1c_3D6	AT1G12300_ATCVI-1G22890	1539	1561	1552	-31.40	-22.50	0.71656050955414	6.5	3-14,1559-1548;15-18,1546-1543;19-21,1541-1539	1-2,1561-1560[UP5];x-x,1547-1547[BULt];x-x,1542-1542[BULt]	(((.((((.((((((((((((..&..))))))))))))-))))-)))	CAUCAUUCACGGGAUGUGCAAUG&UUUUGCAUAUCCUG-GAAU-AUG
TAS1c_3D6	AT3G62890_ATCVI-3G83470	540	560	551	-31.40	-22.40	0.713375796178344	8	3-8,558-553;10-19,551-542	1-2,560-559[UP5];9-9,552-552[SIL];20-21,541-540[UP3]	..((((((((((.((((((..&..)))))).))))))))))..	UUUGUUCCGGGAGAUGCAAUU&UUUUGCAUAUCCUGGAAUAUG
TAS1c_3D6	AT2G27610_ATCVI-2G48610	766	786	777	-31.40	-22.40	0.713375796178344	8	3-18,784-769	1-2,786-785[UP5];19-21,768-766[UP3]	...((((((((((((((((..&..))))))))))))))))...	AUGAUUUCGGGAUAUGCAGCG&UUUUGCAUAUCCUGGAAUAUG
TAS1c_3D6	AT1G59720_ATCVI-1G73120	873	893	884	-31.40	-22.20	0.707006369426752	5.5	1-8,893-886;10-20,884-874	9-9,885-885[SIL];21-21,873-873[UP3]	.(((((((((((.((((((((&)))))))).))))))))))).	AGUGUUUCAGGGGAUGCAAAA&UUUUGCAUAUCCUGGAAUAUG
TAS1c_3D6	AT4G34830_ATCVI-4G60560	3281	3301	3292	-31.40	-22.10	0.703821656050955	4.5	1-8,3301-3294;10-14,3292-3288;16-20,3286-3282	9-9,3293-3293[SIL];15-15,3287-3287[SIL];21-21,3281-3281[UP3]	.(((((.(((((.((((((((&)))))))).))))).))))).	GAUGUUGCAGGACAUGCAAAA&UUUUGCAUAUCCUGGAAUAUG
TAS1c_3D6	AT5G16860_ATCVI-5G27010	1006	1026	1017	-31.40	-21.80	0.694267515923567	10.5	5-19,1022-1008	1-4,1026-1023[UP5];20-21,1007-1006[UP3]	..(((((((((((((((....&....)))))))))))))))..	GCUAUUUCAGGGUAUGCUCAA&UUUUGCAUAUCCUGGAAUAUG
TAS1c_3D6	AT1G62680_ATCVI-1G76290	1610	1630	1621	-31.40	-21.70	0.691082802547771	7	1-16,1630-1615	17-21,1614-1610[UP3]	.....((((((((((((((((&)))))))))))))))).....	UAAAAUCUGGGGUAUGCAAAA&UUUUGCAUAUCCUGGAAUAUG
TAS1c_3D6	AT1G26500_ATCVI-1G37430	1443	1464	1455	-31.40	-21.70	0.691082802547771	7.5	2-4,1463-1461;6-11,1459-1454;12-21,1452-1443	1-1,1464-1464[UP5];5-5,1460-1460[SIL];x-x,1453-1453[BULt]	((((((((((.((((((.(((.&.))).))))))-))))))))))	UAUAUUCCAGAGGUAUGGAGAG&UUUUGCAUAUC-CUGGAAUAUG
TAS1c_3D6	AT1G08070_ATCVI-1G17960	709	729	720	-31.40	-21.60	0.687898089171975	6.5	1-3,729-727;5-18,725-712	4-4,726-726[SIL];19-21,711-709[UP3]	...((((((((((((((.(((&))).))))))))))))))...	AUGAUUUCAGGAUAUGCUGAA&UUUUGCAUAUCCUGGAAUAUG
TAS1c_3D6	AT3G05240_ATCVI-3G14780	1212	1232	1224	-31.40	-21.60	0.687898089171975	6.5	1-8,1232-1225;10-11,1224-1223;12-21,1221-1212	9-9,x-x[BULq];x-x,1222-1222[BULt]	((((((((((.((-((((((((&)))))))).))-))))))))))	UAUAUUCCAGAGG-AUGCAAGA&UUUUGCAUAUC-CUGGAAUAUG
TAS1c_3D6	AT3G22690_ATCVI-3G34910	313	333	324	-31.40	-21.50	0.684713375796178	9	4-13,330-321;15-18,319-316	1-3,333-331[UP5];14-14,320-320[SIL];19-21,315-313[UP3]	...((((.((((((((((...&...)))))))))).))))...	UUGAUUCGAGGAUAUGCAUCU&UUUUGCAUAUCCUGGAAUAUG
TAS1c_3D6	AT2G22410_ATCVI-2G42690	985	1005	996	-31.40	-21.40	0.681528662420382	10.5	5-18,1001-988	1-4,1005-1002[UP5];19-21,987-985[UP3]	...((((((((((((((....&....))))))))))))))...	AUGAUUUCAGGAUAUGCUAGA&UUUUGCAUAUCCUGGAAUAUG
TAS1c_3D6	AT5G16640_ATCVI-5G26760	1308	1330	1321	-31.40	-21.40	0.681528662420382	6	1-14,1330-1317;15-18,1315-1312;19-21,1310-1308	x-x,1316-1316[BULt];x-x,1311-1311[BULt]	(((.((((.((((((((((((((&))))))))))))))-))))-)))	CAUCAUUCGCGGGAUGUGUAAGG&UUUUGCAUAUCCUG-GAAU-AUG
TAS1c_3D6	AT1G02370_ATCVI-1G11450	3191	3212	3202	-31.40	-21.40	0.681528662420382	10	2-7,3211-3206;10-21,3202-3191	1-1,3212-3212[UP5];8-9,3205-3203[AILt]	((((((((((((...((((((.&.))))))-..))))))))))))	CAUGUUCUAGGAAGUUGCGAGU&UUUUGCA-UAUCCUGGAAUAUG
TAS1c_3D6	AT1G52620_ATCVI-1G66360	1670	1701	1692	-31.40	-21.30	0.678343949044586	24	1-12,1701-1690;13-21,1678-1670	x-x,1689-1679[BULt]	(((((((((...........((((((((((((&))))))))))))-----------)))))))))	CGUAUUCCACAAUCAUUGACGGAUAUGUAAAG&UUUUGCAUAUCC-----------UGGAAUAUG
TAS1c_3D6	AT5G28340_ATCVI-3G82160	3068	3088	3079	-31.40	-21.20	0.67515923566879	7.5	1-12,3088-3077;14-17,3075-3072	13-13,3076-3076[SIL];18-21,3071-3068[UP3]	....((((.((((((((((((&)))))))))))).))))....	UCACUUCCUGGGUAUGCAGAG&UUUUGCAUAUCCUGGAAUAUG
TAS1c_3D6	AT3G16710_ATCVI-3G27770	1315	1336	1327	-31.40	-21.00	0.668789808917198	7	1-13,1336-1324;15-19,1321-1317	14-14,1323-1322[AILt];20-21,1316-1315[UP3]	..(((((..(((((((((((((&)))))))))))))-.)))))..	AUUAUUCAAGGGAUGUGCAAGG&UUUUGCAUAUCCU-GGAAUAUG
TAS1c_3D6	AT1G03100_ATCVI-1G12300	2034	2055	2046	-31.40	-21.00	0.668789808917198	7	3-14,2053-2042;15-16,2040-2039;18-21,2037-2034	1-2,2055-2054[UP5];x-x,2041-2041[BULt];17-17,2038-2038[SIL]	((((.((.((((((((((((..&..))))))))))))-)).))))	UAUGGUCACAGGAUAUGCAGCC&UUUUGCAUAUCCUG-GAAUAUG
TAS1c_3D6	AT5G15980_ATCVI-5G26050	1279	1304	1295	-31.40	-20.80	0.662420382165605	9	1-11,1304-1294;12-13,1292-1291;14-21,1286-1279	x-x,1293-1293[BULt];x-x,1290-1287[BULt]	((((((((....((.(((((((((((&)))))))))))-))----))))))))	UAUGUUCCUAGUGGUGAUAUGCAGAG&UUUUGCAUAUC-CU----GGAAUAUG
TAS1c_3D6	AT4G04370_ATCVI-4G16620	646	666	657	-31.40	-20.80	0.662420382165605	11.5	5-18,662-649	1-4,666-663[UP5];19-21,648-646[UP3]	...((((((((((((((....&....))))))))))))))...	AUGAUUUCAGGGUAUGCUUCU&UUUUGCAUAUCCUGGAAUAUG
TAS1c_3D6	AT5G41170_ATCVI-5G59480	1395	1417	1408	-31.40	-20.60	0.656050955414013	6	1-13,1417-1405;15-18,1402-1399;19-21,1397-1395	14-14,1404-1403[AILt];x-x,1398-1398[BULt]	(((.((((..(((((((((((((&)))))))))))))-.))))-)))	CAUCAUUCAAGGGAUGUGCAAGG&UUUUGCAUAUCCU-GGAAU-AUG
TAS1c_3D6	AT4G26800_ATCVI-4G51370	1329	1351	1342	-31.40	-20.60	0.656050955414013	6	1-13,1351-1339;15-18,1336-1333;19-21,1331-1329	14-14,1338-1337[AILt];x-x,1332-1332[BULt]	(((.((((..(((((((((((((&)))))))))))))-.))))-)))	CAUGAUUCAUGGGAUGUGCAAGG&UUUUGCAUAUCCU-GGAAU-AUG
TAS1c_3D6	AT3G18840_ATCVI-3G30240	691	711	702	-31.40	-20.50	0.652866242038217	10	4-14,708-698;16-18,696-694	1-3,711-709[UP5];15-15,697-697[SIL];19-21,693-691[UP3]	...(((.(((((((((((...&...))))))))))).)))...	UUGAUUGCAGGGUAUGCACAG&UUUUGCAUAUCCUGGAAUAUG
TAS2_3D9	AT3G22470_ATCVI-3G34690	485	505	496	-33.60	-32.70	0.973214285714286	3	1-19,505-487	20-21,486-485[UP3]	..(((((((((((((((((((&)))))))))))))))))))..	UAGUUGAUCGGAUGGUGGAAA&UUUCUACCAUCCGAUCAACAA
TAS2_3D9	AT1G63130_ATCVI-1G76860	518	538	529	-33.60	-27.60	0.821428571428571	3.5	1-11,538-528;13-21,526-518	12-12,527-527[SIL]	(((((((((.(((((((((((&))))))))))).)))))))))	UUGUUGGUCAGAUGGUGGAAA&UUUCUACCAUCCGAUCAACAA
TAS2_3D9	AT1G62930_ATCVI-1G76860	518	538	529	-33.60	-27.60	0.821428571428571	3.5	1-11,538-528;13-21,526-518	12-12,527-527[SIL]	(((((((((.(((((((((((&))))))))))).)))))))))	UUGUUGGUCAGAUGGUGGAAA&UUUCUACCAUCCGAUCAACAA
TAS2_3D9	AT1G12620_ATCVI-1G23230	491	511	502	-33.60	-26.10	0.776785714285714	4	1-10,511-502;12-19,500-493	11-11,501-501[SIL];20-21,492-491[UP3]	..((((((((.((((((((((&)))))))))).))))))))..	UAGUUGAUCGAAUGGUAGAAA&UUUCUACCAUCCGAUCAACAA
TAS2_3D9	AT1G12300_ATCVI-1G22890	1864	1883	1874	-33.60	-25.30	0.75297619047619	5	3-15,1881-1869;17-20,1868-1865	1-2,1883-1882[UP5];16-16,x-x[BULq];21-21,1864-1864[UP3]	.((((-(((((((((((((..&..))))))))))))).)))).	AUGUU-AUCGGAUGGUAGAUU&UUUCUACCAUCCGAUCAACAA
TAS2_3D9	AT1G12620_ATCVI-1G23230	1816	1835	1826	-33.60	-25.30	0.75297619047619	5	3-15,1833-1821;17-20,1820-1817	1-2,1835-1834[UP5];16-16,x-x[BULq];21-21,1816-1816[UP3]	.((((-(((((((((((((..&..))))))))))))).)))).	AUGUU-AUCGGAUGGUAGAUU&UUUCUACCAUCCGAUCAACAA
TAS2_3D9	AT1G12775_ATCVI-1G22890	1864	1883	1874	-33.60	-25.30	0.75297619047619	5	3-15,1881-1869;17-20,1868-1865	1-2,1883-1882[UP5];16-16,x-x[BULq];21-21,1864-1864[UP3]	.((((-(((((((((((((..&..))))))))))))).)))).	AUGUU-AUCGGAUGGUAGAUU&UUUCUACCAUCCGAUCAACAA
TAS2_3D9	AT1G62720_ATCVI-1G76340	586	608	598	-33.60	-23.90	0.711309523809524	7	1-5,608-604;7-18,601-590;19-20,588-587	6-6,603-602[AILt];x-x,589-589[BULt];21-21,586-586[UP3]	.((.((((((((((((..(((((&)))))-.))))))))))))-)).	CUGUUUGAUCGGAUGGAAAGAGA&UUUCU-ACCAUCCGAUCAA-CAA
TAS2_3D9	AT1G19520_ATCVI-1G30940	2175	2195	2186	-33.60	-23.80	0.708333333333333	11.5	7-21,2189-2175	1-6,2195-2190[UP5]	(((((((((((((((......&......)))))))))))))))	UUGUUGAUUGGAUGGCUAAUC&UUUCUACCAUCCGAUCAACAA
TAS2_3D9	AT1G62680_ATCVI-1G76290	533	553	544	-33.60	-23.60	0.702380952380952	7	1-11,553-543;14-19,540-535	12-13,542-541[SIL];20-21,534-533[UP3]	..((((((..(((((((((((&)))))))))))..))))))..	UGGUUGAUAAGAUGGUGGAGA&UUUCUACCAUCCGAUCAACAA
TAS2_3D9	AT2G36240_ATCVI-2G58230	911	932	922	-33.60	-23.50	0.699404761904762	6	1-7,932-926;8-9,924-923;11-12,921-920;14-21,918-911	x-x,925-925[BULt];10-10,922-922[SIL];13-13,919-919[SIL]	((((((((.((.((.(((((((&)))))))-)).)).))))))))	UUGUUGAUGGGUUGUGUAGAGA&UUUCUAC-CAUCCGAUCAACAA
TAS2_3D9	AT1G12700_ATCVI-1G23340	509	529	520	-33.60	-22.70	0.675595238095238	5	1-12,529-518;14-16,516-514;18-19,512-511	13-13,517-517[SIL];17-17,513-513[SIL];20-21,510-509[UP3]	..((.(((.((((((((((((&)))))))))))).))).))..	UAGUCGAUAGGAUGGUGGAAA&UUUCUACCAUCCGAUCAACAA
TAS2_3D9	AT1G63400_ATCVI-1G76200	530	550	541	-33.60	-22.60	0.672619047619048	7	1-10,550-541;13-19,538-532	11-12,540-539[SIL];20-21,531-530[UP3]	..(((((((..((((((((((&))))))))))..)))))))..	UGGUUGAUCAAAUGGUGGAAA&UUUCUACCAUCCGAUCAACAA
TAS2_3D9	AT1G62590_ATCVI-1G76200	530	550	541	-33.60	-22.60	0.672619047619048	7	1-10,550-541;13-19,538-532	11-12,540-539[SIL];20-21,531-530[UP3]	..(((((((..((((((((((&))))))))))..)))))))..	UGGUUGAUCAAAUGGUGGAAA&UUUCUACCAUCCGAUCAACAA
TAS2_3D9	AT3G22690_ATCVI-3G34910	656	686	676	-33.60	-22.60	0.672619047619048	12	1-5,686-682;6-14,680-672;15-20,662-657	x-x,681-681[BULt];x-x,671-663[BULt];21-21,656-656[UP3]	.((((((.........(((((((((.(((((&)))))-)))))))))---------)))))).	CUGUUGAUUUGUUUUUUCGGAUGGUGAGAAA&UUUCU-ACCAUCCGA---------UCAACAA
TAS2_3D9	AT1G62910_ATCVI-1G76200	530	550	541	-33.60	-22.60	0.672619047619048	7	1-10,550-541;13-19,538-532	11-12,540-539[SIL];20-21,531-530[UP3]	..(((((((..((((((((((&))))))))))..)))))))..	UGGUUGAUCAAAUGGUGGAAA&UUUCUACCAUCCGAUCAACAA
TAS2_3D9	AT1G29710_ATCVI-1G41210	78	98	89	-33.60	-22.60	0.672619047619048	9	2-14,97-85;16-17,83-82	1-1,98-98[UP5];15-15,84-84[SIL];18-21,81-78[UP3]	....((.(((((((((((((.&.))))))))))))).))....	GUUCUGUUCGGGUGGUGGAGC&UUUCUACCAUCCGAUCAACAA
TAS2_3D9	AT1G63150_ATCVI-1G76200	530	550	541	-33.60	-22.60	0.672619047619048	7	1-10,550-541;13-19,538-532	11-12,540-539[SIL];20-21,531-530[UP3]	..(((((((..((((((((((&))))))))))..)))))))..	UGGUUGAUCAAAUGGUGGAAA&UUUCUACCAUCCGAUCAACAA
TAS2_3D9	AT1G63330_ATCVI-1G76200	530	550	541	-33.60	-22.60	0.672619047619048	7	1-10,550-541;13-19,538-532	11-12,540-539[SIL];20-21,531-530[UP3]	..(((((((..((((((((((&))))))))))..)))))))..	UGGUUGAUCAAAUGGUGGAAA&UUUCUACCAUCCGAUCAACAA
TAS2_3D9	AT1G79540_ATCVI-1G94690	839	859	850	-33.60	-22.20	0.660714285714286	8	1-4,859-856;6-16,854-844	5-5,855-855[SIL];17-21,843-839[UP3]	.....(((((((((((.((((&)))).))))))))))).....	AAUUGGGUCGGAUGGUUGAAG&UUUCUACCAUCCGAUCAACAA
TAS2_3D9	AT1G63070_ATCVI-1G76790	470	490	481	-33.60	-22.20	0.660714285714286	6	1-11,490-480;13-16,478-475;18-19,473-472	12-12,479-479[SIL];17-17,474-474[SIL];20-21,471-470[UP3]	..((.((((.(((((((((((&))))))))))).)))).))..	UGGUAGAUCAGAUGGUGGAAA&UUUCUACCAUCCGAUCAACAA
TAS2_3D9	AT4G18840_ATCVI-4G42270	1255	1274	1267	-33.60	-22.10	0.657738095238095	5.5	1-4,1274-1271;7-18,1270-1259;19-21,1257-1255	5-6,x-x[BULq];x-x,1258-1258[BULt]	(((.((((((((((((--((((&))))..))))))))))))-)))	UUGCUUGGUCGGAUGG--GAAA&UUUCUACCAUCCGAUCAA-CAA
TAS2_3D9	AT1G02370_ATCVI-1G11450	628	647	639	-33.60	-22.00	0.654761904761905	6.5	2-5,646-643;7-18,642-631	1-1,647-647[UP5];6-6,x-x[BULq];19-21,630-628[UP3]	...((((((((((((-((((.&.)))).))))))))))))...	UCUUUGAUUGGAUGG-AGAAG&UUUCUACCAUCCGAUCAACAA
TAS2_3D9	AT1G09190_ATCVI-1G19160	1046	1065	1057	-33.60	-21.90	0.651785714285714	8.5	1-5,1065-1061;7-16,1060-1051	6-6,x-x[BULq];17-21,1050-1046[UP3]	.....((((((((((-(((((&))))).)))))))))).....	ACACAGGUCGGGUGG-AGAAA&UUUCUACCAUCCGAUCAACAA
TAS2_3D11	AT1G63080_ATCVI-1G77080	1451	1471	1462	-31.60	-31.00	0.981012658227848	2	1-20,1471-1452	21-21,1451-1451[UP3]	.((((((((((((((((((((&)))))))))))))))))))).	UGGUAUUCGGGUAUAUGCAAA&UUUGCAUAUACUCGAAUACCU
TAS2_3D11	AT1G63320_ATCVI-1G77080	1451	1471	1462	-31.60	-31.00	0.981012658227848	2	1-20,1471-1452	21-21,1451-1451[UP3]	.((((((((((((((((((((&)))))))))))))))))))).	UGGUAUUCGGGUAUAUGCAAA&UUUGCAUAUACUCGAAUACCU
TAS2_3D11	AT1G63070_ATCVI-1G76790	1412	1432	1423	-31.60	-28.10	0.889240506329114	5	1-6,1432-1427;8-20,1425-1413	7-7,1426-1426[SIL];21-21,1412-1412[UP3]	.(((((((((((((.((((((&)))))).))))))))))))).	UGGUAUUCGAGUGUUUGCAGA&UUUGCAUAUACUCGAAUACCU
TAS2_3D11	AT5G41170_ATCVI-5G59480	1337	1357	1348	-31.60	-27.10	0.857594936708861	6	1-8,1357-1350;11-20,1347-1338	9-10,1349-1348[SIL];21-21,1337-1337[UP3]	.((((((((((..((((((((&))))))))..)))))))))).	UGGUAUUCGAGGAUAUGCGAA&UUUGCAUAUACUCGAAUACCU
TAS2_3D11	AT1G62930_ATCVI-1G76860	1460	1480	1471	-31.60	-25.50	0.806962025316456	4	1-6,1480-1475;8-20,1473-1461	7-7,1474-1474[SIL];21-21,1460-1460[UP3]	.(((((((((((((.((((((&)))))).))))))))))))).	UGGUGUUUGAGUAUCUGCAAA&UUUGCAUAUACUCGAAUACCU
TAS2_3D11	AT1G63130_ATCVI-1G76860	1460	1480	1471	-31.60	-25.50	0.806962025316456	4	1-6,1480-1475;8-20,1473-1461	7-7,1474-1474[SIL];21-21,1460-1460[UP3]	.(((((((((((((.((((((&)))))).))))))))))))).	UGGUGUUUGAGUAUCUGCAAA&UUUGCAUAUACUCGAAUACCU
TAS2_3D11	AT1G62914_ATCVI-1G76530	1451	1471	1462	-31.60	-23.90	0.756329113924051	4	1-6,1471-1466;8-19,1464-1453	7-7,1465-1465[SIL];20-21,1452-1451[UP3]	..((((((((((((.((((((&)))))).))))))))))))..	UUGUAUUCGAGUAUCUGCAAA&UUUGCAUAUACUCGAAUACCU
TAS2_3D11	AT1G62670_ATCVI-1G76280	1460	1480	1471	-31.60	-23.90	0.756329113924051	4	1-6,1480-1475;8-19,1473-1462	7-7,1474-1474[SIL];20-21,1461-1460[UP3]	..((((((((((((.((((((&)))))).))))))))))))..	UUGUAUUCGAGUAUCUGCAAA&UUUGCAUAUACUCGAAUACCU
TAS2_3D11	AT5G04780_ATCVI-5G14330	653	673	664	-31.60	-23.70	0.75	5	2-8,672-666;10-16,664-658;18-21,656-653	1-1,673-673[UP5];9-9,665-665[SIL];17-17,657-657[SIL]	((((.(((((((.(((((((.&.))))))).))))))).))))	AGGUUUUCGAGUCUAUGCAGG&UUUGCAUAUACUCGAAUACCU
TAS2_3D11	AT1G63150_ATCVI-1G76200	1472	1492	1483	-31.60	-22.90	0.724683544303797	3	1-10,1492-1483;12-16,1481-1477;18-21,1475-1472	11-11,1482-1482[SIL];17-17,1476-1476[SIL]	((((.(((((.((((((((((&)))))))))).))))).))))	AGGUUUUCGACUAUAUGCAAA&UUUGCAUAUACUCGAAUACCU
TAS2_3D11	AT1G63400_ATCVI-1G76200	1472	1492	1483	-31.60	-22.90	0.724683544303797	3	1-10,1492-1483;12-16,1481-1477;18-21,1475-1472	11-11,1482-1482[SIL];17-17,1476-1476[SIL]	((((.(((((.((((((((((&)))))))))).))))).))))	AGGUUUUCGACUAUAUGCAAA&UUUGCAUAUACUCGAAUACCU
TAS2_3D11	AT1G63330_ATCVI-1G76200	1472	1492	1483	-31.60	-22.90	0.724683544303797	3	1-10,1492-1483;12-16,1481-1477;18-21,1475-1472	11-11,1482-1482[SIL];17-17,1476-1476[SIL]	((((.(((((.((((((((((&)))))))))).))))).))))	AGGUUUUCGACUAUAUGCAAA&UUUGCAUAUACUCGAAUACCU
TAS2_3D11	AT1G62590_ATCVI-1G76200	1472	1492	1483	-31.60	-22.90	0.724683544303797	3	1-10,1492-1483;12-16,1481-1477;18-21,1475-1472	11-11,1482-1482[SIL];17-17,1476-1476[SIL]	((((.(((((.((((((((((&)))))))))).))))).))))	AGGUUUUCGACUAUAUGCAAA&UUUGCAUAUACUCGAAUACCU
TAS2_3D11	AT1G62910_ATCVI-1G76200	1472	1492	1483	-31.60	-22.90	0.724683544303797	3	1-10,1492-1483;12-16,1481-1477;18-21,1475-1472	11-11,1482-1482[SIL];17-17,1476-1476[SIL]	((((.(((((.((((((((((&)))))))))).))))).))))	AGGUUUUCGACUAUAUGCAAA&UUUGCAUAUACUCGAAUACCU
TAS2_3D11	AT2G02750_ATCVI-2G12220	285	308	297	-31.60	-22.80	0.721518987341772	8.5	2-7,307-302;8-14,299-293;15-21,291-285	1-1,308-308[UP5];x-x,301-300[BULt];x-x,292-292[BULt]	(((((((.(((((((..((((((.&.))))))--)))))))-)))))))	GGGUAUUGCGAGUGUUAAUGCAGC&UUUGCAU--AUACUCG-AAUACCU
TAS2_3D11	AT5G37570_ATCVI-5G55280	1270	1291	1282	-31.60	-22.70	0.718354430379747	6	1-7,1291-1285;10-16,1282-1276;17-21,1274-1270	8-9,1284-1283[SIL];x-x,1275-1275[BULt]	(((((.(((((((..(((((((&)))))))..)))))))-)))))	AGGUAUUUCGAGUUAAUGCGAA&UUUGCAUAUACUCGAA-UACCU
TAS2_3D11	AT4G39620_ATCVI-4G65770	709	729	720	-31.60	-22.20	0.70253164556962	6.5	1-7,729-723;9-12,721-718;14-21,716-709	8-8,722-722[SIL];13-13,717-717[SIL]	((((((((.((((.(((((((&))))))).)))).))))))))	AGGUGUUCAGGUGGAUGCAGA&UUUGCAUAUACUCGAAUACCU
TAS2_3D11	AT3G15130_ATCVI-3G25980	185	205	196	-31.60	-22.10	0.699367088607595	10.5	4-9,202-197;12-21,194-185	1-3,205-203[UP5];10-11,196-195[SIL]	((((((((((..((((((...&...))))))..))))))))))	AGGUGUUCGACAGUAUGCCUG&UUUGCAUAUACUCGAAUACCU
TAS2_3D11	AT1G79540_ATCVI-1G94690	962	983	974	-31.60	-22.10	0.699367088607595	4.5	1-10,983-974;11-17,972-966;19-21,964-962	x-x,973-973[BULt];18-18,965-965[SIL]	(((.(((((((.((((((((((&))))))))))-))))))).)))	AGGCAUUUGAGCUGUAUGCAAA&UUUGCAUAUA-CUCGAAUACCU
TAS2_3D11	AT3G26540_ATCVI-3G39460	574	593	585	-31.60	-21.80	0.689873417721519	9.5	1-7,593-587;11-21,584-574	8-10,586-585[AILq]	(((((((((((..-(((((((&)))))))...)))))))))))	GGGUAUUCGGGGA-AUGUAGA&UUUGCAUAUACUCGAAUACCU
TAS2_3D11	AT3G26540_ATCVI-3G39460	350	370	361	-31.60	-21.48	0.679746835443038	11.5	4-7,367-364;11-21,360-350	1-3,370-368[UP5];8-10,363-361[SIL]	(((((((((((...((((...&...))))...)))))))))))	AGGUGUUCGAGGAAAUGCCUG&UUUGCAUAUACUCGAAUACCU
TAS2_3D11	AT4G14170_ATCVI-4G36360	1223	1242	1233	-31.60	-20.80	0.658227848101266	7	1-7,1242-1236;9-13,1234-1230;15-20,1229-1224	8-8,1235-1235[SIL];14-14,x-x[BULq];21-21,1223-1223[UP3]	.((((((-(((((.(((((((&))))))).))))).)))))).	CGGUGUU-GAGUGGGUGCAAG&UUUGCAUAUACUCGAAUACCU
TAS2_3D11	AT2G28050_ATCVI-2G49020	479	499	490	-31.60	-20.70	0.65506329113924	8.5	5-16,495-484;18-21,482-479	1-4,499-496[UP5];17-17,483-483[SIL]	((((.((((((((((((....&....)))))))))))).))))	AGGUUUUUGAGUAUAUGAAGA&UUUGCAUAUACUCGAAUACCU
TAS2_3D11	AT4G39530_ATCVI-4G65670	299	319	310	-31.60	-20.68	0.654430379746835	11.5	4-7,316-313;11-21,309-299	1-3,319-317[UP5];8-10,312-310[SIL]	(((((((((((...((((...&...))))...)))))))))))	AGGUGUUCGAGAAAAUGCCUG&UUUGCAUAUACUCGAAUACCU
TAS2_3D11	AT4G13650_ATCVI-4G35680	2949	2969	2960	-31.60	-20.60	0.651898734177215	9	2-15,2968-2955	1-1,2969-2969[UP5];16-21,2954-2949[UP3]	......((((((((((((((.&.))))))))))))))......	CUGAUAUCGGGUAUGUGCAAG&UUUGCAUAUACUCGAAUACCU
TAS2_3D12	AT1G12700_ATCVI-1G23340	1367	1387	1378	-32.70	-33.40	1	1	1-21,1387-1367	NA	(((((((((((((((((((((&)))))))))))))))))))))	AGAGUAAGAUGGAUCUUGGUA&UAUCAAGAUCCAUCUUACUCU
TAS2_3D12	AT1G12300_ATCVI-1G22890	1502	1522	1513	-32.70	-29.30	0.896024464831804	2	1-7,1522-1516;9-21,1514-1502	8-8,1515-1515[SIL]	(((((((((((((.(((((((&))))))).)))))))))))))	AGAGUAAGAUGGAGCUUGAUA&UAUCAAGAUCCAUCUUACUCU
TAS2_3D12	AT1G12620_ATCVI-1G23230	1454	1474	1465	-32.70	-29.30	0.896024464831804	2	1-7,1474-1468;9-21,1466-1454	8-8,1467-1467[SIL]	(((((((((((((.(((((((&))))))).)))))))))))))	AGAGUAAGAUGGAGCUUGAUA&UAUCAAGAUCCAUCUUACUCU
TAS2_3D12	AT1G12775_ATCVI-1G22890	1502	1522	1513	-32.70	-29.30	0.896024464831804	2	1-7,1522-1516;9-21,1514-1502	8-8,1515-1515[SIL]	(((((((((((((.(((((((&))))))).)))))))))))))	AGAGUAAGAUGGAGCUUGAUA&UAUCAAGAUCCAUCUUACUCU
TAS2_3D12	AT1G13800_ATCVI-1G24590	2366	2386	2377	-32.70	-28.20	0.862385321100917	4	1-5,2386-2382;7-21,2380-2366	6-6,2381-2381[SIL]	(((((((((((((((.(((((&))))).)))))))))))))))	AGAGUGGGGUGGAUCCUGAUG&UAUCAAGAUCCAUCUUACUCU
TAS2_3D12	AT1G52620_ATCVI-1G66360	2315	2335	2326	-32.70	-24.90	0.761467889908257	8	3-11,2333-2325;13-20,2323-2316	1-2,2335-2334[UP5];12-12,2324-2324[SIL];21-21,2315-2315[UP3]	.((((((((.(((((((((..&..))))))))).)))))))).	UGGGUGAGAAGGGUCUUGAAG&UAUCAAGAUCCAUCUUACUCU
TAS2_3D12	AT3G22470_ATCVI-3G34690	1448	1468	1459	-32.70	-24.70	0.755351681957186	5.5	1-8,1468-1461;11-21,1458-1448	9-10,1460-1459[SIL]	(((((((((((..((((((((&))))))))..)))))))))))	AGAGUAGGAUGACUCUUGGUA&UAUCAAGAUCCAUCUUACUCU
TAS2_3D12	AT1G64580_ATCVI-1G78410	1265	1285	1276	-32.70	-23.90	0.730886850152905	3.5	1-6,1285-1280;8-13,1278-1273;15-21,1271-1265	7-7,1279-1279[SIL];14-14,1272-1272[SIL]	(((((((.((((((.((((((&)))))).)))))).)))))))	AGAGUGAAAUGGAUGUUGAUA&UAUCAAGAUCCAUCUUACUCU
TAS2_3D12	AT1G62680_ATCVI-1G76290	1286	1306	1297	-32.70	-23.50	0.718654434250764	3	1-13,1306-1294;15-15,1292-1292;18-21,1289-1286	14-14,1293-1293[SIL];16-17,1291-1290[SIL]	((((..(.(((((((((((((&))))))))))))).)..))))	AGAGGGAAAUGGAUCUUGAUA&UAUCAAGAUCCAUCUUACUCU
TAS2_3D12	AT3G13880_ATCVI-3G24570	475	496	487	-32.70	-23.30	0.712538226299694	5	2-10,495-487;11-16,485-480;18-21,478-475	1-1,496-496[UP5];x-x,486-486[BULt];17-17,479-479[SIL]	((((.((((((.(((((((((.&.)))))))))-)))))).))))	GGAGAAAGGUGUGAUCUUGAUU&UAUCAAGAUC-CAUCUUACUCU
TAS2_3D12	AT2G39620_ATCVI-2G61930	377	397	388	-32.70	-22.50	0.688073394495413	8.5	3-17,395-381	1-2,397-396[UP5];18-21,380-377[UP3]	....(((((((((((((((..&..)))))))))))))))....	UUGCUGAGAUGGGUCUUGAGU&UAUCAAGAUCCAUCUUACUCU
TAS2_3D12	AT3G12770_ATCVI-3G23110	824	845	836	-32.70	-21.90	0.669724770642202	8.5	3-15,843-831;16-18,829-827	1-2,845-844[UP5];x-x,830-830[BULt];19-21,826-824[UP3]	...(((.(((((((((((((..&..)))))))))))))-)))...	GUUGUGAAGAUGGGUCUUGAAA&UAUCAAGAUCCAUCU-UACUCU
TAS2_3D12	AT3G48250_ATCVI-3G67270	876	898	889	-32.70	-21.90	0.669724770642202	8.5	3-12,896-887;13-14,884-883;16-21,881-876	1-2,898-897[UP5];x-x,886-885[BULt];15-15,882-882[SIL]	((((((.((..((((((((((..&..))))))))))--)).))))))	AGGGUAUGAUAUGGAUCUUGACA&UAUCAAGAUCCA--UCUUACUCU
TAS2_3D12	AT5G04810_ATCVI-5G14360	757	778	768	-32.70	-21.62	0.661162079510703	13	3-4,776-775;8-21,770-757	1-2,778-777[UP5];5-7,774-771[AILt]	((((((((((((((....((..&..))-...))))))))))))))	AGAGUGAGGUGGGUAGAGGAAG&UAUC-AAGAUCCAUCUUACUCU
