# GSTAr version 1.0
# Sat Nov 11 16:48:27 GMT 2023
# Queries: Eri-1.sRNA.fa
# Transcripts: sub_Eri-1.fa.fa
# Minimum Free Energy Ratio cutoff (option -r): 0.65
# Sorted by: MFEratio
# Output Format: Tabular
Query	Transcript	TStart	TStop	TSlice	MFEperfect	MFEsite	MFEratio	AllenScore	Paired	Unpaired	Structure	Sequence
miR161.1	AT1G64583_ATERI-1G75960	728	748	739	-37.90	-32.40	0.854881266490765	2.5	1-10,748-739;12-21,737-728	11-11,738-738[SIL]	((((((((((.((((((((((&)))))))))).))))))))))	ACCCUGAUGUUGUCACUUUCA&UGAAAGUGACUACAUCGGGGU
miR161.1	AT1G62670_ATERI-1G74030	968	988	979	-37.90	-31.00	0.817941952506596	2.5	1-9,988-980;11-21,978-968	10-10,979-979[SIL]	(((((((((((.(((((((((&))))))))).)))))))))))	ACCCUGAUGUAUUCACUUUCA&UGAAAGUGACUACAUCGGGGU
miR161.1	AT1G62930_ATERI-1G74070	965	985	976	-37.90	-31.00	0.817941952506596	2.5	1-9,985-977;11-21,975-965	10-10,976-976[SIL]	(((((((((((.(((((((((&))))))))).)))))))))))	ACCCUGAUGUAUUCACUUUCA&UGAAAGUGACUACAUCGGGGU
miR161.1	AT1G63080_ATERI-1G74270	920	940	931	-37.90	-31.00	0.817941952506596	1.5	1-12,940-929;14-21,927-920	13-13,928-928[SIL]	((((((((.((((((((((((&)))))))))))).))))))))	ACCCUGAUUUAGUCACUUUCA&UGAAAGUGACUACAUCGGGGU
miR161.1	AT1G63070_ATERI-1G74270	920	940	931	-37.90	-31.00	0.817941952506596	1.5	1-12,940-929;14-21,927-920	13-13,928-928[SIL]	((((((((.((((((((((((&)))))))))))).))))))))	ACCCUGAUUUAGUCACUUUCA&UGAAAGUGACUACAUCGGGGU
miR161.1	AT1G51965_ATERI-1G63070	1746	1766	1757	-37.90	-29.70	0.783641160949868	10.5	6-21,1761-1746	1-5,1766-1762[UP5]	((((((((((((((((.....&.....))))))))))))))))	ACCCUGAUGUGGUCACAUACA&UGAAAGUGACUACAUCGGGGU
miR161.1	AT5G36300_ATERI-5G54820	1108	1128	1119	-37.90	-29.10	0.767810026385224	11	6-21,1123-1108	1-5,1128-1124[UP5]	((((((((((((((((.....&.....))))))))))))))))	ACCCCGAUGUGGUUACCUAUA&UGAAAGUGACUACAUCGGGGU
miR161.1	AT1G63230_ATERI-1G74470	638	658	649	-37.90	-29.00	0.765171503957784	3.5	1-16,658-643;18-20,641-639	17-17,642-642[SIL];21-21,638-638[UP3]	.(((.((((((((((((((((&)))))))))))))))).))).	CUCCGGAUGUAGUCACUUUUA&UGAAAGUGACUACAUCGGGGU
miR161.1	AT1G63630_ATERI-1G74910	650	670	661	-37.90	-29.00	0.765171503957784	3.5	1-16,670-655;18-20,653-651	17-17,654-654[SIL];21-21,650-650[UP3]	.(((.((((((((((((((((&)))))))))))))))).))).	CUCCGGAUGUAGUCACUUUUA&UGAAAGUGACUACAUCGGGGU
miR161.1	AT1G06580_ATERI-1G16190	752	772	763	-37.90	-29.00	0.765171503957784	3.5	1-9,772-764;11-16,762-757;18-21,755-752	10-10,763-763[SIL];17-17,756-756[SIL]	((((.((((((.(((((((((&))))))))).)))))).))))	GCCCGGAUGUAAUCACUUUCA&UGAAAGUGACUACAUCGGGGU
miR161.1	AT1G62720_ATERI-1G73820	791	811	802	-37.90	-28.70	0.757255936675462	8	4-7,808-805;9-20,803-792	1-3,811-809[UP5];8-8,804-804[SIL];21-21,791-791[UP3]	.((((((((((((.((((...&...)))).)))))))))))).	UCCCCGAUGUAGUGACUUAUA&UGAAAGUGACUACAUCGGGGU
miR161.1	AT5G16640_ATERI-5G26820	758	778	769	-37.90	-28.60	0.754617414248021	3.5	1-9,778-770;11-21,768-758	10-10,769-769[SIL]	(((((((((((.(((((((((&))))))))).)))))))))))	ACCCUGAUGUAUUUACUUUCA&UGAAAGUGACUACAUCGGGGU
miR161.1	AT2G16880_ATERI-2G34700	1025	1045	1036	-37.90	-28.20	0.744063324538259	5	1-2,1045-1044;4-19,1042-1027;21-21,1025-1025	3-3,1043-1043[SIL];20-20,1026-1026[SIL]	(.((((((((((((((((.((&)).)))))))))))))))).)	AGCCCGAUGUGGUUACUUACA&UGAAAGUGACUACAUCGGGGU
miR161.1	AT1G63130_ATERI-1G74340	968	988	979	-37.90	-28.10	0.741424802110818	2.5	1-15,988-974;18-21,971-968	16-17,973-972[SIL]	((((..(((((((((((((((&)))))))))))))))..))))	AUCCAAAUGUAGUCACUUUCA&UGAAAGUGACUACAUCGGGGU
miR161.1	AT1G63400_ATERI-1G74680	980	1000	991	-37.90	-28.10	0.741424802110818	2.5	1-15,1000-986;18-21,983-980	16-17,985-984[SIL]	((((..(((((((((((((((&)))))))))))))))..))))	AUCCAAAUGUAGUCACUUUCA&UGAAAGUGACUACAUCGGGGU
miR161.1	AT4G26800_ATERI-4G52830	988	1009	1000	-37.90	-27.00	0.712401055408971	4	1-2,1009-1008;4-15,1006-995;17-21,992-988	3-3,1007-1007[SIL];16-16,994-993[AILt]	(((((..((((((((((((.((&)).))))))))))))-.)))))	ACCCCAAAUGUAGUCACUUACA&UGAAAGUGACUACAU-CGGGGU
miR161.1	AT5G41170_ATERI-5G60360	731	751	742	-37.90	-26.90	0.70976253298153	4.5	1-9,751-743;11-19,741-733	10-10,742-742[SIL];20-21,732-731[UP3]	..(((((((((.(((((((((&))))))))).)))))))))..	AACCUGAUGUAAUCACUUUCA&UGAAAGUGACUACAUCGGGGU
miR161.1	AT1G63150_ATERI-1G74360	974	994	985	-37.90	-26.60	0.701846965699208	4	1-10,994-985;12-15,983-980;17-21,978-974	11-11,984-984[SIL];16-16,979-979[SIL]	(((((.((((.((((((((((&)))))))))).)))).)))))	ACCCCAAUGUUGUUACUUUCA&UGAAAGUGACUACAUCGGGGU
miR161.1	AT1G62910_ATERI-1G74360	974	994	985	-37.90	-26.60	0.701846965699208	4	1-10,994-985;12-15,983-980;17-21,978-974	11-11,984-984[SIL];16-16,979-979[SIL]	(((((.((((.((((((((((&)))))))))).)))).)))))	ACCCCAAUGUUGUUACUUUCA&UGAAAGUGACUACAUCGGGGU
miR161.1	AT4G31850_ATERI-4G58570	869	889	880	-37.90	-26.20	0.691292875989446	5.5	1-2,889-888;4-19,886-871	3-3,887-887[SIL];20-21,870-869[UP3]	..((((((((((((((((.((&)).))))))))))))))))..	GACCUGAUGUAGUUACUUACA&UGAAAGUGACUACAUCGGGGU
miR161.1	AT1G77405_ATERI-1G90020	839	859	850	-37.90	-26.00	0.686015831134565	10	4-7,856-853;9-19,851-841	1-3,859-857[UP5];8-8,852-852[SIL];20-21,840-839[UP3]	..(((((((((((.((((...&...)))).)))))))))))..	UACCCGAUGUGGUGACUUAUA&UGAAAGUGACUACAUCGGGGU
miR161.1	AT1G12700_ATERI-1G23210	569	589	580	-37.90	-25.40	0.670184696569921	9.5	4-19,586-571	1-3,589-587[UP5];20-21,570-569[UP3]	..((((((((((((((((...&...))))))))))))))))..	AACCUGAUGUGGUUACUUAUA&UGAAAGUGACUACAUCGGGGU
miR161.1	AT1G73710_ATERI-1G85950	635	655	646	-37.90	-24.70	0.651715039577836	10.5	5-11,651-645;13-20,643-636	1-4,655-652[UP5];12-12,644-644[SIL];21-21,635-635[UP3]	.((((((((.(((((((....&....))))))).)))))))).	UCCCUGAUGAAGUCACUAUGG&UGAAAGUGACUACAUCGGGGU
miR161.2	AT1G62914_ATERI-1G74040	968	988	979	-31.70	-29.00	0.914826498422713	3	1-7,988-982;9-21,980-968	8-8,981-981[SIL]	(((((((((((((.(((((((&))))))).)))))))))))))	UAGUCACUUUCAGCGCAUUGA&UCAAUGCAUUGAAAGUGACUA
miR161.2	AT1G63130_ATERI-1G74340	977	997	988	-31.70	-28.90	0.911671924290221	3	1-7,997-991;9-21,989-977	8-8,990-990[SIL]	(((((((((((((.(((((((&))))))).)))))))))))))	UAGUCACUUUCAGCGCAUUGA&UCAAUGCAUUGAAAGUGACUA
miR161.2	AT1G62590_ATERI-1G73710	989	1009	1000	-31.70	-28.80	0.908517350157729	1	1-13,1009-997;15-21,995-989	14-14,996-996[SIL]	(((((((.(((((((((((((&))))))))))))).)))))))	UAGUCACGUUCAAUGCAUUGA&UCAAUGCAUUGAAAGUGACUA
miR161.2	AT1G63330_ATERI-1G73710	989	1009	1000	-31.70	-28.80	0.908517350157729	1	1-13,1009-997;15-21,995-989	14-14,996-996[SIL]	(((((((.(((((((((((((&))))))))))))).)))))))	UAGUCACGUUCAAUGCAUUGA&UCAAUGCAUUGAAAGUGACUA
miR161.2	AT1G63080_ATERI-1G74270	929	949	940	-31.70	-28.60	0.902208201892745	2	1-7,949-943;9-21,941-929	8-8,942-942[SIL]	(((((((((((((.(((((((&))))))).)))))))))))))	UAGUCACUUUCAACGCAUUGA&UCAAUGCAUUGAAAGUGACUA
miR161.2	AT1G63070_ATERI-1G74270	929	949	940	-31.70	-28.60	0.902208201892745	2	1-7,949-943;9-21,941-929	8-8,942-942[SIL]	(((((((((((((.(((((((&))))))).)))))))))))))	UAGUCACUUUCAACGCAUUGA&UCAAUGCAUUGAAAGUGACUA
miR161.2	AT1G63400_ATERI-1G74680	989	1009	1000	-31.70	-28.50	0.899053627760252	2	1-7,1009-1003;9-21,1001-989	8-8,1002-1002[SIL]	(((((((((((((.(((((((&))))))).)))))))))))))	UAGUCACUUUCAACGCAUUGA&UCAAUGCAUUGAAAGUGACUA
miR161.2	AT1G63630_ATERI-1G74910	449	469	460	-31.70	-28.40	0.89589905362776	3.5	1-19,469-451	20-21,450-449[UP3]	..(((((((((((((((((((&)))))))))))))))))))..	UUGUUACUUUCAGUGCAUUGA&UCAAUGCAUUGAAAGUGACUA
miR161.2	AT1G62910_ATERI-1G74360	983	1003	994	-31.70	-28.40	0.89589905362776	2.5	1-19,1003-985	20-21,984-983[UP3]	..(((((((((((((((((((&)))))))))))))))))))..	UUGUUACUUUCAAUGCAUUGA&UCAAUGCAUUGAAAGUGACUA
miR161.2	AT1G63150_ATERI-1G74360	983	1003	994	-31.70	-28.40	0.89589905362776	2.5	1-19,1003-985	20-21,984-983[UP3]	..(((((((((((((((((((&)))))))))))))))))))..	UUGUUACUUUCAAUGCAUUGA&UCAAUGCAUUGAAAGUGACUA
miR161.2	AT5G41170_ATERI-5G60360	740	760	751	-31.70	-27.30	0.861198738170347	3	1-18,760-743	19-21,742-740[UP3]	...((((((((((((((((((&))))))))))))))))))...	UAAUCACUUUCAAUGCAUUGA&UCAAUGCAUUGAAAGUGACUA
miR161.2	AT1G64583_ATERI-1G75960	737	757	748	-31.70	-26.30	0.829652996845426	5	1-8,757-750;10-19,748-739	9-9,749-749[SIL];20-21,738-737[UP3]	..((((((((((.((((((((&)))))))).))))))))))..	UUGUCACUUUCACUGCGUUGA&UCAAUGCAUUGAAAGUGACUA
miR161.2	AT5G16640_ATERI-5G26820	767	787	778	-31.70	-24.80	0.782334384858044	4.5	1-18,787-770	19-21,769-767[UP3]	...((((((((((((((((((&))))))))))))))))))...	UAUUUACUUUCAAUGCGUUGA&UCAAUGCAUUGAAAGUGACUA
miR161.2	AT5G55840_ATERI-5G77170	944	964	955	-31.70	-24.40	0.769716088328076	4.5	1-4,964-961;6-19,959-946	5-5,960-960[SIL];20-21,945-944[UP3]	..((((((((((((((.((((&)))).))))))))))))))..	AUGUUACUUUCAAUGCUUUGA&UCAAUGCAUUGAAAGUGACUA
miR161.2	AT1G63230_ATERI-1G74470	437	457	448	-31.70	-24.20	0.763406940063092	4	1-16,457-442;18-19,440-439	17-17,441-441[SIL];20-21,438-437[UP3]	..((.((((((((((((((((&)))))))))))))))).))..	UUGUAACUUUCAGUGCAUUGA&UCAAUGCAUUGAAAGUGACUA
miR161.2	AT2G41720_ATERI-2G62470	1586	1606	1597	-31.70	-23.90	0.753943217665615	4.5	1-11,1606-1596;13-19,1594-1588	12-12,1595-1595[SIL];20-21,1587-1586[UP3]	..(((((((.(((((((((((&))))))))))).)))))))..	UUGUUACUUACAAUGCAUUGA&UCAAUGCAUUGAAAGUGACUA
miR161.2	AT1G12620_ATERI-1G23110	950	970	961	-31.70	-23.50	0.741324921135647	8	3-7,968-964;9-21,962-950	1-2,970-969[UP5];8-8,963-963[SIL]	(((((((((((((.(((((..&..))))).)))))))))))))	UGGUCGCUUUCAGCGCGUUAA&UCAAUGCAUUGAAAGUGACUA
miR161.2	AT1G62930_ATERI-1G74070	974	994	985	-31.70	-23.40	0.738170347003155	6	1-7,994-988;9-18,986-977	8-8,987-987[SIL];19-21,976-974[UP3]	...((((((((((.(((((((&))))))).))))))))))...	UAUUCACUUUCAGCGCAUUGA&UCAAUGCAUUGAAAGUGACUA
miR161.2	AT1G62670_ATERI-1G74030	977	997	988	-31.70	-23.40	0.738170347003155	6	1-7,997-991;9-18,989-980	8-8,990-990[SIL];19-21,979-977[UP3]	...((((((((((.(((((((&))))))).))))))))))...	UAUUCACUUUCAGCGCAUUGA&UCAAUGCAUUGAAAGUGACUA
miR161.2	AT3G16710_ATERI-3G27960	773	793	784	-31.70	-23.00	0.725552050473186	6	1-8,793-786;10-18,784-776	9-9,785-785[SIL];19-21,775-773[UP3]	...(((((((((.((((((((&)))))))).)))))))))...	UAAUCACUUUCACUGCGUUGA&UCAAUGCAUUGAAAGUGACUA
miR161.2	AT4G26800_ATERI-4G52830	788	808	799	-31.70	-23.00	0.725552050473186	7	3-18,806-791	1-2,808-807[UP5];19-21,790-788[UP3]	...((((((((((((((((..&..))))))))))))))))...	UUAUCACUUUCAGUGCAUUAA&UCAAUGCAUUGAAAGUGACUA
miR161.2	AT5G65560_ATERI-5G88060	1178	1198	1189	-31.70	-22.80	0.719242902208202	5	1-11,1198-1188;13-18,1186-1181	12-12,1187-1187[SIL];19-21,1180-1178[UP3]	...((((((.(((((((((((&))))))))))).))))))...	UAAUCACUUACAAUGCAUUGA&UCAAUGCAUUGAAAGUGACUA
miR161.2	AT2G26790_ATERI-2G45760	1175	1195	1186	-31.70	-22.70	0.71608832807571	6.5	1-13,1195-1183;15-19,1181-1177	14-14,1182-1182[SIL];20-21,1176-1175[UP3]	..(((((.(((((((((((((&))))))))))))).)))))..	AUGUCGCGUUUGAUGCGUUGA&UCAAUGCAUUGAAAGUGACUA
miR161.2	AT1G03560_ATERI-1G12850	1832	1852	1843	-31.70	-21.70	0.684542586750789	5.5	1-12,1852-1841;15-16,1838-1837;18-20,1835-1833	13-14,1840-1839[SIL];17-17,1836-1836[SIL];21-21,1832-1832[UP3]	.(((.((..((((((((((((&))))))))))))..)).))).	CAGUGAUGAUCAAUGCGUUGA&UCAAUGCAUUGAAAGUGACUA
miR161.2	AT5G60960_ATERI-5G82950	965	985	976	-31.70	-21.50	0.678233438485804	5	1-16,985-970;19-20,967-966	17-18,969-968[SIL];21-21,965-965[UP3]	.((..((((((((((((((((&))))))))))))))))..)).	CAGAGACUUUCAAUGUGUUGA&UCAAUGCAUUGAAAGUGACUA
miR161.2	AT5G25630_ATERI-5G36100	1734	1761	1752	-31.70	-21.50	0.678233438485804	9.5	1-12,1761-1750;14-16,1748-1746;17-20,1738-1735	13-13,1749-1749[SIL];x-x,1745-1739[BULt];21-21,1734-1734[UP3]	.((((.......(((.((((((((((((&)))))))))))).)))-------)))).	GAGUCGAACAAAGCUAUCAAUGCAUUGA&UCAAUGCAUUGAAAGU-------GACUA
miR161.2	AT1G06580_ATERI-1G16190	761	781	772	-31.70	-21.40	0.675078864353312	8	1-3,781-779;6-18,776-764	4-5,778-777[SIL];19-21,763-761[UP3]	...(((((((((((((..(((&)))..)))))))))))))...	UAAUCACUUUCAGUGCUAUGA&UCAAUGCAUUGAAAGUGACUA
miR161.2	AT1G64100_ATERI-1G75390	449	469	460	-31.70	-21.10	0.665615141955836	6	1-16,469-454	17-21,453-449[UP3]	.....((((((((((((((((&)))))))))))))))).....	UUUUAACUUUUAAUGCAUUGA&UCAAUGCAUUGAAAGUGACUA
miR161.2	AT1G12700_ATERI-1G23210	893	913	904	-31.70	-21.00	0.662460567823344	7	3-18,911-896	1-2,913-912[UP5];19-21,895-893[UP3]	...((((((((((((((((..&..))))))))))))))))...	UCAUCACUUUCAAUGUAUUAC&UCAAUGCAUUGAAAGUGACUA
miR161.2	AT1G12775_ATERI-1G23280	998	1018	1009	-31.70	-20.70	0.652996845425867	7	1-4,1018-1015;6-13,1013-1006;15-19,1004-1000	5-5,1014-1014[SIL];14-14,1005-1005[SIL];20-21,999-998[UP3]	..(((((.((((((((.((((&)))).)))))))).)))))..	UUGUCACAUUCAGUGUUUUGA&UCAAUGCAUUGAAAGUGACUA
miR161.2	AT1G12300_ATERI-1G22790	998	1018	1009	-31.70	-20.70	0.652996845425867	7	1-4,1018-1015;6-13,1013-1006;15-19,1004-1000	5-5,1014-1014[SIL];14-14,1005-1005[SIL];20-21,999-998[UP3]	..(((((.((((((((.((((&)))).)))))))).)))))..	UUGUCACAUUCAGUGUUUUGA&UCAAUGCAUUGAAAGUGACUA
miR400	AT1G62720_ATERI-1G73820	802	822	813	-30.00	-30.20	1	1	2-21,821-802	1-1,822-822[UP5]	((((((((((((((((((((.&.))))))))))))))))))))	GUGACUUAUAAUACUCUCAUU&UAUGAGAGUAUUAUAAGUCAC
miR400	AT1G06580_ATERI-1G16190	973	993	984	-30.00	-31.80	1	0	1-21,993-973	NA	(((((((((((((((((((((&)))))))))))))))))))))	GUGACUUAUAAUACUCUCAUA&UAUGAGAGUAUUAUAAGUCAC
miR400	AT3G22470_ATERI-3G34730	1156	1176	1167	-30.00	-29.60	0.986666666666667	2	1-21,1176-1156	NA	(((((((((((((((((((((&)))))))))))))))))))))	GUGACUUAUAGUAUUCUCAUA&UAUGAGAGUAUUAUAAGUCAC
miR400	AT2G31400_ATERI-2G50800	1438	1458	1449	-30.00	-25.70	0.856666666666667	7	4-21,1455-1438	1-3,1458-1456[UP5]	((((((((((((((((((...&...))))))))))))))))))	GUGACUUAUAAUGCUCUUCUU&UAUGAGAGUAUUAUAAGUCAC
miR400	AT3G16710_ATERI-3G27960	985	1005	996	-30.00	-25.40	0.846666666666667	2.5	1-10,1005-996;12-21,994-985	11-11,995-995[SIL]	((((((((((.((((((((((&)))))))))).))))))))))	GUGAUUUAUACUACUCUCAUA&UAUGAGAGUAUUAUAAGUCAC
miR400	AT1G63130_ATERI-1G74340	1189	1209	1200	-30.00	-25.30	0.843333333333333	2	1-12,1209-1198;14-21,1196-1189	13-13,1197-1197[SIL]	((((((((.((((((((((((&)))))))))))).))))))))	GUGACUUACAAUACUCUUAUA&UAUGAGAGUAUUAUAAGUCAC
miR400	AT1G62670_ATERI-1G74030	1189	1209	1200	-30.00	-25.30	0.843333333333333	2	1-12,1209-1198;14-21,1196-1189	13-13,1197-1197[SIL]	((((((((.((((((((((((&)))))))))))).))))))))	GUGACUUACAAUACUCUUAUA&UAUGAGAGUAUUAUAAGUCAC
miR400	AT1G62930_ATERI-1G74070	1186	1206	1197	-30.00	-25.30	0.843333333333333	2	1-12,1206-1195;14-21,1193-1186	13-13,1194-1194[SIL]	((((((((.((((((((((((&)))))))))))).))))))))	GUGACUUACAAUACUCUUAUA&UAUGAGAGUAUUAUAAGUCAC
miR400	AT1G77405_ATERI-1G90020	955	975	966	-30.00	-24.50	0.816666666666667	3	1-8,975-968;10-21,966-955	9-9,967-967[SIL]	((((((((((((.((((((((&)))))))).))))))))))))	GUGACUUAUAAUUCUUUCAUA&UAUGAGAGUAUUAUAAGUCAC
miR400	AT4G19440_ATERI-4G44320	1239	1260	1251	-30.00	-23.90	0.796666666666667	2	1-15,1260-1246;17-19,1244-1242;20-21,1240-1239	16-16,1245-1245[SIL];x-x,1241-1241[BULt]	((.(((.(((((((((((((((&))))))))))))))).)))-))	GUCGACGUAUAAUACUCUCAUA&UAUGAGAGUAUUAUAAGUC-AC
miR400	AT1G63400_ATERI-1G74680	1201	1221	1212	-30.00	-23.70	0.79	3	2-12,1220-1210;14-21,1208-1201	1-1,1221-1221[UP5];13-13,1209-1209[SIL]	((((((((.(((((((((((.&.))))))))))).))))))))	GUGACUUACAAUACUCUUAUU&UAUGAGAGUAUUAUAAGUCAC
miR400	AT5G39710_ATERI-5G58640	1246	1266	1257	-30.00	-23.60	0.786666666666667	5	2-3,1265-1264;5-21,1262-1246	1-1,1266-1266[UP5];4-4,1263-1263[SIL]	(((((((((((((((((.((.&.)).)))))))))))))))))	GUGACUUAUAAUGCUUUGAUU&UAUGAGAGUAUUAUAAGUCAC
miR400	AT5G41170_ATERI-5G60360	952	972	963	-30.00	-23.28	0.776	6.5	1-8,972-965;12-21,961-952	9-11,964-962[SIL]	((((((((((...((((((((&))))))))...))))))))))	GUGGCUUAUACUUCUCUCAUA&UAUGAGAGUAUUAUAAGUCAC
miR400	AT1G64580_ATERI-1G75950	973	993	984	-30.00	-23.10	0.77	3	1-9,993-985;11-15,983-979;17-21,977-973	10-10,984-984[SIL];16-16,978-978[SIL]	(((((.(((((.(((((((((&))))))))).))))).)))))	GUGACCUAUAACACUCUCAUA&UAUGAGAGUAUUAUAAGUCAC
miR400	AT4G38010_ATERI-4G65530	718	738	729	-30.00	-22.00	0.733333333333333	5.5	1-14,738-725;16-19,723-720	15-15,724-724[SIL];20-21,719-718[UP3]	..((((.((((((((((((((&)))))))))))))).))))..	GAGACUGGUAAUGCUCUUAUA&UAUGAGAGUAUUAUAAGUCAC
miR400	AT3G23020_ATERI-3G35340	1620	1641	1632	-30.00	-21.80	0.726666666666667	4	2-15,1640-1627;17-18,1625-1624;19-21,1622-1620	1-1,1641-1641[UP5];16-16,1626-1626[SIL];x-x,1623-1623[BULt]	(((.((.((((((((((((((.&.)))))))))))))).))-)))	GUGUACAUAUAAUACUCUCGUC&UAUGAGAGUAUUAUAAGU-CAC
miR400	AT1G64583_ATERI-1G75960	949	969	960	-30.00	-21.70	0.723333333333333	4	2-9,968-961;11-15,959-955;17-21,953-949	1-1,969-969[UP5];10-10,960-960[SIL];16-16,954-954[SIL]	(((((.(((((.((((((((.&.)))))))).))))).)))))	GUGACAUAUAACACUCUCAUU&UAUGAGAGUAUUAUAAGUCAC
miR400	AT1G69350_ATERI-1G81260	502	522	513	-30.00	-21.60	0.72	6	2-12,521-511;14-21,509-502	1-1,522-522[UP5];13-13,510-510[SIL]	((((((((.(((((((((((.&.))))))))))).))))))))	GUGGCUUGGAGUACUCUUGUU&UAUGAGAGUAUUAUAAGUCAC
miR400	AT5G39710_ATERI-5G58640	931	951	942	-30.00	-21.60	0.72	3	2-18,950-934;20-21,932-931	1-1,951-951[UP5];19-19,933-933[SIL]	((.(((((((((((((((((.&.))))))))))))))))).))	GUUACUUAUAAUACUCUUAUU&UAUGAGAGUAUUAUAAGUCAC
miR400	AT1G62910_ATERI-1G74360	1195	1215	1206	-30.00	-21.40	0.713333333333333	5	1-6,1215-1210;8-19,1208-1197	7-7,1209-1209[SIL];20-21,1196-1195[UP3]	..((((((((((((.((((((&)))))).))))))))))))..	CAGACUUAUAAUACGCUUAUA&UAUGAGAGUAUUAUAAGUCAC
miR400	AT1G63150_ATERI-1G74360	1195	1215	1206	-30.00	-21.40	0.713333333333333	5	1-6,1215-1210;8-19,1208-1197	7-7,1209-1209[SIL];20-21,1196-1195[UP3]	..((((((((((((.((((((&)))))).))))))))))))..	CAGACUUAUAAUACGCUUAUA&UAUGAGAGUAUUAUAAGUCAC
miR400	AT5G16640_ATERI-5G26820	979	999	990	-30.00	-21.30	0.71	4	2-18,998-982;20-21,980-979	1-1,999-999[UP5];19-19,981-981[SIL]	((.(((((((((((((((((.&.))))))))))))))))).))	GUAACUUAUAGUAUUCUCAUU&UAUGAGAGUAUUAUAAGUCAC
miR400	AT5G14350_ATERI-5G24180	1472	1492	1483	-30.00	-21.30	0.71	5	1-5,1492-1488;7-12,1486-1481;14-21,1479-1472	6-6,1487-1487[SIL];13-13,1480-1480[SIL]	((((((((.((((((.(((((&))))).)))))).))))))))	GUGACUUACAAUGCUGUUAUA&UAUGAGAGUAUUAUAAGUCAC
miR400	AT1G62590_ATERI-1G73710	1201	1221	1212	-30.00	-21.20	0.706666666666667	2	1-15,1221-1207;17-18,1205-1204;20-21,1202-1201	16-16,1206-1206[SIL];19-19,1203-1203[SIL]	((.((.(((((((((((((((&))))))))))))))).)).))	GUUACAUAUAAUACUCUCAUA&UAUGAGAGUAUUAUAAGUCAC
miR400	AT1G63080_ATERI-1G74270	1140	1160	1151	-30.00	-21.20	0.706666666666667	5	1-6,1160-1155;8-17,1153-1144;19-21,1142-1140	7-7,1154-1154[SIL];18-18,1143-1143[SIL]	(((.((((((((((.((((((&)))))).)))))))))).)))	GUGUCUUAUAGUACGCUUAUA&UAUGAGAGUAUUAUAAGUCAC
miR400	AT1G63070_ATERI-1G74270	1140	1160	1151	-30.00	-21.20	0.706666666666667	5	1-6,1160-1155;8-17,1153-1144;19-21,1142-1140	7-7,1154-1154[SIL];18-18,1143-1143[SIL]	(((.((((((((((.((((((&)))))).)))))))))).)))	GUGUCUUAUAGUACGCUUAUA&UAUGAGAGUAUUAUAAGUCAC
miR400	AT1G63330_ATERI-1G73710	1201	1221	1212	-30.00	-21.20	0.706666666666667	2	1-15,1221-1207;17-18,1205-1204;20-21,1202-1201	16-16,1206-1206[SIL];19-19,1203-1203[SIL]	((.((.(((((((((((((((&))))))))))))))).)).))	GUUACAUAUAAUACUCUCAUA&UAUGAGAGUAUUAUAAGUCAC
miR400	AT5G12100_ATERI-5G22170	1693	1713	1704	-30.00	-21.10	0.703333333333333	5	2-6,1712-1708;8-9,1706-1705;11-21,1703-1693	1-1,1713-1713[UP5];7-7,1707-1707[SIL];10-10,1704-1704[SIL]	(((((((((((.((.(((((.&.))))).)).)))))))))))	GUGACUUAUAACACCCUCAUU&UAUGAGAGUAUUAUAAGUCAC
miR400	AT1G22960_ATERI-1G34450	1228	1248	1239	-30.00	-21.00	0.7	3	1-3,1248-1246;5-15,1244-1234;17-21,1232-1228	4-4,1245-1245[SIL];16-16,1233-1233[SIL]	(((((.(((((((((((.(((&))).))))))))))).)))))	GUGACCUAUAAUACUCUAAUA&UAUGAGAGUAUUAUAAGUCAC
miR400	AT5G40400_ATERI-5G59450	1030	1050	1041	-30.00	-20.90	0.696666666666667	4	2-17,1049-1034;19-20,1032-1031	1-1,1050-1050[UP5];18-18,1033-1033[SIL];21-21,1030-1030[UP3]	.((.((((((((((((((((.&.)))))))))))))))).)).	AUGUCUUAUAAUACUCUUAUC&UAUGAGAGUAUUAUAAGUCAC
miR400	AT5G03800_ATERI-5G13240	2497	2517	2508	-30.00	-20.90	0.696666666666667	10	4-9,2514-2509;11-21,2507-2497	1-3,2517-2515[UP5];10-10,2508-2508[SIL]	(((((((((((.((((((...&...)))))).)))))))))))	GUGACUUAUGGAAUUCUCUCA&UAUGAGAGUAUUAUAAGUCAC
miR400	AT3G46610_ATERI-3G66140	1741	1762	1753	-30.00	-20.80	0.693333333333333	7.5	1-7,1762-1756;9-10,1754-1753;11-21,1751-1741	8-8,1755-1755[SIL];x-x,1752-1752[BULt]	(((((((((((.((.(((((((&))))))).))-)))))))))))	GUGGCUUAUGAGUGGUUUCAUA&UAUGAGAGUA-UUAUAAGUCAC
miR400	AT5G46680_ATERI-5G67000	565	585	576	-30.00	-20.60	0.686666666666667	4	2-15,584-571;17-20,569-566	1-1,585-585[UP5];16-16,570-570[SIL];21-21,565-565[UP3]	.((((.((((((((((((((.&.)))))))))))))).)))).	AUGACGUAUAAUAUUCUCAUC&UAUGAGAGUAUUAUAAGUCAC
miR400	AT1G56570_ATERI-1G68540	1637	1659	1650	-30.00	-20.50	0.683333333333333	7.5	1-15,1659-1645;16-19,1642-1639	x-x,1644-1643[BULt];20-21,1638-1637[UP3]	..((((..(((((((((((((((&)))))))))))))))--))))..	GGGACUUAUGUGAUGCUUUCAUA&UAUGAGAGUAUUAUA--AGUCAC
miR400	AT2G16880_ATERI-2G34700	1141	1162	1152	-30.00	-20.30	0.676666666666667	8	4-8,1159-1155;9-14,1153-1148;16-21,1146-1141	1-3,1162-1160[UP5];x-x,1154-1154[BULt];15-15,1147-1147[SIL]	((((((.((((((.(((((...&...)))))-)))))).))))))	GUGACUCAUAAUAUCUCUCUUA&UAUGAGAG-UAUUAUAAGUCAC
miR400	AT1G20300_ATERI-1G31530	1288	1308	1299	-30.00	-20.30	0.676666666666667	5.5	1-3,1308-1306;5-6,1304-1303;8-21,1301-1288	4-4,1305-1305[SIL];7-7,1302-1302[SIL]	((((((((((((((.((.(((&))).)).))))))))))))))	GUGACUUAUAAUAUACUGAUG&UAUGAGAGUAUUAUAAGUCAC
miR400	AT3G16010_ATERI-3G27200	1925	1947	1938	-30.00	-20.20	0.673333333333333	8	4-18,1944-1930;19-21,1927-1925	1-3,1947-1945[UP5];x-x,1929-1928[BULt]	(((..(((((((((((((((...&...)))))))))))))))--)))	GUGUCACUUAUAAUACUCUUCUU&UAUGAGAGUAUUAUAAGU--CAC
miR400	AT1G08070_ATERI-1G17930	904	924	915	-30.00	-20.20	0.673333333333333	6.5	2-13,923-912;16-19,909-906	1-1,924-924[UP5];14-15,911-910[SIL];20-21,905-904[UP3]	..((((..((((((((((((.&.))))))))))))..))))..	AAGAUUGUUAAUGCUCUCAUU&UAUGAGAGUAUUAUAAGUCAC
miR400	AT1G56570_ATERI-1G68540	379	399	390	-30.00	-20.10	0.67	9.5	2-3,398-397;5-20,395-380	1-1,399-399[UP5];4-4,396-396[SIL];21-21,379-379[UP3]	.((((((((((((((((.((.&.)).)))))))))))))))).	UUGGCUUAUGGUGCUUUGGUU&UAUGAGAGUAUUAUAAGUCAC
miR400	AT5G39680_ATERI-5G58610	817	837	828	-30.00	-20.00	0.666666666666667	9	2-6,836-832;8-19,830-819	1-1,837-837[UP5];7-7,831-831[SIL];20-21,818-817[UP3]	..((((((((((((.(((((.&.))))).))))))))))))..	GAGGCUUGUGGUGCACUCAUU&UAUGAGAGUAUUAUAAGUCAC
miR400	AT1G74850_ATERI-1G87220	742	762	753	-30.00	-20.00	0.666666666666667	9	5-6,758-757;8-21,755-742	1-4,762-759[UP5];7-7,756-756[SIL]	((((((((((((((.((....&....)).))))))))))))))	GUGACUUAUAAUACACUGCUU&UAUGAGAGUAUUAUAAGUCAC
miR400	AT3G59040_ATERI-3G80300	1223	1246	1237	-30.00	-19.90	0.663333333333333	8.5	1-9,1246-1238;12-17,1235-1230;18-21,1226-1223	10-11,1237-1236[SIL];x-x,1229-1227[BULt]	((((...((((((..(((((((((&)))))))))..))))))---))))	GUGAUUUCUUAUACCGCUCUCAUG&UAUGAGAGUAUUAUAAG---UCAC
miR400	AT5G27270_ATERI-5G37620	2744	2763	2754	-30.00	-19.70	0.656666666666667	4.5	2-15,2762-2749;17-20,2748-2745	1-1,2763-2763[UP5];16-16,x-x[BULq];21-21,2744-2744[UP3]	.((((-((((((((((((((.&.)))))))))))))).)))).	UUGGC-UAUAAUACUCUUAUC&UAUGAGAGUAUUAUAAGUCAC
TAS1a_3D9	AT1G12775_ATERI-1G23280	1461	1481	1472	-33.10	-31.70	0.957703927492447	2	1-20,1481-1462	21-21,1461-1461[UP3]	.((((((((((((((((((((&)))))))))))))))))))).	AGAACUAGAGAAAGCAUUGGA&UCCAAUGCUUUUUCUAGUUCC
TAS1a_3D9	AT1G63330_ATERI-1G73710	1451	1472	1463	-33.10	-31.20	0.942598187311178	2.5	1-19,1472-1454;20-21,1452-1451	x-x,1453-1453[BULt]	((.(((((((((((((((((((&)))))))))))))))))))-))	GGAAGCUAGAGAAAGCAUUGGA&UCCAAUGCUUUUUCUAGUU-CC
TAS1a_3D9	AT1G62590_ATERI-1G73710	1451	1472	1463	-33.10	-31.20	0.942598187311178	2.5	1-19,1472-1454;20-21,1452-1451	x-x,1453-1453[BULt]	((.(((((((((((((((((((&)))))))))))))))))))-))	GGAAGCUAGAGAAAGCAUUGGA&UCCAAUGCUUUUUCUAGUU-CC
TAS1a_3D9	AT1G63320_ATERI-1G74580	194	215	206	-33.10	-29.20	0.882175226586103	3.5	2-19,214-197;20-21,195-194	1-1,215-215[UP5];x-x,196-196[BULt]	((.((((((((((((((((((.&.))))))))))))))))))-))	GGAAGCUAGAGAAAGCAUUGGU&UCCAAUGCUUUUUCUAGUU-CC
TAS1a_3D9	AT1G63130_ATERI-1G74340	1439	1460	1451	-33.10	-29.20	0.882175226586103	3.5	2-19,1459-1442;20-21,1440-1439	1-1,1460-1460[UP5];x-x,1441-1441[BULt]	((.((((((((((((((((((.&.))))))))))))))))))-))	GGAAGCUAGAGAAAGCAUUGGU&UCCAAUGCUUUUUCUAGUU-CC
TAS1a_3D9	AT1G62680_ATERI-1G73780	1242	1262	1253	-33.10	-29.10	0.879154078549849	4.5	2-4,1261-1259;6-21,1257-1242	1-1,1262-1262[UP5];5-5,1258-1258[SIL]	((((((((((((((((.(((.&.))).))))))))))))))))	GGAGCUAGAGAAAGCACUGGU&UCCAAUGCUUUUUCUAGUUCC
TAS1a_3D9	AT1G62670_ATERI-1G74030	1439	1460	1451	-33.10	-28.90	0.873111782477341	4	2-19,1459-1442;20-21,1440-1439	1-1,1460-1460[UP5];x-x,1441-1441[BULt]	((.((((((((((((((((((.&.))))))))))))))))))-))	GGAAGCUGGAGAAAGCAUUGGU&UCCAAUGCUUUUUCUAGUU-CC
TAS1a_3D9	AT1G62930_ATERI-1G74070	1436	1457	1448	-33.10	-28.90	0.873111782477341	4	2-19,1456-1439;20-21,1437-1436	1-1,1457-1457[UP5];x-x,1438-1438[BULt]	((.((((((((((((((((((.&.))))))))))))))))))-))	GGAAGCUGGAGAAAGCAUUGGU&UCCAAUGCUUUUUCUAGUU-CC
TAS1a_3D9	AT1G12300_ATERI-1G22790	1461	1481	1472	-33.10	-28.40	0.858006042296072	2.5	1-15,1481-1467;17-21,1465-1461	16-16,1466-1466[SIL]	(((((.(((((((((((((((&))))))))))))))).)))))	GGAAUCAGAAAAAGCGUUGGA&UCCAAUGCUUUUUCUAGUUCC
TAS1a_3D9	AT1G03560_ATERI-1G12850	1232	1253	1244	-33.10	-27.00	0.81570996978852	5	1-16,1253-1238;18-21,1235-1232	17-17,1237-1236[AILt]	((((..((((((((((((((((&))))))))))))))))-.))))	GGAGAGUGGAAGAGGCAUUGGA&UCCAAUGCUUUUUCUA-GUUCC
TAS1a_3D9	AT4G26800_ATERI-4G52830	1251	1271	1262	-33.10	-26.60	0.803625377643505	5.5	3-16,1269-1256;18-21,1254-1251	1-2,1271-1270[UP5];17-17,1255-1255[SIL]	((((.((((((((((((((..&..)))))))))))))).))))	GGAGGUAGAGAAAGCAUUGAG&UCCAAUGCUUUUUCUAGUUCC
TAS1a_3D9	AT4G28010_ATERI-4G54190	573	593	584	-33.10	-26.40	0.797583081570997	3	1-20,593-574	21-21,573-573[UP3]	.((((((((((((((((((((&)))))))))))))))))))).	AGAGUUAGAGAAAGCAUUGGA&UCCAAUGCUUUUUCUAGUUCC
TAS1a_3D9	AT1G12700_ATERI-1G23210	1355	1376	1367	-33.10	-26.20	0.791540785498489	3.5	1-14,1376-1363;16-19,1361-1358;20-21,1356-1355	15-15,1362-1362[SIL];x-x,1357-1357[BULt]	((.((((.((((((((((((((&)))))))))))))).))))-))	GGAAGCUUGAAAAGGCAUUGGA&UCCAAUGCUUUUUCUAGUU-CC
TAS1a_3D9	AT5G16640_ATERI-5G26820	1229	1250	1241	-33.10	-26.10	0.788519637462236	4	2-16,1249-1235;18-21,1232-1229	1-1,1250-1250[UP5];17-17,1234-1233[AILt]	((((..(((((((((((((((.&.)))))))))))))))-.))))	GGAAGAUAGAGAAAGCAUUGGU&UCCAAUGCUUUUUCUA-GUUCC
TAS1a_3D9	AT1G12620_ATERI-1G23110	1413	1433	1424	-33.10	-25.70	0.776435045317221	4	1-4,1433-1430;6-15,1428-1419;17-21,1417-1413	5-5,1429-1429[SIL];16-16,1418-1418[SIL]	(((((.((((((((((.((((&)))).)))))))))).)))))	GGAACCAGAAAAAGCGCUGGA&UCCAAUGCUUUUUCUAGUUCC
TAS1a_3D9	AT4G16835_ATERI-4G41260	1304	1325	1316	-33.10	-25.70	0.776435045317221	8	3-19,1323-1307;20-21,1305-1304	1-2,1325-1324[UP5];x-x,1306-1306[BULt]	((.(((((((((((((((((..&..)))))))))))))))))-))	GGAAGCUGGAGGAGGCAUUGAA&UCCAAUGCUUUUUCUAGUU-CC
TAS1a_3D9	AT1G31920_ATERI-1G43650	1153	1175	1166	-33.10	-25.70	0.776435045317221	5.5	1-14,1175-1162;16-18,1160-1158;19-21,1155-1153	15-15,1161-1161[SIL];x-x,1157-1156[BULt]	(((..(((.((((((((((((((&)))))))))))))).)))--)))	GGAUUGCUCGAGGAAGCAUUGGA&UCCAAUGCUUUUUCUAGU--UCC
TAS1a_3D9	AT1G62720_ATERI-1G73820	1043	1064	1055	-33.10	-25.60	0.773413897280967	4.5	2-16,1063-1049;18-21,1046-1043	1-1,1064-1064[UP5];17-17,1048-1047[AILt]	((((..(((((((((((((((.&.)))))))))))))))-.))))	GGAGGGUAGAGAAAGCAUUGGU&UCCAAUGCUUUUUCUA-GUUCC
TAS1a_3D9	AT4G21170_ATERI-4G46130	1445	1466	1457	-33.10	-25.30	0.764350453172205	5	2-4,1465-1463;6-19,1461-1448;20-21,1446-1445	1-1,1466-1466[UP5];5-5,1462-1462[SIL];x-x,1447-1447[BULt]	((.((((((((((((((.(((.&.))).))))))))))))))-))	GGAAACUAGAGAAAGCACUGGU&UCCAAUGCUUUUUCUAGUU-CC
TAS1a_3D9	AT1G63400_ATERI-1G74680	1451	1472	1463	-33.10	-25.30	0.764350453172205	5.5	2-4,1471-1469;6-19,1467-1454;20-21,1452-1451	1-1,1472-1472[UP5];5-5,1468-1468[SIL];x-x,1453-1453[BULt]	((.((((((((((((((.(((.&.))).))))))))))))))-))	GGAAGCUAGAGAAAGCAAUGGU&UCCAAUGCUUUUUCUAGUU-CC
TAS1a_3D9	AT1G63080_ATERI-1G74270	1390	1411	1402	-33.10	-25.30	0.764350453172205	5.5	2-4,1410-1408;6-18,1406-1394;19-21,1392-1390	1-1,1411-1411[UP5];5-5,1407-1407[SIL];x-x,1393-1393[BULt]	(((.(((((((((((((.(((.&.))).)))))))))))))-)))	GGAGGCUAGAGAAAGCAAUGGU&UCCAAUGCUUUUUCUAGU-UCC
TAS1a_3D9	AT1G63070_ATERI-1G74270	1390	1411	1402	-33.10	-25.30	0.764350453172205	5.5	2-4,1410-1408;6-18,1406-1394;19-21,1392-1390	1-1,1411-1411[UP5];5-5,1407-1407[SIL];x-x,1393-1393[BULt]	(((.(((((((((((((.(((.&.))).)))))))))))))-)))	GGAGGCUAGAGAAAGCAAUGGU&UCCAAUGCUUUUUCUAGU-UCC
TAS1a_3D9	AT5G57250_ATERI-5G78830	872	893	884	-33.10	-25.30	0.764350453172205	6	1-14,893-880;17-21,876-872	15-16,879-877[AILt]	(((((...((((((((((((((&))))))))))))))-..)))))	GGAAUGUUGAAGAAGCGUUGGG&UCCAAUGCUUUUUC-UAGUUCC
TAS1a_3D9	AT1G09220_ATERI-1G19180	726	747	737	-33.10	-24.90	0.75226586102719	8.5	1-4,747-744;7-9,741-739;10-21,737-726	5-6,743-742[SIL];x-x,738-738[BULt]	((((((((((((.(((..((((&))))..)))-))))))))))))	GGAGCUAGAGAGAAGCCAUGGA&UCCAAUGCU-UUUUCUAGUUCC
TAS1a_3D9	AT5G59900_ATERI-5G81810	158	179	169	-33.10	-24.60	0.743202416918429	9.5	3-8,177-172;10-21,169-158	1-2,179-178[UP5];9-9,171-170[AILt]	((((((((((((..((((((..&..))))))-.))))))))))))	GGAGCUGGGAGAUCGCAUUGAG&UCCAAUGC-UUUUUCUAGUUCC
TAS1a_3D9	AT5G15340_ATERI-5G25370	658	686	677	-33.10	-24.60	0.743202416918429	20.5	1-12,686-675;13-21,666-658	x-x,674-667[BULt]	(((((((((........((((((((((((&))))))))))))--------)))))))))	GGAGCUGGGUUUACAAGGGAAGUAUUGGA&UCCAAUGCUUUU--------UCUAGUUCC
TAS1a_3D9	AT5G38730_ATERI-5G57490	1278	1298	1289	-33.10	-24.50	0.740181268882175	6.5	1-3,1298-1296;6-8,1293-1291;10-21,1289-1278	4-5,1295-1294[SIL];9-9,1290-1290[SIL]	((((((((((((.(((..(((&)))..))).))))))))))))	GGAACUGGAAAAUGCAAAGGA&UCCAAUGCUUUUUCUAGUUCC
TAS1a_3D9	AT4G37380_ATERI-4G64790	817	841	832	-33.10	-24.30	0.734138972809668	10	1-10,841-832;11-18,829-822;19-21,819-817	x-x,831-830[BULt];x-x,821-820[BULt]	(((..((((((((..((((((((((&))))))))))--))))))))--)))	GGAGCGCUGGAAACUGGGCGUUGGA&UCCAAUGCUU--UUUCUAGU--UCC
TAS1a_3D9	AT1G64100_ATERI-1G75390	900	920	911	-33.10	-24.30	0.734138972809668	6	1-4,920-917;6-19,915-902	5-5,916-916[SIL];20-21,901-900[UP3]	..((((((((((((((.((((&)))).))))))))))))))..	GAAACUAGAAGAGGCACUGGA&UCCAAUGCUUUUUCUAGUUCC
TAS1a_3D9	AT3G14730_ATERI-3G25660	1751	1772	1763	-33.10	-24.00	0.725075528700906	6	1-14,1772-1759;15-16,1757-1756;18-21,1754-1751	x-x,1758-1758[BULt];17-17,1755-1755[SIL]	((((.((.((((((((((((((&))))))))))))))-)).))))	GGAAGUACGAGGAAGUGUUGGA&UCCAAUGCUUUUUC-UAGUUCC
TAS1a_3D9	AT1G16480_ATERI-1G27370	567	593	578	-33.10	-23.80	0.719033232628399	18	1-4,593-590;6-9,588-585;10-21,578-567	5-5,589-589[SIL];x-x,584-579[BULt]	((((((((((((......((((.((((&)))).))))------))))))))))))	GGGACUGGAGAGUAAGCUGGCAGUGGA&UCCAAUGCU------UUUUCUAGUUCC
TAS1a_3D9	AT1G64310_ATERI-1G75650	1375	1397	1388	-33.10	-23.70	0.716012084592145	5	1-2,1397-1396;4-18,1394-1380;19-21,1377-1375	3-3,1395-1395[SIL];x-x,1379-1378[BULt]	(((..(((((((((((((((.((&)).)))))))))))))))--)))	GGAAAACUAGAAGAAGCAUUUGA&UCCAAUGCUUUUUCUAGU--UCC
TAS1a_3D9	AT4G01030_ATERI-4G11440	719	740	731	-33.10	-23.50	0.709969788519637	7	1-4,740-737;7-15,734-726;16-21,724-719	5-6,736-735[SIL];x-x,725-725[BULt]	((((((.(((((((((..((((&))))..)))))))))-))))))	GGAAUUGGGAAAAGGCUGUGGA&UCCAAUGCUUUUUCU-AGUUCC
TAS1a_3D9	AT5G04810_ATERI-5G14340	1739	1759	1750	-33.10	-23.40	0.706948640483384	6	2-12,1758-1748;14-15,1746-1745;17-21,1743-1739	1-1,1759-1759[UP5];13-13,1747-1747[SIL];16-16,1744-1744[SIL]	(((((.((.(((((((((((.&.))))))))))).)).)))))	GGAGCGGGCAGAGGCAUUGGU&UCCAAUGCUUUUUCUAGUUCC
TAS1a_3D9	AT3G16710_ATERI-3G27960	1235	1256	1247	-33.10	-23.30	0.70392749244713	7	3-16,1254-1241;18-21,1238-1235	1-2,1256-1255[UP5];17-17,1240-1239[AILt]	((((..((((((((((((((..&..))))))))))))))-.))))	GGAAAGUAGAGAAGGCAUUGAU&UCCAAUGCUUUUUCUA-GUUCC
TAS1a_3D9	AT1G06580_ATERI-1G16190	1222	1244	1235	-33.10	-23.30	0.70392749244713	4.5	2-16,1243-1229;18-21,1225-1222	1-1,1244-1244[UP5];17-17,1228-1226[AILt]	((((...(((((((((((((((.&.)))))))))))))))--.))))	GGAAAAAUAGGAAAAGCAUUGGU&UCCAAUGCUUUUUCUA--GUUCC
TAS1a_3D9	AT3G59040_ATERI-3G80300	2496	2516	2507	-33.10	-23.18	0.700302114803625	9.5	1-3,2516-2514;7-20,2510-2497	4-6,2513-2511[SIL];21-21,2496-2496[UP3]	.((((((((((((((...(((&)))...)))))))))))))).	UGAGCUAGAGGAAGCUAAGGA&UCCAAUGCUUUUUCUAGUUCC
TAS1a_3D9	AT1G32415_ATERI-1G44310	2058	2081	2068	-33.10	-23.10	0.697885196374622	12.5	1-4,2081-2078;5-12,2073-2066;14-21,2065-2058	x-x,2077-2074[BULt];13-13,x-x[BULq]	((((((((-((((((((....((((&))))----)))))))).))))))))	GGGACUAG-GGAGGCAUGAUAUGGA&UCCA----AUGCUUUUUCUAGUUCC
TAS1a_3D9	AT2G30100_ATERI-2G49300	204	224	215	-33.10	-23.10	0.697885196374622	7.5	1-3,224-222;6-15,219-210;18-21,207-204	4-5,221-220[SIL];16-17,209-208[SIL]	((((..((((((((((..(((&)))..))))))))))..))))	GGAAGAAGGAGAAGCAGAGGA&UCCAAUGCUUUUUCUAGUUCC
TAS1a_3D9	AT3G29290_ATERI-3G43340	99	125	110	-33.10	-23.00	0.694864048338369	19	1-3,125-123;6-8,120-118;9-21,111-99	4-5,122-121[SIL];x-x,117-112[BULt]	(((((((((((((......(((..(((&)))..)))------)))))))))))))	GGAACUAGAGGAGAAGACUGCAGGGGA&UCCAAUGC------UUUUUCUAGUUCC
TAS1a_3D9	AT3G62470_ATERI-3G84110	1240	1259	1252	-33.10	-22.90	0.691842900302115	6.5	1-4,1259-1256;7-15,1255-1247;16-21,1245-1240	5-6,x-x[BULq];x-x,1246-1246[BULt]	((((((.(((((((((--((((&))))..)))))))))-))))))	GGGACUCAGAAGAAGC--UGGA&UCCAAUGCUUUUUCU-AGUUCC
TAS1a_3D9	AT3G62540_ATERI-3G84110	1240	1259	1252	-33.10	-22.90	0.691842900302115	6.5	1-4,1259-1256;7-15,1255-1247;16-21,1245-1240	5-6,x-x[BULq];x-x,1246-1246[BULt]	((((((.(((((((((--((((&))))..)))))))))-))))))	GGGACUCAGAAGAAGC--UGGA&UCCAAUGCUUUUUCU-AGUUCC
TAS1a_3D9	AT2G20710_ATERI-2G38970	1237	1259	1250	-33.10	-22.90	0.691842900302115	9	1-3,1259-1257;6-16,1254-1244;17-21,1241-1237	4-5,1256-1255[SIL];x-x,1243-1242[BULt]	(((((..(((((((((((..(((&)))..)))))))))))--)))))	GGAAUGAUGGAGAAGGCAGAGGA&UCCAAUGCUUUUUCUA--GUUCC
TAS1a_3D9	AT4G22760_ATERI-4G48100	1442	1464	1454	-33.10	-22.90	0.691842900302115	7.5	3-4,1462-1461;5-18,1459-1446;19-21,1444-1442	1-2,1464-1463[UP5];x-x,1460-1460[BULt];x-x,1445-1445[BULt]	(((.((((((((((((((.((..&..))-))))))))))))))-)))	GGAGGCUAGAAGAAGCAUAUGAG&UCCA-AUGCUUUUUCUAGU-UCC
TAS1a_3D9	AT5G14820_ATERI-5G24700	1237	1256	1249	-33.10	-22.90	0.691842900302115	6.5	1-4,1256-1253;7-15,1252-1244;16-21,1242-1237	5-6,x-x[BULq];x-x,1243-1243[BULt]	((((((.(((((((((--((((&))))..)))))))))-))))))	GGGACUCAGAAGAAGC--UGGA&UCCAAUGCUUUUUCU-AGUUCC
TAS1a_3D9	AT5G52850_ATERI-5G73810	2035	2058	2048	-33.10	-22.60	0.682779456193353	10.5	1-3,2058-2056;6-18,2052-2040;19-21,2037-2035	4-5,2055-2053[AILt];x-x,2039-2038[BULt]	(((..(((((((((((((...(((&)))-..)))))))))))))--)))	GGACGGCUAGAGGAAGCAACAGGA&UCC-AAUGCUUUUUCUAGU--UCC
TAS1a_3D9	AT2G17140_ATERI-2G35020	834	854	844	-33.10	-22.50	0.6797583081571	9	1-4,854-851;5-10,849-844;13-21,842-834	x-x,850-850[BULt];11-12,843-843[AILq]	(((((((((.-((((((.((((&))))-))))))..)))))))))	GGAGCUAGAU-GAGUAUCUGGG&UCCA-AUGCUUUUUCUAGUUCC
TAS1a_3D9	AT3G17370_ATERI-3G28720	570	590	581	-33.10	-22.50	0.6797583081571	5.5	2-4,589-587;6-13,585-578;15-21,576-570	1-1,590-590[UP5];5-5,586-586[SIL];14-14,577-577[SIL]	(((((((.((((((((.(((.&.))).)))))))).)))))))	GGAACUAAGAAAGGCAGUGGC&UCCAAUGCUUUUUCUAGUUCC
TAS1a_3D9	AT4G38010_ATERI-4G65530	1372	1394	1385	-33.10	-22.50	0.6797583081571	6.5	1-11,1394-1384;13-17,1382-1378;19-21,1374-1372	12-12,1383-1383[SIL];18-18,1377-1375[AILt]	(((...(((((.(((((((((((&))))))))))).)))))--.)))	GGAUUGUUAGAUGAAGCAUUGGA&UCCAAUGCUUUUUCUAG--UUCC
TAS1a_3D9	AT3G48250_ATERI-3G68240	222	242	233	-33.10	-22.40	0.676737160120846	8	3-6,240-237;8-16,235-227;18-21,225-222	1-2,242-241[UP5];7-7,236-236[SIL];17-17,226-226[SIL]	((((.(((((((((.((((..&..)))).))))))))).))))	GGAAGUAGAGGAAGGAUUGAG&UCCAAUGCUUUUUCUAGUUCC
TAS1a_3D9	AT3G23330_ATERI-3G35720	1481	1502	1493	-33.10	-22.40	0.676737160120846	10	5-19,1498-1484;20-21,1482-1481	1-4,1502-1499[UP5];x-x,1483-1483[BULt]	((.(((((((((((((((....&....)))))))))))))))-))	GGAAGCUGGAAGAAGCAUACAA&UCCAAUGCUUUUUCUAGUU-CC
TAS1a_3D9	AT1G63150_ATERI-1G74360	1445	1466	1457	-33.10	-22.38	0.676132930513595	8.5	2-9,1465-1458;13-19,1454-1448;20-21,1446-1445	1-1,1466-1466[UP5];10-12,1457-1455[SIL];x-x,1447-1447[BULt]	((.(((((((...((((((((.&.))))))))...)))))))-))	GGAAGCUAGAUACAGCAUUGGU&UCCAAUGCUUUUUCUAGUU-CC
TAS1a_3D9	AT1G62910_ATERI-1G74360	1445	1466	1457	-33.10	-22.38	0.676132930513595	8.5	2-9,1465-1458;13-19,1454-1448;20-21,1446-1445	1-1,1466-1466[UP5];10-12,1457-1455[SIL];x-x,1447-1447[BULt]	((.(((((((...((((((((.&.))))))))...)))))))-))	GGAAGCUAGAUACAGCAUUGGU&UCCAAUGCUUUUUCUAGUU-CC
TAS1a_3D9	AT5G41170_ATERI-5G60360	1316	1337	1328	-33.10	-22.30	0.673716012084592	7.5	3-5,1335-1333;7-19,1331-1319;20-21,1317-1316	1-2,1337-1336[UP5];6-6,1332-1332[SIL];x-x,1318-1318[BULt]	((.(((((((((((((.(((..&..))).)))))))))))))-))	GGAAGCUAGAGAAAGCCUUGAU&UCCAAUGCUUUUUCUAGUU-CC
TAS1a_3D9	AT4G01570_ATERI-4G12150	1328	1355	1340	-33.10	-22.30	0.673716012084592	16.5	2-5,1354-1351;6-19,1344-1331;20-21,1329-1328	1-1,1355-1355[UP5];x-x,1350-1345[BULt];x-x,1330-1330[BULt]	((.((((((((((((((......((((.&.))))------))))))))))))))-))	GGAAGCUAGAAGGAGCAGUAAAAUUGGU&UCCAA------UGCUUUUUCUAGUU-CC
TAS1a_3D9	AT1G52620_ATERI-1G63930	1600	1622	1613	-33.10	-22.20	0.670694864048338	8	2-11,1621-1612;13-16,1610-1607;17-21,1604-1600	1-1,1622-1622[UP5];12-12,1611-1611[SIL];x-x,1606-1605[BULt]	(((((..((((.((((((((((.&.)))))))))).))))--)))))	GGAAUGUUGGAUGAGGCAUUGGC&UCCAAUGCUUUUUCUA--GUUCC
TAS1a_3D9	AT5G18950_ATERI-5G29350	1004	1024	1015	-33.10	-22.20	0.670694864048338	7.5	2-5,1023-1020;7-14,1018-1011;17-21,1008-1004	1-1,1024-1024[UP5];6-6,1019-1019[SIL];15-16,1010-1009[SIL]	(((((..((((((((.((((.&.)))).))))))))..)))))	GGAGCGCGAGGAAGCUUUGGU&UCCAAUGCUUUUUCUAGUUCC
TAS1a_3D9	AT4G37170_ATERI-4G64560	585	608	599	-33.10	-22.10	0.667673716012085	8.5	2-14,607-595;17-18,592-591;19-21,587-585	1-1,608-608[UP5];15-16,594-593[SIL];x-x,590-588[BULt]	(((...((..(((((((((((((.&.)))))))))))))..))---)))	GGAUCAGCCUGAAGAGGCAUUGGU&UCCAAUGCUUUUUCUAGU---UCC
TAS1a_3D9	AT3G16010_ATERI-3G27200	672	692	683	-33.10	-22.10	0.667673716012085	5	1-12,692-681;14-14,679-679;16-20,677-673	13-13,680-680[SIL];15-15,678-678[SIL];21-21,672-672[UP3]	.(((((.(.((((((((((((&)))))))))))).).))))).	UGAGCUUGUGAAAGCAUUGGG&UCCAAUGCUUUUUCUAGUUCC
TAS1a_3D9	AT3G49710_ATERI-3G69950	1490	1512	1502	-33.10	-22.10	0.667673716012085	9.5	1-2,1512-1511;3-3,1509-1509;6-19,1506-1493;20-21,1491-1490	x-x,1510-1510[BULt];4-5,1508-1507[SIL];x-x,1492-1492[BULt]	((.((((((((((((((..(.((&))-)..))))))))))))))-))	GGAAGCUAGAAGAGGCAGAGAGA&UC-CAAUGCUUUUUCUAGUU-CC
TAS1a_3D9	AT5G04780_ATERI-5G14310	416	443	434	-33.10	-22.00	0.664652567975831	12	1-12,443-432;13-16,428-425;17-21,420-416	x-x,431-429[BULt];x-x,424-421[BULt]	(((((....((((...((((((((((((&))))))))))))---))))----)))))	GGAAUAGAAUGGAGUCAGAAGCAUUGGA&UCCAAUGCUUUU---UCUA----GUUCC
TAS1a_3D9	AT3G22470_ATERI-3G34730	1407	1427	1418	-33.10	-21.98	0.66404833836858	5	1-11,1427-1417;15-20,1413-1408	12-14,1416-1414[SIL];21-21,1407-1407[UP3]	.((((((...(((((((((((&)))))))))))...)))))).	UGAACUAAAUAAAGCAUUGGA&UCCAAUGCUUUUUCUAGUUCC
TAS1a_3D9	AT2G41720_ATERI-2G62470	991	1013	1003	-33.10	-21.90	0.661631419939577	9.5	1-4,1013-1010;7-8,1007-1006;9-19,1004-994;20-21,992-991	5-6,1009-1008[SIL];x-x,1005-1005[BULt];x-x,993-993[BULt]	((.(((((((((((.((..((((&))))..))-)))))))))))-))	GGAAACUGGAGAGAGGCUCUGGA&UCCAAUGC-UUUUUCUAGUU-CC
TAS1a_3D9	AT4G19220_ATERI-4G44120	2332	2354	2345	-33.10	-21.80	0.658610271903323	7.5	1-4,2354-2351;6-15,2349-2340;17-21,2336-2332	5-5,2350-2350[SIL];16-16,2339-2337[AILt]	(((((...((((((((((.((((&)))).))))))))))--.)))))	GGAAUGGGAGAGAAGGCAAUGGA&UCCAAUGCUUUUUCU--AGUUCC
TAS1a_3D9	AT3G15200_ATERI-3G26190	887	908	899	-33.10	-21.80	0.658610271903323	7.5	1-4,908-905;7-19,902-890;20-21,888-887	5-6,904-903[SIL];x-x,889-889[BULt]	((.(((((((((((((..((((&))))..)))))))))))))-))	GGAAAUUGGGAAAGGCUAUGGA&UCCAAUGCUUUUUCUAGUU-CC
TAS1a_3D9	AT4G11690_ATERI-4G34270	697	719	710	-33.10	-21.80	0.658610271903323	9	3-18,717-702;19-21,699-697	1-2,719-718[UP5];x-x,701-700[BULt]	(((..((((((((((((((((..&..))))))))))))))))--)))	GGAAAAUUAGGGAAGGCGUUGAG&UCCAAUGCUUUUUCUAGU--UCC
TAS1a_3D9	AT1G74900_ATERI-1G87280	1152	1172	1163	-33.10	-21.80	0.658610271903323	6	1-14,1172-1159;16-16,1157-1157;18-20,1155-1153	15-15,1158-1158[SIL];17-17,1156-1156[SIL];21-21,1152-1152[UP3]	.(((.(.((((((((((((((&)))))))))))))).).))).	CGAGGUCGAGAAAGCGUUGGG&UCCAAUGCUUUUUCUAGUUCC
TAS1a_3D9	AT4G14050_ATERI-4G37200	553	575	566	-33.10	-21.78	0.658006042296073	7.5	1-5,575-571;7-15,569-561;18-21,556-553	6-6,570-570[SIL];16-17,560-557[AILt]	((((....(((((((((.(((((&))))).)))))))))--..))))	GGAAGAAAGGAAGAAGCUUUGGA&UCCAAUGCUUUUUCU--AGUUCC
TAS1a_3D9	AT1G61870_ATERI-1G72930	717	737	728	-33.10	-21.70	0.655589123867069	6.5	2-16,736-722;18-20,720-718	1-1,737-737[UP5];17-17,721-721[SIL];21-21,717-717[UP3]	.(((.(((((((((((((((.&.))))))))))))))).))).	UGAAGUAGGGAAAGUGUUGGC&UCCAAUGCUUUUUCUAGUUCC
TAS1a_3D9	AT2G39620_ATERI-2G60040	836	857	848	-33.10	-21.70	0.655589123867069	8	1-14,857-844;16-17,841-840;20-21,837-836	15-15,843-842[AILt];18-19,839-838[SIL]	((..((..((((((((((((((&))))))))))))))-.))..))	GGUUCUUUGAGGAGGUAUUGGA&UCCAAUGCUUUUUC-UAGUUCC
TAS1a_3D9	AT4G19440_ATERI-4G44320	1595	1618	1607	-33.10	-21.66	0.654380664652568	13	1-3,1618-1616;7-19,1610-1598;20-21,1596-1595	4-6,1615-1611[AILt];x-x,1597-1597[BULt]	((.(((((((((((((.....(((&)))--...)))))))))))))-))	GGAAGCUGGAAGAAGCUUUUAGGA&UCC--AAUGCUUUUUCUAGUU-CC
TAS1a_3D9	AT3G61520_ATERI-3G82850	1890	1910	1901	-33.10	-21.60	0.652567975830816	7.5	3-11,1908-1900;13-20,1898-1891	1-2,1910-1909[UP5];12-12,1899-1899[SIL];21-21,1890-1890[UP3]	.((((((((.(((((((((..&..))))))))).)))))))).	CGAAUUAGACGAAGCAUUGAA&UCCAAUGCUUUUUCUAGUUCC
TAS1a_3D9	AT5G28370_ATERI-4G30870	1890	1910	1901	-33.10	-21.60	0.652567975830816	7.5	3-11,1908-1900;13-20,1898-1891	1-2,1910-1909[UP5];12-12,1899-1899[SIL];21-21,1890-1890[UP3]	.((((((((.(((((((((..&..))))))))).)))))))).	CGAAUUAGACGAAGCAUUGAA&UCCAAUGCUUUUUCUAGUUCC
TAS1a_3D9	AT1G80550_ATERI-1G93390	176	197	188	-33.10	-21.60	0.652567975830816	6.5	1-13,197-185;14-19,183-178	x-x,184-184[BULt];20-21,177-176[UP3]	..((((((.(((((((((((((&)))))))))))))-))))))..	ACGAUUGGCAAAAGGCGUUGGA&UCCAAUGCUUUUU-CUAGUUCC
TAS1a_3D9	AT5G28460_ATERI-4G30870	1890	1910	1901	-33.10	-21.60	0.652567975830816	7.5	3-11,1908-1900;13-20,1898-1891	1-2,1910-1909[UP5];12-12,1899-1899[SIL];21-21,1890-1890[UP3]	.((((((((.(((((((((..&..))))))))).)))))))).	CGAAUUAGACGAAGCAUUGAA&UCCAAUGCUUUUUCUAGUUCC
TAS1b_3D4	AT2G01390_ATERI-2G10520	610	630	621	-32.50	-27.20	0.836923076923077	5.5	1-10,630-621;12-19,619-612	11-11,620-620[SIL];20-21,611-610[UP3]	..((((((((.((((((((((&)))))))))).))))))))..	GCUGAUGGGAGGGUGGAAGAA&UUCUUCUACCAUCCUAUCAAU
TAS1b_3D4	AT1G12700_ATERI-1G23210	541	561	552	-32.50	-25.60	0.787692307692308	9	4-18,558-544	1-3,561-559[UP5];19-21,543-541[UP3]	...(((((((((((((((...&...)))))))))))))))...	GUCGAUAGGAUGGUGGAAAAC&UUCUUCUACCAUCCUAUCAAU
TAS1b_3D4	AT1G79080_ATERI-1G91820	877	896	887	-32.50	-25.50	0.784615384615385	7.5	1-10,896-887;12-19,886-879	11-11,x-x[BULq];20-21,878-877[UP3]	..((((((((-((((((((((&)))))))))).))))))))..	UGUGAUGGGA-GGUGGGAGGA&UUCUUCUACCAUCCUAUCAAU
TAS1b_3D4	AT4G20740_ATERI-4G45660	766	786	777	-32.50	-25.20	0.775384615384615	8.5	2-11,785-776;13-18,774-769	1-1,786-786[UP5];12-12,775-775[SIL];19-21,768-766[UP3]	...((((((.((((((((((.&.)))))))))).))))))...	GAAGAUGGGUUGGUGGAGGAG&UUCUUCUACCAUCCUAUCAAU
TAS1b_3D4	AT5G64320_ATERI-5G86570	1831	1851	1842	-32.50	-24.80	0.763076923076923	7.5	1-15,1851-1837	16-21,1836-1831[UP3]	......(((((((((((((((&)))))))))))))))......	AGAAGCGGGAUGGUGGAAGAA&UUCUUCUACCAUCCUAUCAAU
TAS1b_3D4	AT4G31850_ATERI-4G58570	3130	3150	3141	-32.50	-24.80	0.763076923076923	7.5	1-15,3150-3136	16-21,3135-3130[UP3]	......(((((((((((((((&)))))))))))))))......	AUCGCCGGGAUGGUGGAAGAA&UUCUUCUACCAUCCUAUCAAU
TAS1b_3D4	AT1G63630_ATERI-1G74910	97	117	108	-32.50	-24.10	0.741538461538462	7	1-14,117-104	15-21,103-97[UP3]	.......((((((((((((((&)))))))))))))).......	GUUCAUCGGAUGGUAGAAGAA&UUCUUCUACCAUCCUAUCAAU
TAS1b_3D4	AT5G08510_ATERI-5G18550	1082	1104	1093	-32.50	-23.90	0.735384615384615	9.5	1-6,1104-1099;7-19,1096-1084	x-x,1098-1097[BULt];20-21,1083-1082[UP3]	..(((((((((((((..((((((&))))))--)))))))))))))..	CAUGGUGGGAUGGUGGUGAAGGG&UUCUUC--UACCAUCCUAUCAAU
TAS1b_3D4	AT3G22470_ATERI-3G34730	487	507	498	-32.50	-23.90	0.735384615384615	7.5	4-14,504-494;16-21,492-487	1-3,507-505[UP5];15-15,493-493[SIL]	((((((.(((((((((((...&...))))))))))).))))))	GUUGAUCGGAUGGUGGAAAUG&UUCUUCUACCAUCCUAUCAAU
TAS1b_3D4	AT4G02750_ATERI-4G13680	877	897	888	-32.50	-23.80	0.732307692307692	8	1-14,897-884	15-21,883-877[UP3]	.......((((((((((((((&)))))))))))))).......	CAAAACCGGAUGGUGGAAGAA&UUCUUCUACCAUCCUAUCAAU
TAS1b_3D4	AT1G77405_ATERI-1G90020	1128	1149	1140	-32.50	-23.60	0.726153846153846	9	3-13,1147-1137;14-19,1135-1130	1-2,1149-1148[UP5];x-x,1136-1136[BULt];20-21,1129-1128[UP3]	..((((((.(((((((((((..&..)))))))))))-))))))..	GGUGGUGGAGAUGGUGGAGGCU&UUCUUCUACCAUC-CUAUCAAU
TAS1b_3D4	AT3G22470_ATERI-3G34730	592	612	603	-32.50	-23.60	0.726153846153846	8	4-6,609-607;8-21,605-592	1-3,612-610[UP5];7-7,606-606[SIL]	((((((((((((((.(((...&...))).))))))))))))))	AUUGAUAGGAUGGUUGAGUAU&UUCUUCUACCAUCCUAUCAAU
TAS1b_3D4	AT1G32415_ATERI-1G44310	637	657	648	-32.50	-23.50	0.723076923076923	8.5	3-7,655-651;9-19,649-639	1-2,657-656[UP5];8-8,650-650[SIL];20-21,638-637[UP3]	..(((((((((((.(((((..&..))))).)))))))))))..	AAUGAUGGGAUGGAGGAAGCG&UUCUUCUACCAUCCUAUCAAU
TAS1b_3D4	AT5G40400_ATERI-5G59450	991	1012	1002	-32.50	-23.00	0.707692307692308	6.5	1-4,1012-1009;5-17,1007-995	x-x,1008-1008[BULt];18-21,994-991[UP3]	....(((((((((((((.((((&))))-)))))))))))))....	UUUCAUAGGAUGGUAGACAGAG&UUCU-UCUACCAUCCUAUCAAU
TAS1b_3D4	AT1G02370_ATERI-1G11450	630	649	641	-32.50	-22.90	0.704615384615385	4.5	1-7,649-643;9-14,642-637;16-20,635-631	8-8,x-x[BULq];15-15,636-636[SIL];21-21,630-630[UP3]	.(((((.((((((-(((((((&))))))).)))))).))))).	UUUGAUUGGAUGG-AGAAGAG&UUCUUCUACCAUCCUAUCAAU
TAS1b_3D4	AT5G38730_ATERI-5G57490	781	802	792	-32.50	-22.80	0.701538461538462	10	3-7,800-796;9-18,793-784	1-2,802-801[UP5];8-8,795-794[AILt];19-21,783-781[UP3]	...((((((((((..(((((..&..)))))-.))))))))))...	CAAGAUAGGAUGGAGAGAAGUG&UUCUUCU-ACCAUCCUAUCAAU
TAS1b_3D4	AT3G25210_ATERI-3G37780	1011	1033	1024	-32.50	-22.80	0.701538461538462	9	1-10,1033-1024;12-17,1021-1016;18-21,1014-1011	11-11,1023-1022[AILt];x-x,1015-1015[BULt]	((((.((((((..((((((((((&))))))))))-.))))))-))))	GUUGUGUAGGGGAGGUAGAGGGA&UUCUUCUACC-AUCCUAU-CAAU
TAS1b_3D4	AT3G14580_ATERI-3G25470	777	797	789	-32.50	-22.70	0.698461538461538	6	1-7,797-791;9-15,790-784;17-21,781-777	8-8,x-x[BULq];16-16,783-782[AILt]	(((((..(((((((-(((((((&))))))).)))))))-.)))))	GUUGGAGAGGAUGG-AGAAGGA&UUCUUCUACCAUCCU-AUCAAU
TAS1b_3D4	AT1G64583_ATERI-1G75960	982	1002	993	-32.50	-22.60	0.695384615384615	7	1-3,1002-1000;5-16,998-987	4-4,999-999[SIL];17-21,986-982[UP3]	.....((((((((((((.(((&))).)))))))))))).....	AAGUUUAGGAUGGUAGAUGAA&UUCUUCUACCAUCCUAUCAAU
TAS1b_3D4	AT2G40240_ATERI-2G60800	702	722	714	-32.50	-22.60	0.695384615384615	6	1-7,722-716;9-15,715-709;17-21,706-702	8-8,x-x[BULq];16-16,708-707[AILt]	(((((..(((((((-(((((((&))))))).)))))))-.)))))	AUUGAGGAGGAUGG-AGGAGGA&UUCUUCUACCAUCCU-AUCAAU
TAS1b_3D4	AT1G63230_ATERI-1G74470	97	117	108	-32.50	-22.50	0.692307692307692	2.5	1-12,117-106;14-14,104-104;16-21,102-97	13-13,105-105[SIL];15-15,103-103[SIL]	((((((.(.((((((((((((&)))))))))))).).))))))	GUUGAUCGUAUGGUAGAAGAA&UUCUUCUACCAUCCUAUCAAU
TAS1b_3D4	AT5G48910_ATERI-5G69540	1159	1179	1170	-32.50	-22.50	0.692307692307692	6	1-11,1179-1169;13-15,1167-1165;17-19,1163-1161	12-12,1168-1168[SIL];16-16,1164-1164[SIL];20-21,1160-1159[UP3]	..(((.(((.(((((((((((&))))))))))).))).)))..	CAUGGCGGGUUGGUAGAAGAA&UUCUUCUACCAUCCUAUCAAU
TAS1b_3D4	AT3G53360_ATERI-3G74100	1756	1776	1767	-32.50	-22.40	0.689230769230769	6.5	1-11,1776-1766;13-16,1764-1761;18-19,1759-1758	12-12,1765-1765[SIL];17-17,1760-1760[SIL];20-21,1757-1756[UP3]	..((.((((.(((((((((((&))))))))))).)))).))..	CAUGUUGGGCUGGUGGAAGAA&UUCUUCUACCAUCCUAUCAAU
TAS1b_3D4	AT5G15280_ATERI-5G25310	2040	2061	2052	-32.50	-22.30	0.686153846153846	8	1-11,2061-2051;12-15,2049-2046;17-18,2044-2043	x-x,2050-2050[BULt];16-16,2045-2045[SIL];19-21,2042-2040[UP3]	...((.((((.(((((((((((&)))))))))))-)))).))...	CCGGAAAGGAUUGGUGGAGGAA&UUCUUCUACCA-UCCUAUCAAU
TAS1b_3D4	AT5G18950_ATERI-5G29350	469	489	480	-32.50	-22.20	0.683076923076923	7.5	1-11,489-479;13-15,477-475;17-18,473-472	12-12,478-478[SIL];16-16,474-474[SIL];19-21,471-469[UP3]	...((.(((.(((((((((((&))))))))))).))).))...	GAAGAAGGGUUGGUAGAGGAA&UUCUUCUACCAUCCUAUCAAU
TAS1b_3D4	AT3G56030_ATERI-3G77070	720	741	732	-32.50	-22.10	0.68	7	1-7,741-735;9-15,733-727;17-19,724-722	8-8,734-734[SIL];16-16,726-725[AILt];20-21,721-720[UP3]	..(((..(((((((.(((((((&))))))).)))))))-.)))..	UCUGAGGAGGAUGGAGGAAGAA&UUCUUCUACCAUCCU-AUCAAU
TAS1b_3D4	AT5G44230_ATERI-5G64040	805	828	816	-32.50	-22.00	0.676923076923077	13	1-4,828-825;5-7,820-818;9-20,817-806	x-x,824-821[BULt];8-8,x-x[BULq];21-21,805-805[UP3]	.((((((((((((-(((....((((&))))----))).)))))))))))).	UUUGAUAGGAUGG-AGAUAUCGGGA&UUCU----UCUACCAUCCUAUCAAU
TAS1b_3D4	AT3G49240_ATERI-3G69410	726	746	737	-32.50	-22.00	0.676923076923077	7.5	1-6,746-741;8-9,740-739;10-19,737-728	7-7,x-x[BULq];x-x,738-738[BULt];20-21,727-726[UP3]	..((((((((((.((-((((((&)))))).))-))))))))))..	AAUGAUGGGGUGUGU-GAAGAA&UUCUUCUAC-CAUCCUAUCAAU
TAS1b_3D4	AT5G59900_ATERI-5G81810	1168	1187	1179	-32.50	-21.90	0.673846153846154	9	4-7,1184-1181;9-20,1180-1169	1-3,1187-1185[UP5];8-8,x-x[BULq];21-21,1168-1168[UP3]	.((((((((((((-((((...&...)))).)))))))))))).	UUUGAUAGGAUGG-GGAAAAU&UUCUUCUACCAUCCUAUCAAU
TAS1b_3D4	AT1G77170_ATERI-1G89780	1182	1202	1193	-32.50	-21.90	0.673846153846154	7.5	1-5,1202-1198;7-10,1196-1193;12-20,1191-1183	6-6,1197-1197[SIL];11-11,1192-1192[SIL];21-21,1182-1182[UP3]	.(((((((((.((((.(((((&))))).)))).))))))))).	UUUGAUGGGAGGGUGUGAGAA&UUCUUCUACCAUCCUAUCAAU
TAS1b_3D4	AT1G62680_ATERI-1G73780	532	552	543	-32.50	-21.80	0.670769230769231	8.5	4-13,549-540;15-21,538-532	1-3,552-550[UP5];14-14,539-539[SIL]	(((((((.((((((((((...&...)))))))))).)))))))	GUUGAUAAGAUGGUGGAGAUU&UUCUUCUACCAUCCUAUCAAU
TAS1b_3D4	AT1G11290_ATERI-1G21510	880	901	891	-32.50	-21.60	0.664615384615385	6.5	1-5,901-897;6-8,895-893;10-20,891-881	x-x,896-896[BULt];9-9,892-892[SIL];21-21,880-880[UP3]	.(((((((((((.(((.(((((&)))))-))).))))))))))).	UUUGAUGGGAUGUUAGAAAGGA&UUCUU-CUACCAUCCUAUCAAU
TAS1b_3D4	AT5G50390_ATERI-5G71220	1188	1222	1213	-32.50	-21.60	0.664615384615385	30.5	1-12,1222-1211;13-20,1196-1189	x-x,1210-1197[BULt];21-21,1188-1188[UP3]	.((((((((..............((((((((((((&))))))))))))--------------)))))))).	UUUGAUGGGUGGAUAUGCAAAUCAUGGUAGAGGAA&UUCUUCUACCAU--------------CCUAUCAAU
TAS1b_3D4	AT4G20770_ATERI-4G45680	94	116	105	-32.50	-21.48	0.660923076923077	9.5	1-6,116-111;9-16,106-99;18-21,97-94	7-8,110-107[AILt];17-17,98-98[SIL]	((((.((((((((....((((((&))))))--..)))))))).))))	AUUGUUAGGAUGGGAAUGAAGAG&UUCUUC--UACCAUCCUAUCAAU
TAS1b_3D4	AT5G61990_ATERI-5G84070	1948	1968	1959	-32.50	-21.40	0.658461538461538	4.5	1-6,1968-1963;8-13,1961-1956;15-20,1954-1949	7-7,1962-1962[SIL];14-14,1955-1955[SIL];21-21,1948-1948[UP3]	.((((((.((((((.((((((&)))))).)))))).)))))).	UUUGAUGAGAUGGUUGAAGAA&UUCUUCUACCAUCCUAUCAAU
TAS1b_3D4	AT1G64580_ATERI-1G75950	1236	1257	1248	-32.50	-21.40	0.658461538461538	8	2-13,1256-1245;14-16,1243-1241	1-1,1257-1257[UP5];x-x,1244-1244[BULt];17-21,1240-1236[UP3]	.....(((.((((((((((((.&.))))))))))))-))).....	AGCAUUAGUGAUGGUAGAGGAU&UUCUUCUACCAUC-CUAUCAAU
TAS1b_3D4	AT4G21170_ATERI-4G46130	1548	1569	1560	-32.50	-21.20	0.652307692307692	8	1-13,1569-1557;14-15,1555-1554	x-x,1556-1556[BULt];16-21,1553-1548[UP3]	......((.(((((((((((((&)))))))))))))-))......	GCAAAAAGAGAUGGUGGAAGAA&UUCUUCUACCAUC-CUAUCAAU
TAS1b_3D4	AT1G09410_ATERI-1G19380	1333	1353	1344	-32.50	-21.20	0.652307692307692	7.5	1-6,1353-1348;8-16,1346-1338;18-18,1336-1336	7-7,1347-1347[SIL];17-17,1337-1337[SIL];19-21,1335-1333[UP3]	...(.(((((((((.((((((&)))))).))))))))).)...	UACGCUGGGAUGGUUGAGGAA&UUCUUCUACCAUCCUAUCAAU
TAS2_3D6	AT1G63080_ATERI-1G74270	479	499	490	-32.70	-32.20	0.984709480122324	1.5	2-21,498-479	1-1,499-499[UP5]	((((((((((((((((((((.&.))))))))))))))))))))	AGAUGGUGGAAAUGGGAUAUC&UAUAUCCCAUUUCUACCAUCU
TAS2_3D6	AT1G63130_ATERI-1G74340	527	547	538	-32.70	-32.20	0.984709480122324	1.5	2-21,546-527	1-1,547-547[UP5]	((((((((((((((((((((.&.))))))))))))))))))))	AGAUGGUGGAAAUGGGAUAUC&UAUAUCCCAUUUCUACCAUCU
TAS2_3D6	AT1G63070_ATERI-1G74270	479	499	490	-32.70	-32.20	0.984709480122324	1.5	2-21,498-479	1-1,499-499[UP5]	((((((((((((((((((((.&.))))))))))))))))))))	AGAUGGUGGAAAUGGGAUAUC&UAUAUCCCAUUUCUACCAUCU
TAS2_3D6	AT5G16640_ATERI-5G26820	527	547	538	-32.70	-28.90	0.883792048929663	3.5	1-19,547-529	20-21,528-527[UP3]	..(((((((((((((((((((&)))))))))))))))))))..	AAAUGGUGGGAAUGGGAUAUA&UAUAUCCCAUUUCUACCAUCU
TAS2_3D6	AT1G63330_ATERI-1G73710	539	559	550	-32.70	-28.80	0.880733944954128	3.5	1-19,559-541	20-21,540-539[UP3]	..(((((((((((((((((((&)))))))))))))))))))..	AAAUGGUGGAAAUGGGGUAUA&UAUAUCCCAUUUCUACCAUCU
TAS2_3D6	AT1G63400_ATERI-1G74680	539	559	550	-32.70	-28.80	0.880733944954128	3.5	1-19,559-541	20-21,540-539[UP3]	..(((((((((((((((((((&)))))))))))))))))))..	AAAUGGUGGAAAUGGGGUAUA&UAUAUCCCAUUUCUACCAUCU
TAS2_3D6	AT1G62590_ATERI-1G73710	539	559	550	-32.70	-28.80	0.880733944954128	3.5	1-19,559-541	20-21,540-539[UP3]	..(((((((((((((((((((&)))))))))))))))))))..	AAAUGGUGGAAAUGGGGUAUA&UAUAUCCCAUUUCUACCAUCU
TAS2_3D6	AT3G08820_ATERI-3G18570	605	624	616	-32.70	-28.10	0.859327217125382	5	1-4,624-621;6-21,620-605	5-5,x-x[BULq]	((((((((((((((((-((((&)))).))))))))))))))))	AGAUGGUGGAGAUGGG-UGUG&UAUAUCCCAUUUCUACCAUCU
TAS2_3D6	AT5G41170_ATERI-5G60360	500	520	511	-32.70	-27.90	0.853211009174312	10.5	6-21,515-500	1-5,520-516[UP5]	((((((((((((((((.....&.....))))))))))))))))	AGAUGGUGGAGAUGGGGAUUA&UAUAUCCCAUUUCUACCAUCU
TAS2_3D6	AT1G30610_ATERI-1G41990	312	332	323	-32.70	-27.60	0.844036697247706	10.5	5-20,328-313	1-4,332-329[UP5];21-21,312-312[UP3]	.((((((((((((((((....&....)))))))))))))))).	UGAUGGUGGAGGUGGGAAUGG&UAUAUCCCAUUUCUACCAUCU
TAS2_3D6	AT1G62680_ATERI-1G73780	539	559	550	-32.70	-27.40	0.837920489296636	3.5	1-7,559-553;9-21,551-539	8-8,552-552[SIL]	(((((((((((((.(((((((&))))))).)))))))))))))	AGAUGGUGGAGAUUGGAUAUA&UAUAUCCCAUUUCUACCAUCU
TAS2_3D6	AT5G66500_ATERI-5G89120	1508	1527	1518	-32.70	-25.90	0.792048929663608	5.5	2-14,1526-1514;16-20,1513-1509	1-1,1527-1527[UP5];15-15,x-x[BULq];21-21,1508-1508[UP3]	.(((((-(((((((((((((.&.))))))))))))).))))).	CGAUGG-GGAAGUGGGAUGUC&UAUAUCCCAUUUCUACCAUCU
TAS2_3D6	AT1G62914_ATERI-1G74040	518	538	529	-32.70	-25.10	0.767584097859327	3	1-13,538-526;15-19,524-520	14-14,525-525[SIL];20-21,519-518[UP3]	..(((((.(((((((((((((&))))))))))))).)))))..	AAAUGGUCGAAAUGGGAUAUA&UAUAUCCCAUUUCUACCAUCU
TAS2_3D6	AT1G63150_ATERI-1G74360	533	553	544	-32.70	-25.10	0.767584097859327	3	1-13,553-541;15-19,539-535	14-14,540-540[SIL];20-21,534-533[UP3]	..(((((.(((((((((((((&))))))))))))).)))))..	AAAUGGUCGAAAUGGGAUAUA&UAUAUCCCAUUUCUACCAUCU
TAS2_3D6	AT1G62910_ATERI-1G74360	533	553	544	-32.70	-25.10	0.767584097859327	3	1-13,553-541;15-19,539-535	14-14,540-540[SIL];20-21,534-533[UP3]	..(((((.(((((((((((((&))))))))))))).)))))..	AAAUGGUCGAAAUGGGAUAUA&UAUAUCCCAUUUCUACCAUCU
TAS2_3D6	AT3G51320_ATERI-3G71830	578	600	590	-32.70	-24.50	0.749235474006116	6.5	2-6,599-595;7-14,593-586;15-21,584-578	1-1,600-600[UP5];x-x,594-594[BULt];x-x,585-585[BULt]	(((((((.((((((((.(((((.&.)))))-))))))))-)))))))	GGAUGGUGAGGAAUGGUGAUGUU&UAUAUC-CCAUUUCU-ACCAUCU
TAS2_3D6	AT1G74750_ATERI-1G87130	1151	1171	1163	-32.70	-24.40	0.746177370030581	6	1-4,1171-1168;6-15,1167-1158;16-21,1156-1151	5-5,x-x[BULq];x-x,1157-1157[BULt]	((((((.((((((((((-((((&)))).))))))))))-))))))	AGAUGGUUAGGGAUGGG-UGUA&UAUAUCCCAUUUCUA-CCAUCU
TAS2_3D6	AT5G18390_ATERI-5G28700	1096	1118	1109	-32.70	-24.30	0.743119266055046	5.5	2-16,1117-1103;17-19,1101-1099;20-21,1097-1096	1-1,1118-1118[UP5];x-x,1102-1102[BULt];x-x,1098-1098[BULt]	((.(((.(((((((((((((((.&.)))))))))))))))-)))-))	GGAAUGUGUAGGAAUGGGAUGUU&UAUAUCCCAUUUCUAC-CAU-CU
TAS2_3D6	AT5G14770_ATERI-5G24650	2669	2692	2683	-32.70	-24.10	0.737003058103975	5	1-8,2692-2685;10-14,2683-2679;15-21,2675-2669	9-9,2684-2684[SIL];x-x,2678-2676[BULt]	(((((((...(((((.((((((((&)))))))).)))))---)))))))	AGAUGGUUGAAGAAAAGGGAUAUA&UAUAUCCCAUUUCU---ACCAUCU
TAS2_3D6	AT2G25580_ATERI-2G44450	1553	1573	1564	-32.70	-24.00	0.73394495412844	6	1-4,1573-1570;6-19,1568-1555	5-5,1569-1569[SIL];20-21,1554-1553[UP3]	..((((((((((((((.((((&)))).))))))))))))))..	AUAUGGUGGAAGUGGGCUAUG&UAUAUCCCAUUUCUACCAUCU
TAS2_3D6	AT1G13040_ATERI-1G23580	839	860	851	-32.70	-23.80	0.72782874617737	7	3-8,858-853;10-14,851-847;15-21,845-839	1-2,860-859[UP5];9-9,852-852[SIL];x-x,846-846[BULt]	(((((((.(((((.((((((..&..)))))).)))))-)))))))	AGAUGGUAAGAAGCGGGAUACA&UAUAUCCCAUUUCU-ACCAUCU
TAS2_3D6	AT2G15980_ATERI-2G33600	785	803	796	-32.70	-23.70	0.724770642201835	6	1-7,803-797;10-21,796-785	8-9,x-x[BULq]	((((((((((((--(((((((&)))))))..))))))))))))	AGAUGGUGGAGA--GGAUAUG&UAUAUCCCAUUUCUACCAUCU
TAS2_3D6	AT1G09820_ATERI-1G19890	810	830	821	-32.70	-23.60	0.7217125382263	10.5	5-18,826-813	1-4,830-827[UP5];19-21,812-810[UP3]	...((((((((((((((....&....))))))))))))))...	GCUUGGUGGAAAUGGGAAAAU&UAUAUCCCAUUUCUACCAUCU
TAS2_3D6	AT1G12700_ATERI-1G23210	548	568	559	-32.70	-23.40	0.715596330275229	7	2-7,567-562;10-21,559-548	1-1,568-568[UP5];8-9,561-560[SIL]	((((((((((((..((((((.&.))))))..))))))))))))	GGAUGGUGGAAAACGGAUGUC&UAUAUCCCAUUUCUACCAUCU
TAS2_3D6	AT4G31850_ATERI-4G58570	3137	3161	3148	-32.70	-23.10	0.706422018348624	17	5-9,3157-3153;10-21,3148-3137	1-4,3161-3158[UP5];x-x,3152-3149[BULt]	((((((((((((....(((((....&....)))))----))))))))))))	GGAUGGUGGAAGAAGCUGGGAAGAU&UAUAUCCCA----UUUCUACCAUCU
TAS2_3D6	AT1G62720_ATERI-1G73820	455	476	467	-32.70	-23.10	0.706422018348624	9.5	4-14,473-463;16-21,460-455	1-3,476-474[UP5];15-15,462-461[AILt]	((((((..(((((((((((...&...)))))))))))-.))))))	GGAUGGAAAGAGAUGGGGUUAG&UAUAUCCCAUUUCU-ACCAUCU
TAS2_3D6	AT1G06580_ATERI-1G16190	1013	1034	1025	-32.70	-22.90	0.700305810397553	8	3-11,1032-1024;12-17,1022-1017;19-21,1015-1013	1-2,1034-1033[UP5];x-x,1023-1023[BULt];18-18,1016-1016[SIL]	(((.((((((.(((((((((..&..)))))))))-)))))).)))	AGAGGGUAGAUGAUGGGAUGAA&UAUAUCCCAUU-UCUACCAUCU
TAS2_3D6	AT5G16640_ATERI-5G26820	1019	1040	1031	-32.70	-22.90	0.700305810397553	8	3-10,1038-1031;11-17,1029-1023;19-21,1021-1019	1-2,1040-1039[UP5];x-x,1030-1030[BULt];18-18,1022-1022[SIL]	(((.(((((((.((((((((..&..))))))))-))))))).)))	AGAAGGUAGAGCAUGGGAUGAA&UAUAUCCCAU-UUCUACCAUCU
TAS2_3D6	AT1G64580_ATERI-1G75950	1013	1034	1025	-32.70	-22.90	0.700305810397553	8	3-12,1032-1023;13-17,1021-1017;19-21,1015-1013	1-2,1034-1033[UP5];x-x,1022-1022[BULt];18-18,1016-1016[SIL]	(((.(((((.((((((((((..&..))))))))))-))))).)))	AGAGGGUAGAAGAUGGGAUGAA&UAUAUCCCAUUU-CUACCAUCU
TAS2_3D6	AT1G79490_ATERI-1G92250	452	471	462	-32.70	-22.90	0.700305810397553	10.5	6-17,466-455;19-21,454-452	1-5,471-467[UP5];18-18,x-x[BULq]	(((-((((((((((((.....&.....)))))))))))).)))	AGA-GGUGGAAAUGGGGACCG&UAUAUCCCAUUUCUACCAUCU
TAS2_3D6	AT2G28050_ATERI-2G47120	695	715	706	-32.70	-22.90	0.700305810397553	10	4-14,712-702;16-20,700-696	1-3,715-713[UP5];15-15,701-701[SIL];21-21,695-695[UP3]	.(((((.(((((((((((...&...))))))))))).))))).	UGGUGGAGGAGAUGGGGUUGG&UAUAUCCCAUUUCUACCAUCU
TAS2_3D6	AT1G77405_ATERI-1G90020	1136	1157	1147	-32.70	-22.90	0.700305810397553	13.5	6-9,1152-1149;10-21,1147-1136	1-5,1157-1153[UP5];x-x,1148-1148[BULt]	((((((((((((.((((.....&.....))))-))))))))))))	AGAUGGUGGAGGCUGGGUUGGU&UAUAUCCCA-UUUCUACCAUCU
TAS2_3D6	AT1G64583_ATERI-1G75960	989	1010	1000	-32.70	-22.82	0.697859327217125	12.5	3-8,1008-1003;12-21,998-989	1-2,1010-1009[UP5];9-11,1002-999[AILt]	((((((((((....((((((..&..))))))-...))))))))))	GGAUGGUAGAUGAAGGGAUGAA&UAUAUCCC-AUUUCUACCAUCU
TAS2_3D6	AT3G48810_ATERI-3G68900	812	833	823	-32.70	-22.80	0.697247706422018	8.5	2-8,832-826;10-19,823-814	1-1,833-833[UP5];9-9,825-824[AILt];20-21,813-812[UP3]	..((((((((((..(((((((.&.)))))))-.))))))))))..	AAAUGGUGGAGAAGGGGAUAUC&UAUAUCCC-AUUUCUACCAUCU
TAS2_3D6	AT5G14770_ATERI-5G24650	557	576	568	-32.70	-22.30	0.681957186544342	4.5	1-4,576-573;6-12,572-566;14-21,564-557	5-5,x-x[BULq];13-13,565-565[SIL]	((((((((.(((((((-((((&)))).))))))).))))))))	AGAUGGUGAAGAUGGG-UAUA&UAUAUCCCAUUUCUACCAUCU
TAS2_3D6	AT2G36980_ATERI-2G57180	933	954	944	-32.70	-22.30	0.681957186544342	9	3-6,952-949;7-19,947-935	1-2,954-953[UP5];x-x,948-948[BULt];20-21,934-933[UP3]	..(((((((((((((.((((..&..))))-)))))))))))))..	AUAUGGUAGGAAUGGAGAUGGU&UAUAUC-CCAUUUCUACCAUCU
TAS2_3D6	AT1G74900_ATERI-1G87280	659	680	670	-32.70	-22.20	0.678899082568807	9	3-8,678-673;10-13,670-667;15-21,665-659	1-2,680-679[UP5];9-9,672-671[AILt];14-14,666-666[SIL]	(((((((.((((..((((((..&..))))))-.)))).)))))))	AGAUGGUUGAGAGAGGGAUAAA&UAUAUCCC-AUUUCUACCAUCU
TAS2_3D6	AT1G80550_ATERI-1G93390	592	613	603	-32.70	-22.10	0.675840978593272	8	3-9,611-605;10-13,603-600;15-21,598-592	1-2,613-612[UP5];x-x,604-604[BULt];14-14,599-599[SIL]	(((((((.((((.(((((((..&..)))))))-)))).)))))))	GGGUGGUCGAAAUUGGGAUGGU&UAUAUCCCA-UUUCUACCAUCU
TAS2_3D6	AT3G02330_ATERI-3G11580	1778	1797	1789	-32.70	-22.10	0.675840978593272	5	1-4,1797-1794;6-15,1793-1784;17-21,1782-1778	5-5,x-x[BULq];16-16,1783-1783[SIL]	(((((.((((((((((-((((&)))).)))))))))).)))))	GGAUGAUGGAGAUGGG-UAUA&UAUAUCCCAUUUCUACCAUCU
TAS2_3D6	AT1G73710_ATERI-1G85950	1094	1115	1105	-32.70	-21.80	0.666666666666667	7	2-8,1114-1108;10-14,1105-1101;16-21,1099-1094	1-1,1115-1115[UP5];9-9,1107-1106[AILt];15-15,1100-1100[SIL]	((((((.(((((..(((((((.&.)))))))-.))))).))))))	AGAUGGAAGAGAAAGGGAUAUC&UAUAUCCC-AUUUCUACCAUCU
TAS2_3D6	AT1G18900_ATERI-1G30030	1166	1186	1178	-32.70	-21.80	0.666666666666667	6	2-7,1185-1180;9-15,1179-1173;16-21,1171-1166	1-1,1186-1186[UP5];8-8,x-x[BULq];x-x,1172-1172[BULt]	((((((.(((((((-((((((.&.)))))).)))))))-))))))	AGAUGGUUAGAGAU-GGAUGUC&UAUAUCCCAUUUCUA-CCAUCU
TAS2_3D6	AT3G28660_ATERI-3G42090	543	564	555	-32.70	-21.70	0.663608562691131	4.5	2-13,563-552;14-15,550-549;17-21,547-543	1-1,564-564[UP5];x-x,551-551[BULt];16-16,548-548[SIL]	(((((.((.((((((((((((.&.))))))))))))-)).)))))	AGAUGUUGUGAAAUGGGAUGUU&UAUAUCCCAUUUC-UACCAUCU
TAS2_3D6	AT3G49170_ATERI-3G69330	2237	2258	2249	-32.70	-21.70	0.663608562691131	5	1-3,2258-2256;5-15,2254-2244;16-18,2242-2240;20-21,2238-2237	4-4,2255-2255[SIL];x-x,2243-2243[BULt];19-19,2239-2239[SIL]	((.(((.(((((((((((.(((&))).)))))))))))-))).))	AGUUGGAUAGAAGUGGGAGAUA&UAUAUCCCAUUUCUA-CCAUCU
TAS2_3D6	AT4G19440_ATERI-4G44320	2310	2337	2327	-32.70	-21.70	0.663608562691131	11.5	1-5,2337-2333;6-15,2331-2322;16-20,2315-2311	x-x,2332-2332[BULt];x-x,2321-2316[BULt];21-21,2310-2310[UP3]	.(((((......((((((((((.(((((&)))))-))))))))))------))))).	UGGUGGGUAUGCUAGAGAUGGGAAUGUA&UAUAU-CCCAUUUCUA------CCAUCU
TAS2_3D6	AT3G28640_ATERI-3G42090	543	564	555	-32.70	-21.70	0.663608562691131	4.5	2-13,563-552;14-15,550-549;17-21,547-543	1-1,564-564[UP5];x-x,551-551[BULt];16-16,548-548[SIL]	(((((.((.((((((((((((.&.))))))))))))-)).)))))	AGAUGUUGUGAAAUGGGAUGUU&UAUAUCCCAUUUC-UACCAUCU
TAS2_3D6	AT5G11310_ATERI-5G21250	1038	1059	1049	-32.70	-21.70	0.663608562691131	8	4-6,1056-1054;7-14,1052-1045;16-21,1043-1038	1-3,1059-1057[UP5];x-x,1053-1053[BULt];15-15,1044-1044[SIL]	((((((.((((((((.(((...&...)))-)))))))).))))))	AGAUGGCAGAAAUGGAGAUUAA&UAUAUC-CCAUUUCUACCAUCU
TAS2_3D6	AT3G15130_ATERI-3G26120	419	439	430	-32.70	-21.50	0.657492354740061	12	6-13,434-427;15-20,425-420	1-5,439-435[UP5];14-14,426-426[SIL];21-21,419-419[UP3]	.((((((.((((((((.....&.....)))))))).)))))).	UGAUGGUUGAAGUGGGCAAUU&UAUAUCCCAUUUCUACCAUCU
TAS2_3D6	AT1G61870_ATERI-1G72930	635	656	647	-32.70	-21.50	0.657492354740061	8	3-8,654-649;10-14,647-643;16-21,640-635	1-2,656-655[UP5];9-9,648-648[SIL];15-15,642-641[AILt]	((((((..(((((.((((((..&..)))))).)))))-.))))))	AGAUGGAGAGGAAAGGGAUAAA&UAUAUCCCAUUUCU-ACCAUCU
TAS2_3D6	AT3G59040_ATERI-3G80300	2423	2444	2435	-32.70	-21.40	0.654434250764526	11	3-10,2442-2435;11-14,2432-2429;16-21,2428-2423	1-2,2444-2443[UP5];x-x,2434-2433[BULt];15-15,x-x[BULq]	((((((-((((..((((((((..&..))))))))--)))).))))))	AGAUGG-AGAGCUGUGGGGUACC&UAUAUCCCAU--UUCUACCAUCU
TAS2_3D6	AT1G51965_ATERI-1G63070	574	597	588	-32.70	-21.40	0.654434250764526	5	1-2,597-596;4-14,594-584;15-18,581-578;19-21,576-574	3-3,595-595[SIL];x-x,583-582[BULt];x-x,577-577[BULt]	(((.((((..(((((((((((.((&)).)))))))))))--))))-)))	AGAUUGGUGAAGAAAUGGGAUUUA&UAUAUCCCAUUUCU--ACCA-UCU
TAS2_3D6	AT5G43820_ATERI-5G63590	839	859	850	-32.70	-21.30	0.651376146788991	12.5	5-7,855-853;10-21,850-839	1-4,859-856[UP5];8-9,852-851[SIL]	((((((((((((..(((....&....)))..))))))))))))	AGAUGGUGGAGAGUGGAAUCG&UAUAUCCCAUUUCUACCAUCU
TAS1c_3D10	AT1G63230_ATERI-1G74470	741	761	752	-29.60	-29.80	1	1	1-20,761-742	21-21,741-741[UP3]	.((((((((((((((((((((&)))))))))))))))))))).	UGUUGCUAAUACAGUUACUUA&UAAGUAACUGUAUUAGCAACU
TAS1c_3D10	AT1G63630_ATERI-1G74910	753	773	764	-29.60	-30.70	1	0	1-21,773-753	NA	(((((((((((((((((((((&)))))))))))))))))))))	AGUUGCUAAUACAGUUACUUA&UAAGUAACUGUAUUAGCAACU
TAS1c_3D10	AT1G12775_ATERI-1G23280	1302	1322	1313	-29.60	-26.40	0.891891891891892	2.5	1-6,1322-1317;8-21,1315-1302	7-7,1316-1316[SIL]	((((((((((((((.((((((&)))))).))))))))))))))	GGUUGCUAAUACAGGUACUUA&UAAGUAACUGUAUUAGCAACU
TAS1c_3D10	AT1G12700_ATERI-1G23210	1197	1217	1208	-29.60	-26.10	0.881756756756757	2.5	1-14,1217-1204;16-21,1202-1197	15-15,1203-1203[SIL]	((((((.((((((((((((((&)))))))))))))).))))))	GGUUGCCAAUGCAGUUACUUA&UAAGUAACUGUAUUAGCAACU
TAS1c_3D10	AT1G12300_ATERI-1G22790	1302	1322	1313	-29.60	-25.50	0.861486486486486	2	1-14,1322-1309;16-21,1307-1302	15-15,1308-1308[SIL]	((((((.((((((((((((((&)))))))))))))).))))))	GGUUGCAGAUACAGUUACUUA&UAAGUAACUGUAUUAGCAACU
TAS1c_3D10	AT5G64320_ATERI-5G86570	1575	1595	1586	-29.60	-25.20	0.851351351351351	3	1-8,1595-1588;10-20,1586-1576	9-9,1587-1587[SIL];21-21,1575-1575[UP3]	.(((((((((((.((((((((&)))))))).))))))))))).	UGUUGCUAAUACUGUUACUUA&UAAGUAACUGUAUUAGCAACU
TAS1c_3D10	AT1G12620_ATERI-1G23110	1254	1274	1265	-29.60	-24.80	0.837837837837838	3	1-14,1274-1261;16-21,1259-1254	15-15,1260-1260[SIL]	((((((.((((((((((((((&)))))))))))))).))))))	GGUUGCAGAUACGGUUACUUA&UAAGUAACUGUAUUAGCAACU
TAS1c_3D10	AT1G74900_ATERI-1G87280	574	593	584	-29.60	-23.70	0.800675675675676	2	1-18,593-576;20-21,575-574	19-19,x-x[BULq]	((-((((((((((((((((((&)))))))))))))))))).))	AG-UGUUGAUACAGUUACUUA&UAAGUAACUGUAUUAGCAACU
TAS1c_3D10	AT1G64100_ATERI-1G75390	741	761	752	-29.60	-23.00	0.777027027027027	4	1-6,761-756;9-21,753-741	7-8,755-754[SIL]	(((((((((((((..((((((&))))))..)))))))))))))	AGUUGCUAAUACAACUACUUA&UAAGUAACUGUAUUAGCAACU
TAS1c_3D10	AT1G62680_ATERI-1G73780	1083	1103	1094	-29.60	-21.10	0.712837837837838	3	1-14,1103-1090;16-17,1089-1088;18-21,1086-1083	15-15,x-x[BULq];x-x,1087-1087[BULt]	((((.((-((((((((((((((&)))))))))))))).))-))))	AGUUAGC-AAUACGGUUACUUA&UAAGUAACUGUAUUAGC-AACU
TAS1c_3D10	AT1G62720_ATERI-1G73820	471	494	485	-29.60	-20.60	0.695945945945946	7	1-8,494-487;10-17,485-478;18-21,474-471	9-9,486-486[SIL];x-x,477-475[BULt]	((((...((((((((.((((((((&)))))))).))))))))---))))	GGUUAGAGCUGAUGCUGUUACUUA&UAAGUAACUGUAUUAGC---AACU
TAS1c_3D10	AT2G16880_ATERI-2G34700	1863	1883	1874	-29.60	-20.50	0.692567567567568	8	4-17,1880-1867;20-21,1864-1863	1-3,1883-1881[UP5];18-19,1866-1865[SIL]	((..((((((((((((((...&...))))))))))))))..))	AGAGGUUGAUACAGUUACAUA&UAAGUAACUGUAUUAGCAACU
TAS1c_3D10	AT1G03100_ATERI-1G12280	2144	2164	2156	-29.60	-20.40	0.689189189189189	7.5	2-6,2163-2159;8-15,2158-2151;16-21,2149-2144	1-1,2164-2164[UP5];7-7,x-x[BULq];x-x,2150-2150[BULt]	((((((.((((((((-(((((.&.))))).))))))))-))))))	AGUUGCUUGAUGCGG-UGCUUU&UAAGUAACUGUAUUA-GCAACU
TAS1c_3D10	AT1G64580_ATERI-1G75950	645	665	656	-29.60	-20.40	0.689189189189189	7.5	1-8,665-658;10-17,656-649	9-9,657-657[SIL];18-21,648-645[UP3]	....((((((((.((((((((&)))))))).))))))))....	CAGAGCUGAUGCUGUUACUUA&UAAGUAACUGUAUUAGCAACU
TAS1c_3D10	AT5G16860_ATERI-5G27040	1950	1971	1962	-29.60	-19.90	0.672297297297297	12.5	3-10,1969-1962;15-21,1956-1950	1-2,1971-1970[UP5];11-14,1961-1957[AILt]	(((((((.....((((((((..&..))))))))-....)))))))	GGUUGCUUUUCUCAGUUGCUGC&UAAGUAACUG-UAUUAGCAACU
TAS1c_3D10	AT4G34830_ATERI-4G61990	676	702	693	-29.60	-19.70	0.66554054054054	19.5	4-11,699-692;12-20,685-677	1-3,702-700[UP5];x-x,691-686[BULt];21-21,676-676[UP3]	.(((((((((......((((((((...&...))))))))------))))))))).	UGUUGCUAGUGUGACCACAGUUGCCAC&UAAGUAACUGU------AUUAGCAACU
TAS1c_3D10	AT1G63330_ATERI-1G73710	1293	1313	1304	-29.60	-19.70	0.66554054054054	5	1-5,1313-1309;7-14,1307-1300;17-21,1297-1293	6-6,1308-1308[SIL];15-16,1299-1298[SIL]	(((((..((((((((.(((((&))))).))))))))..)))))	GGUUGGCGAUACAGUCACUUA&UAAGUAACUGUAUUAGCAACU
TAS1c_3D10	AT1G62590_ATERI-1G73710	1293	1313	1304	-29.60	-19.70	0.66554054054054	5	1-5,1313-1309;7-14,1307-1300;17-21,1297-1293	6-6,1308-1308[SIL];15-16,1299-1298[SIL]	(((((..((((((((.(((((&))))).))))))))..)))))	GGUUGGCGAUACAGUCACUUA&UAAGUAACUGUAUUAGCAACU
TAS1c_3D10	AT3G17370_ATERI-3G28720	411	431	422	-29.60	-19.60	0.662162162162162	4	1-7,431-425;9-21,423-411	8-8,424-424[SIL]	(((((((((((((.(((((((&))))))).)))))))))))))	AGUUGCUAAUGUAAUUACUUA&UAAGUAACUGUAUUAGCAACU
TAS1c_3D10	AT5G28370_ATERI-4G30870	1204	1226	1217	-29.60	-19.60	0.662162162162162	5	1-14,1226-1213;16-18,1210-1208;19-20,1206-1205	15-15,1212-1211[AILt];x-x,1207-1207[BULt];21-21,1204-1204[UP3]	.((.(((..((((((((((((((&))))))))))))))-.)))-)).	UGUGUGCCCAAUGCAGUUACUUA&UAAGUAACUGUAUU-AGCA-ACU
TAS1c_3D10	AT5G28460_ATERI-4G30870	1204	1226	1217	-29.60	-19.60	0.662162162162162	5	1-14,1226-1213;16-18,1210-1208;19-20,1206-1205	15-15,1212-1211[AILt];x-x,1207-1207[BULt];21-21,1204-1204[UP3]	.((.(((..((((((((((((((&))))))))))))))-.)))-)).	UGUGUGCCCAAUGCAGUUACUUA&UAAGUAACUGUAUU-AGCA-ACU
TAS1c_3D10	AT1G73710_ATERI-1G85950	1799	1820	1811	-29.60	-19.50	0.658783783783784	11.5	5-16,1816-1805;17-20,1803-1800	1-4,1820-1817[UP5];x-x,1804-1804[BULt];21-21,1799-1799[UP3]	.((((.((((((((((((....&....))))))))))))-)))).	UGUUGUCUGAUGCAGUUGACCU&UAAGUAACUGUAUUAG-CAACU
TAS1c_3D10	AT5G65560_ATERI-5G88060	1136	1156	1147	-29.60	-19.30	0.652027027027027	10.5	3-6,1154-1151;8-10,1149-1147;13-21,1144-1136	1-2,1156-1155[UP5];7-7,1150-1150[SIL];11-12,1146-1145[SIL]	(((((((((..(((.((((..&..)))).)))..)))))))))	AGUUGCUAGGUCAGAUGCUAG&UAAGUAACUGUAUUAGCAACU
TAS1c_3D6	AT5G41170_ATERI-5G60360	1338	1358	1349	-31.40	-26.30	0.837579617834395	3.5	1-13,1358-1346;15-20,1344-1339	14-14,1345-1345[SIL];21-21,1338-1338[UP3]	.((((((.(((((((((((((&))))))))))))).)))))).	GGUAUUCGAGGAUAUGCGAAA&UUUUGCAUAUCCUGGAAUAUG
TAS1c_3D6	AT5G41170_ATERI-5G60360	1224	1244	1235	-31.40	-24.90	0.792993630573248	2.5	1-13,1244-1232;15-20,1230-1225	14-14,1231-1231[SIL];21-21,1224-1224[UP3]	.((((((.(((((((((((((&))))))))))))).)))))).	GAUAUUUGAGGAUAUGCAAAA&UUUUGCAUAUCCUGGAAUAUG
TAS1c_3D6	AT2G22410_ATERI-2G40870	1124	1145	1136	-31.40	-24.10	0.767515923566879	4.5	2-8,1144-1138;10-19,1136-1127;20-21,1125-1124	1-1,1145-1145[UP5];9-9,1137-1137[SIL];x-x,1126-1126[BULt]	((.((((((((((.(((((((.&.))))))).))))))))))-))	CAUUGUUCCAGGAGAUGCAAAC&UUUUGCAUAUCCUGGAAUA-UG
TAS1c_3D6	AT1G62720_ATERI-1G73820	1122	1144	1135	-31.40	-23.80	0.75796178343949	5	1-14,1144-1131;15-18,1129-1126;19-21,1124-1122	x-x,1130-1130[BULt];x-x,1125-1125[BULt]	(((.((((.((((((((((((((&))))))))))))))-))))-)))	CGUCAUUCACGGGAUGUGCAAGA&UUUUGCAUAUCCUG-GAAU-AUG
TAS1c_3D6	AT4G39952_ATERI-4G67670	951	971	962	-31.40	-22.80	0.726114649681529	5	1-8,971-964;10-21,962-951	9-9,963-963[SIL]	((((((((((((.((((((((&)))))))).))))))))))))	UAUGUUCUGGGAAAUGCAGAA&UUUUGCAUAUCCUGGAAUAUG
TAS1c_3D6	AT1G77170_ATERI-1G89780	828	848	839	-31.40	-22.70	0.722929936305733	7	3-8,846-841;10-13,839-836;15-21,834-828	1-2,848-847[UP5];9-9,840-840[SIL];14-14,835-835[SIL]	(((((((.((((.((((((..&..)))))).)))).)))))))	CAUAUUCGAGGAAAUGCGACA&UUUUGCAUAUCCUGGAAUAUG
TAS1c_3D6	AT5G66520_ATERI-5G89140	955	975	966	-31.40	-22.60	0.719745222929936	8.5	4-18,972-958	1-3,975-973[UP5];19-21,957-955[UP3]	...(((((((((((((((...&...)))))))))))))))...	UUGAUUUCAGGAUAUGCAUAC&UUUUGCAUAUCCUGGAAUAUG
TAS1c_3D6	AT3G22470_ATERI-3G34730	1485	1507	1498	-31.40	-22.50	0.71656050955414	6.5	3-14,1505-1494;15-18,1492-1489;19-21,1487-1485	1-2,1507-1506[UP5];x-x,1493-1493[BULt];x-x,1488-1488[BULt]	(((.((((.((((((((((((..&..))))))))))))-))))-)))	CAUCAUUCACGGGAUGUGCAAUG&UUUUGCAUAUCCUG-GAAU-AUG
TAS1c_3D6	AT1G12775_ATERI-1G23280	1539	1561	1552	-31.40	-22.50	0.71656050955414	6.5	3-14,1559-1548;15-18,1546-1543;19-21,1541-1539	1-2,1561-1560[UP5];x-x,1547-1547[BULt];x-x,1542-1542[BULt]	(((.((((.((((((((((((..&..))))))))))))-))))-)))	CAUCAUUCACGGGAUGUGCAAUG&UUUUGCAUAUCCUG-GAAU-AUG
TAS1c_3D6	AT1G12300_ATERI-1G22790	1539	1561	1552	-31.40	-22.50	0.71656050955414	6.5	3-14,1559-1548;15-18,1546-1543;19-21,1541-1539	1-2,1561-1560[UP5];x-x,1547-1547[BULt];x-x,1542-1542[BULt]	(((.((((.((((((((((((..&..))))))))))))-))))-)))	CAUCAUUCACGGGAUGUGCAAUG&UUUUGCAUAUCCUG-GAAU-AUG
TAS1c_3D6	AT3G62890_ATERI-3G84510	540	560	551	-31.40	-22.40	0.713375796178344	8	3-8,558-553;10-19,551-542	1-2,560-559[UP5];9-9,552-552[SIL];20-21,541-540[UP3]	..((((((((((.((((((..&..)))))).))))))))))..	UUUGUUCCGGGAGAUGCAAUU&UUUUGCAUAUCCUGGAAUAUG
TAS1c_3D6	AT2G27610_ATERI-2G46700	766	786	777	-31.40	-22.40	0.713375796178344	8	3-18,784-769	1-2,786-785[UP5];19-21,768-766[UP3]	...((((((((((((((((..&..))))))))))))))))...	AUGAUUUCGGGAUAUGCAGCG&UUUUGCAUAUCCUGGAAUAUG
TAS1c_3D6	AT1G59720_ATERI-1G70550	873	893	884	-31.40	-22.20	0.707006369426752	5.5	1-8,893-886;10-20,884-874	9-9,885-885[SIL];21-21,873-873[UP3]	.(((((((((((.((((((((&)))))))).))))))))))).	AGUGUUUCAGGGGAUGCAAAA&UUUUGCAUAUCCUGGAAUAUG
TAS1c_3D6	AT4G34830_ATERI-4G61990	3281	3301	3292	-31.40	-22.10	0.703821656050955	4.5	1-8,3301-3294;10-14,3292-3288;16-20,3286-3282	9-9,3293-3293[SIL];15-15,3287-3287[SIL];21-21,3281-3281[UP3]	.(((((.(((((.((((((((&)))))))).))))).))))).	GAUGUUGCAGGACAUGCAAAA&UUUUGCAUAUCCUGGAAUAUG
TAS1c_3D6	AT5G16860_ATERI-5G27040	1006	1026	1017	-31.40	-21.80	0.694267515923567	10.5	5-19,1022-1008	1-4,1026-1023[UP5];20-21,1007-1006[UP3]	..(((((((((((((((....&....)))))))))))))))..	GCUAUUUCAGGGUAUGCUCAA&UUUUGCAUAUCCUGGAAUAUG
TAS1c_3D6	AT1G62680_ATERI-1G73780	1607	1627	1618	-31.40	-21.70	0.691082802547771	7	1-16,1627-1612	17-21,1611-1607[UP3]	.....((((((((((((((((&)))))))))))))))).....	UAAAAUCUGGGGUAUGCAAAA&UUUUGCAUAUCCUGGAAUAUG
TAS1c_3D6	AT1G26500_ATERI-1G37310	1443	1464	1455	-31.40	-21.70	0.691082802547771	7.5	2-4,1463-1461;6-11,1459-1454;12-21,1452-1443	1-1,1464-1464[UP5];5-5,1460-1460[SIL];x-x,1453-1453[BULt]	((((((((((.((((((.(((.&.))).))))))-))))))))))	UAUAUUCCAGAGGUAUGGAGAG&UUUUGCAUAUC-CUGGAAUAUG
TAS1c_3D6	AT3G05240_ATERI-3G14890	1212	1232	1224	-31.40	-21.60	0.687898089171975	6.5	1-8,1232-1225;10-11,1224-1223;12-21,1221-1212	9-9,x-x[BULq];x-x,1222-1222[BULt]	((((((((((.((-((((((((&)))))))).))-))))))))))	UAUAUUCCAGAGG-AUGCAAGA&UUUUGCAUAUC-CUGGAAUAUG
TAS1c_3D6	AT1G08070_ATERI-1G17930	709	729	720	-31.40	-21.60	0.687898089171975	6.5	1-3,729-727;5-18,725-712	4-4,726-726[SIL];19-21,711-709[UP3]	...((((((((((((((.(((&))).))))))))))))))...	AUGAUUUCAGGAUAUGCUGAA&UUUUGCAUAUCCUGGAAUAUG
TAS1c_3D6	AT3G22690_ATERI-3G34950	313	333	324	-31.40	-21.50	0.684713375796178	9	4-13,330-321;15-18,319-316	1-3,333-331[UP5];14-14,320-320[SIL];19-21,315-313[UP3]	...((((.((((((((((...&...)))))))))).))))...	UUGAUUCGAGGAUAUGCAUCU&UUUUGCAUAUCCUGGAAUAUG
TAS1c_3D6	AT5G16640_ATERI-5G26820	1308	1330	1321	-31.40	-21.40	0.681528662420382	6	1-14,1330-1317;15-18,1315-1312;19-21,1310-1308	x-x,1316-1316[BULt];x-x,1311-1311[BULt]	(((.((((.((((((((((((((&))))))))))))))-))))-)))	CAUCAUUCGCGGGAUGUGUAAGG&UUUUGCAUAUCCUG-GAAU-AUG
TAS1c_3D6	AT2G22410_ATERI-2G40870	985	1005	996	-31.40	-21.40	0.681528662420382	10.5	5-18,1001-988	1-4,1005-1002[UP5];19-21,987-985[UP3]	...((((((((((((((....&....))))))))))))))...	AUGAUUUCAGGAUAUGCUAGA&UUUUGCAUAUCCUGGAAUAUG
TAS1c_3D6	AT1G03100_ATERI-1G12280	2034	2055	2046	-31.40	-21.00	0.668789808917198	7	3-14,2053-2042;15-16,2040-2039;18-21,2037-2034	1-2,2055-2054[UP5];x-x,2041-2041[BULt];17-17,2038-2038[SIL]	((((.((.((((((((((((..&..))))))))))))-)).))))	UAUGGUCACAGGAUAUGCAGCC&UUUUGCAUAUCCUG-GAAUAUG
TAS1c_3D6	AT4G04370_ATERI-4G17010	646	666	657	-31.40	-20.80	0.662420382165605	11.5	5-18,662-649	1-4,666-663[UP5];19-21,648-646[UP3]	...((((((((((((((....&....))))))))))))))...	AUGAUUUCAGGGUAUGCUUCU&UUUUGCAUAUCCUGGAAUAUG
TAS1c_3D6	AT5G15980_ATERI-5G26110	1279	1304	1295	-31.40	-20.80	0.662420382165605	9	1-11,1304-1294;12-13,1292-1291;14-21,1286-1279	x-x,1293-1293[BULt];x-x,1290-1287[BULt]	((((((((....((.(((((((((((&)))))))))))-))----))))))))	UAUGUUCCUAGUGGUGAUAUGCAGAG&UUUUGCAUAUC-CU----GGAAUAUG
TAS1c_3D6	AT5G41170_ATERI-5G60360	1395	1417	1408	-31.40	-20.60	0.656050955414013	6	1-13,1417-1405;15-18,1402-1399;19-21,1397-1395	14-14,1404-1403[AILt];x-x,1398-1398[BULt]	(((.((((..(((((((((((((&)))))))))))))-.))))-)))	CAUCAUUCAAGGGAUGUGCAAGG&UUUUGCAUAUCCU-GGAAU-AUG
TAS1c_3D6	AT3G16710_ATERI-3G27960	1315	1336	1327	-31.40	-20.60	0.656050955414013	7.5	2-13,1335-1324;15-19,1321-1317	1-1,1336-1336[UP5];14-14,1323-1322[AILt];20-21,1316-1315[UP3]	..(((((..((((((((((((.&.))))))))))))-.)))))..	AUUAUUCAAGGGAUGUGCAAGC&UUUUGCAUAUCCU-GGAAUAUG
TAS1c_3D6	AT4G26800_ATERI-4G52830	1329	1351	1342	-31.40	-20.60	0.656050955414013	6	1-13,1351-1339;15-18,1336-1333;19-21,1331-1329	14-14,1338-1337[AILt];x-x,1332-1332[BULt]	(((.((((..(((((((((((((&)))))))))))))-.))))-)))	CAUGAUUCAUGGGAUGUGCAAGG&UUUUGCAUAUCCU-GGAAU-AUG
TAS1c_3D6	AT3G18840_ATERI-3G30420	691	711	702	-31.40	-20.50	0.652866242038217	10	4-14,708-698;16-18,696-694	1-3,711-709[UP5];15-15,697-697[SIL];19-21,693-691[UP3]	...(((.(((((((((((...&...))))))))))).)))...	UUGAUUGCAGGGUAUGCACAG&UUUUGCAUAUCCUGGAAUAUG
TAS2_3D9	AT3G22470_ATERI-3G34730	485	505	496	-33.60	-32.70	0.973214285714286	3	1-19,505-487	20-21,486-485[UP3]	..(((((((((((((((((((&)))))))))))))))))))..	UAGUUGAUCGGAUGGUGGAAA&UUUCUACCAUCCGAUCAACAA
TAS2_3D9	AT1G63630_ATERI-1G74910	95	115	106	-33.60	-27.80	0.827380952380952	2	2-15,114-101;17-21,99-95	1-1,115-115[UP5];16-16,100-100[SIL]	(((((.((((((((((((((.&.)))))))))))))).)))))	UUGUUCAUCGGAUGGUAGAAG&UUUCUACCAUCCGAUCAACAA
TAS2_3D9	AT1G63130_ATERI-1G74340	518	538	529	-33.60	-27.60	0.821428571428571	3.5	1-11,538-528;13-21,526-518	12-12,527-527[SIL]	(((((((((.(((((((((((&))))))))))).)))))))))	UUGUUGGUCAGAUGGUGGAAA&UUUCUACCAUCCGAUCAACAA
TAS2_3D9	AT1G63230_ATERI-1G74470	95	115	106	-33.60	-27.30	0.8125	3	2-10,114-106;12-21,104-95	1-1,115-115[UP5];11-11,105-105[SIL]	((((((((((.(((((((((.&.))))))))).))))))))))	UUGUUGAUCGUAUGGUAGAAG&UUUCUACCAUCCGAUCAACAA
TAS2_3D9	AT1G12620_ATERI-1G23110	1816	1835	1826	-33.60	-25.30	0.75297619047619	5	3-15,1833-1821;17-20,1820-1817	1-2,1835-1834[UP5];16-16,x-x[BULq];21-21,1816-1816[UP3]	.((((-(((((((((((((..&..))))))))))))).)))).	AUGUU-AUCGGAUGGUAGAUU&UUUCUACCAUCCGAUCAACAA
TAS2_3D9	AT1G12300_ATERI-1G22790	1864	1883	1874	-33.60	-25.30	0.75297619047619	5	3-15,1881-1869;17-20,1868-1865	1-2,1883-1882[UP5];16-16,x-x[BULq];21-21,1864-1864[UP3]	.((((-(((((((((((((..&..))))))))))))).)))).	AUGUU-AUCGGAUGGUAGAUU&UUUCUACCAUCCGAUCAACAA
TAS2_3D9	AT1G62720_ATERI-1G73820	445	467	457	-33.60	-23.90	0.711309523809524	7	1-5,467-463;7-18,460-449;19-20,447-446	6-6,462-461[AILt];x-x,448-448[BULt];21-21,445-445[UP3]	.((.((((((((((((..(((((&)))))-.))))))))))))-)).	CUGUUUGAUCGGAUGGAAAGAGA&UUUCU-ACCAUCCGAUCAA-CAA
TAS2_3D9	AT1G19520_ATERI-1G30740	2175	2195	2186	-33.60	-23.80	0.708333333333333	11.5	7-21,2189-2175	1-6,2195-2190[UP5]	(((((((((((((((......&......)))))))))))))))	UUGUUGAUUGGAUGGCUAAUC&UUUCUACCAUCCGAUCAACAA
TAS2_3D9	AT1G62680_ATERI-1G73780	530	550	541	-33.60	-23.60	0.702380952380952	7	1-11,550-540;14-19,537-532	12-13,539-538[SIL];20-21,531-530[UP3]	..((((((..(((((((((((&)))))))))))..))))))..	UGGUUGAUAAGAUGGUGGAGA&UUUCUACCAUCCGAUCAACAA
TAS2_3D9	AT2G36240_ATERI-2G56320	911	932	922	-33.60	-23.50	0.699404761904762	6	1-7,932-926;8-9,924-923;11-12,921-920;14-21,918-911	x-x,925-925[BULt];10-10,922-922[SIL];13-13,919-919[SIL]	((((((((.((.((.(((((((&)))))))-)).)).))))))))	UUGUUGAUGGGUUGUGUAGAGA&UUUCUAC-CAUCCGAUCAACAA
TAS2_3D9	AT3G22690_ATERI-3G34950	656	686	676	-33.60	-22.70	0.675595238095238	13	1-5,686-682;6-14,680-672;15-20,662-657	x-x,681-681[BULt];x-x,671-663[BULt];21-21,656-656[UP3]	.((((((.........(((((((((.(((((&)))))-)))))))))---------)))))).	CUGUUGAUUUGUUUUUUCGGAUGGUGAGAGA&UUUCU-ACCAUCCGA---------UCAACAA
TAS2_3D9	AT1G12700_ATERI-1G23210	539	559	550	-33.60	-22.70	0.675595238095238	5	1-12,559-548;14-16,546-544;18-19,542-541	13-13,547-547[SIL];17-17,543-543[SIL];20-21,540-539[UP3]	..((.(((.((((((((((((&)))))))))))).))).))..	UAGUCGAUAGGAUGGUGGAAA&UUUCUACCAUCCGAUCAACAA
TAS2_3D9	AT1G63400_ATERI-1G74680	530	550	541	-33.60	-22.60	0.672619047619048	7	1-10,550-541;13-19,538-532	11-12,540-539[SIL];20-21,531-530[UP3]	..(((((((..((((((((((&))))))))))..)))))))..	UGGUUGAUCAAAUGGUGGAAA&UUUCUACCAUCCGAUCAACAA
TAS2_3D9	AT1G63330_ATERI-1G73710	530	550	541	-33.60	-22.60	0.672619047619048	7	1-10,550-541;13-19,538-532	11-12,540-539[SIL];20-21,531-530[UP3]	..(((((((..((((((((((&))))))))))..)))))))..	UGGUUGAUCAAAUGGUGGAAA&UUUCUACCAUCCGAUCAACAA
TAS2_3D9	AT1G62590_ATERI-1G73710	530	550	541	-33.60	-22.60	0.672619047619048	7	1-10,550-541;13-19,538-532	11-12,540-539[SIL];20-21,531-530[UP3]	..(((((((..((((((((((&))))))))))..)))))))..	UGGUUGAUCAAAUGGUGGAAA&UUUCUACCAUCCGAUCAACAA
TAS2_3D9	AT1G29710_ATERI-1G40970	78	98	89	-33.60	-22.60	0.672619047619048	9	2-14,97-85;16-17,83-82	1-1,98-98[UP5];15-15,84-84[SIL];18-21,81-78[UP3]	....((.(((((((((((((.&.))))))))))))).))....	GUUCUGUUCGGGUGGUGGAGC&UUUCUACCAUCCGAUCAACAA
TAS2_3D9	AT1G63070_ATERI-1G74270	470	490	481	-33.60	-22.20	0.660714285714286	6	1-11,490-480;13-16,478-475;18-19,473-472	12-12,479-479[SIL];17-17,474-474[SIL];20-21,471-470[UP3]	..((.((((.(((((((((((&))))))))))).)))).))..	UGGUAGAUCAGAUGGUGGAAA&UUUCUACCAUCCGAUCAACAA
TAS2_3D9	AT1G79540_ATERI-1G92320	839	859	850	-33.60	-22.20	0.660714285714286	8	1-4,859-856;6-16,854-844	5-5,855-855[SIL];17-21,843-839[UP3]	.....(((((((((((.((((&)))).))))))))))).....	AAUUGGGUCGGAUGGUUGAAG&UUUCUACCAUCCGAUCAACAA
TAS2_3D9	AT1G63080_ATERI-1G74270	470	490	481	-33.60	-22.20	0.660714285714286	6	1-11,490-480;13-16,478-475;18-19,473-472	12-12,479-479[SIL];17-17,474-474[SIL];20-21,471-470[UP3]	..((.((((.(((((((((((&))))))))))).)))).))..	UGGUAGAUCAGAUGGUGGAAA&UUUCUACCAUCCGAUCAACAA
TAS2_3D9	AT4G18840_ATERI-4G43590	1255	1274	1267	-33.60	-22.10	0.657738095238095	5.5	1-4,1274-1271;7-18,1270-1259;19-21,1257-1255	5-6,x-x[BULq];x-x,1258-1258[BULt]	(((.((((((((((((--((((&))))..))))))))))))-)))	UUGCUUGGUCGGAUGG--GAAA&UUUCUACCAUCCGAUCAA-CAA
TAS2_3D9	AT1G02370_ATERI-1G11450	628	647	639	-33.60	-22.00	0.654761904761905	6.5	2-5,646-643;7-18,642-631	1-1,647-647[UP5];6-6,x-x[BULq];19-21,630-628[UP3]	...((((((((((((-((((.&.)))).))))))))))))...	UCUUUGAUUGGAUGG-AGAAG&UUUCUACCAUCCGAUCAACAA
TAS2_3D9	AT1G09190_ATERI-1G19140	1046	1065	1057	-33.60	-21.90	0.651785714285714	8.5	1-5,1065-1061;7-16,1060-1051	6-6,x-x[BULq];17-21,1050-1046[UP3]	.....((((((((((-(((((&))))).)))))))))).....	ACACAGGUCGGGUGG-AGAAA&UUUCUACCAUCCGAUCAACAA
TAS2_3D11	AT1G63320_ATERI-1G74580	215	235	226	-31.60	-31.00	0.981012658227848	2	1-20,235-216	21-21,215-215[UP3]	.((((((((((((((((((((&)))))))))))))))))))).	UGGUAUUCGGGUAUAUGCAAA&UUUGCAUAUACUCGAAUACCU
TAS2_3D11	AT1G63070_ATERI-1G74270	1411	1431	1422	-31.60	-28.10	0.889240506329114	5	1-6,1431-1426;8-20,1424-1412	7-7,1425-1425[SIL];21-21,1411-1411[UP3]	.(((((((((((((.((((((&)))))).))))))))))))).	UGGUAUUCGAGUGUUUGCAGA&UUUGCAUAUACUCGAAUACCU
TAS2_3D11	AT1G63080_ATERI-1G74270	1411	1431	1422	-31.60	-28.10	0.889240506329114	5	1-6,1431-1426;8-20,1424-1412	7-7,1425-1425[SIL];21-21,1411-1411[UP3]	.(((((((((((((.((((((&)))))).))))))))))))).	UGGUAUUCGAGUGUUUGCAGA&UUUGCAUAUACUCGAAUACCU
TAS2_3D11	AT1G62670_ATERI-1G74030	1460	1480	1471	-31.60	-27.60	0.873417721518987	3	1-6,1480-1475;8-20,1473-1461	7-7,1474-1474[SIL];21-21,1460-1460[UP3]	.(((((((((((((.((((((&)))))).))))))))))))).	UGGUAUUCGAGUAUCUGCAAA&UUUGCAUAUACUCGAAUACCU
TAS2_3D11	AT1G62930_ATERI-1G74070	1457	1477	1468	-31.60	-27.60	0.873417721518987	3	1-6,1477-1472;8-20,1470-1458	7-7,1471-1471[SIL];21-21,1457-1457[UP3]	.(((((((((((((.((((((&)))))).))))))))))))).	UGGUAUUCGAGUAUCUGCAAA&UUUGCAUAUACUCGAAUACCU
TAS2_3D11	AT5G41170_ATERI-5G60360	1337	1357	1348	-31.60	-27.10	0.857594936708861	6	1-8,1357-1350;11-20,1347-1338	9-10,1349-1348[SIL];21-21,1337-1337[UP3]	.((((((((((..((((((((&))))))))..)))))))))).	UGGUAUUCGAGGAUAUGCGAA&UUUGCAUAUACUCGAAUACCU
TAS2_3D11	AT1G63130_ATERI-1G74340	1460	1480	1471	-31.60	-24.20	0.765822784810127	4	1-6,1480-1475;8-19,1473-1462	7-7,1474-1474[SIL];20-21,1461-1460[UP3]	..((((((((((((.((((((&)))))).))))))))))))..	UCGUAUUCGAGUAUCUGCAAA&UUUGCAUAUACUCGAAUACCU
TAS2_3D11	AT1G62914_ATERI-1G74040	1451	1471	1462	-31.60	-23.90	0.756329113924051	4	1-6,1471-1466;8-19,1464-1453	7-7,1465-1465[SIL];20-21,1452-1451[UP3]	..((((((((((((.((((((&)))))).))))))))))))..	UUGUAUUCGAGUAUCUGCAAA&UUUGCAUAUACUCGAAUACCU
TAS2_3D11	AT1G63400_ATERI-1G74680	1472	1492	1483	-31.60	-23.90	0.756329113924051	4	1-6,1492-1487;8-19,1485-1474	7-7,1486-1486[SIL];20-21,1473-1472[UP3]	..((((((((((((.((((((&)))))).))))))))))))..	UUGUAUUCGAGUAUCUGCAAA&UUUGCAUAUACUCGAAUACCU
TAS2_3D11	AT1G63330_ATERI-1G73710	1472	1492	1483	-31.60	-22.90	0.724683544303797	3	1-10,1492-1483;12-16,1481-1477;18-21,1475-1472	11-11,1482-1482[SIL];17-17,1476-1476[SIL]	((((.(((((.((((((((((&)))))))))).))))).))))	AGGUUUUCGACUAUAUGCAAA&UUUGCAUAUACUCGAAUACCU
TAS2_3D11	AT1G62590_ATERI-1G73710	1472	1492	1483	-31.60	-22.90	0.724683544303797	3	1-10,1492-1483;12-16,1481-1477;18-21,1475-1472	11-11,1482-1482[SIL];17-17,1476-1476[SIL]	((((.(((((.((((((((((&)))))))))).))))).))))	AGGUUUUCGACUAUAUGCAAA&UUUGCAUAUACUCGAAUACCU
TAS2_3D11	AT2G02750_ATERI-2G12000	285	308	297	-31.60	-22.80	0.721518987341772	8.5	2-7,307-302;8-14,299-293;15-21,291-285	1-1,308-308[UP5];x-x,301-300[BULt];x-x,292-292[BULt]	(((((((.(((((((..((((((.&.))))))--)))))))-)))))))	GGGUAUUGCGAGUGUUAAUGCAGC&UUUGCAU--AUACUCG-AAUACCU
TAS2_3D11	AT5G37570_ATERI-5G56020	1270	1291	1282	-31.60	-22.70	0.718354430379747	6	1-7,1291-1285;10-16,1282-1276;17-21,1274-1270	8-9,1284-1283[SIL];x-x,1275-1275[BULt]	(((((.(((((((..(((((((&)))))))..)))))))-)))))	AGGUAUUUCGAGUUAAUGCGAA&UUUGCAUAUACUCGAA-UACCU
TAS2_3D11	AT5G04780_ATERI-5G14310	653	673	664	-31.60	-22.70	0.718354430379747	6	2-8,672-666;10-16,664-658;18-20,656-654	1-1,673-673[UP5];9-9,665-665[SIL];17-17,657-657[SIL];21-21,653-653[UP3]	.(((.(((((((.(((((((.&.))))))).))))))).))).	UGGUUUUCGAGUCUAUGCAGG&UUUGCAUAUACUCGAAUACCU
TAS2_3D11	AT4G39620_ATERI-4G67260	710	730	721	-31.60	-22.20	0.70253164556962	6.5	1-7,730-724;9-12,722-719;14-21,717-710	8-8,723-723[SIL];13-13,718-718[SIL]	((((((((.((((.(((((((&))))))).)))).))))))))	AGGUGUUCAGGUGGAUGCAGA&UUUGCAUAUACUCGAAUACCU
TAS2_3D11	AT3G15130_ATERI-3G26120	185	205	196	-31.60	-22.10	0.699367088607595	10.5	4-9,202-197;12-21,194-185	1-3,205-203[UP5];10-11,196-195[SIL]	((((((((((..((((((...&...))))))..))))))))))	AGGUGUUCGACAGUAUGCCUG&UUUGCAUAUACUCGAAUACCU
TAS2_3D11	AT1G79540_ATERI-1G92320	962	983	974	-31.60	-22.10	0.699367088607595	4.5	1-10,983-974;11-17,972-966;19-21,964-962	x-x,973-973[BULt];18-18,965-965[SIL]	(((.(((((((.((((((((((&))))))))))-))))))).)))	AGGCAUUUGAGCUGUAUGCAAA&UUUGCAUAUA-CUCGAAUACCU
TAS2_3D11	AT1G62720_ATERI-1G73820	1061	1084	1075	-31.60	-22.10	0.699367088607595	6.5	1-9,1084-1076;11-15,1074-1070;16-20,1066-1062	10-10,1075-1075[SIL];x-x,1069-1067[BULt];21-21,1061-1061[UP3]	.(((((...(((((.(((((((((&))))))))).)))))---))))).	UGGUGUUAUUCGAGAAUAUGCAAA&UUUGCAUAUACUCGA---AUACCU
TAS2_3D11	AT3G26540_ATERI-3G39420	574	593	585	-31.60	-21.80	0.689873417721519	9.5	1-7,593-587;11-21,584-574	8-10,586-585[AILq]	(((((((((((..-(((((((&)))))))...)))))))))))	GGGUAUUCGGGGA-AUGUAGA&UUUGCAUAUACUCGAAUACCU
TAS2_3D11	AT3G26540_ATERI-3G39420	350	370	361	-31.60	-21.48	0.679746835443038	11.5	4-7,367-364;11-21,360-350	1-3,370-368[UP5];8-10,363-361[SIL]	(((((((((((...((((...&...))))...)))))))))))	AGGUGUUCGAGGAAAUGCCUG&UUUGCAUAUACUCGAAUACCU
TAS2_3D11	AT4G14170_ATERI-4G37480	1223	1242	1233	-31.60	-20.80	0.658227848101266	7	1-7,1242-1236;9-13,1234-1230;15-20,1229-1224	8-8,1235-1235[SIL];14-14,x-x[BULq];21-21,1223-1223[UP3]	.((((((-(((((.(((((((&))))))).))))).)))))).	CGGUGUU-GAGUGGGUGCAAG&UUUGCAUAUACUCGAAUACCU
TAS2_3D11	AT2G28050_ATERI-2G47120	479	499	490	-31.60	-20.70	0.65506329113924	8.5	5-16,495-484;18-21,482-479	1-4,499-496[UP5];17-17,483-483[SIL]	((((.((((((((((((....&....)))))))))))).))))	AGGUUUUUGAGUAUAUGAAGA&UUUGCAUAUACUCGAAUACCU
TAS2_3D11	AT4G39530_ATERI-4G67160	299	319	310	-31.60	-20.68	0.654430379746835	11.5	4-7,316-313;11-21,309-299	1-3,319-317[UP5];8-10,312-310[SIL]	(((((((((((...((((...&...))))...)))))))))))	AGGUGUUCGAGAAAAUGCCUG&UUUGCAUAUACUCGAAUACCU
TAS2_3D11	AT4G13650_ATERI-4G36750	2948	2968	2959	-31.60	-20.60	0.651898734177215	9	2-15,2967-2954	1-1,2968-2968[UP5];16-21,2953-2948[UP3]	......((((((((((((((.&.))))))))))))))......	CUGAAAUCGGGUAUGUGCAAG&UUUGCAUAUACUCGAAUACCU
TAS2_3D12	AT1G12700_ATERI-1G23210	1397	1417	1408	-32.70	-33.40	1	1	1-21,1417-1397	NA	(((((((((((((((((((((&)))))))))))))))))))))	AGAGUAAGAUGGAUCUUGGUA&UAUCAAGAUCCAUCUUACUCU
TAS2_3D12	AT1G12775_ATERI-1G23280	1502	1522	1513	-32.70	-29.30	0.896024464831804	2	1-7,1522-1516;9-21,1514-1502	8-8,1515-1515[SIL]	(((((((((((((.(((((((&))))))).)))))))))))))	AGAGUAAGAUGGAGCUUGAUA&UAUCAAGAUCCAUCUUACUCU
TAS2_3D12	AT1G12300_ATERI-1G22790	1502	1522	1513	-32.70	-29.30	0.896024464831804	2	1-7,1522-1516;9-21,1514-1502	8-8,1515-1515[SIL]	(((((((((((((.(((((((&))))))).)))))))))))))	AGAGUAAGAUGGAGCUUGAUA&UAUCAAGAUCCAUCUUACUCU
TAS2_3D12	AT1G12620_ATERI-1G23110	1454	1474	1465	-32.70	-29.30	0.896024464831804	2	1-7,1474-1468;9-21,1466-1454	8-8,1467-1467[SIL]	(((((((((((((.(((((((&))))))).)))))))))))))	AGAGUAAGAUGGAGCUUGAUA&UAUCAAGAUCCAUCUUACUCU
TAS2_3D12	AT1G13800_ATERI-1G24430	2366	2386	2377	-32.70	-28.20	0.862385321100917	4	1-5,2386-2382;7-21,2380-2366	6-6,2381-2381[SIL]	(((((((((((((((.(((((&))))).)))))))))))))))	AGAGUGGGGUGGAUCCUGAUG&UAUCAAGAUCCAUCUUACUCU
TAS2_3D12	AT1G64100_ATERI-1G75390	941	961	952	-32.70	-26.30	0.804281345565749	3	1-10,961-952;12-20,950-942	11-11,951-951[SIL];21-21,941-941[UP3]	.(((((((((.((((((((((&)))))))))).))))))))).	UGAGUAAGAUUGAUCUUGAUA&UAUCAAGAUCCAUCUUACUCU
TAS2_3D12	AT3G22470_ATERI-3G34730	1448	1468	1459	-32.70	-24.70	0.755351681957186	5.5	1-8,1468-1461;11-21,1458-1448	9-10,1460-1459[SIL]	(((((((((((..((((((((&))))))))..)))))))))))	AGAGUAGGAUGACUCUUGGUA&UAUCAAGAUCCAUCUUACUCU
TAS2_3D12	AT1G64580_ATERI-1G75950	1265	1285	1276	-32.70	-23.90	0.730886850152905	3.5	1-6,1285-1280;8-13,1278-1273;15-21,1271-1265	7-7,1279-1279[SIL];14-14,1272-1272[SIL]	(((((((.((((((.((((((&)))))).)))))).)))))))	AGAGUGAAAUGGAUGUUGAUA&UAUCAAGAUCCAUCUUACUCU
TAS2_3D12	AT1G62680_ATERI-1G73780	1283	1303	1294	-32.70	-23.50	0.718654434250764	3	1-13,1303-1291;15-15,1289-1289;18-21,1286-1283	14-14,1290-1290[SIL];16-17,1288-1287[SIL]	((((..(.(((((((((((((&))))))))))))).)..))))	AGAGGGAAAUGGAUCUUGAUA&UAUCAAGAUCCAUCUUACUCU
TAS2_3D12	AT3G13880_ATERI-3G24590	475	496	487	-32.70	-23.30	0.712538226299694	5	2-10,495-487;11-16,485-480;18-21,478-475	1-1,496-496[UP5];x-x,486-486[BULt];17-17,479-479[SIL]	((((.((((((.(((((((((.&.)))))))))-)))))).))))	GGAGAAAGGUGUGAUCUUGAUU&UAUCAAGAUC-CAUCUUACUCU
TAS2_3D12	AT2G39620_ATERI-2G60040	377	397	388	-32.70	-22.50	0.688073394495413	8.5	3-17,395-381	1-2,397-396[UP5];18-21,380-377[UP3]	....(((((((((((((((..&..)))))))))))))))....	UUGCUGAGAUGGGUCUUGAGU&UAUCAAGAUCCAUCUUACUCU
TAS2_3D12	AT5G41170_ATERI-5G60360	1358	1378	1369	-32.70	-22.30	0.681957186544342	4.5	1-6,1378-1373;8-16,1371-1363;18-21,1361-1358	7-7,1372-1372[SIL];17-17,1362-1362[SIL]	((((.(((((((((.((((((&)))))).))))))))).))))	AGAGAGAGAUGGAUAUUGGUA&UAUCAAGAUCCAUCUUACUCU
TAS2_3D12	AT3G12770_ATERI-3G23100	824	845	836	-32.70	-21.90	0.669724770642202	8.5	3-15,843-831;16-18,829-827	1-2,845-844[UP5];x-x,830-830[BULt];19-21,826-824[UP3]	...(((.(((((((((((((..&..)))))))))))))-)))...	GUUGUGAAGAUGGGUCUUGAAA&UAUCAAGAUCCAUCU-UACUCU
TAS2_3D12	AT3G48250_ATERI-3G68240	876	898	889	-32.70	-21.90	0.669724770642202	8.5	3-12,896-887;13-14,884-883;16-21,881-876	1-2,898-897[UP5];x-x,886-885[BULt];15-15,882-882[SIL]	((((((.((..((((((((((..&..))))))))))--)).))))))	AGGGUAUGAUAUGGAUCUUGACA&UAUCAAGAUCCA--UCUUACUCU
TAS2_3D12	AT5G04810_ATERI-5G14340	757	778	768	-32.70	-21.62	0.661162079510703	13	3-4,776-775;8-21,770-757	1-2,778-777[UP5];5-7,774-771[AILt]	((((((((((((((....((..&..))-...))))))))))))))	AGAGUGAGGUGGGUAGAGGAAG&UAUC-AAGAUCCAUCUUACUCU
