# GSTAr version 1.0
# Sat Nov 11 16:50:48 GMT 2023
# Queries: Sha.sRNA.fa
# Transcripts: sub_Sha.fa.fa
# Minimum Free Energy Ratio cutoff (option -r): 0.65
# Sorted by: MFEratio
# Output Format: Tabular
Query	Transcript	TStart	TStop	TSlice	MFEperfect	MFEsite	MFEratio	AllenScore	Paired	Unpaired	Structure	Sequence
miR161.1	AT1G64583_ATSHA-1G78630	728	748	739	-37.90	-32.40	0.854881266490765	2.5	1-10,748-739;12-21,737-728	11-11,738-738[SIL]	((((((((((.((((((((((&)))))))))).))))))))))	ACCCUGAUGUUGUCACUUUCA&UGAAAGUGACUACAUCGGGGU
miR161.1	AT1G62930_ATSHA-1G76790	965	985	976	-37.90	-31.00	0.817941952506596	1.5	1-12,985-974;14-21,972-965	13-13,973-973[SIL]	((((((((.((((((((((((&)))))))))))).))))))))	ACCCUGAUUUAGUCACUUUCA&UGAAAGUGACUACAUCGGGGU
miR161.1	AT1G63070_ATSHA-1G76490	968	988	979	-37.90	-31.00	0.817941952506596	2.5	1-9,988-980;11-21,978-968	10-10,979-979[SIL]	(((((((((((.(((((((((&))))))))).)))))))))))	ACCCUGAUGUAUUCACUUUCA&UGAAAGUGACUACAUCGGGGU
miR161.1	AT1G62670_ATSHA-1G76490	968	988	979	-37.90	-31.00	0.817941952506596	2.5	1-9,988-980;11-21,978-968	10-10,979-979[SIL]	(((((((((((.(((((((((&))))))))).)))))))))))	ACCCUGAUGUAUUCACUUUCA&UGAAAGUGACUACAUCGGGGU
miR161.1	AT1G51965_ATSHA-1G66420	1746	1766	1757	-37.90	-29.70	0.783641160949868	10.5	6-21,1761-1746	1-5,1766-1762[UP5]	((((((((((((((((.....&.....))))))))))))))))	ACCCUGAUGUGGUCACAUACA&UGAAAGUGACUACAUCGGGGU
miR161.1	AT5G36300_ATSHA-5G57270	1447	1467	1458	-37.90	-29.10	0.767810026385224	11	6-21,1462-1447	1-5,1467-1463[UP5]	((((((((((((((((.....&.....))))))))))))))))	ACCCCGAUGUGGUUACCUAUA&UGAAAGUGACUACAUCGGGGU
miR161.1	AT1G63630_ATSHA-1G77500	488	508	499	-37.90	-29.00	0.765171503957784	3.5	1-16,508-493;18-20,491-489	17-17,492-492[SIL];21-21,488-488[UP3]	.(((.((((((((((((((((&)))))))))))))))).))).	CUCCGGAUGUAGUCACUUUUA&UGAAAGUGACUACAUCGGGGU
miR161.1	AT1G06580_ATSHA-1G16290	752	772	763	-37.90	-29.00	0.765171503957784	3.5	1-9,772-764;11-16,762-757;18-21,755-752	10-10,763-763[SIL];17-17,756-756[SIL]	((((.((((((.(((((((((&))))))))).)))))).))))	GCCCGGAUGUAAUCACUUUCA&UGAAAGUGACUACAUCGGGGU
miR161.1	AT1G63230_ATSHA-1G77500	488	508	499	-37.90	-29.00	0.765171503957784	3.5	1-16,508-493;18-20,491-489	17-17,492-492[SIL];21-21,488-488[UP3]	.(((.((((((((((((((((&)))))))))))))))).))).	CUCCGGAUGUAGUCACUUUUA&UGAAAGUGACUACAUCGGGGU
miR161.1	AT1G62720_ATSHA-1G76550	755	775	766	-37.90	-28.70	0.757255936675462	8	4-7,772-769;9-20,767-756	1-3,775-773[UP5];8-8,768-768[SIL];21-21,755-755[UP3]	.((((((((((((.((((...&...)))).)))))))))))).	UCCCCGAUGUAGUGACUUAUA&UGAAAGUGACUACAUCGGGGU
miR161.1	AT5G16640_ATSHA-5G26670	758	778	769	-37.90	-28.60	0.754617414248021	3.5	1-9,778-770;11-21,768-758	10-10,769-769[SIL]	(((((((((((.(((((((((&))))))))).)))))))))))	ACCCUGAUGUAUUUACUUUCA&UGAAAGUGACUACAUCGGGGU
miR161.1	AT2G16880_ATSHA-2G33430	1025	1045	1036	-37.90	-28.20	0.744063324538259	5	1-2,1045-1044;4-19,1042-1027;21-21,1025-1025	3-3,1043-1043[SIL];20-20,1026-1026[SIL]	(.((((((((((((((((.((&)).)))))))))))))))).)	AGCCCGAUGUGGUUACUUACA&UGAAAGUGACUACAUCGGGGU
miR161.1	AT1G63130_ATSHA-1G77040	968	988	979	-37.90	-28.10	0.741424802110818	2.5	1-15,988-974;18-21,971-968	16-17,973-972[SIL]	((((..(((((((((((((((&)))))))))))))))..))))	AUCCAAAUGUAGUCACUUUCA&UGAAAGUGACUACAUCGGGGU
miR161.1	AT1G63080_ATSHA-1G76750	965	985	976	-37.90	-28.10	0.741424802110818	2.5	1-15,985-971;18-21,968-965	16-17,970-969[SIL]	((((..(((((((((((((((&)))))))))))))))..))))	AUCCAAAUGUAGUCACUUUCA&UGAAAGUGACUACAUCGGGGU
miR161.1	AT4G26800_ATSHA-4G54830	988	1009	1000	-37.90	-27.00	0.712401055408971	4	1-2,1009-1008;4-15,1006-995;17-21,992-988	3-3,1007-1007[SIL];16-16,994-993[AILt]	(((((..((((((((((((.((&)).))))))))))))-.)))))	ACCCCAAAUGUAGUCACUUACA&UGAAAGUGACUACAU-CGGGGU
miR161.1	AT5G41170_ATSHA-5G63060	731	751	742	-37.90	-26.90	0.70976253298153	4.5	1-9,751-743;11-19,741-733	10-10,742-742[SIL];20-21,732-731[UP3]	..(((((((((.(((((((((&))))))))).)))))))))..	AACCUGAUGUAAUCACUUUCA&UGAAAGUGACUACAUCGGGGU
miR161.1	AT1G62910_ATSHA-1G77060	974	994	985	-37.90	-26.60	0.701846965699208	4	1-10,994-985;12-15,983-980;17-21,978-974	11-11,984-984[SIL];16-16,979-979[SIL]	(((((.((((.((((((((((&)))))))))).)))).)))))	ACCCCAAUGUUGUUACUUUCA&UGAAAGUGACUACAUCGGGGU
miR161.1	AT1G63150_ATSHA-1G77060	974	994	985	-37.90	-26.60	0.701846965699208	4	1-10,994-985;12-15,983-980;17-21,978-974	11-11,984-984[SIL];16-16,979-979[SIL]	(((((.((((.((((((((((&)))))))))).)))).)))))	ACCCCAAUGUUGUUACUUUCA&UGAAAGUGACUACAUCGGGGU
miR161.1	AT4G31850_ATSHA-4G60680	869	889	880	-37.90	-26.20	0.691292875989446	5.5	1-2,889-888;4-19,886-871	3-3,887-887[SIL];20-21,870-869[UP3]	..((((((((((((((((.((&)).))))))))))))))))..	GACCUGAUGUAGUUACUUACA&UGAAAGUGACUACAUCGGGGU
miR161.1	AT1G77405_ATSHA-1G92550	839	859	850	-37.90	-26.00	0.686015831134565	10	4-7,856-853;9-19,851-841	1-3,859-857[UP5];8-8,852-852[SIL];20-21,840-839[UP3]	..(((((((((((.((((...&...)))).)))))))))))..	UACCCGAUGUGGUGACUUAUA&UGAAAGUGACUACAUCGGGGU
miR161.1	AT1G73710_ATSHA-1G88500	638	658	649	-37.90	-24.70	0.651715039577836	10.5	5-11,654-648;13-20,646-639	1-4,658-655[UP5];12-12,647-647[SIL];21-21,638-638[UP3]	.((((((((.(((((((....&....))))))).)))))))).	UCCCUGAUGAAGUCACUAUGG&UGAAAGUGACUACAUCGGGGU
miR161.2	AT1G62914_ATSHA-1G76760	968	988	979	-33.10	-28.00	0.845921450151057	4	2-7,987-982;9-21,980-968	1-1,988-988[UP5];8-8,981-981[SIL]	(((((((((((((.((((((.&.)))))).)))))))))))))	UAGUCACUUUCAGCGCAUUGA&CCAAUGCAUUGAAAGUGACUA
miR161.2	AT1G63130_ATSHA-1G77040	977	997	988	-33.10	-27.90	0.842900302114804	4	2-7,996-991;9-21,989-977	1-1,997-997[UP5];8-8,990-990[SIL]	(((((((((((((.((((((.&.)))))).)))))))))))))	UAGUCACUUUCAGCGCAUUGA&CCAAUGCAUUGAAAGUGACUA
miR161.2	AT1G63080_ATSHA-1G76750	974	994	985	-33.10	-27.90	0.842900302114804	4	2-7,993-988;9-21,986-974	1-1,994-994[UP5];8-8,987-987[SIL]	(((((((((((((.((((((.&.)))))).)))))))))))))	UAGUCACUUUCAGCGCAUUGA&CCAAUGCAUUGAAAGUGACUA
miR161.2	AT1G63330_ATSHA-1G76458	989	1009	1000	-33.10	-27.80	0.83987915407855	2	2-13,1008-997;15-21,995-989	1-1,1009-1009[UP5];14-14,996-996[SIL]	(((((((.((((((((((((.&.)))))))))))).)))))))	UAGUCACGUUCAAUGCAUUGA&CCAAUGCAUUGAAAGUGACUA
miR161.2	AT1G63400_ATSHA-1G76458	989	1009	1000	-33.10	-27.80	0.83987915407855	2	2-13,1008-997;15-21,995-989	1-1,1009-1009[UP5];14-14,996-996[SIL]	(((((((.((((((((((((.&.)))))))))))).)))))))	UAGUCACGUUCAAUGCAUUGA&CCAAUGCAUUGAAAGUGACUA
miR161.2	AT1G62590_ATSHA-1G76458	989	1009	1000	-33.10	-27.80	0.83987915407855	2	2-13,1008-997;15-21,995-989	1-1,1009-1009[UP5];14-14,996-996[SIL]	(((((((.((((((((((((.&.)))))))))))).)))))))	UAGUCACGUUCAAUGCAUUGA&CCAAUGCAUUGAAAGUGACUA
miR161.2	AT1G62930_ATSHA-1G76790	974	994	985	-33.10	-27.60	0.833836858006042	3	2-7,993-988;9-21,986-974	1-1,994-994[UP5];8-8,987-987[SIL]	(((((((((((((.((((((.&.)))))).)))))))))))))	UAGUCACUUUCAACGCAUUGA&CCAAUGCAUUGAAAGUGACUA
miR161.2	AT1G63150_ATSHA-1G77060	983	1003	994	-33.10	-27.40	0.827794561933535	3.5	2-19,1002-985	1-1,1003-1003[UP5];20-21,984-983[UP3]	..((((((((((((((((((.&.))))))))))))))))))..	UUGUUACUUUCAAUGCAUUGA&CCAAUGCAUUGAAAGUGACUA
miR161.2	AT1G62910_ATSHA-1G77060	983	1003	994	-33.10	-27.40	0.827794561933535	3.5	2-19,1002-985	1-1,1003-1003[UP5];20-21,984-983[UP3]	..((((((((((((((((((.&.))))))))))))))))))..	UUGUUACUUUCAAUGCAUUGA&CCAAUGCAUUGAAAGUGACUA
miR161.2	AT5G41170_ATSHA-5G63060	740	760	751	-33.10	-26.30	0.794561933534743	4	2-18,759-743	1-1,760-760[UP5];19-21,742-740[UP3]	...(((((((((((((((((.&.)))))))))))))))))...	UAAUCACUUUCAAUGCAUUGA&CCAAUGCAUUGAAAGUGACUA
miR161.2	AT1G64583_ATSHA-1G78630	737	757	748	-33.10	-25.30	0.764350453172205	6	2-8,756-750;10-19,748-739	1-1,757-757[UP5];9-9,749-749[SIL];20-21,738-737[UP3]	..((((((((((.(((((((.&.))))))).))))))))))..	UUGUCACUUUCACUGCGUUGA&CCAAUGCAUUGAAAGUGACUA
miR161.2	AT5G16640_ATSHA-5G26670	767	787	778	-33.10	-23.80	0.719033232628399	5.5	2-18,786-770	1-1,787-787[UP5];19-21,769-767[UP3]	...(((((((((((((((((.&.)))))))))))))))))...	UAUUUACUUUCAAUGCGUUGA&CCAAUGCAUUGAAAGUGACUA
miR161.2	AT5G55840_ATSHA-5G79740	1324	1344	1335	-33.10	-23.40	0.706948640483384	5.5	2-4,1343-1341;6-19,1339-1326	1-1,1344-1344[UP5];5-5,1340-1340[SIL];20-21,1325-1324[UP3]	..((((((((((((((.(((.&.))).))))))))))))))..	AUGUUACUUUCAAUGCUUUGA&CCAAUGCAUUGAAAGUGACUA
miR161.2	AT4G26800_ATSHA-4G54830	788	808	799	-33.10	-23.00	0.694864048338369	7	3-18,806-791	1-2,808-807[UP5];19-21,790-788[UP3]	...((((((((((((((((..&..))))))))))))))))...	UUAUCACUUUCAGUGCAUUAA&CCAAUGCAUUGAAAGUGACUA
miR161.2	AT2G41720_ATSHA-2G61470	1585	1605	1596	-33.10	-22.90	0.691842900302115	5.5	2-11,1604-1595;13-19,1593-1587	1-1,1605-1605[UP5];12-12,1594-1594[SIL];20-21,1586-1585[UP3]	..(((((((.((((((((((.&.)))))))))).)))))))..	UUGUUACUUACAAUGCAUUGA&CCAAUGCAUUGAAAGUGACUA
miR161.2	AT1G63070_ATSHA-1G76490	977	997	988	-33.10	-22.40	0.676737160120846	7	2-7,996-991;9-18,989-980	1-1,997-997[UP5];8-8,990-990[SIL];19-21,979-977[UP3]	...((((((((((.((((((.&.)))))).))))))))))...	UAUUCACUUUCAGCGCAUUGA&CCAAUGCAUUGAAAGUGACUA
miR161.2	AT1G62670_ATSHA-1G76490	977	997	988	-33.10	-22.40	0.676737160120846	7	2-7,996-991;9-18,989-980	1-1,997-997[UP5];8-8,990-990[SIL];19-21,979-977[UP3]	...((((((((((.((((((.&.)))))).))))))))))...	UAUUCACUUUCAGCGCAUUGA&CCAAUGCAUUGAAAGUGACUA
miR161.2	AT3G16710_ATSHA-3G28030	773	793	784	-33.10	-22.00	0.664652567975831	7	2-8,792-786;10-18,784-776	1-1,793-793[UP5];9-9,785-785[SIL];19-21,775-773[UP3]	...(((((((((.(((((((.&.))))))).)))))))))...	UAAUCACUUUCACUGCGUUGA&CCAAUGCAUUGAAAGUGACUA
miR161.2	AT5G65560_ATSHA-5G90460	1178	1198	1189	-33.10	-21.80	0.658610271903323	6	2-11,1197-1188;13-18,1186-1181	1-1,1198-1198[UP5];12-12,1187-1187[SIL];19-21,1180-1178[UP3]	...((((((.((((((((((.&.)))))))))).))))))...	UAAUCACUUACAAUGCAUUGA&CCAAUGCAUUGAAAGUGACUA
miR161.2	AT5G24830_ATSHA-5G35020	430	450	441	-33.10	-21.70	0.655589123867069	5	1-17,450-434;19-20,432-431	18-18,433-433[SIL];21-21,430-430[UP3]	.((.(((((((((((((((((&))))))))))))))))).)).	AAGCUAUUUUCAAUGUGUUGG&CCAAUGCAUUGAAAGUGACUA
miR400	AT1G06580_ATSHA-1G16290	973	993	984	-30.00	-31.80	1	0	1-21,993-973	NA	(((((((((((((((((((((&)))))))))))))))))))))	GUGACUUAUAAUACUCUCAUA&UAUGAGAGUAUUAUAAGUCAC
miR400	AT1G62720_ATSHA-1G76550	766	786	777	-30.00	-30.20	1	1	2-21,785-766	1-1,786-786[UP5]	((((((((((((((((((((.&.))))))))))))))))))))	GUGACUUAUAAUACUCUCAUU&UAUGAGAGUAUUAUAAGUCAC
miR400	AT3G22470_ATSHA-3G34790	1156	1176	1167	-30.00	-29.60	0.986666666666667	2	1-21,1176-1156	NA	(((((((((((((((((((((&)))))))))))))))))))))	GUGACUUAUAGUAUUCUCAUA&UAUGAGAGUAUUAUAAGUCAC
miR400	AT2G31400_ATSHA-2G49690	1438	1458	1449	-30.00	-25.70	0.856666666666667	7	4-21,1455-1438	1-3,1458-1456[UP5]	((((((((((((((((((...&...))))))))))))))))))	GUGACUUAUAAUGCUCUUCUU&UAUGAGAGUAUUAUAAGUCAC
miR400	AT1G63080_ATSHA-1G76750	1186	1206	1197	-30.00	-25.30	0.843333333333333	2	1-12,1206-1195;14-21,1193-1186	13-13,1194-1194[SIL]	((((((((.((((((((((((&)))))))))))).))))))))	GUGACUUACAAUACUCUUAUA&UAUGAGAGUAUUAUAAGUCAC
miR400	AT1G62930_ATSHA-1G76790	1186	1206	1197	-30.00	-25.30	0.843333333333333	2	1-12,1206-1195;14-21,1193-1186	13-13,1194-1194[SIL]	((((((((.((((((((((((&)))))))))))).))))))))	GUGACUUACAAUACUCUUAUA&UAUGAGAGUAUUAUAAGUCAC
miR400	AT1G62670_ATSHA-1G76490	1189	1209	1200	-30.00	-25.20	0.84	3	1-6,1209-1204;8-21,1202-1189	7-7,1203-1203[SIL]	((((((((((((((.((((((&)))))).))))))))))))))	GUGACUUAUAAUACGCUUAUA&UAUGAGAGUAUUAUAAGUCAC
miR400	AT1G63070_ATSHA-1G76490	1189	1209	1200	-30.00	-25.20	0.84	3	1-6,1209-1204;8-21,1202-1189	7-7,1203-1203[SIL]	((((((((((((((.((((((&)))))).))))))))))))))	GUGACUUAUAAUACGCUUAUA&UAUGAGAGUAUUAUAAGUCAC
miR400	AT1G77405_ATSHA-1G92550	955	975	966	-30.00	-24.50	0.816666666666667	3	1-8,975-968;10-21,966-955	9-9,967-967[SIL]	((((((((((((.((((((((&)))))))).))))))))))))	GUGACUUAUAAUUCUUUCAUA&UAUGAGAGUAUUAUAAGUCAC
miR400	AT4G19440_ATSHA-4G46180	1239	1260	1251	-30.00	-23.90	0.796666666666667	2	1-15,1260-1246;17-19,1244-1242;20-21,1240-1239	16-16,1245-1245[SIL];x-x,1241-1241[BULt]	((.(((.(((((((((((((((&))))))))))))))).)))-))	GUCGACGUAUAAUACUCUCAUA&UAUGAGAGUAUUAUAAGUC-AC
miR400	AT5G39710_ATSHA-5G61270	1246	1266	1257	-30.00	-23.60	0.786666666666667	5	2-3,1265-1264;5-21,1262-1246	1-1,1266-1266[UP5];4-4,1263-1263[SIL]	(((((((((((((((((.((.&.)).)))))))))))))))))	GUGACUUAUAAUGCUUUGAUU&UAUGAGAGUAUUAUAAGUCAC
miR400	AT5G41170_ATSHA-5G63060	952	972	963	-30.00	-23.28	0.776	6.5	1-8,972-965;12-21,961-952	9-11,964-962[SIL]	((((((((((...((((((((&))))))))...))))))))))	GUGGCUUAUACUUCUCUCAUA&UAUGAGAGUAUUAUAAGUCAC
miR400	AT1G64580_ATSHA-1G78620	973	993	984	-30.00	-23.10	0.77	3	1-9,993-985;11-15,983-979;17-21,977-973	10-10,984-984[SIL];16-16,978-978[SIL]	(((((.(((((.(((((((((&))))))))).))))).)))))	GUGACCUAUAACACUCUCAUA&UAUGAGAGUAUUAUAAGUCAC
miR400	AT4G38010_ATSHA-4G67600	718	738	729	-30.00	-22.00	0.733333333333333	5.5	1-14,738-725;16-19,723-720	15-15,724-724[SIL];20-21,719-718[UP3]	..((((.((((((((((((((&)))))))))))))).))))..	GAGACUGGUAAUGCUCUUAUA&UAUGAGAGUAUUAUAAGUCAC
miR400	AT3G16710_ATSHA-3G28030	985	1005	996	-30.00	-22.00	0.733333333333333	3.5	1-10,1005-996;12-15,994-991;17-21,989-985	11-11,995-995[SIL];16-16,990-990[SIL]	(((((.((((.((((((((((&)))))))))).)))).)))))	GUGAUAUAUACUACUCUCAUA&UAUGAGAGUAUUAUAAGUCAC
miR400	AT3G23020_ATSHA-3G35400	1620	1641	1632	-30.00	-21.80	0.726666666666667	4	2-15,1640-1627;17-18,1625-1624;19-21,1622-1620	1-1,1641-1641[UP5];16-16,1626-1626[SIL];x-x,1623-1623[BULt]	(((.((.((((((((((((((.&.)))))))))))))).))-)))	GUGUACAUAUAAUACUCUCGUC&UAUGAGAGUAUUAUAAGU-CAC
miR400	AT1G64583_ATSHA-1G78630	949	969	960	-30.00	-21.70	0.723333333333333	4	2-9,968-961;11-15,959-955;17-21,953-949	1-1,969-969[UP5];10-10,960-960[SIL];16-16,954-954[SIL]	(((((.(((((.((((((((.&.)))))))).))))).)))))	GUGACAUAUAACACUCUCAUU&UAUGAGAGUAUUAUAAGUCAC
miR400	AT5G39710_ATSHA-5G61270	931	951	942	-30.00	-21.60	0.72	3	2-18,950-934;20-21,932-931	1-1,951-951[UP5];19-19,933-933[SIL]	((.(((((((((((((((((.&.))))))))))))))))).))	GUUACUUAUAAUACUCUUAUU&UAUGAGAGUAUUAUAAGUCAC
miR400	AT1G69350_ATSHA-1G83930	502	522	513	-30.00	-21.60	0.72	6	2-12,521-511;14-21,509-502	1-1,522-522[UP5];13-13,510-510[SIL]	((((((((.(((((((((((.&.))))))))))).))))))))	GUGGCUUGGAGUACUCUUGUU&UAUGAGAGUAUUAUAAGUCAC
miR400	AT1G63150_ATSHA-1G77060	1195	1215	1206	-30.00	-21.40	0.713333333333333	5	1-6,1215-1210;8-19,1208-1197	7-7,1209-1209[SIL];20-21,1196-1195[UP3]	..((((((((((((.((((((&)))))).))))))))))))..	CAGACUUAUAAUACGCUUAUA&UAUGAGAGUAUUAUAAGUCAC
miR400	AT1G62910_ATSHA-1G77060	1195	1215	1206	-30.00	-21.40	0.713333333333333	5	1-6,1215-1210;8-19,1208-1197	7-7,1209-1209[SIL];20-21,1196-1195[UP3]	..((((((((((((.((((((&)))))).))))))))))))..	CAGACUUAUAAUACGCUUAUA&UAUGAGAGUAUUAUAAGUCAC
miR400	AT5G16640_ATSHA-5G26670	979	999	990	-30.00	-21.30	0.71	4	2-18,998-982;20-21,980-979	1-1,999-999[UP5];19-19,981-981[SIL]	((.(((((((((((((((((.&.))))))))))))))))).))	GUAACUUAUAGUAUUCUCAUU&UAUGAGAGUAUUAUAAGUCAC
miR400	AT5G14350_ATSHA-5G24090	1472	1492	1483	-30.00	-21.30	0.71	5	1-5,1492-1488;7-12,1486-1481;14-21,1479-1472	6-6,1487-1487[SIL];13-13,1480-1480[SIL]	((((((((.((((((.(((((&))))).)))))).))))))))	GUGACUUACAAUGCUGUUAUA&UAUGAGAGUAUUAUAAGUCAC
miR400	AT1G62590_ATSHA-1G76458	1201	1221	1212	-30.00	-21.20	0.706666666666667	2	1-15,1221-1207;17-18,1205-1204;20-21,1202-1201	16-16,1206-1206[SIL];19-19,1203-1203[SIL]	((.((.(((((((((((((((&))))))))))))))).)).))	GUUACAUAUAAUACUCUCAUA&UAUGAGAGUAUUAUAAGUCAC
miR400	AT1G63330_ATSHA-1G76458	1201	1221	1212	-30.00	-21.20	0.706666666666667	2	1-15,1221-1207;17-18,1205-1204;20-21,1202-1201	16-16,1206-1206[SIL];19-19,1203-1203[SIL]	((.((.(((((((((((((((&))))))))))))))).)).))	GUUACAUAUAAUACUCUCAUA&UAUGAGAGUAUUAUAAGUCAC
miR400	AT1G63400_ATSHA-1G76458	1201	1221	1212	-30.00	-21.20	0.706666666666667	2	1-15,1221-1207;17-18,1205-1204;20-21,1202-1201	16-16,1206-1206[SIL];19-19,1203-1203[SIL]	((.((.(((((((((((((((&))))))))))))))).)).))	GUUACAUAUAAUACUCUCAUA&UAUGAGAGUAUUAUAAGUCAC
miR400	AT5G12100_ATSHA-5G22070	1693	1713	1704	-30.00	-21.10	0.703333333333333	5	2-6,1712-1708;8-9,1706-1705;11-21,1703-1693	1-1,1713-1713[UP5];7-7,1707-1707[SIL];10-10,1704-1704[SIL]	(((((((((((.((.(((((.&.))))).)).)))))))))))	GUGACUUAUAACACCCUCAUU&UAUGAGAGUAUUAUAAGUCAC
miR400	AT1G22960_ATSHA-1G34660	1228	1248	1239	-30.00	-21.00	0.7	3	1-3,1248-1246;5-15,1244-1234;17-21,1232-1228	4-4,1245-1245[SIL];16-16,1233-1233[SIL]	(((((.(((((((((((.(((&))).))))))))))).)))))	GUGACCUAUAAUACUCUAAUA&UAUGAGAGUAUUAUAAGUCAC
miR400	AT5G03800_ATSHA-5G13200	2497	2517	2508	-30.00	-20.90	0.696666666666667	10	4-9,2514-2509;11-21,2507-2497	1-3,2517-2515[UP5];10-10,2508-2508[SIL]	(((((((((((.((((((...&...)))))).)))))))))))	GUGACUUAUGGAAUUCUCUCG&UAUGAGAGUAUUAUAAGUCAC
miR400	AT5G46680_ATSHA-5G69560	565	585	576	-30.00	-20.60	0.686666666666667	4	2-15,584-571;17-20,569-566	1-1,585-585[UP5];16-16,570-570[SIL];21-21,565-565[UP3]	.((((.((((((((((((((.&.)))))))))))))).)))).	AUGACGUAUAAUAUUCUCAUC&UAUGAGAGUAUUAUAAGUCAC
miR400	AT1G56570_ATSHA-1G71850	1637	1659	1650	-30.00	-20.50	0.683333333333333	7.5	1-15,1659-1645;16-19,1642-1639	x-x,1644-1643[BULt];20-21,1638-1637[UP3]	..((((..(((((((((((((((&)))))))))))))))--))))..	GGGACUUAUGUGAUGCUUUCAUA&UAUGAGAGUAUUAUA--AGUCAC
miR400	AT2G06000_ATSHA-2G16760	937	957	948	-30.00	-20.40	0.68	5	2-13,956-945;15-21,943-937	1-1,957-957[UP5];14-14,944-944[SIL]	(((((((.((((((((((((.&.)))))))))))).)))))))	GUGACUUUUAAUGUUCUCGUU&UAUGAGAGUAUUAUAAGUCAC
miR400	AT1G20300_ATSHA-1G31700	1288	1308	1299	-30.00	-20.30	0.676666666666667	5.5	1-3,1308-1306;5-6,1304-1303;8-21,1301-1288	4-4,1305-1305[SIL];7-7,1302-1302[SIL]	((((((((((((((.((.(((&))).)).))))))))))))))	GUGACUUAUAAUAUACUGAUG&UAUGAGAGUAUUAUAAGUCAC
miR400	AT2G16880_ATSHA-2G33430	1141	1162	1152	-30.00	-20.30	0.676666666666667	8	4-8,1159-1155;9-14,1153-1148;16-21,1146-1141	1-3,1162-1160[UP5];x-x,1154-1154[BULt];15-15,1147-1147[SIL]	((((((.((((((.(((((...&...)))))-)))))).))))))	GUGACUCAUAAUAUCUCUCUUA&UAUGAGAG-UAUUAUAAGUCAC
miR400	AT1G08070_ATSHA-1G17970	904	924	915	-30.00	-20.20	0.673333333333333	6.5	2-13,923-912;16-19,909-906	1-1,924-924[UP5];14-15,911-910[SIL];20-21,905-904[UP3]	..((((..((((((((((((.&.))))))))))))..))))..	AAGAUUGUUAAUGCUCUCAUU&UAUGAGAGUAUUAUAAGUCAC
miR400	AT3G16010_ATSHA-3G27270	1925	1947	1938	-30.00	-20.20	0.673333333333333	8	4-18,1944-1930;19-21,1927-1925	1-3,1947-1945[UP5];x-x,1929-1928[BULt]	(((..(((((((((((((((...&...)))))))))))))))--)))	GUGUCACUUAUAAUACUCUUCUU&UAUGAGAGUAUUAUAAGU--CAC
miR400	AT1G56570_ATSHA-1G71850	379	399	390	-30.00	-20.10	0.67	9.5	2-3,398-397;5-20,395-380	1-1,399-399[UP5];4-4,396-396[SIL];21-21,379-379[UP3]	.((((((((((((((((.((.&.)).)))))))))))))))).	UUGGCUUAUGGUGCUUUGGUU&UAUGAGAGUAUUAUAAGUCAC
miR400	AT1G74850_ATSHA-1G89780	742	762	753	-30.00	-20.00	0.666666666666667	9	5-6,758-757;8-21,755-742	1-4,762-759[UP5];7-7,756-756[SIL]	((((((((((((((.((....&....)).))))))))))))))	GUGACUUAUAAUACACUGCUU&UAUGAGAGUAUUAUAAGUCAC
miR400	AT5G39680_ATSHA-5G61240	817	837	828	-30.00	-20.00	0.666666666666667	9	2-6,836-832;8-19,830-819	1-1,837-837[UP5];7-7,831-831[SIL];20-21,818-817[UP3]	..((((((((((((.(((((.&.))))).))))))))))))..	GAGGCUUGUGGUGCACUCAUU&UAUGAGAGUAUUAUAAGUCAC
miR400	AT3G59040_ATSHA-3G76190	1223	1246	1237	-30.00	-19.90	0.663333333333333	8.5	1-9,1246-1238;12-17,1235-1230;18-21,1226-1223	10-11,1237-1236[SIL];x-x,1229-1227[BULt]	((((...((((((..(((((((((&)))))))))..))))))---))))	GUGAUUUCUUAUACCGCUCUCAUG&UAUGAGAGUAUUAUAAG---UCAC
miR400	AT5G27270_ATSHA-5G37510	2750	2769	2760	-30.00	-19.70	0.656666666666667	4.5	2-15,2768-2755;17-20,2754-2751	1-1,2769-2769[UP5];16-16,x-x[BULq];21-21,2750-2750[UP3]	.((((-((((((((((((((.&.)))))))))))))).)))).	UUGGC-UAUAAUACUCUUAUC&UAUGAGAGUAUUAUAAGUCAC
TAS1a_3D9	AT1G63400_ATSHA-1G76458	1451	1472	1463	-30.80	-28.30	0.918831168831169	3.5	1-19,1472-1454;20-21,1452-1451	x-x,1453-1453[BULt]	((.(((((((((((((((((((&)))))))))))))))))))-))	GGAAGCUAGAGAAAGCAUUGGA&UUCAAUGCUUUUUCUAGUU-CC
TAS1a_3D9	AT1G62590_ATSHA-1G76458	1451	1472	1463	-30.80	-28.30	0.918831168831169	3.5	1-19,1472-1454;20-21,1452-1451	x-x,1453-1453[BULt]	((.(((((((((((((((((((&)))))))))))))))))))-))	GGAAGCUAGAGAAAGCAUUGGA&UUCAAUGCUUUUUCUAGUU-CC
TAS1a_3D9	AT1G63330_ATSHA-1G76458	1451	1472	1463	-30.80	-28.30	0.918831168831169	3.5	1-19,1472-1454;20-21,1452-1451	x-x,1453-1453[BULt]	((.(((((((((((((((((((&)))))))))))))))))))-))	GGAAGCUAGAGAAAGCAUUGGA&UUCAAUGCUUUUUCUAGUU-CC
TAS1a_3D9	AT4G26800_ATSHA-4G54830	1251	1271	1262	-30.80	-28.20	0.915584415584416	3	1-16,1271-1256;18-21,1254-1251	17-17,1255-1255[SIL]	((((.((((((((((((((((&)))))))))))))))).))))	GGAGGUAGAGAAAGCAUUGAG&UUCAAUGCUUUUUCUAGUUCC
TAS1a_3D9	AT4G16835_ATSHA-4G43310	1304	1325	1316	-30.80	-27.80	0.902597402597403	5	1-19,1325-1307;20-21,1305-1304	x-x,1306-1306[BULt]	((.(((((((((((((((((((&)))))))))))))))))))-))	GGAAGCUGGAGGAGGCAUUGAA&UUCAAUGCUUUUUCUAGUU-CC
TAS1a_3D9	AT1G12620_ATSHA-1G23160	1413	1433	1424	-30.80	-27.00	0.876623376623377	3	1-15,1433-1419;17-21,1417-1413	16-16,1418-1418[SIL]	(((((.(((((((((((((((&))))))))))))))).)))))	GGAACCAGAAAAAGCGUUGGA&UUCAAUGCUUUUUCUAGUUCC
TAS1a_3D9	AT1G12775_ATSHA-1G23320	1461	1481	1472	-30.80	-27.00	0.876623376623377	3	1-15,1481-1467;17-21,1465-1461	16-16,1466-1466[SIL]	(((((.(((((((((((((((&))))))))))))))).)))))	GGAACCAGAAAAAGCGUUGGA&UUCAAUGCUUUUUCUAGUUCC
TAS1a_3D9	AT1G63320_ATSHA-1G77270	194	215	206	-30.80	-26.80	0.87012987012987	4.5	2-19,214-197;20-21,195-194	1-1,215-215[UP5];x-x,196-196[BULt]	((.((((((((((((((((((.&.))))))))))))))))))-))	GGAAGCUAGAGAAAGCAUUGGU&UUCAAUGCUUUUUCUAGUU-CC
TAS1a_3D9	AT1G62680_ATSHA-1G76500	1242	1262	1253	-30.80	-26.70	0.866883116883117	5.5	2-4,1261-1259;6-21,1257-1242	1-1,1262-1262[UP5];5-5,1258-1258[SIL]	((((((((((((((((.(((.&.))).))))))))))))))))	GGAGCUAGAGAAAGCACUGGU&UUCAAUGCUUUUUCUAGUUCC
TAS1a_3D9	AT1G62930_ATSHA-1G76790	1436	1457	1448	-30.80	-26.50	0.86038961038961	5	2-19,1456-1439;20-21,1437-1436	1-1,1457-1457[UP5];x-x,1438-1438[BULt]	((.((((((((((((((((((.&.))))))))))))))))))-))	GGAAGCUGGAGAAAGCAUUGGU&UUCAAUGCUUUUUCUAGUU-CC
TAS1a_3D9	AT5G59900_ATSHA-5G84290	158	179	169	-30.80	-26.20	0.850649350649351	7	1-8,179-172;10-21,169-158	9-9,171-170[AILt]	((((((((((((..((((((((&))))))))-.))))))))))))	GGAGCUGGGAGAUCGCAUUGAG&UUCAAUGC-UUUUUCUAGUUCC
TAS1a_3D9	AT1G12300_ATSHA-1G22830	1461	1481	1472	-30.80	-25.50	0.827922077922078	3.5	1-15,1481-1467;17-21,1465-1461	16-16,1466-1466[SIL]	(((((.(((((((((((((((&))))))))))))))).)))))	GGAAUCAGAAAAAGCGUUGGA&UUCAAUGCUUUUUCUAGUUCC
TAS1a_3D9	AT4G22760_ATSHA-4G50080	1442	1464	1454	-30.80	-24.50	0.795454545454545	5	1-4,1464-1461;5-18,1459-1446;19-21,1444-1442	x-x,1460-1460[BULt];x-x,1445-1445[BULt]	(((.((((((((((((((.((((&))))-))))))))))))))-)))	GGAGGCUAGAAGAAGCAUAUGAG&UUCA-AUGCUUUUUCUAGU-UCC
TAS1a_3D9	AT3G16710_ATSHA-3G28030	1235	1256	1247	-30.80	-24.50	0.795454545454545	5	2-16,1255-1241;18-21,1238-1235	1-1,1256-1256[UP5];17-17,1240-1239[AILt]	((((..(((((((((((((((.&.)))))))))))))))-.))))	GGAAGGUAGAGAAGGCAUUGAU&UUCAAUGCUUUUUCUA-GUUCC
TAS1a_3D9	AT1G03560_ATSHA-1G12880	1232	1253	1244	-30.80	-24.10	0.782467532467533	6	1-16,1253-1238;18-21,1235-1232	17-17,1237-1236[AILt]	((((..((((((((((((((((&))))))))))))))))-.))))	GGAGAGUGGAAGAGGCAUUGGA&UUCAAUGCUUUUUCUA-GUUCC
TAS1a_3D9	AT1G22960_ATSHA-1G34660	1586	1608	1598	-30.80	-24.10	0.782467532467533	4	1-6,1608-1603;7-17,1601-1591;18-21,1589-1586	x-x,1602-1602[BULt];x-x,1590-1590[BULt]	((((.(((((((((((.((((((&))))))-)))))))))))-))))	GGAAUCUGGAAAAAGCGAUUGAG&UUCAAU-GCUUUUUCUAG-UUCC
TAS1a_3D9	AT3G48250_ATSHA-3G64340	222	242	233	-30.80	-24.00	0.779220779220779	5.5	1-6,242-237;8-16,235-227;18-21,225-222	7-7,236-236[SIL];17-17,226-226[SIL]	((((.(((((((((.((((((&)))))).))))))))).))))	GGAAGUAGAGGAAGGAUUGAG&UUCAAUGCUUUUUCUAGUUCC
TAS1a_3D9	AT5G28460_ATSHA-3G78780	1890	1910	1901	-30.80	-23.70	0.769480519480519	4.5	1-11,1910-1900;13-20,1898-1891	12-12,1899-1899[SIL];21-21,1890-1890[UP3]	.((((((((.(((((((((((&))))))))))).)))))))).	CGAAUUAGACGAAGCAUUGAA&UUCAAUGCUUUUUCUAGUUCC
TAS1a_3D9	AT3G61520_ATSHA-3G78780	1890	1910	1901	-30.80	-23.70	0.769480519480519	4.5	1-11,1910-1900;13-20,1898-1891	12-12,1899-1899[SIL];21-21,1890-1890[UP3]	.((((((((.(((((((((((&))))))))))).)))))))).	CGAAUUAGACGAAGCAUUGAA&UUCAAUGCUUUUUCUAGUUCC
TAS1a_3D9	AT5G16640_ATSHA-5G26670	1229	1250	1241	-30.80	-23.70	0.769480519480519	5	2-16,1249-1235;18-21,1232-1229	1-1,1250-1250[UP5];17-17,1234-1233[AILt]	((((..(((((((((((((((.&.)))))))))))))))-.))))	GGAAGAUAGAGAAAGCAUUGGU&UUCAAUGCUUUUUCUA-GUUCC
TAS1a_3D9	AT5G28370_ATSHA-3G78780	1890	1910	1901	-30.80	-23.70	0.769480519480519	4.5	1-11,1910-1900;13-20,1898-1891	12-12,1899-1899[SIL];21-21,1890-1890[UP3]	.((((((((.(((((((((((&))))))))))).)))))))).	CGAAUUAGACGAAGCAUUGAA&UUCAAUGCUUUUUCUAGUUCC
TAS1a_3D9	AT1G64310_ATSHA-1G78320	1375	1398	1388	-30.80	-23.60	0.766233766233766	5.5	1-5,1398-1394;6-18,1392-1380;19-21,1377-1375	x-x,1393-1393[BULt];x-x,1379-1378[BULt]	(((..(((((((((((((.(((((&)))))-)))))))))))))--)))	GGAAAACUAGAAGAAGCAUUUGAG&UUCAA-UGCUUUUUCUAGU--UCC
TAS1a_3D9	AT5G41170_ATSHA-5G63060	1316	1337	1328	-30.80	-23.50	0.762987012987013	5.5	2-5,1336-1333;7-19,1331-1319;20-21,1317-1316	1-1,1337-1337[UP5];6-6,1332-1332[SIL];x-x,1318-1318[BULt]	((.(((((((((((((.((((.&.)))).)))))))))))))-))	GGAAGCUAGAGAAAGCCUUGAU&UUCAAUGCUUUUUCUAGUU-CC
TAS1a_3D9	AT4G28010_ATSHA-4G56210	573	593	584	-30.80	-23.50	0.762987012987013	4	1-20,593-574	21-21,573-573[UP3]	.((((((((((((((((((((&)))))))))))))))))))).	AGAGUUAGAGAAAGCAUUGGA&UUCAAUGCUUUUUCUAGUUCC
TAS1a_3D9	AT4G11690_ATSHA-4G36480	697	719	710	-30.80	-23.40	0.75974025974026	6.5	1-18,719-702;19-21,699-697	x-x,701-700[BULt]	(((..((((((((((((((((((&))))))))))))))))))--)))	GGAAAAUUAGGGAAGGCGUUGAG&UUCAAUGCUUUUUCUAGU--UCC
TAS1a_3D9	AT1G12700_ATSHA-1G23250	1310	1331	1322	-30.80	-23.30	0.756493506493507	4.5	1-14,1331-1318;16-19,1316-1313;20-21,1311-1310	15-15,1317-1317[SIL];x-x,1312-1312[BULt]	((.((((.((((((((((((((&)))))))))))))).))))-))	GGAAGCUUGAAAAGGCAUUGGA&UUCAAUGCUUUUUCUAGUU-CC
TAS1a_3D9	AT4G39530_ATSHA-4G69220	1299	1319	1310	-30.80	-23.28	0.755844155844156	5	1-11,1319-1309;15-21,1305-1299	12-14,1308-1306[SIL]	(((((((...(((((((((((&)))))))))))...)))))))	GGAACUACAUGAAGCAUUGAA&UUCAAUGCUUUUUCUAGUUCC
TAS1a_3D9	AT1G62720_ATSHA-1G76550	1007	1028	1019	-30.80	-23.20	0.753246753246753	5.5	2-16,1027-1013;18-21,1010-1007	1-1,1028-1028[UP5];17-17,1012-1011[AILt]	((((..(((((((((((((((.&.)))))))))))))))-.))))	GGAGGGUAGAGAAAGCAUUGGU&UUCAAUGCUUUUUCUA-GUUCC
TAS1a_3D9	AT3G14730_ATSHA-3G19880	1551	1575	1565	-30.80	-23.20	0.753246753246753	8	1-4,1575-1572;5-18,1570-1557;19-21,1553-1551	x-x,1571-1571[BULt];x-x,1556-1554[BULt]	(((...((((((((((((((.((((&))))-))))))))))))))---)))	GGACAAGCUAGAGGAAGCAUAUGAG&UUCA-AUGCUUUUUCUAGU---UCC
TAS1a_3D9	AT3G49710_ATSHA-3G66010	1490	1511	1502	-30.80	-23.00	0.746753246753247	8.5	2-3,1510-1509;6-19,1506-1493;20-21,1491-1490	1-1,1511-1511[UP5];4-5,1508-1507[SIL];x-x,1492-1492[BULt]	((.((((((((((((((..((.&.))..))))))))))))))-))	GGAAGCUAGAAGAGGCAGAGAG&UUCAAUGCUUUUUCUAGUU-CC
TAS1a_3D9	AT1G63070_ATSHA-1G76490	1439	1460	1451	-30.80	-22.90	0.743506493506493	6.5	2-4,1459-1457;6-19,1455-1442;20-21,1440-1439	1-1,1460-1460[UP5];5-5,1456-1456[SIL];x-x,1441-1441[BULt]	((.((((((((((((((.(((.&.))).))))))))))))))-))	GGAAGCUAGAGAAAGCAAUGGU&UUCAAUGCUUUUUCUAGUU-CC
TAS1a_3D9	AT1G62670_ATSHA-1G76490	1439	1460	1451	-30.80	-22.90	0.743506493506493	6.5	2-4,1459-1457;6-19,1455-1442;20-21,1440-1439	1-1,1460-1460[UP5];5-5,1456-1456[SIL];x-x,1441-1441[BULt]	((.((((((((((((((.(((.&.))).))))))))))))))-))	GGAAGCUAGAGAAAGCAAUGGU&UUCAAUGCUUUUUCUAGUU-CC
TAS1a_3D9	AT1G31920_ATSHA-1G43950	1153	1175	1166	-30.80	-22.80	0.74025974025974	6.5	1-14,1175-1162;16-18,1160-1158;19-21,1155-1153	15-15,1161-1161[SIL];x-x,1157-1156[BULt]	(((..(((.((((((((((((((&)))))))))))))).)))--)))	GGAUUGCUCGAGGAAGCAUUGGA&UUCAAUGCUUUUUCUAGU--UCC
TAS1a_3D9	AT3G23330_ATSHA-3G35790	1481	1502	1493	-30.80	-22.40	0.727272727272727	10	5-19,1498-1484;20-21,1482-1481	1-4,1502-1499[UP5];x-x,1483-1483[BULt]	((.(((((((((((((((....&....)))))))))))))))-))	GGAAGCUGGAAGAAGCAUACAA&UUCAAUGCUUUUUCUAGUU-CC
TAS1a_3D9	AT2G17140_ATSHA-2G33780	1440	1461	1451	-30.80	-22.40	0.727272727272727	5.5	2-6,1460-1456;7-11,1454-1450;13-21,1448-1440	1-1,1461-1461[UP5];x-x,1455-1455[BULt];12-12,1449-1449[SIL]	(((((((((.(((((.(((((.&.)))))-))))).)))))))))	GGAAUUAGAUAAAGCUAUUGAG&UUCAAU-GCUUUUUCUAGUUCC
TAS1a_3D9	AT1G15510_ATSHA-1G26440	218	239	230	-30.80	-22.20	0.720779220779221	8	1-4,239-236;7-19,233-221;20-21,219-218	5-6,235-234[SIL];x-x,220-220[BULt]	((.(((((((((((((..((((&))))..)))))))))))))-))	GGAAGCUGGAGGAAGCUAUGAA&UUCAAUGCUUUUUCUAGUU-CC
TAS1a_3D9	AT1G09220_ATSHA-1G19220	1242	1263	1253	-30.80	-22.00	0.714285714285714	9.5	1-4,1263-1260;7-9,1257-1255;10-21,1253-1242	5-6,1259-1258[SIL];x-x,1254-1254[BULt]	((((((((((((.(((..((((&))))..)))-))))))))))))	GGAGCUAGAGAGAAGCCAUGGA&UUCAAUGCU-UUUUCUAGUUCC
TAS1a_3D9	AT3G15200_ATSHA-3G19330	1409	1430	1421	-30.80	-21.92	0.711688311688312	6	1-14,1430-1417;18-21,1412-1409	15-17,1416-1413[AILt]	((((....((((((((((((((&))))))))))))))-...))))	GGAAAAUUGGAGAAGCAUUGAG&UUCAAUGCUUUUUC-UAGUUCC
TAS1a_3D9	AT2G15980_ATSHA-2G32370	1316	1337	1328	-30.80	-21.90	0.711038961038961	5.5	1-11,1337-1327;13-16,1325-1322;18-21,1319-1316	12-12,1326-1326[SIL];17-17,1321-1320[AILt]	((((..((((.(((((((((((&))))))))))).))))-.))))	GGAAGAUGGAUAGAGCAUUGAA&UUCAAUGCUUUUUCUA-GUUCC
TAS1a_3D9	AT5G15980_ATSHA-5G25970	1762	1782	1773	-30.80	-21.70	0.704545454545454	4.5	1-4,1782-1779;6-19,1777-1764	5-5,1778-1778[SIL];20-21,1763-1762[UP3]	..((((((((((((((.((((&)))).))))))))))))))..	UCAACUGGAAAAAGCACUGAA&UUCAAUGCUUUUUCUAGUUCC
TAS1a_3D9	AT4G21170_ATSHA-4G48090	1445	1466	1457	-30.80	-21.70	0.704545454545454	8	2-4,1465-1463;7-19,1460-1448;20-21,1446-1445	1-1,1466-1466[UP5];5-6,1462-1461[SIL];x-x,1447-1447[BULt]	((.(((((((((((((..(((.&.)))..)))))))))))))-))	GGAAACUAGAGAAAGCUCUGGU&UUCAAUGCUUUUUCUAGUU-CC
TAS1a_3D9	AT5G38730_ATSHA-5G60150	1278	1298	1289	-30.80	-21.60	0.701298701298701	7.5	1-3,1298-1296;6-8,1293-1291;10-21,1289-1278	4-5,1295-1294[SIL];9-9,1290-1290[SIL]	((((((((((((.(((..(((&)))..))).))))))))))))	GGAACUGGAAAAUGCAAAGGA&UUCAAUGCUUUUUCUAGUUCC
TAS1a_3D9	AT3G22150_ATSHA-3G34400	2217	2241	2232	-30.80	-21.46	0.696753246753247	9.5	2-14,2240-2228;17-21,2221-2217	1-1,2241-2241[UP5];15-16,2227-2222[AILt]	(((((......(((((((((((((.&.)))))))))))))----..)))))	GGAACAAAAAUGGAAGAGCGUUGAU&UUCAAUGCUUUUUC----UAGUUCC
TAS1a_3D9	AT4G37380_ATSHA-4G66880	817	841	832	-30.80	-21.40	0.694805194805195	11	1-10,841-832;11-18,829-822;19-21,819-817	x-x,831-830[BULt];x-x,821-820[BULt]	(((..((((((((..((((((((((&))))))))))--))))))))--)))	GGAGCGCUGGAAACUGGGCGUUGGA&UUCAAUGCUU--UUUCUAGU--UCC
TAS1a_3D9	AT2G39230_ATSHA-2G58540	1182	1203	1193	-30.80	-21.30	0.691558441558442	5.5	1-6,1203-1198;7-16,1196-1187;18-21,1185-1182	x-x,1197-1197[BULt];17-17,1186-1186[SIL]	((((.((((((((((.((((((&))))))-)))))))))).))))	GGAGAUGGAGAAAGCUAUUGAG&UUCAAU-GCUUUUUCUAGUUCC
TAS1a_3D9	AT4G01570_ATSHA-4G12410	1439	1460	1450	-30.80	-21.30	0.691558441558442	8.5	2-6,1459-1455;8-21,1452-1439	1-1,1460-1460[UP5];7-7,1454-1453[AILt]	((((((((((((((..(((((.&.)))))-.))))))))))))))	GGGAUUGGAAAGAGAAGUUGAU&UUCAAU-GCUUUUUCUAGUUCC
TAS1a_3D9	AT3G54980_ATSHA-3G71780	1164	1185	1175	-30.80	-21.30	0.691558441558442	5.5	1-5,1185-1181;6-16,1179-1169;18-21,1167-1164	x-x,1180-1180[BULt];17-17,1168-1168[SIL]	((((.(((((((((((.(((((&)))))-))))))))))).))))	GGAAAUGGAAAAGGCGCUUGAA&UUCAA-UGCUUUUUCUAGUUCC
TAS1a_3D9	AT1G74750_ATSHA-1G89690	1538	1559	1550	-30.80	-21.30	0.691558441558442	7.5	1-8,1559-1552;11-14,1549-1546;15-21,1544-1538	9-10,1551-1550[SIL];x-x,1545-1545[BULt]	(((((((.((((..((((((((&))))))))..))))-)))))))	GGAAUUAUGAGACUGCGUUGAA&UUCAAUGCUUUUUC-UAGUUCC
TAS1a_3D9	AT3G14730_ATSHA-3G19880	1751	1772	1763	-30.80	-21.10	0.685064935064935	7	1-14,1772-1759;15-16,1757-1756;18-21,1754-1751	x-x,1758-1758[BULt];17-17,1755-1755[SIL]	((((.((.((((((((((((((&))))))))))))))-)).))))	GGAAGUACGAGGAAGUGUUGGA&UUCAAUGCUUUUUC-UAGUUCC
TAS1a_3D9	AT3G59040_ATSHA-3G76190	2496	2517	2507	-30.80	-21.02	0.682467532467532	11.5	1-3,2517-2515;7-20,2510-2497	4-6,2514-2511[AILt];21-21,2496-2496[UP3]	.((((((((((((((....(((&)))-...)))))))))))))).	UGAGCUAGAGGAAGCUAAGGAA&UUC-AAUGCUUUUUCUAGUUCC
TAS1a_3D9	AT5G04810_ATSHA-5G14300	1733	1753	1744	-30.80	-21.00	0.681818181818182	7	2-12,1752-1742;14-15,1740-1739;17-21,1737-1733	1-1,1753-1753[UP5];13-13,1741-1741[SIL];16-16,1738-1738[SIL]	(((((.((.(((((((((((.&.))))))))))).)).)))))	GGAGCGGGCAGAGGCAUUGGU&UUCAAUGCUUUUUCUAGUUCC
TAS1a_3D9	AT4G01570_ATSHA-4G12410	1328	1349	1340	-30.80	-21.00	0.681818181818182	12.5	6-19,1344-1331;20-21,1329-1328	1-5,1349-1345[UP5];x-x,1330-1330[BULt]	((.((((((((((((((.....&.....))))))))))))))-))	GGAAGCUAGAAGGAGCAGUAAA&UUCAAUGCUUUUUCUAGUU-CC
TAS1a_3D9	AT2G15820_ATSHA-2G32240	2491	2512	2502	-30.80	-20.90	0.678571428571428	5	1-5,2512-2508;6-14,2506-2498;16-20,2496-2492	x-x,2507-2507[BULt];15-15,2497-2497[SIL];21-21,2491-2491[UP3]	.(((((.(((((((((.(((((&)))))-))))))))).))))).	AGAACUUGAAAGAGCAUUUGAA&UUCAA-UGCUUUUUCUAGUUCC
TAS1a_3D9	AT1G06580_ATSHA-1G16290	1222	1244	1235	-30.80	-20.90	0.678571428571428	5.5	2-16,1243-1229;18-21,1225-1222	1-1,1244-1244[UP5];17-17,1228-1226[AILt]	((((...(((((((((((((((.&.)))))))))))))))--.))))	GGAAAAAUAGGAAAAGCAUUGGU&UUCAAUGCUUUUUCUA--GUUCC
TAS1a_3D9	AT1G16480_ATSHA-1G27440	567	593	578	-30.80	-20.90	0.678571428571428	19	1-4,593-590;6-9,588-585;10-21,578-567	5-5,589-589[SIL];x-x,584-579[BULt]	((((((((((((......((((.((((&)))).))))------))))))))))))	GGGACUGGAGAGUAAGCUGGCAGUGGA&UUCAAUGCU------UUUUCUAGUUCC
TAS1a_3D9	AT5G65560_ATSHA-5G90460	1148	1169	1160	-30.80	-20.80	0.675324675324675	7.5	2-6,1168-1164;8-18,1162-1152;19-20,1150-1149	1-1,1169-1169[UP5];7-7,1163-1163[SIL];x-x,1151-1151[BULt];21-21,1148-1148[UP3]	.((.(((((((((((.(((((.&.))))).)))))))))))-)).	AGAUGCUAGAGAAAGGGUUGAU&UUCAAUGCUUUUUCUAGU-UCC
TAS1a_3D9	AT1G09220_ATSHA-1G19220	1105	1127	1118	-30.80	-20.80	0.675324675324675	7.5	1-3,1127-1125;6-18,1122-1110;19-21,1107-1105	4-5,1124-1123[SIL];x-x,1109-1108[BULt]	(((..(((((((((((((..(((&)))..)))))))))))))--)))	GGAAGAUUAGAAGAAGCAGAGAA&UUCAAUGCUUUUUCUAGU--UCC
TAS1a_3D9	AT3G23020_ATSHA-3G35400	1546	1566	1557	-30.80	-20.80	0.675324675324675	5.5	1-4,1566-1563;7-12,1560-1555;14-21,1553-1546	5-6,1562-1561[SIL];13-13,1554-1554[SIL]	((((((((.((((((..((((&))))..)))))).))))))))	GGAAUUAGUAAAAGCUGUGAA&UUCAAUGCUUUUUCUAGUUCC
TAS1a_3D9	AT1G26900_ATSHA-1G38150	1440	1464	1454	-30.80	-20.80	0.675324675324675	9.5	1-4,1464-1461;5-16,1459-1448;17-21,1444-1440	x-x,1460-1460[BULt];x-x,1447-1445[BULt]	(((((...((((((((((((.((((&))))-))))))))))))---)))))	GGGGCAGUUAGAGGAAGCGUAUGAG&UUCA-AUGCUUUUUCUA---GUUCC
TAS1a_3D9	AT4G01990_ATSHA-4G12930	896	918	909	-30.80	-20.80	0.675324675324675	7.5	1-15,918-904;17-19,903-901;20-21,897-896	16-16,x-x[BULq];x-x,900-898[BULt]	((...(((-(((((((((((((((&))))))))))))))).)))---))	GGUAAAGC-AGAAGAGGCGUUGAA&UUCAAUGCUUUUUCUAGUU---CC
TAS1a_3D9	AT1G15480_ATSHA-1G26410	1777	1795	1788	-30.80	-20.70	0.672077922077922	6.5	1-4,1795-1792;7-16,1791-1782;18-21,1780-1777	5-6,x-x[BULq];17-17,1781-1781[SIL]	((((.((((((((((--((((&))))..)))))))))).))))	GGAAGUAGAAAAGGC--UGAG&UUCAAUGCUUUUUCUAGUUCC
TAS1a_3D9	AT1G69350_ATSHA-1G83930	543	563	554	-30.80	-20.70	0.672077922077922	5.5	1-12,563-552;14-16,550-548;18-20,546-544	13-13,551-551[SIL];17-17,547-547[SIL];21-21,543-543[UP3]	.(((.(((.((((((((((((&)))))))))))).))).))).	UGAGGUGGUGAAAGCAUUGAG&UUCAAUGCUUUUUCUAGUUCC
TAS1a_3D9	AT5G61370_ATSHA-5G85860	1230	1253	1244	-30.80	-20.60	0.668831168831169	10	3-15,1251-1239;16-20,1235-1231	1-2,1253-1252[UP5];x-x,1238-1236[BULt];21-21,1230-1230[UP3]	.(((((...(((((((((((((..&..)))))))))))))---))))).	AGAGCUUUGGGAAGAGGCAUUGUC&UUCAAUGCUUUUUCU---AGUUCC
TAS1a_3D9	AT4G22760_ATSHA-4G50080	552	572	563	-30.80	-20.60	0.668831168831169	15	7-11,566-562;13-21,560-552	1-6,572-567[UP5];12-12,561-561[SIL]	(((((((((.(((((......&......))))).)))))))))	GGAACUAGAUGAGGCUCGCAG&UUCAAUGCUUUUUCUAGUUCC
TAS1a_3D9	AT4G01030_ATSHA-4G11710	761	782	773	-30.80	-20.60	0.668831168831169	8	1-4,782-779;7-15,776-768;16-21,766-761	5-6,778-777[SIL];x-x,767-767[BULt]	((((((.(((((((((..((((&))))..)))))))))-))))))	GGAAUUGGGAAAAGGCUGUGGA&UUCAAUGCUUUUUCU-AGUUCC
TAS1a_3D9	AT1G32415_ATSHA-1G44540	2058	2076	2068	-30.80	-20.60	0.668831168831169	7.5	2-4,2075-2073;6-12,2072-2066;14-21,2065-2058	1-1,2076-2076[UP5];5-5,x-x[BULq];13-13,x-x[BULq]	((((((((-(((((((-(((.&.))).))))))).))))))))	GGGACUAG-GGAGGCA-UGAU&UUCAAUGCUUUUUCUAGUUCC
TAS1a_3D9	AT1G28020_ATSHA-1G39340	2069	2089	2080	-30.80	-20.60	0.668831168831169	7.5	1-3,2089-2087;6-17,2084-2073;19-21,2071-2069	4-5,2086-2085[SIL];18-18,2072-2072[SIL]	(((.((((((((((((..(((&)))..)))))))))))).)))	GGGUUUGGAAGAAGCAGAGAA&UUCAAUGCUUUUUCUAGUUCC
TAS1a_3D9	AT3G59040_ATSHA-3G76190	1172	1191	1182	-30.80	-20.60	0.668831168831169	7	1-5,1191-1187;7-14,1185-1178;16-21,1177-1172	6-6,1186-1186[SIL];15-15,x-x[BULq]	((((((-((((((((.(((((&))))).)))))))).))))))	GGAGCU-GAAAGGGUUUUGAG&UUCAAUGCUUUUUCUAGUUCC
TAS1a_3D9	AT3G11350_ATSHA-3G24050	1083	1105	1096	-30.80	-20.50	0.665584415584416	9	1-3,1105-1103;6-16,1100-1090;17-21,1087-1083	4-5,1102-1101[SIL];x-x,1089-1088[BULt]	(((((..(((((((((((..(((&)))..)))))))))))--)))))	GGAAUGGUGGAGAAGGCAGAGAA&UUCAAUGCUUUUUCUA--GUUCC
TAS1a_3D9	AT5G64320_ATSHA-5G89010	1837	1860	1850	-30.80	-20.50	0.665584415584416	8	1-6,1860-1855;7-16,1853-1844;17-21,1841-1837	x-x,1854-1854[BULt];x-x,1843-1842[BULt]	(((((..((((((((((.((((((&))))))-))))))))))--)))))	GGGAUGGUGGAAGAAGCGGUUGAG&UUCAAU-GCUUUUUCUA--GUUCC
TAS1a_3D9	AT5G15300_ATSHA-5G25210	1289	1310	1301	-30.80	-20.50	0.665584415584416	8.5	4-19,1307-1292;20-21,1290-1289	1-3,1310-1308[UP5];x-x,1291-1291[BULt]	((.((((((((((((((((...&...))))))))))))))))-))	GGCAAUUAGAGGAAGCAUUCAU&UUCAAUGCUUUUUCUAGUU-CC
TAS1a_3D9	AT3G56550_ATSHA-3G73530	1179	1202	1190	-30.80	-20.44	0.663636363636364	11	1-4,1202-1199;6-21,1194-1179	5-5,1198-1195[AILt]	((((((((((((((((....((((&))))---.))))))))))))))))	GGAAUUAGGAGAAGUAGCCAUGAA&UUCA---AUGCUUUUUCUAGUUCC
TAS1a_3D9	AT3G17370_ATSHA-3G28790	387	407	398	-30.80	-20.40	0.662337662337662	6.5	2-4,406-404;6-13,402-395;15-21,393-387	1-1,407-407[UP5];5-5,403-403[SIL];14-14,394-394[SIL]	(((((((.((((((((.(((.&.))).)))))))).)))))))	GGAACUAAGAAAGGCAGUGGC&UUCAAUGCUUUUUCUAGUUCC
TAS1a_3D9	AT3G53700_ATSHA-3G70430	1346	1367	1358	-30.80	-20.40	0.662337662337662	8.5	1-4,1367-1364;7-11,1361-1357;13-19,1355-1349;20-21,1347-1346	5-6,1363-1362[SIL];12-12,1356-1356[SIL];x-x,1348-1348[BULt]	((.(((((((.(((((..((((&))))..))))).)))))))-))	GGAAGCUAGAUGAAGCUCUGAA&UUCAAUGCUUUUUCUAGUU-CC
TAS1a_3D9	AT4G20770_ATSHA-4G47640	258	279	269	-30.80	-20.40	0.662337662337662	8	1-4,279-276;5-17,274-262;19-21,260-258	x-x,275-275[BULt];18-18,261-261[SIL]	(((.(((((((((((((.((((&))))-))))))))))))).)))	GGAUUUGGGGGAAGCGUGUGAG&UUCA-AUGCUUUUUCUAGUUCC
TAS1a_3D9	AT2G01390_ATSHA-2G10700	1647	1668	1659	-30.80	-20.30	0.659090909090909	5.5	1-4,1668-1665;6-15,1663-1654;17-17,1652-1652;18-21,1650-1647	5-5,1664-1664[SIL];16-16,1653-1653[SIL];x-x,1651-1651[BULt]	((((.(.((((((((((.((((&)))).)))))))))).)-))))	GGAGUCCAGAGAAAGCAAUGAA&UUCAAUGCUUUUUCUAG-UUCC
TAS1a_3D9	AT2G20540_ATSHA-2G37510	1174	1197	1187	-30.80	-20.30	0.659090909090909	8	1-6,1197-1192;7-10,1190-1187;12-18,1185-1179;19-21,1176-1174	x-x,1191-1191[BULt];11-11,1186-1186[SIL];x-x,1178-1177[BULt]	(((..(((((((.((((.((((((&))))))-)))).)))))))--)))	GGAAAACUAGAACGAGCUGUUGAA&UUCAAU-GCUUUUUCUAGU--UCC
TAS1a_3D9	AT1G64580_ATSHA-1G78620	1223	1244	1235	-30.80	-20.30	0.659090909090909	8	4-16,1241-1229;18-21,1226-1223	1-3,1244-1242[UP5];17-17,1228-1227[AILt]	((((..(((((((((((((...&...)))))))))))))-.))))	GGAAGAUAGAGAAAGCAUUAGU&UUCAAUGCUUUUUCUA-GUUCC
TAS1a_3D9	AT2G01360_ATSHA-2G10670	266	287	278	-30.80	-20.30	0.659090909090909	5.5	1-4,287-284;6-15,282-273;17-17,271-271;18-21,269-266	5-5,283-283[SIL];16-16,272-272[SIL];x-x,270-270[BULt]	((((.(.((((((((((.((((&)))).)))))))))).)-))))	GGAGUCCAGAGAAAGCAAUGAA&UUCAAUGCUUUUUCUAG-UUCC
TAS1a_3D9	AT5G52850_ATSHA-5G76280	2035	2057	2048	-30.80	-20.20	0.655844155844156	13.5	6-18,2052-2040;19-21,2037-2035	1-5,2057-2053[UP5];x-x,2039-2038[BULt]	(((..(((((((((((((.....&.....)))))))))))))--)))	GGACGGCUAGAGGAAGCAACAGG&UUCAAUGCUUUUUCUAGU--UCC
TAS1a_3D9	AT2G30100_ATSHA-2G48190	204	224	215	-30.80	-20.20	0.655844155844156	8.5	1-3,224-222;6-15,219-210;18-21,207-204	4-5,221-220[SIL];16-17,209-208[SIL]	((((..((((((((((..(((&)))..))))))))))..))))	GGAAGAAGGAGAAGCAGAGGA&UUCAAUGCUUUUUCUAGUUCC
TAS1a_3D9	AT5G57250_ATSHA-5G81390	871	893	884	-30.80	-20.16	0.654545454545455	6.5	1-14,893-880;18-21,874-871	15-17,879-875[AILt]	((((.....((((((((((((((&))))))))))))))--...))))	GGAAAUGUCGAAAAAGCAUUGGG&UUCAAUGCUUUUUC--UAGUUCC
TAS1a_3D9	AT3G29290_ATSHA-3G43740	99	125	110	-30.80	-20.10	0.652597402597403	20	1-3,125-123;6-8,120-118;9-21,111-99	4-5,122-121[SIL];x-x,117-112[BULt]	(((((((((((((......(((..(((&)))..)))------)))))))))))))	GGAACUAGAGGAGAAGACUGCAGGGGA&UUCAAUGC------UUUUUCUAGUUCC
TAS1a_3D9	AT1G52620_ATSHA-1G67220	1600	1622	1613	-30.80	-20.10	0.652597402597403	9	2-11,1621-1612;13-16,1610-1607;17-21,1604-1600	1-1,1622-1622[UP5];12-12,1611-1611[SIL];x-x,1606-1605[BULt]	(((((..((((.((((((((((.&.)))))))))).))))--)))))	GGAAUGUUGGAUGAGGCAUUGGC&UUCAAUGCUUUUUCUA--GUUCC
TAS1a_3D9	AT3G49710_ATSHA-3G66010	969	992	983	-30.80	-20.04	0.650649350649351	9	1-4,992-989;7-14,986-979;16-21,974-969	5-6,988-987[SIL];15-15,978-975[AILt]	((((((....((((((((..((((&))))..))))))))---.))))))	GGAACUCUCUGAAGAAGCUGUGAA&UUCAAUGCUUUUUC---UAGUUCC
TAS1b_3D4	AT3G22470_ATSHA-3G34790	487	507	498	-33.90	-29.90	0.882005899705015	6.5	4-21,504-487	1-3,507-505[UP5]	((((((((((((((((((...&...))))))))))))))))))	GUUGAUCGGAUGGUGGAAAUG&UUCUUCUACCAUCCGAUCAAU
TAS1b_3D4	AT1G02370_ATSHA-1G11490	630	649	641	-33.90	-26.80	0.790560471976401	4	1-7,649-643;9-20,642-631	8-8,x-x[BULq];21-21,630-630[UP3]	.((((((((((((-(((((((&))))))).)))))))))))).	UUUGAUUGGAUGG-AGAAGAG&UUCUUCUACCAUCCGAUCAAU
TAS1b_3D4	AT4G02750_ATSHA-4G13860	877	897	888	-33.90	-26.30	0.775811209439528	7	1-15,897-883	16-21,882-877[UP3]	......(((((((((((((((&)))))))))))))))......	CAAAACCGGAUGGUGGAAGAA&UUCUUCUACCAUCCGAUCAAU
TAS1b_3D4	AT2G01390_ATSHA-2G10700	610	630	621	-33.90	-25.50	0.752212389380531	6	1-10,630-621;12-14,619-617;16-19,615-612	11-11,620-620[SIL];15-15,616-616[SIL];20-21,611-610[UP3]	..((((.(((.((((((((((&)))))))))).))).))))..	GCUGAUGGGAGGGUGGAAGAA&UUCUUCUACCAUCCGAUCAAU
TAS1b_3D4	AT1G79540_ATSHA-1G94870	841	861	852	-33.90	-24.10	0.710914454277286	8.5	3-6,859-856;8-18,854-844	1-2,861-860[UP5];7-7,855-855[SIL];19-21,843-841[UP3]	...(((((((((((.((((..&..)))).)))))))))))...	UUGGGUCGGAUGGUUGAAGCA&UUCUUCUACCAUCCGAUCAAU
TAS1b_3D4	AT4G31850_ATSHA-4G60680	3130	3150	3141	-33.90	-24.00	0.707964601769911	8	1-14,3150-3137	15-21,3136-3130[UP3]	.......((((((((((((((&)))))))))))))).......	AUCGCCGGGAUGGUGGAAGAA&UUCUUCUACCAUCCGAUCAAU
TAS1b_3D4	AT5G64320_ATSHA-5G89010	1831	1851	1842	-33.90	-24.00	0.707964601769911	8	1-14,1851-1838	15-21,1837-1831[UP3]	.......((((((((((((((&)))))))))))))).......	AGAAGCGGGAUGGUGGAAGAA&UUCUUCUACCAUCCGAUCAAU
TAS1b_3D4	AT1G14470_ATSHA-1G25250	661	683	672	-33.90	-23.98	0.707374631268437	9.5	1-7,683-677;10-20,672-662	8-9,676-673[AILt];21-21,661-661[UP3]	.(((((((((((....(((((((&)))))))--..))))))))))).	UUUGAUCGGAUGCCGGAGAAGAG&UUCUUCU--ACCAUCCGAUCAAU
TAS1b_3D4	AT1G79080_ATSHA-1G94370	877	896	887	-33.90	-23.80	0.702064896755162	8	1-10,896-887;12-14,886-884;16-19,882-879	11-11,x-x[BULq];15-15,883-883[SIL];20-21,878-877[UP3]	..((((.(((-((((((((((&)))))))))).))).))))..	UGUGAUGGGA-GGUGGGAGGA&UUCUUCUACCAUCCGAUCAAU
TAS1b_3D4	AT3G08820_ATSHA-3G18630	1902	1922	1914	-33.90	-23.70	0.699115044247788	6	1-6,1922-1917;8-16,1916-1908;17-19,1906-1904	7-7,x-x[BULq];x-x,1907-1907[BULt];20-21,1903-1902[UP3]	..(((.(((((((((-((((((&)))))).)))))))))-)))..	AGUGAUUCGGGUGGU-GAAGAA&UUCUUCUACCAUCCGA-UCAAU
TAS1b_3D4	AT4G04790_ATSHA-4G16220	829	856	847	-33.90	-23.70	0.699115044247788	17	1-12,856-845;13-20,837-830	x-x,844-838[BULt];21-21,829-829[UP3]	.((((((((.......((((((((((((&))))))))))))-------)))))))).	UUUGAUUGGUAUGGAUAUGGUAGAGGAG&UUCUUCUACCAU-------CCGAUCAAU
TAS1b_3D4	AT4G18840_ATSHA-4G45570	1258	1284	1269	-33.90	-23.64	0.697345132743363	18.5	1-6,1284-1279;9-20,1270-1259	7-8,1278-1271[AILt];21-21,1258-1258[UP3]	.((((((((((((........((((((&))))))------..)))))))))))).	CUUGGUCGGAUGGGAAAAAUUGAGGAA&UUCUUC------UACCAUCCGAUCAAU
TAS1b_3D4	AT4G20740_ATSHA-4G47620	766	786	777	-33.90	-23.50	0.693215339233038	9	2-11,785-776;13-14,774-773;16-18,771-769	1-1,786-786[UP5];12-12,775-775[SIL];15-15,772-772[SIL];19-21,768-766[UP3]	...(((.((.((((((((((.&.)))))))))).)).)))...	GAAGAUGGGUUGGUGGAGGAG&UUCUUCUACCAUCCGAUCAAU
TAS1b_3D4	AT1G12300_ATSHA-1G22830	1865	1886	1876	-33.90	-23.40	0.690265486725664	8	1-3,1886-1884;5-17,1881-1869	4-4,1883-1882[AILt];18-21,1868-1865[UP3]	....(((((((((((((..(((&)))-.)))))))))))))....	UGUUAUCGGAUGGUAGAUUGAA&UUC-UUCUACCAUCCGAUCAAU
TAS1b_3D4	AT1G12620_ATSHA-1G23160	1817	1838	1828	-33.90	-23.40	0.690265486725664	8	1-3,1838-1836;5-17,1833-1821	4-4,1835-1834[AILt];18-21,1820-1817[UP3]	....(((((((((((((..(((&)))-.)))))))))))))....	UGUUAUCGGAUGGUAGAUUGAA&UUC-UUCUACCAUCCGAUCAAU
TAS1b_3D4	AT1G12775_ATSHA-1G23320	541	561	552	-33.90	-23.30	0.687315634218289	6.5	4-12,558-550;14-21,548-541	1-3,561-559[UP5];13-13,549-549[SIL]	((((((((.(((((((((...&...))))))))).))))))))	GUUGAUCGAAUGGUAGAAAUG&UUCUUCUACCAUCCGAUCAAU
TAS1b_3D4	AT1G12620_ATSHA-1G23160	493	513	504	-33.90	-23.30	0.687315634218289	6.5	4-12,510-502;14-21,500-493	1-3,513-511[UP5];13-13,501-501[SIL]	((((((((.(((((((((...&...))))))))).))))))))	GUUGAUCGAAUGGUAGAAAUG&UUCUUCUACCAUCCGAUCAAU
TAS1b_3D4	AT5G48910_ATSHA-5G72020	1159	1179	1170	-33.90	-23.30	0.687315634218289	6.5	1-11,1179-1169;12-15,1167-1164;17-19,1163-1161	x-x,1168-1168[BULt];16-16,x-x[BULq];20-21,1160-1159[UP3]	..(((-((((.(((((((((((&)))))))))))-)))).)))..	CAUGG-CGGGUUGGUAGAAGAA&UUCUUCUACCA-UCCGAUCAAU
TAS1b_3D4	AT1G63130_ATSHA-1G77040	520	540	531	-33.90	-23.10	0.68141592920354	8	4-13,537-528;15-21,526-520	1-3,540-538[UP5];14-14,527-527[SIL]	(((((((.((((((((((...&...)))))))))).)))))))	GUUGGUCAGAUGGUGGAAAUG&UUCUUCUACCAUCCGAUCAAU
TAS1b_3D4	AT1G62930_ATSHA-1G76790	517	537	528	-33.90	-23.10	0.68141592920354	8	4-13,534-525;15-21,523-517	1-3,537-535[UP5];14-14,524-524[SIL]	(((((((.((((((((((...&...)))))))))).)))))))	GUUGGUCAGAUGGUGGAAAUG&UUCUUCUACCAUCCGAUCAAU
TAS1b_3D4	AT1G18485_ATSHA-1G29670	642	663	654	-33.90	-22.80	0.672566371681416	8	2-11,662-653;12-15,651-648;17-18,646-645	1-1,663-663[UP5];x-x,652-652[BULt];16-16,647-647[SIL];19-21,644-642[UP3]	...((.((((.((((((((((.&.))))))))))-)))).))...	GAAGACCGGAUUGGUGGAAGAU&UUCUUCUACCA-UCCGAUCAAU
TAS1b_3D4	AT1G07590_ATSHA-1G17360	164	183	174	-33.90	-22.80	0.672566371681416	7	1-7,183-177;9-10,175-174;12-18,173-167	8-8,176-176[SIL];11-11,x-x[BULq];19-21,166-164[UP3]	...(((((((-((.(((((((&))))))).)).)))))))...	UCGGAUCGGA-GGAAGAAGAA&UUCUUCUACCAUCCGAUCAAU
TAS1b_3D4	AT1G62720_ATSHA-1G76550	412	432	423	-33.90	-22.78	0.671976401179941	9	2-5,431-428;9-20,424-413	1-1,432-432[UP5];6-8,427-425[SIL];21-21,412-412[UP3]	.((((((((((((...((((.&.))))...)))))))))))).	UUUGAUCGGAUGGAAAGAGAU&UUCUUCUACCAUCCGAUCAAU
TAS1b_3D4	AT1G29710_ATSHA-1G41370	80	100	91	-33.90	-22.60	0.666666666666667	11	4-16,97-85;18-19,83-82	1-3,100-98[UP5];17-17,84-84[SIL];20-21,81-80[UP3]	..((.(((((((((((((...&...))))))))))))).))..	UCUGUUCGGGUGGUGGAGCUC&UUCUUCUACCAUCCGAUCAAU
TAS1b_3D4	AT5G14770_ATSHA-5G24570	1383	1401	1392	-33.90	-22.50	0.663716814159292	8.5	1-10,1401-1392;13-19,1391-1385	11-12,x-x[BULq];20-21,1384-1383[UP3]	..(((((((--((((((((((&))))))))))..)))))))..	GCUGAUUGG--GGUGGAGGAA&UUCUUCUACCAUCCGAUCAAU
TAS1b_3D4	AT3G16890_ATSHA-3G28210	450	472	464	-33.90	-22.30	0.657817109144543	11	2-7,471-466;9-11,465-463;12-20,459-451	1-1,472-472[UP5];8-8,x-x[BULq];x-x,462-460[BULt];21-21,450-450[UP3]	.(((((((((...(((-((((((.&.)))))).)))---))))))))).	UUUGAUCGGAAGCUGG-GGAAGAU&UUCUUCUACCA---UCCGAUCAAU
TAS1b_3D4	AT5G08510_ATSHA-5G18530	1082	1101	1093	-33.90	-22.20	0.654867256637168	8.5	1-3,1101-1099;6-14,1097-1089;16-19,1087-1084	4-5,1098-1098[AILq];15-15,1088-1088[SIL];20-21,1083-1082[UP3]	..((((.(((((((((.-(((&)))..))))))))).))))..	CAUGGUGGGAUGGUGGU-GAA&UUCUUCUACCAUCCGAUCAAU
TAS1b_3D4	AT2G34400_ATSHA-2G53180	1235	1256	1247	-33.90	-22.10	0.651917404129794	10	1-10,1256-1247;12-15,1244-1241;18-18,1238-1238	11-11,1246-1245[AILt];16-17,1240-1239[SIL];19-21,1237-1235[UP3]	...(..((((..((((((((((&))))))))))-.))))..)...	AAAGUGCGGACGGGUAGAGGAA&UUCUUCUACC-AUCCGAUCAAU
TAS1b_3D4	AT3G53360_ATSHA-3G70090	1755	1776	1767	-33.90	-22.10	0.651917404129794	9	1-11,1776-1766;12-17,1764-1759	x-x,1765-1765[BULt];18-21,1758-1755[UP3]	....((((((.(((((((((((&)))))))))))-))))))....	UCAUGUUGGGCUGGUGGAAGAA&UUCUUCUACCA-UCCGAUCAAU
TAS2_3D6	AT1G62930_ATSHA-1G76790	524	544	535	-32.70	-32.20	0.984709480122324	1.5	2-21,543-524	1-1,544-544[UP5]	((((((((((((((((((((.&.))))))))))))))))))))	AGAUGGUGGAAAUGGGAUAUC&UAUAUCCCAUUUCUACCAUCU
TAS2_3D6	AT1G63130_ATSHA-1G77040	527	547	538	-32.70	-32.20	0.984709480122324	1.5	2-21,546-527	1-1,547-547[UP5]	((((((((((((((((((((.&.))))))))))))))))))))	AGAUGGUGGAAAUGGGAUAUC&UAUAUCCCAUUUCUACCAUCU
TAS2_3D6	AT5G16640_ATSHA-5G26670	527	547	538	-32.70	-28.90	0.883792048929663	3.5	1-19,547-529	20-21,528-527[UP3]	..(((((((((((((((((((&)))))))))))))))))))..	AAAUGGUGGGAAUGGGAUAUA&UAUAUCCCAUUUCUACCAUCU
TAS2_3D6	AT3G08820_ATSHA-3G18630	605	624	616	-32.70	-28.10	0.859327217125382	5	1-4,624-621;6-21,620-605	5-5,x-x[BULq]	((((((((((((((((-((((&)))).))))))))))))))))	AGAUGGUGGAGAUGGG-UGUG&UAUAUCCCAUUUCUACCAUCU
TAS2_3D6	AT5G41170_ATSHA-5G63060	500	520	511	-32.70	-27.90	0.853211009174312	10.5	6-21,515-500	1-5,520-516[UP5]	((((((((((((((((.....&.....))))))))))))))))	AGAUGGUGGAGAUGGGGAUUA&UAUAUCCCAUUUCUACCAUCU
TAS2_3D6	AT1G30610_ATSHA-1G42480	312	332	323	-32.70	-27.60	0.844036697247706	10.5	5-20,328-313	1-4,332-329[UP5];21-21,312-312[UP3]	.((((((((((((((((....&....)))))))))))))))).	UGAUGGUGGAGGUGGGAAUGG&UAUAUCCCAUUUCUACCAUCU
TAS2_3D6	AT1G62680_ATSHA-1G76500	539	559	550	-32.70	-27.40	0.837920489296636	3.5	1-7,559-553;9-21,551-539	8-8,552-552[SIL]	(((((((((((((.(((((((&))))))).)))))))))))))	AGAUGGUGGAGAUUGGAUAUA&UAUAUCCCAUUUCUACCAUCU
TAS2_3D6	AT5G66500_ATSHA-5G91550	1508	1527	1518	-32.70	-25.90	0.792048929663608	5.5	2-14,1526-1514;16-20,1513-1509	1-1,1527-1527[UP5];15-15,x-x[BULq];21-21,1508-1508[UP3]	.(((((-(((((((((((((.&.))))))))))))).))))).	CGAUGG-GGAAGUGGGAUGUC&UAUAUCCCAUUUCUACCAUCU
TAS2_3D6	AT1G12775_ATSHA-1G23320	548	568	559	-32.70	-25.40	0.776758409785933	4	1-3,568-566;5-19,564-550	4-4,565-565[SIL];20-21,549-548[UP3]	..(((((((((((((((.(((&))).)))))))))))))))..	GAAUGGUAGAAAUGGGACAUA&UAUAUCCCAUUUCUACCAUCU
TAS2_3D6	AT1G12620_ATSHA-1G23160	500	520	511	-32.70	-25.40	0.776758409785933	4	1-3,520-518;5-19,516-502	4-4,517-517[SIL];20-21,501-500[UP3]	..(((((((((((((((.(((&))).)))))))))))))))..	GAAUGGUAGAAAUGGGACAUA&UAUAUCCCAUUUCUACCAUCU
TAS2_3D6	AT1G62590_ATSHA-1G76458	539	559	550	-32.70	-25.10	0.767584097859327	4.5	1-4,559-556;6-19,554-541	5-5,555-555[SIL];20-21,540-539[UP3]	..((((((((((((((.((((&)))).))))))))))))))..	AAAUGGUGGAAAUGGGUUAUA&UAUAUCCCAUUUCUACCAUCU
TAS2_3D6	AT1G63400_ATSHA-1G76458	539	559	550	-32.70	-25.10	0.767584097859327	4.5	1-4,559-556;6-19,554-541	5-5,555-555[SIL];20-21,540-539[UP3]	..((((((((((((((.((((&)))).))))))))))))))..	AAAUGGUGGAAAUGGGUUAUA&UAUAUCCCAUUUCUACCAUCU
TAS2_3D6	AT1G62910_ATSHA-1G77060	533	553	544	-32.70	-25.10	0.767584097859327	3	1-13,553-541;15-19,539-535	14-14,540-540[SIL];20-21,534-533[UP3]	..(((((.(((((((((((((&))))))))))))).)))))..	AAAUGGUCGAAAUGGGAUAUA&UAUAUCCCAUUUCUACCAUCU
TAS2_3D6	AT1G63080_ATSHA-1G76750	524	544	535	-32.70	-25.10	0.767584097859327	3	1-13,544-532;15-19,530-526	14-14,531-531[SIL];20-21,525-524[UP3]	..(((((.(((((((((((((&))))))))))))).)))))..	AAAUGGUCGAAAUGGGAUAUA&UAUAUCCCAUUUCUACCAUCU
TAS2_3D6	AT1G63150_ATSHA-1G77060	533	553	544	-32.70	-25.10	0.767584097859327	3	1-13,553-541;15-19,539-535	14-14,540-540[SIL];20-21,534-533[UP3]	..(((((.(((((((((((((&))))))))))))).)))))..	AAAUGGUCGAAAUGGGAUAUA&UAUAUCCCAUUUCUACCAUCU
TAS2_3D6	AT1G63330_ATSHA-1G76458	539	559	550	-32.70	-25.10	0.767584097859327	4.5	1-4,559-556;6-19,554-541	5-5,555-555[SIL];20-21,540-539[UP3]	..((((((((((((((.((((&)))).))))))))))))))..	AAAUGGUGGAAAUGGGUUAUA&UAUAUCCCAUUUCUACCAUCU
TAS2_3D6	AT1G62914_ATSHA-1G76760	518	538	529	-32.70	-25.10	0.767584097859327	3	1-13,538-526;15-19,524-520	14-14,525-525[SIL];20-21,519-518[UP3]	..(((((.(((((((((((((&))))))))))))).)))))..	AAAUGGUCGAAAUGGGAUAUA&UAUAUCCCAUUUCUACCAUCU
TAS2_3D6	AT3G51320_ATSHA-3G67800	578	600	590	-32.70	-24.50	0.749235474006116	6.5	2-6,599-595;7-14,593-586;15-21,584-578	1-1,600-600[UP5];x-x,594-594[BULt];x-x,585-585[BULt]	(((((((.((((((((.(((((.&.)))))-))))))))-)))))))	GGAUGGUGAGGAAUGGUGAUGUU&UAUAUC-CCAUUUCU-ACCAUCU
TAS2_3D6	AT1G74750_ATSHA-1G89690	1151	1171	1163	-32.70	-24.40	0.746177370030581	6	1-4,1171-1168;6-15,1167-1158;16-21,1156-1151	5-5,x-x[BULq];x-x,1157-1157[BULt]	((((((.((((((((((-((((&)))).))))))))))-))))))	AGAUGGUUAGGGAUGGG-UGUA&UAUAUCCCAUUUCUA-CCAUCU
TAS2_3D6	AT5G18390_ATSHA-5G28550	1096	1118	1109	-32.70	-24.30	0.743119266055046	5.5	2-16,1117-1103;17-19,1101-1099;20-21,1097-1096	1-1,1118-1118[UP5];x-x,1102-1102[BULt];x-x,1098-1098[BULt]	((.(((.(((((((((((((((.&.)))))))))))))))-)))-))	GGAAUGUGUAGGAAUGGGAUGUU&UAUAUCCCAUUUCUAC-CAU-CU
TAS2_3D6	AT5G14770_ATSHA-5G24570	2669	2692	2683	-32.70	-24.10	0.737003058103975	5	1-8,2692-2685;10-14,2683-2679;15-21,2675-2669	9-9,2684-2684[SIL];x-x,2678-2676[BULt]	(((((((...(((((.((((((((&)))))))).)))))---)))))))	AGAUGGUUGAAGAAAAGGGAUAUA&UAUAUCCCAUUUCU---ACCAUCU
TAS2_3D6	AT2G25580_ATSHA-2G43410	1553	1573	1564	-32.70	-24.00	0.73394495412844	6	1-4,1573-1570;6-19,1568-1555	5-5,1569-1569[SIL];20-21,1554-1553[UP3]	..((((((((((((((.((((&)))).))))))))))))))..	AUAUGGUGGAAGUGGGCUAUG&UAUAUCCCAUUUCUACCAUCU
TAS2_3D6	AT1G13040_ATSHA-1G23630	839	860	851	-32.70	-23.80	0.72782874617737	7	3-8,858-853;10-14,851-847;15-21,845-839	1-2,860-859[UP5];9-9,852-852[SIL];x-x,846-846[BULt]	(((((((.(((((.((((((..&..)))))).)))))-)))))))	AGAUGGUAAGAAGCGGGAUACA&UAUAUCCCAUUUCU-ACCAUCU
TAS2_3D6	AT2G15980_ATSHA-2G32370	785	803	796	-32.70	-23.70	0.724770642201835	6	1-7,803-797;10-21,796-785	8-9,x-x[BULq]	((((((((((((--(((((((&)))))))..))))))))))))	AGAUGGUGGAGA--GGAUAUG&UAUAUCCCAUUUCUACCAUCU
TAS2_3D6	AT1G09820_ATSHA-1G19930	810	830	821	-32.70	-23.60	0.7217125382263	10.5	5-18,826-813	1-4,830-827[UP5];19-21,812-810[UP3]	...((((((((((((((....&....))))))))))))))...	GCUUGGUGGAAAUGGGAAAAU&UAUAUCCCAUUUCUACCAUCU
TAS2_3D6	AT1G12700_ATSHA-1G23250	503	523	514	-32.70	-23.40	0.715596330275229	7	2-7,522-517;10-21,514-503	1-1,523-523[UP5];8-9,516-515[SIL]	((((((((((((..((((((.&.))))))..))))))))))))	GGAUGGUGGAAAACGGAUGUC&UAUAUCCCAUUUCUACCAUCU
TAS2_3D6	AT1G62720_ATSHA-1G76550	419	440	431	-32.70	-23.10	0.706422018348624	9.5	4-14,437-427;16-21,424-419	1-3,440-438[UP5];15-15,426-425[AILt]	((((((..(((((((((((...&...)))))))))))-.))))))	GGAUGGAAAGAGAUGGGGUUAG&UAUAUCCCAUUUCU-ACCAUCU
TAS2_3D6	AT4G31850_ATSHA-4G60680	3137	3161	3148	-32.70	-23.10	0.706422018348624	17	5-9,3157-3153;10-21,3148-3137	1-4,3161-3158[UP5];x-x,3152-3149[BULt]	((((((((((((....(((((....&....)))))----))))))))))))	GGAUGGUGGAAGAAGCUGGGAAGAU&UAUAUCCCA----UUUCUACCAUCU
TAS2_3D6	AT1G64580_ATSHA-1G78620	1013	1034	1025	-32.70	-22.90	0.700305810397553	8	3-12,1032-1023;13-17,1021-1017;19-21,1015-1013	1-2,1034-1033[UP5];x-x,1022-1022[BULt];18-18,1016-1016[SIL]	(((.(((((.((((((((((..&..))))))))))-))))).)))	AGAGGGUAGAAGAUGGGAUGAA&UAUAUCCCAUUU-CUACCAUCU
TAS2_3D6	AT5G16640_ATSHA-5G26670	1019	1040	1031	-32.70	-22.90	0.700305810397553	8	3-10,1038-1031;11-17,1029-1023;19-21,1021-1019	1-2,1040-1039[UP5];x-x,1030-1030[BULt];18-18,1022-1022[SIL]	(((.(((((((.((((((((..&..))))))))-))))))).)))	AGAAGGUAGAGCAUGGGAUGAA&UAUAUCCCAU-UUCUACCAUCU
TAS2_3D6	AT1G79490_ATSHA-1G94800	452	471	462	-32.70	-22.90	0.700305810397553	10.5	6-17,466-455;19-21,454-452	1-5,471-467[UP5];18-18,x-x[BULq]	(((-((((((((((((.....&.....)))))))))))).)))	AGA-GGUGGAAAUGGGGACCG&UAUAUCCCAUUUCUACCAUCU
TAS2_3D6	AT2G28050_ATSHA-2G46000	695	715	706	-32.70	-22.90	0.700305810397553	10	4-14,712-702;16-20,700-696	1-3,715-713[UP5];15-15,701-701[SIL];21-21,695-695[UP3]	.(((((.(((((((((((...&...))))))))))).))))).	UGGUGGAGGAGAUGGGGUUGG&UAUAUCCCAUUUCUACCAUCU
TAS2_3D6	AT1G77405_ATSHA-1G92550	1136	1157	1147	-32.70	-22.90	0.700305810397553	13.5	6-9,1152-1149;10-21,1147-1136	1-5,1157-1153[UP5];x-x,1148-1148[BULt]	((((((((((((.((((.....&.....))))-))))))))))))	AGAUGGUGGAGGCUGGGUUGGU&UAUAUCCCA-UUUCUACCAUCU
TAS2_3D6	AT1G06580_ATSHA-1G16290	1013	1034	1025	-32.70	-22.90	0.700305810397553	8	3-11,1032-1024;12-17,1022-1017;19-21,1015-1013	1-2,1034-1033[UP5];x-x,1023-1023[BULt];18-18,1016-1016[SIL]	(((.((((((.(((((((((..&..)))))))))-)))))).)))	AGAGGGUAGAUGAUGGGAUGAA&UAUAUCCCAUU-UCUACCAUCU
TAS2_3D6	AT1G64583_ATSHA-1G78630	989	1010	1000	-32.70	-22.82	0.697859327217125	12.5	3-8,1008-1003;12-21,998-989	1-2,1010-1009[UP5];9-11,1002-999[AILt]	((((((((((....((((((..&..))))))-...))))))))))	GGAUGGUAGAUGAAGGGAUGAA&UAUAUCCC-AUUUCUACCAUCU
TAS2_3D6	AT3G48810_ATSHA-3G65010	812	833	823	-32.70	-22.80	0.697247706422018	8.5	2-8,832-826;10-19,823-814	1-1,833-833[UP5];9-9,825-824[AILt];20-21,813-812[UP3]	..((((((((((..(((((((.&.)))))))-.))))))))))..	AAAUGGUGGAGAAGGGGAUAUC&UAUAUCCC-AUUUCUACCAUCU
TAS2_3D6	AT2G36980_ATSHA-2G56140	933	954	944	-32.70	-22.30	0.681957186544342	9	3-6,952-949;7-19,947-935	1-2,954-953[UP5];x-x,948-948[BULt];20-21,934-933[UP3]	..(((((((((((((.((((..&..))))-)))))))))))))..	AUAUGGUAGGAAUGGAGAUGGU&UAUAUC-CCAUUUCUACCAUCU
TAS2_3D6	AT5G14770_ATSHA-5G24570	557	576	568	-32.70	-22.30	0.681957186544342	4.5	1-4,576-573;6-12,572-566;14-21,564-557	5-5,x-x[BULq];13-13,565-565[SIL]	((((((((.(((((((-((((&)))).))))))).))))))))	AGAUGGUGAAGAUGGG-UAUA&UAUAUCCCAUUUCUACCAUCU
TAS2_3D6	AT5G40410_ATSHA-5G62160	1529	1552	1543	-32.70	-22.20	0.678899082568807	5	1-13,1552-1540;15-16,1539-1538;17-21,1533-1529	14-14,x-x[BULq];x-x,1537-1534[BULt]	(((((....((-(((((((((((((&))))))))))))).))----)))))	AGAUGAAGAGU-GAAAUGGGAUAUA&UAUAUCCCAUUUCUAC----CAUCU
TAS2_3D6	AT1G74900_ATSHA-1G89840	659	680	670	-32.70	-22.20	0.678899082568807	9	3-8,678-673;10-13,670-667;15-21,665-659	1-2,680-679[UP5];9-9,672-671[AILt];14-14,666-666[SIL]	(((((((.((((..((((((..&..))))))-.)))).)))))))	AGAUGGUUGAGAGAGGGAUAAA&UAUAUCCC-AUUUCUACCAUCU
TAS2_3D6	AT1G80550_ATSHA-1G95950	592	613	603	-32.70	-22.10	0.675840978593272	8	3-9,611-605;10-13,603-600;15-21,598-592	1-2,613-612[UP5];x-x,604-604[BULt];14-14,599-599[SIL]	(((((((.((((.(((((((..&..)))))))-)))).)))))))	GGGUGGUCGAAAUUGGGAUGGU&UAUAUCCCA-UUUCUACCAUCU
TAS2_3D6	AT3G02330_ATSHA-3G11560	1778	1797	1789	-32.70	-22.10	0.675840978593272	5	1-4,1797-1794;6-15,1793-1784;17-21,1782-1778	5-5,x-x[BULq];16-16,1783-1783[SIL]	(((((.((((((((((-((((&)))).)))))))))).)))))	GGAUGAUGGAGAUGGG-UAUA&UAUAUCCCAUUUCUACCAUCU
TAS2_3D6	AT5G57250_ATSHA-5G81390	800	821	811	-32.70	-22.00	0.672782874617737	10.5	3-8,819-814;10-19,811-802	1-2,821-820[UP5];9-9,813-812[AILt];20-21,801-800[UP3]	..((((((((((..((((((..&..))))))-.))))))))))..	AAAUGGUGGAGAAGGGGAUAAA&UAUAUCCC-AUUUCUACCAUCU
TAS2_3D6	AT1G18900_ATSHA-1G30190	1166	1186	1178	-32.70	-21.80	0.666666666666667	6	2-7,1185-1180;9-15,1179-1173;16-21,1171-1166	1-1,1186-1186[UP5];8-8,x-x[BULq];x-x,1172-1172[BULt]	((((((.(((((((-((((((.&.)))))).)))))))-))))))	AGAUGGUUAGAGAU-GGAUGUC&UAUAUCCCAUUUCUA-CCAUCU
TAS2_3D6	AT1G73710_ATSHA-1G88500	1097	1118	1108	-32.70	-21.80	0.666666666666667	7	2-8,1117-1111;10-14,1108-1104;16-21,1102-1097	1-1,1118-1118[UP5];9-9,1110-1109[AILt];15-15,1103-1103[SIL]	((((((.(((((..(((((((.&.)))))))-.))))).))))))	AGAUGGAAGAGAAAGGGAUAUC&UAUAUCCC-AUUUCUACCAUCU
TAS2_3D6	AT5G11310_ATSHA-5G21170	1046	1067	1057	-32.70	-21.70	0.663608562691131	8	4-6,1064-1062;7-14,1060-1053;16-21,1051-1046	1-3,1067-1065[UP5];x-x,1061-1061[BULt];15-15,1052-1052[SIL]	((((((.((((((((.(((...&...)))-)))))))).))))))	AGAUGGCAGAAAUGGAGAUUAA&UAUAUC-CCAUUUCUACCAUCU
TAS2_3D6	AT3G28640_ATSHA-3G42350	543	564	555	-32.70	-21.70	0.663608562691131	4.5	2-13,563-552;14-15,550-549;17-21,547-543	1-1,564-564[UP5];x-x,551-551[BULt];16-16,548-548[SIL]	(((((.((.((((((((((((.&.))))))))))))-)).)))))	AGAUGUUGUGAAAUGGGAUGUU&UAUAUCCCAUUUC-UACCAUCU
TAS2_3D6	AT3G49170_ATSHA-3G65410	2237	2258	2249	-32.70	-21.70	0.663608562691131	5	1-3,2258-2256;5-15,2254-2244;16-18,2242-2240;20-21,2238-2237	4-4,2255-2255[SIL];x-x,2243-2243[BULt];19-19,2239-2239[SIL]	((.(((.(((((((((((.(((&))).)))))))))))-))).))	AGUUGGAUAGAAGUGGGAGAUA&UAUAUCCCAUUUCUA-CCAUCU
TAS2_3D6	AT3G28660_ATSHA-3G42350	543	564	555	-32.70	-21.70	0.663608562691131	4.5	2-13,563-552;14-15,550-549;17-21,547-543	1-1,564-564[UP5];x-x,551-551[BULt];16-16,548-548[SIL]	(((((.((.((((((((((((.&.))))))))))))-)).)))))	AGAUGUUGUGAAAUGGGAUGUU&UAUAUCCCAUUUC-UACCAUCU
TAS2_3D6	AT4G19440_ATSHA-4G46180	2310	2337	2327	-32.70	-21.70	0.663608562691131	11.5	1-5,2337-2333;6-15,2331-2322;16-20,2315-2311	x-x,2332-2332[BULt];x-x,2321-2316[BULt];21-21,2310-2310[UP3]	.(((((......((((((((((.(((((&)))))-))))))))))------))))).	UGGUGGGUAUGCUAGAGAUGGGAAUGUA&UAUAU-CCCAUUUCUA------CCAUCU
TAS2_3D6	AT3G15130_ATSHA-3G19420	419	439	430	-32.70	-21.50	0.657492354740061	12	6-13,434-427;15-20,425-420	1-5,439-435[UP5];14-14,426-426[SIL];21-21,419-419[UP3]	.((((((.((((((((.....&.....)))))))).)))))).	UGAUGGUUGAAGUGGGCAAUU&UAUAUCCCAUUUCUACCAUCU
TAS2_3D6	AT3G59040_ATSHA-3G76190	2423	2444	2435	-32.70	-21.40	0.654434250764526	11	3-10,2442-2435;11-14,2432-2429;16-21,2428-2423	1-2,2444-2443[UP5];x-x,2434-2433[BULt];15-15,x-x[BULq]	((((((-((((..((((((((..&..))))))))--)))).))))))	AGAUGG-AGAGCUGUGGGGUACC&UAUAUCCCAU--UUCUACCAUCU
TAS2_3D6	AT1G51965_ATSHA-1G66420	574	597	588	-32.70	-21.40	0.654434250764526	5	1-2,597-596;4-14,594-584;15-18,581-578;19-21,576-574	3-3,595-595[SIL];x-x,583-582[BULt];x-x,577-577[BULt]	(((.((((..(((((((((((.((&)).)))))))))))--))))-)))	AGAUUGGUGAAGAAAUGGGAUUUA&UAUAUCCCAUUUCU--ACCA-UCU
TAS2_3D6	AT5G43820_ATSHA-5G66220	839	859	850	-32.70	-21.30	0.651376146788991	12.5	5-7,855-853;10-21,850-839	1-4,859-856[UP5];8-9,852-851[SIL]	((((((((((((..(((....&....)))..))))))))))))	AGAUGGUGGAGAGUGGAAUCG&UAUAUCCCAUUUCUACCAUCU
TAS1c_3D10	AT1G63630_ATSHA-1G77500	591	611	602	-29.60	-29.80	1	1	1-20,611-592	21-21,591-591[UP3]	.((((((((((((((((((((&)))))))))))))))))))).	UGUUGCUAAUACAGUUACUUA&UAAGUAACUGUAUUAGCAACU
TAS1c_3D10	AT1G63230_ATSHA-1G77500	591	611	602	-29.60	-29.80	1	1	1-20,611-592	21-21,591-591[UP3]	.((((((((((((((((((((&)))))))))))))))))))).	UGUUGCUAAUACAGUUACUUA&UAAGUAACUGUAUUAGCAACU
TAS1c_3D10	AT1G12775_ATSHA-1G23320	1302	1322	1313	-29.60	-26.50	0.89527027027027	2	1-19,1322-1304	20-21,1303-1302[UP3]	..(((((((((((((((((((&)))))))))))))))))))..	GAUUGCUAAUACAGUUACUUA&UAAGUAACUGUAUUAGCAACU
TAS1c_3D10	AT1G12620_ATSHA-1G23160	1254	1274	1265	-29.60	-26.50	0.89527027027027	2	1-19,1274-1256	20-21,1255-1254[UP3]	..(((((((((((((((((((&)))))))))))))))))))..	GAUUGCUAAUACAGUUACUUA&UAAGUAACUGUAUUAGCAACU
TAS1c_3D10	AT1G12700_ATSHA-1G23250	1152	1172	1163	-29.60	-26.10	0.881756756756757	2.5	1-14,1172-1159;16-21,1157-1152	15-15,1158-1158[SIL]	((((((.((((((((((((((&)))))))))))))).))))))	GGUUGCCAAUGCAGUUACUUA&UAAGUAACUGUAUUAGCAACU
TAS1c_3D10	AT1G12300_ATSHA-1G22830	1302	1322	1313	-29.60	-25.50	0.861486486486486	2	1-14,1322-1309;16-21,1307-1302	15-15,1308-1308[SIL]	((((((.((((((((((((((&)))))))))))))).))))))	GGUUGCAGAUACAGUUACUUA&UAAGUAACUGUAUUAGCAACU
TAS1c_3D10	AT5G64320_ATSHA-5G89010	1575	1595	1586	-29.60	-25.20	0.851351351351351	3	1-8,1595-1588;10-20,1586-1576	9-9,1587-1587[SIL];21-21,1575-1575[UP3]	.(((((((((((.((((((((&)))))))).))))))))))).	UGUUGCUAAUACUGUUACUUA&UAAGUAACUGUAUUAGCAACU
TAS1c_3D10	AT1G74900_ATSHA-1G89840	574	593	584	-29.60	-23.70	0.800675675675676	2	1-18,593-576;20-21,575-574	19-19,x-x[BULq]	((-((((((((((((((((((&)))))))))))))))))).))	AG-UGUUGAUACAGUUACUUA&UAAGUAACUGUAUUAGCAACU
TAS1c_3D10	AT1G64100_ATSHA-1G78060	741	761	752	-29.60	-23.00	0.777027027027027	4	1-6,761-756;9-21,753-741	7-8,755-754[SIL]	(((((((((((((..((((((&))))))..)))))))))))))	AGUUGCUAAUACAACUACUUA&UAAGUAACUGUAUUAGCAACU
TAS1c_3D10	AT1G62680_ATSHA-1G76500	1083	1103	1094	-29.60	-21.10	0.712837837837838	3	1-14,1103-1090;16-17,1089-1088;18-21,1086-1083	15-15,x-x[BULq];x-x,1087-1087[BULt]	((((.((-((((((((((((((&)))))))))))))).))-))))	AGUUAGC-AAUACGGUUACUUA&UAAGUAACUGUAUUAGC-AACU
TAS1c_3D10	AT1G62720_ATSHA-1G76550	435	458	449	-29.60	-20.60	0.695945945945946	7	1-8,458-451;10-17,449-442;18-21,438-435	9-9,450-450[SIL];x-x,441-439[BULt]	((((...((((((((.((((((((&)))))))).))))))))---))))	GGUUAGAGCUGAUGCUGUUACUUA&UAAGUAACUGUAUUAGC---AACU
TAS1c_3D10	AT2G16880_ATSHA-2G33430	1863	1883	1874	-29.60	-20.50	0.692567567567568	8	4-17,1880-1867;20-21,1864-1863	1-3,1883-1881[UP5];18-19,1866-1865[SIL]	((..((((((((((((((...&...))))))))))))))..))	AGAGGUUGAUACAGUUACAUA&UAAGUAACUGUAUUAGCAACU
TAS1c_3D10	AT1G03100_ATSHA-1G12310	2144	2164	2156	-29.60	-20.40	0.689189189189189	7.5	2-6,2163-2159;8-15,2158-2151;16-21,2149-2144	1-1,2164-2164[UP5];7-7,x-x[BULq];x-x,2150-2150[BULt]	((((((.((((((((-(((((.&.))))).))))))))-))))))	AGUUGCUUGAUGCGG-UGCUUU&UAAGUAACUGUAUUA-GCAACU
TAS1c_3D10	AT1G64580_ATSHA-1G78620	645	665	656	-29.60	-20.40	0.689189189189189	7.5	1-8,665-658;10-17,656-649	9-9,657-657[SIL];18-21,648-645[UP3]	....((((((((.((((((((&)))))))).))))))))....	CAGAGCUGAUGCUGUUACUUA&UAAGUAACUGUAUUAGCAACU
TAS1c_3D10	AT5G16860_ATSHA-5G26890	1950	1971	1962	-29.60	-19.90	0.672297297297297	12.5	3-10,1969-1962;15-21,1956-1950	1-2,1971-1970[UP5];11-14,1961-1957[AILt]	(((((((.....((((((((..&..))))))))-....)))))))	GGUUGCUUUUCUCAGUUGCUGC&UAAGUAACUG-UAUUAGCAACU
TAS1c_3D10	AT1G63400_ATSHA-1G76458	1293	1313	1304	-29.60	-19.70	0.66554054054054	5	1-5,1313-1309;7-14,1307-1300;17-21,1297-1293	6-6,1308-1308[SIL];15-16,1299-1298[SIL]	(((((..((((((((.(((((&))))).))))))))..)))))	GGUUGGCGAUACAGUCACUUA&UAAGUAACUGUAUUAGCAACU
TAS1c_3D10	AT1G62590_ATSHA-1G76458	1293	1313	1304	-29.60	-19.70	0.66554054054054	5	1-5,1313-1309;7-14,1307-1300;17-21,1297-1293	6-6,1308-1308[SIL];15-16,1299-1298[SIL]	(((((..((((((((.(((((&))))).))))))))..)))))	GGUUGGCGAUACAGUCACUUA&UAAGUAACUGUAUUAGCAACU
TAS1c_3D10	AT1G63330_ATSHA-1G76458	1293	1313	1304	-29.60	-19.70	0.66554054054054	5	1-5,1313-1309;7-14,1307-1300;17-21,1297-1293	6-6,1308-1308[SIL];15-16,1299-1298[SIL]	(((((..((((((((.(((((&))))).))))))))..)))))	GGUUGGCGAUACAGUCACUUA&UAAGUAACUGUAUUAGCAACU
TAS1c_3D10	AT4G34830_ATSHA-4G64130	676	702	693	-29.60	-19.70	0.66554054054054	19.5	4-11,699-692;12-20,685-677	1-3,702-700[UP5];x-x,691-686[BULt];21-21,676-676[UP3]	.(((((((((......((((((((...&...))))))))------))))))))).	UGUUGCUAGUGUGACCACAGUUGCCAC&UAAGUAACUGU------AUUAGCAACU
TAS1c_3D10	AT3G61520_ATSHA-3G78780	1204	1226	1217	-29.60	-19.60	0.662162162162162	5	1-14,1226-1213;16-18,1210-1208;19-20,1206-1205	15-15,1212-1211[AILt];x-x,1207-1207[BULt];21-21,1204-1204[UP3]	.((.(((..((((((((((((((&))))))))))))))-.)))-)).	UGUGUGCCCAAUGCAGUUACUUA&UAAGUAACUGUAUU-AGCA-ACU
TAS1c_3D10	AT3G17370_ATSHA-3G28790	228	248	239	-29.60	-19.60	0.662162162162162	4	1-7,248-242;9-21,240-228	8-8,241-241[SIL]	(((((((((((((.(((((((&))))))).)))))))))))))	AGUUGCUAAUGUAAUUACUUA&UAAGUAACUGUAUUAGCAACU
TAS1c_3D10	AT5G28460_ATSHA-3G78780	1204	1226	1217	-29.60	-19.60	0.662162162162162	5	1-14,1226-1213;16-18,1210-1208;19-20,1206-1205	15-15,1212-1211[AILt];x-x,1207-1207[BULt];21-21,1204-1204[UP3]	.((.(((..((((((((((((((&))))))))))))))-.)))-)).	UGUGUGCCCAAUGCAGUUACUUA&UAAGUAACUGUAUU-AGCA-ACU
TAS1c_3D10	AT5G28370_ATSHA-3G78780	1204	1226	1217	-29.60	-19.60	0.662162162162162	5	1-14,1226-1213;16-18,1210-1208;19-20,1206-1205	15-15,1212-1211[AILt];x-x,1207-1207[BULt];21-21,1204-1204[UP3]	.((.(((..((((((((((((((&))))))))))))))-.)))-)).	UGUGUGCCCAAUGCAGUUACUUA&UAAGUAACUGUAUU-AGCA-ACU
TAS1c_3D10	AT1G73710_ATSHA-1G88500	1802	1823	1814	-29.60	-19.50	0.658783783783784	11.5	5-16,1819-1808;17-20,1806-1803	1-4,1823-1820[UP5];x-x,1807-1807[BULt];21-21,1802-1802[UP3]	.((((.((((((((((((....&....))))))))))))-)))).	UGUUGUCUGAUGCAGUUGACCU&UAAGUAACUGUAUUAG-CAACU
TAS1c_3D10	AT5G65560_ATSHA-5G90460	1136	1156	1147	-29.60	-19.30	0.652027027027027	10.5	3-6,1154-1151;8-10,1149-1147;13-21,1144-1136	1-2,1156-1155[UP5];7-7,1150-1150[SIL];11-12,1146-1145[SIL]	(((((((((..(((.((((..&..)))).)))..)))))))))	AGUUGCUAGGUCAGAUGCUAG&UAAGUAACUGUAUUAGCAACU
TAS1c_3D6	AT5G41170_ATSHA-5G63060	1338	1358	1349	-31.40	-26.30	0.837579617834395	3.5	1-13,1358-1346;15-20,1344-1339	14-14,1345-1345[SIL];21-21,1338-1338[UP3]	.((((((.(((((((((((((&))))))))))))).)))))).	GGUAUUCGAGGAUAUGCGAAA&UUUUGCAUAUCCUGGAAUAUG
TAS1c_3D6	AT5G41170_ATSHA-5G63060	1224	1244	1235	-31.40	-24.90	0.792993630573248	2.5	1-13,1244-1232;15-20,1230-1225	14-14,1231-1231[SIL];21-21,1224-1224[UP3]	.((((((.(((((((((((((&))))))))))))).)))))).	GAUAUUUGAGGAUAUGCAAAA&UUUUGCAUAUCCUGGAAUAUG
TAS1c_3D6	AT2G22410_ATSHA-2G39860	1124	1145	1136	-31.40	-24.10	0.767515923566879	4.5	2-8,1144-1138;10-19,1136-1127;20-21,1125-1124	1-1,1145-1145[UP5];9-9,1137-1137[SIL];x-x,1126-1126[BULt]	((.((((((((((.(((((((.&.))))))).))))))))))-))	CAUUGUUCCAGGAGAUGCAAAC&UUUUGCAUAUCCUGGAAUA-UG
TAS1c_3D6	AT1G62720_ATSHA-1G76550	1086	1108	1099	-31.40	-23.80	0.75796178343949	5	1-14,1108-1095;15-18,1093-1090;19-21,1088-1086	x-x,1094-1094[BULt];x-x,1089-1089[BULt]	(((.((((.((((((((((((((&))))))))))))))-))))-)))	CGUCAUUCACGGGAUGUGCAAGA&UUUUGCAUAUCCUG-GAAU-AUG
TAS1c_3D6	AT4G39952_ATSHA-4G69740	951	971	962	-31.40	-22.80	0.726114649681529	5	1-8,971-964;10-21,962-951	9-9,963-963[SIL]	((((((((((((.((((((((&)))))))).))))))))))))	UAUGUUCUGGGAAAUGCAGAA&UUUUGCAUAUCCUGGAAUAUG
TAS1c_3D6	AT1G77170_ATSHA-1G92310	828	848	839	-31.40	-22.70	0.722929936305733	7	3-8,846-841;10-13,839-836;15-21,834-828	1-2,848-847[UP5];9-9,840-840[SIL];14-14,835-835[SIL]	(((((((.((((.((((((..&..)))))).)))).)))))))	CAUAUUCGAGGAAAUGCGACA&UUUUGCAUAUCCUGGAAUAUG
TAS1c_3D6	AT5G66520_ATSHA-5G91570	955	975	966	-31.40	-22.60	0.719745222929936	8.5	4-18,972-958	1-3,975-973[UP5];19-21,957-955[UP3]	...(((((((((((((((...&...)))))))))))))))...	UUGAUUUCAGGAUAUGCAUAC&UUUUGCAUAUCCUGGAAUAUG
TAS1c_3D6	AT1G12300_ATSHA-1G22830	1539	1561	1552	-31.40	-22.50	0.71656050955414	6.5	3-14,1559-1548;15-18,1546-1543;19-21,1541-1539	1-2,1561-1560[UP5];x-x,1547-1547[BULt];x-x,1542-1542[BULt]	(((.((((.((((((((((((..&..))))))))))))-))))-)))	CAUCAUUCACGGGAUGUGCAAUG&UUUUGCAUAUCCUG-GAAU-AUG
TAS1c_3D6	AT3G22470_ATSHA-3G34790	1485	1507	1498	-31.40	-22.50	0.71656050955414	6.5	3-14,1505-1494;15-18,1492-1489;19-21,1487-1485	1-2,1507-1506[UP5];x-x,1493-1493[BULt];x-x,1488-1488[BULt]	(((.((((.((((((((((((..&..))))))))))))-))))-)))	CAUCAUUCACGGGAUGUGCAAUG&UUUUGCAUAUCCUG-GAAU-AUG
TAS1c_3D6	AT3G62890_ATSHA-3G80360	540	560	551	-31.40	-22.40	0.713375796178344	8	3-8,558-553;10-19,551-542	1-2,560-559[UP5];9-9,552-552[SIL];20-21,541-540[UP3]	..((((((((((.((((((..&..)))))).))))))))))..	UUUGUUCCGGGAGAUGCAAUU&UUUUGCAUAUCCUGGAAUAUG
TAS1c_3D6	AT2G27610_ATSHA-2G45600	796	816	807	-31.40	-22.40	0.713375796178344	8	3-18,814-799	1-2,816-815[UP5];19-21,798-796[UP3]	...((((((((((((((((..&..))))))))))))))))...	AUGAUUUCGGGAUAUGCAGCG&UUUUGCAUAUCCUGGAAUAUG
TAS1c_3D6	AT1G59720_ATSHA-1G73290	873	893	884	-31.40	-22.20	0.707006369426752	5.5	1-8,893-886;10-20,884-874	9-9,885-885[SIL];21-21,873-873[UP3]	.(((((((((((.((((((((&)))))))).))))))))))).	AGUGUUUCAGGGGAUGCAAAA&UUUUGCAUAUCCUGGAAUAUG
TAS1c_3D6	AT4G34830_ATSHA-4G64130	3281	3301	3292	-31.40	-22.10	0.703821656050955	4.5	1-8,3301-3294;10-14,3292-3288;16-20,3286-3282	9-9,3293-3293[SIL];15-15,3287-3287[SIL];21-21,3281-3281[UP3]	.(((((.(((((.((((((((&)))))))).))))).))))).	GAUGUUGCAGGACAUGCAAAA&UUUUGCAUAUCCUGGAAUAUG
TAS1c_3D6	AT5G16860_ATSHA-5G26890	1006	1026	1017	-31.40	-21.80	0.694267515923567	10.5	5-19,1022-1008	1-4,1026-1023[UP5];20-21,1007-1006[UP3]	..(((((((((((((((....&....)))))))))))))))..	GCUAUUUCAGGGUAUGCUCAA&UUUUGCAUAUCCUGGAAUAUG
TAS1c_3D6	AT1G26500_ATSHA-1G37700	1443	1464	1455	-31.40	-21.70	0.691082802547771	7.5	2-4,1463-1461;6-11,1459-1454;12-21,1452-1443	1-1,1464-1464[UP5];5-5,1460-1460[SIL];x-x,1453-1453[BULt]	((((((((((.((((((.(((.&.))).))))))-))))))))))	UAUAUUCCAGAGGUAUGGAGAG&UUUUGCAUAUC-CUGGAAUAUG
TAS1c_3D6	AT1G62680_ATSHA-1G76500	1607	1627	1618	-31.40	-21.70	0.691082802547771	7	1-16,1627-1612	17-21,1611-1607[UP3]	.....((((((((((((((((&)))))))))))))))).....	UAAAAUCUGGGGUAUGCAAAA&UUUUGCAUAUCCUGGAAUAUG
TAS1c_3D6	AT3G05240_ATSHA-3G14890	1212	1232	1224	-31.40	-21.60	0.687898089171975	6.5	1-8,1232-1225;10-11,1224-1223;12-21,1221-1212	9-9,x-x[BULq];x-x,1222-1222[BULt]	((((((((((.((-((((((((&)))))))).))-))))))))))	UAUAUUCCAGAGG-AUGCAAGA&UUUUGCAUAUC-CUGGAAUAUG
TAS1c_3D6	AT1G08070_ATSHA-1G17970	709	729	720	-31.40	-21.60	0.687898089171975	6.5	1-3,729-727;5-18,725-712	4-4,726-726[SIL];19-21,711-709[UP3]	...((((((((((((((.(((&))).))))))))))))))...	AUGAUUUCAGGAUAUGCUGAA&UUUUGCAUAUCCUGGAAUAUG
TAS1c_3D6	AT3G22690_ATSHA-3G35010	313	333	324	-31.40	-21.50	0.684713375796178	9	4-13,330-321;15-18,319-316	1-3,333-331[UP5];14-14,320-320[SIL];19-21,315-313[UP3]	...((((.((((((((((...&...)))))))))).))))...	UUGAUUCGAGGAUAUGCAUCU&UUUUGCAUAUCCUGGAAUAUG
TAS1c_3D6	AT2G22410_ATSHA-2G39860	985	1005	996	-31.40	-21.40	0.681528662420382	10.5	5-18,1001-988	1-4,1005-1002[UP5];19-21,987-985[UP3]	...((((((((((((((....&....))))))))))))))...	AUGAUUUCAGGAUAUGCUAGA&UUUUGCAUAUCCUGGAAUAUG
TAS1c_3D6	AT5G16640_ATSHA-5G26670	1308	1330	1321	-31.40	-21.40	0.681528662420382	6	1-14,1330-1317;15-18,1315-1312;19-21,1310-1308	x-x,1316-1316[BULt];x-x,1311-1311[BULt]	(((.((((.((((((((((((((&))))))))))))))-))))-)))	CAUCAUUCGCGGGAUGUGUAAGG&UUUUGCAUAUCCUG-GAAU-AUG
TAS1c_3D6	AT2G03880_ATSHA-2G13510	1717	1735	1727	-31.40	-21.20	0.67515923566879	5	2-6,1734-1730;8-17,1729-1720;19-21,1719-1717	1-1,1735-1735[UP5];7-7,x-x[BULq];18-18,x-x[BULq]	(((-((((((((((-(((((.&.))))).)))))))))).)))	CAU-UUCCAGGAUG-GCAAAU&UUUUGCAUAUCCUGGAAUAUG
TAS1c_3D6	AT1G03100_ATSHA-1G12310	2034	2055	2046	-31.40	-21.00	0.668789808917198	7	3-14,2053-2042;15-16,2040-2039;18-21,2037-2034	1-2,2055-2054[UP5];x-x,2041-2041[BULt];17-17,2038-2038[SIL]	((((.((.((((((((((((..&..))))))))))))-)).))))	UAUGGUCACAGGAUAUGCAGCC&UUUUGCAUAUCCUG-GAAUAUG
TAS1c_3D6	AT3G16710_ATSHA-3G28030	1315	1336	1327	-31.40	-21.00	0.668789808917198	7	1-13,1336-1324;15-19,1321-1317	14-14,1323-1322[AILt];20-21,1316-1315[UP3]	..(((((..(((((((((((((&)))))))))))))-.)))))..	AUUAUUCAAGGGAUGUGCAAGG&UUUUGCAUAUCCU-GGAAUAUG
TAS1c_3D6	AT5G15980_ATSHA-5G25970	1282	1307	1298	-31.40	-20.80	0.662420382165605	9	1-11,1307-1297;12-13,1295-1294;14-21,1289-1282	x-x,1296-1296[BULt];x-x,1293-1290[BULt]	((((((((....((.(((((((((((&)))))))))))-))----))))))))	UAUGUUCCUAGUGGUGAUAUGCAGAG&UUUUGCAUAUC-CU----GGAAUAUG
TAS1c_3D6	AT4G04370_ATSHA-4G17050	646	666	657	-31.40	-20.80	0.662420382165605	11.5	5-18,662-649	1-4,666-663[UP5];19-21,648-646[UP3]	...((((((((((((((....&....))))))))))))))...	AUGAUUUCAGGGUAUGCUUCU&UUUUGCAUAUCCUGGAAUAUG
TAS1c_3D6	AT5G41170_ATSHA-5G63060	1395	1417	1408	-31.40	-20.60	0.656050955414013	6	1-13,1417-1405;15-18,1402-1399;19-21,1397-1395	14-14,1404-1403[AILt];x-x,1398-1398[BULt]	(((.((((..(((((((((((((&)))))))))))))-.))))-)))	CAUCAUUCAAGGGAUGUGCAAGG&UUUUGCAUAUCCU-GGAAU-AUG
TAS1c_3D6	AT4G26800_ATSHA-4G54830	1329	1351	1342	-31.40	-20.60	0.656050955414013	6	1-13,1351-1339;15-18,1336-1333;19-21,1331-1329	14-14,1338-1337[AILt];x-x,1332-1332[BULt]	(((.((((..(((((((((((((&)))))))))))))-.))))-)))	CAUGAUUCAUGGGAUGUGCAAGG&UUUUGCAUAUCCU-GGAAU-AUG
TAS1c_3D6	AT3G18840_ATSHA-3G30470	691	711	702	-31.40	-20.50	0.652866242038217	10	4-14,708-698;16-18,696-694	1-3,711-709[UP5];15-15,697-697[SIL];19-21,693-691[UP3]	...(((.(((((((((((...&...))))))))))).)))...	UUGAUUGCAGGGUAUGCACAG&UUUUGCAUAUCCUGGAAUAUG
TAS2_3D9	AT3G22470_ATSHA-3G34790	485	505	496	-33.60	-32.70	0.973214285714286	3	1-19,505-487	20-21,486-485[UP3]	..(((((((((((((((((((&)))))))))))))))))))..	UAGUUGAUCGGAUGGUGGAAA&UUUCUACCAUCCGAUCAACAA
TAS2_3D9	AT1G62930_ATSHA-1G76790	515	535	526	-33.60	-27.60	0.821428571428571	3.5	1-11,535-525;13-21,523-515	12-12,524-524[SIL]	(((((((((.(((((((((((&))))))))))).)))))))))	UUGUUGGUCAGAUGGUGGAAA&UUUCUACCAUCCGAUCAACAA
TAS2_3D9	AT1G63130_ATSHA-1G77040	518	538	529	-33.60	-27.60	0.821428571428571	3.5	1-11,538-528;13-21,526-518	12-12,527-527[SIL]	(((((((((.(((((((((((&))))))))))).)))))))))	UUGUUGGUCAGAUGGUGGAAA&UUUCUACCAUCCGAUCAACAA
TAS2_3D9	AT1G12620_ATSHA-1G23160	491	511	502	-33.60	-26.10	0.776785714285714	4	1-10,511-502;12-19,500-493	11-11,501-501[SIL];20-21,492-491[UP3]	..((((((((.((((((((((&)))))))))).))))))))..	UAGUUGAUCGAAUGGUAGAAA&UUUCUACCAUCCGAUCAACAA
TAS2_3D9	AT1G12620_ATSHA-1G23160	1808	1835	1826	-33.60	-26.10	0.776785714285714	10	3-14,1833-1822;15-21,1814-1808	1-2,1835-1834[UP5];x-x,1821-1815[BULt]	(((((((.......((((((((((((..&..))))))))))))-------)))))))	UUGUUGAUAUGUUAUCGGAUGGUAGAUU&UUUCUACCAUCCGA-------UCAACAA
TAS2_3D9	AT1G12775_ATSHA-1G23320	539	559	550	-33.60	-26.10	0.776785714285714	4	1-10,559-550;12-19,548-541	11-11,549-549[SIL];20-21,540-539[UP3]	..((((((((.((((((((((&)))))))))).))))))))..	UAGUUGAUCGAAUGGUAGAAA&UUUCUACCAUCCGAUCAACAA
TAS2_3D9	AT1G12300_ATSHA-1G22830	1864	1883	1874	-33.60	-25.30	0.75297619047619	5	3-15,1881-1869;17-20,1868-1865	1-2,1883-1882[UP5];16-16,x-x[BULq];21-21,1864-1864[UP3]	.((((-(((((((((((((..&..))))))))))))).)))).	AUGUU-AUCGGAUGGUAGAUU&UUUCUACCAUCCGAUCAACAA
TAS2_3D9	AT1G62720_ATSHA-1G76550	409	431	421	-33.60	-23.90	0.711309523809524	7	1-5,431-427;7-18,424-413;19-20,411-410	6-6,426-425[AILt];x-x,412-412[BULt];21-21,409-409[UP3]	.((.((((((((((((..(((((&)))))-.))))))))))))-)).	CUGUUUGAUCGGAUGGAAAGAGA&UUUCU-ACCAUCCGAUCAA-CAA
TAS2_3D9	AT1G19520_ATSHA-1G30920	2175	2195	2186	-33.60	-23.80	0.708333333333333	11.5	7-21,2189-2175	1-6,2195-2190[UP5]	(((((((((((((((......&......)))))))))))))))	UUGUUGAUUGGAUGGCUAAUC&UUUCUACCAUCCGAUCAACAA
TAS2_3D9	AT1G62680_ATSHA-1G76500	530	550	541	-33.60	-23.60	0.702380952380952	7	1-11,550-540;14-19,537-532	12-13,539-538[SIL];20-21,531-530[UP3]	..((((((..(((((((((((&)))))))))))..))))))..	UGGUUGAUAAGAUGGUGGAGA&UUUCUACCAUCCGAUCAACAA
TAS2_3D9	AT2G36240_ATSHA-2G55270	911	932	922	-33.60	-23.50	0.699404761904762	6	1-7,932-926;8-9,924-923;11-12,921-920;14-21,918-911	x-x,925-925[BULt];10-10,922-922[SIL];13-13,919-919[SIL]	((((((((.((.((.(((((((&)))))))-)).)).))))))))	UUGUUGAUGGGUUGUGUAGAGA&UUUCUAC-CAUCCGAUCAACAA
TAS2_3D9	AT1G12700_ATSHA-1G23250	494	514	505	-33.60	-22.70	0.675595238095238	5	1-12,514-503;14-16,501-499;18-19,497-496	13-13,502-502[SIL];17-17,498-498[SIL];20-21,495-494[UP3]	..((.(((.((((((((((((&)))))))))))).))).))..	UAGUCGAUAGGAUGGUGGAAA&UUUCUACCAUCCGAUCAACAA
TAS2_3D9	AT3G22690_ATSHA-3G35010	656	686	676	-33.60	-22.70	0.675595238095238	13	1-5,686-682;6-14,680-672;15-20,662-657	x-x,681-681[BULt];x-x,671-663[BULt];21-21,656-656[UP3]	.((((((.........(((((((((.(((((&)))))-)))))))))---------)))))).	CUGUUGAUUUGUUUUUUCGGAUGGUGAGAGA&UUUCU-ACCAUCCGA---------UCAACAA
TAS2_3D9	AT1G62590_ATSHA-1G76458	530	550	541	-33.60	-22.60	0.672619047619048	7	1-10,550-541;13-19,538-532	11-12,540-539[SIL];20-21,531-530[UP3]	..(((((((..((((((((((&))))))))))..)))))))..	UGGUUGAUCAAAUGGUGGAAA&UUUCUACCAUCCGAUCAACAA
TAS2_3D9	AT1G63400_ATSHA-1G76458	530	550	541	-33.60	-22.60	0.672619047619048	7	1-10,550-541;13-19,538-532	11-12,540-539[SIL];20-21,531-530[UP3]	..(((((((..((((((((((&))))))))))..)))))))..	UGGUUGAUCAAAUGGUGGAAA&UUUCUACCAUCCGAUCAACAA
TAS2_3D9	AT1G63330_ATSHA-1G76458	530	550	541	-33.60	-22.60	0.672619047619048	7	1-10,550-541;13-19,538-532	11-12,540-539[SIL];20-21,531-530[UP3]	..(((((((..((((((((((&))))))))))..)))))))..	UGGUUGAUCAAAUGGUGGAAA&UUUCUACCAUCCGAUCAACAA
TAS2_3D9	AT1G29710_ATSHA-1G41370	78	98	89	-33.60	-22.60	0.672619047619048	9	2-14,97-85;16-17,83-82	1-1,98-98[UP5];15-15,84-84[SIL];18-21,81-78[UP3]	....((.(((((((((((((.&.))))))))))))).))....	GUUCUGUUCGGGUGGUGGAGC&UUUCUACCAUCCGAUCAACAA
TAS2_3D9	AT1G79540_ATSHA-1G94870	839	859	850	-33.60	-22.20	0.660714285714286	8	1-4,859-856;6-16,854-844	5-5,855-855[SIL];17-21,843-839[UP3]	.....(((((((((((.((((&)))).))))))))))).....	AAUUGGGUCGGAUGGUUGAAG&UUUCUACCAUCCGAUCAACAA
TAS2_3D9	AT4G18840_ATSHA-4G45570	1255	1274	1267	-33.60	-22.10	0.657738095238095	5.5	1-4,1274-1271;7-18,1270-1259;19-21,1257-1255	5-6,x-x[BULq];x-x,1258-1258[BULt]	(((.((((((((((((--((((&))))..))))))))))))-)))	UUGCUUGGUCGGAUGG--GAAA&UUUCUACCAUCCGAUCAA-CAA
TAS2_3D9	AT1G02370_ATSHA-1G11490	628	647	639	-33.60	-22.00	0.654761904761905	6.5	2-5,646-643;7-18,642-631	1-1,647-647[UP5];6-6,x-x[BULq];19-21,630-628[UP3]	...((((((((((((-((((.&.)))).))))))))))))...	UCUUUGAUUGGAUGG-AGAAG&UUUCUACCAUCCGAUCAACAA
TAS2_3D11	AT1G63320_ATSHA-1G77270	215	235	226	-31.60	-31.00	0.981012658227848	2	1-20,235-216	21-21,215-215[UP3]	.((((((((((((((((((((&)))))))))))))))))))).	UGGUAUUCGGGUAUAUGCAAA&UUUGCAUAUACUCGAAUACCU
TAS2_3D11	AT1G62930_ATSHA-1G76790	1457	1477	1468	-31.60	-27.60	0.873417721518987	3	1-6,1477-1472;8-20,1470-1458	7-7,1471-1471[SIL];21-21,1457-1457[UP3]	.(((((((((((((.((((((&)))))).))))))))))))).	UGGUAUUCGAGUAUCUGCAAA&UUUGCAUAUACUCGAAUACCU
TAS2_3D11	AT5G41170_ATSHA-5G63060	1337	1357	1348	-31.60	-27.10	0.857594936708861	6	1-8,1357-1350;11-20,1347-1338	9-10,1349-1348[SIL];21-21,1337-1337[UP3]	.((((((((((..((((((((&))))))))..)))))))))).	UGGUAUUCGAGGAUAUGCGAA&UUUGCAUAUACUCGAAUACCU
TAS2_3D11	AT1G63130_ATSHA-1G77040	1460	1480	1471	-31.60	-25.50	0.806962025316456	4	1-6,1480-1475;8-20,1473-1461	7-7,1474-1474[SIL];21-21,1460-1460[UP3]	.(((((((((((((.((((((&)))))).))))))))))))).	UGGUGUUUGAGUAUCUGCAAA&UUUGCAUAUACUCGAAUACCU
TAS2_3D11	AT1G62914_ATSHA-1G76760	1451	1471	1462	-31.60	-23.90	0.756329113924051	4	1-6,1471-1466;8-19,1464-1453	7-7,1465-1465[SIL];20-21,1452-1451[UP3]	..((((((((((((.((((((&)))))).))))))))))))..	UUGUAUUCGAGUAUCUGCAAA&UUUGCAUAUACUCGAAUACCU
TAS2_3D11	AT1G63080_ATSHA-1G76750	1457	1477	1468	-31.60	-23.90	0.756329113924051	4	1-6,1477-1472;8-19,1470-1459	7-7,1471-1471[SIL];20-21,1458-1457[UP3]	..((((((((((((.((((((&)))))).))))))))))))..	UUGUAUUCGAGUAUCUGCAAA&UUUGCAUAUACUCGAAUACCU
TAS2_3D11	AT1G62670_ATSHA-1G76490	1460	1480	1471	-31.60	-23.90	0.756329113924051	4	1-6,1480-1475;8-19,1473-1462	7-7,1474-1474[SIL];20-21,1461-1460[UP3]	..((((((((((((.((((((&)))))).))))))))))))..	UUGUAUUCGAGUAUCUGCAAA&UUUGCAUAUACUCGAAUACCU
TAS2_3D11	AT1G63070_ATSHA-1G76490	1460	1480	1471	-31.60	-23.90	0.756329113924051	4	1-6,1480-1475;8-19,1473-1462	7-7,1474-1474[SIL];20-21,1461-1460[UP3]	..((((((((((((.((((((&)))))).))))))))))))..	UUGUAUUCGAGUAUCUGCAAA&UUUGCAUAUACUCGAAUACCU
TAS2_3D11	AT5G04780_ATSHA-5G14270	653	673	664	-31.60	-23.70	0.75	5	2-8,672-666;10-16,664-658;18-21,656-653	1-1,673-673[UP5];9-9,665-665[SIL];17-17,657-657[SIL]	((((.(((((((.(((((((.&.))))))).))))))).))))	AGGUUUUCGAGUCUAUGCAGG&UUUGCAUAUACUCGAAUACCU
TAS2_3D11	AT1G62590_ATSHA-1G76458	1472	1492	1483	-31.60	-22.90	0.724683544303797	3	1-10,1492-1483;12-16,1481-1477;18-21,1475-1472	11-11,1482-1482[SIL];17-17,1476-1476[SIL]	((((.(((((.((((((((((&)))))))))).))))).))))	AGGUUUUCGACUAUAUGCAAA&UUUGCAUAUACUCGAAUACCU
TAS2_3D11	AT1G63400_ATSHA-1G76458	1472	1492	1483	-31.60	-22.90	0.724683544303797	3	1-10,1492-1483;12-16,1481-1477;18-21,1475-1472	11-11,1482-1482[SIL];17-17,1476-1476[SIL]	((((.(((((.((((((((((&)))))))))).))))).))))	AGGUUUUCGACUAUAUGCAAA&UUUGCAUAUACUCGAAUACCU
TAS2_3D11	AT1G63330_ATSHA-1G76458	1472	1492	1483	-31.60	-22.90	0.724683544303797	3	1-10,1492-1483;12-16,1481-1477;18-21,1475-1472	11-11,1482-1482[SIL];17-17,1476-1476[SIL]	((((.(((((.((((((((((&)))))))))).))))).))))	AGGUUUUCGACUAUAUGCAAA&UUUGCAUAUACUCGAAUACCU
TAS2_3D11	AT2G02750_ATSHA-2G12270	285	308	297	-31.60	-22.80	0.721518987341772	8.5	2-7,307-302;8-14,299-293;15-21,291-285	1-1,308-308[UP5];x-x,301-300[BULt];x-x,292-292[BULt]	(((((((.(((((((..((((((.&.))))))--)))))))-)))))))	GGGUAUUGCGAGUGUUAAUGCAGC&UUUGCAU--AUACUCG-AAUACCU
TAS2_3D11	AT4G39620_ATSHA-4G69320	708	728	719	-31.60	-22.20	0.70253164556962	6.5	1-7,728-722;9-12,720-717;14-21,715-708	8-8,721-721[SIL];13-13,716-716[SIL]	((((((((.((((.(((((((&))))))).)))).))))))))	AGGUGUUCAGGUGGAUGCAGA&UUUGCAUAUACUCGAAUACCU
TAS2_3D11	AT1G62720_ATSHA-1G76550	1025	1048	1039	-31.60	-22.10	0.699367088607595	6.5	1-9,1048-1040;11-15,1038-1034;16-20,1030-1026	10-10,1039-1039[SIL];x-x,1033-1031[BULt];21-21,1025-1025[UP3]	.(((((...(((((.(((((((((&))))))))).)))))---))))).	UGGUGUUAUUCGAGAAUAUGCAAA&UUUGCAUAUACUCGA---AUACCU
TAS2_3D11	AT3G15130_ATSHA-3G19420	185	205	196	-31.60	-22.10	0.699367088607595	10.5	4-9,202-197;12-21,194-185	1-3,205-203[UP5];10-11,196-195[SIL]	((((((((((..((((((...&...))))))..))))))))))	AGGUGUUCGACAGUAUGCCUG&UUUGCAUAUACUCGAAUACCU
TAS2_3D11	AT1G79540_ATSHA-1G94870	962	983	974	-31.60	-22.10	0.699367088607595	4.5	1-10,983-974;11-17,972-966;19-21,964-962	x-x,973-973[BULt];18-18,965-965[SIL]	(((.(((((((.((((((((((&))))))))))-))))))).)))	AGGCAUUUGAGCUGUAUGCAAA&UUUGCAUAUA-CUCGAAUACCU
TAS2_3D11	AT3G26540_ATSHA-3G39610	574	593	585	-31.60	-21.80	0.689873417721519	9.5	1-7,593-587;11-21,584-574	8-10,586-585[AILq]	(((((((((((..-(((((((&)))))))...)))))))))))	GGGUAUUCGGGGA-AUGUAGA&UUUGCAUAUACUCGAAUACCU
TAS2_3D11	AT3G53700_ATSHA-3G70430	1004	1026	1017	-31.60	-21.60	0.683544303797468	8	1-8,1026-1019;10-16,1017-1011;17-20,1008-1005	9-9,1018-1018[SIL];x-x,1010-1009[BULt];21-21,1004-1004[UP3]	.((((..(((((((.((((((((&)))))))).)))))))--)))).	CGGUGAUUUCGGGUUUGUGCAAG&UUUGCAUAUACUCGAA--UACCU
TAS2_3D11	AT3G26540_ATSHA-3G39610	350	370	361	-31.60	-21.48	0.679746835443038	11.5	4-7,367-364;11-21,360-350	1-3,370-368[UP5];8-10,363-361[SIL]	(((((((((((...((((...&...))))...)))))))))))	AGGUGUUCGAGGAAAUGCCUG&UUUGCAUAUACUCGAAUACCU
TAS2_3D11	AT4G14170_ATSHA-4G39620	1223	1242	1233	-31.60	-20.80	0.658227848101266	7	1-7,1242-1236;9-13,1234-1230;15-20,1229-1224	8-8,1235-1235[SIL];14-14,x-x[BULq];21-21,1223-1223[UP3]	.((((((-(((((.(((((((&))))))).))))).)))))).	CGGUGUU-GAGUGGGUGCAAG&UUUGCAUAUACUCGAAUACCU
TAS2_3D11	AT2G28050_ATSHA-2G46000	479	499	490	-31.60	-20.70	0.65506329113924	8.5	5-16,495-484;18-21,482-479	1-4,499-496[UP5];17-17,483-483[SIL]	((((.((((((((((((....&....)))))))))))).))))	AGGUUUUUGAGUAUAUGAAGA&UUUGCAUAUACUCGAAUACCU
TAS2_3D11	AT4G39530_ATSHA-4G69220	299	319	310	-31.60	-20.68	0.654430379746835	11.5	4-7,316-313;11-21,309-299	1-3,319-317[UP5];8-10,312-310[SIL]	(((((((((((...((((...&...))))...)))))))))))	AGGUGUUCGAGAAAAUGCCUG&UUUGCAUAUACUCGAAUACCU
TAS2_3D11	AT4G13650_ATSHA-4G38860	2948	2968	2959	-31.60	-20.60	0.651898734177215	9	2-15,2967-2954	1-1,2968-2968[UP5];16-21,2953-2948[UP3]	......((((((((((((((.&.))))))))))))))......	CUGAAAUCGGGUAUGUGCAAG&UUUGCAUAUACUCGAAUACCU
TAS2_3D12	AT1G12700_ATSHA-1G23250	1352	1372	1363	-32.70	-33.40	1	1	1-21,1372-1352	NA	(((((((((((((((((((((&)))))))))))))))))))))	AGAGUAAGAUGGAUCUUGGUA&UAUCAAGAUCCAUCUUACUCU
TAS2_3D12	AT1G12620_ATSHA-1G23160	1454	1474	1465	-32.70	-29.30	0.896024464831804	2	1-7,1474-1468;9-21,1466-1454	8-8,1467-1467[SIL]	(((((((((((((.(((((((&))))))).)))))))))))))	AGAGUAAGAUGGAGCUUGAUA&UAUCAAGAUCCAUCUUACUCU
TAS2_3D12	AT1G12775_ATSHA-1G23320	1502	1522	1513	-32.70	-29.30	0.896024464831804	2	1-7,1522-1516;9-21,1514-1502	8-8,1515-1515[SIL]	(((((((((((((.(((((((&))))))).)))))))))))))	AGAGUAAGAUGGAGCUUGAUA&UAUCAAGAUCCAUCUUACUCU
TAS2_3D12	AT1G12300_ATSHA-1G22830	1502	1522	1513	-32.70	-29.30	0.896024464831804	2	1-7,1522-1516;9-21,1514-1502	8-8,1515-1515[SIL]	(((((((((((((.(((((((&))))))).)))))))))))))	AGAGUAAGAUGGAGCUUGAUA&UAUCAAGAUCCAUCUUACUCU
TAS2_3D12	AT1G13800_ATSHA-1G24500	2366	2386	2377	-32.70	-28.20	0.862385321100917	4	1-5,2386-2382;7-21,2380-2366	6-6,2381-2381[SIL]	(((((((((((((((.(((((&))))).)))))))))))))))	AGAGUGGGGUGGAUCCUGAUG&UAUCAAGAUCCAUCUUACUCU
TAS2_3D12	AT1G52620_ATSHA-1G67220	2315	2335	2326	-32.70	-24.90	0.761467889908257	8	3-11,2333-2325;13-20,2323-2316	1-2,2335-2334[UP5];12-12,2324-2324[SIL];21-21,2315-2315[UP3]	.((((((((.(((((((((..&..))))))))).)))))))).	UGGGUGAGAAGGGUCUUGAAG&UAUCAAGAUCCAUCUUACUCU
TAS2_3D12	AT3G22470_ATSHA-3G34790	1448	1468	1459	-32.70	-24.70	0.755351681957186	5.5	1-8,1468-1461;11-21,1458-1448	9-10,1460-1459[SIL]	(((((((((((..((((((((&))))))))..)))))))))))	AGAGUAGGAUGACUCUUGGUA&UAUCAAGAUCCAUCUUACUCU
TAS2_3D12	AT1G64580_ATSHA-1G78620	1265	1285	1276	-32.70	-23.90	0.730886850152905	3.5	1-6,1285-1280;8-13,1278-1273;15-21,1271-1265	7-7,1279-1279[SIL];14-14,1272-1272[SIL]	(((((((.((((((.((((((&)))))).)))))).)))))))	AGAGUGAAAUGGAUGUUGAUA&UAUCAAGAUCCAUCUUACUCU
TAS2_3D12	AT1G62680_ATSHA-1G76500	1283	1303	1294	-32.70	-23.50	0.718654434250764	3	1-13,1303-1291;15-15,1289-1289;18-21,1286-1283	14-14,1290-1290[SIL];16-17,1288-1287[SIL]	((((..(.(((((((((((((&))))))))))))).)..))))	AGAGGGAAAUGGAUCUUGAUA&UAUCAAGAUCCAUCUUACUCU
TAS2_3D12	AT3G11380_ATSHA-3G24030	1702	1721	1713	-32.70	-23.40	0.715596330275229	7	3-8,1719-1714;10-21,1713-1702	1-2,1721-1720[UP5];9-9,x-x[BULq]	((((((((((((-((((((..&..)))))).))))))))))))	AGAGUGGGAUGG-UUUUGAGA&UAUCAAGAUCCAUCUUACUCU
TAS2_3D12	AT3G13880_ATSHA-3G20890	475	496	487	-32.70	-23.30	0.712538226299694	5	2-10,495-487;11-16,485-480;18-21,478-475	1-1,496-496[UP5];x-x,486-486[BULt];17-17,479-479[SIL]	((((.((((((.(((((((((.&.)))))))))-)))))).))))	GGAGAAAGGUGUGAUCUUGAUU&UAUCAAGAUC-CAUCUUACUCU
TAS2_3D12	AT2G39620_ATSHA-2G58980	377	397	388	-32.70	-22.50	0.688073394495413	8.5	3-17,395-381	1-2,397-396[UP5];18-21,380-377[UP3]	....(((((((((((((((..&..)))))))))))))))....	UUGCUGAGAUGGGUCUUGAGU&UAUCAAGAUCCAUCUUACUCU
TAS2_3D12	AT3G48250_ATSHA-3G64340	876	898	889	-32.70	-21.90	0.669724770642202	8.5	3-12,896-887;13-14,884-883;16-21,881-876	1-2,898-897[UP5];x-x,886-885[BULt];15-15,882-882[SIL]	((((((.((..((((((((((..&..))))))))))--)).))))))	AGGGUAUGAUAUGGAUCUUGACA&UAUCAAGAUCCA--UCUUACUCU
TAS2_3D12	AT3G12770_ATSHA-3G22440	825	846	837	-32.70	-21.90	0.669724770642202	8.5	3-15,844-832;16-18,830-828	1-2,846-845[UP5];x-x,831-831[BULt];19-21,827-825[UP3]	...(((.(((((((((((((..&..)))))))))))))-)))...	GUUGUGAAGAUGGGUCUUGAAA&UAUCAAGAUCCAUCU-UACUCU
TAS2_3D12	AT5G04810_ATSHA-5G14300	751	772	762	-32.70	-21.62	0.661162079510703	13	3-4,770-769;8-21,764-751	1-2,772-771[UP5];5-7,768-765[AILt]	((((((((((((((....((..&..))-...))))))))))))))	AGAGUGAGGUGGGUAGAGGAAG&UAUC-AAGAUCCAUCUUACUCU
